#
# There is insufficient memory for the Java Runtime Environment to continue.
# Native memory allocation (malloc) failed to allocate 1455856 bytes for Chunk::new
# Possible reasons:
#   The system is out of physical RAM or swap space
#   The process is running with CompressedOops enabled, and the Java Heap may be blocking the growth of the native heap
# Possible solutions:
#   Reduce memory load on the system
#   Increase physical memory or swap space
#   Check if swap backing store is full
#   Decrease Java heap size (-Xmx/-Xms)
#   Decrease number of Java threads
#   Decrease Java thread stack sizes (-Xss)
#   Set larger code cache with -XX:ReservedCodeCacheSize=
#   JVM is running with Unscaled Compressed Oops mode in which the Java heap is
#     placed in the first 4GB address space. The Java Heap base address is the
#     maximum limit for the native heap growth. Please use -XX:HeapBaseMinAddress
#     to set the Java Heap base and to place the Java Heap above 4GB virtual address.
# This output file may be truncated or incomplete.
#
#  Out of Memory Error (./src/hotspot/share/memory/arena.cpp:197), pid=7640, tid=6000
#
# JRE version: OpenJDK Runtime Environment (11.0.13) (build 11.0.13+0-b1751.21-8125866)
# Java VM: OpenJDK 64-Bit Server VM (11.0.13+0-b1751.21-8125866, mixed mode, tiered, compressed oops, g1 gc, windows-amd64)
# No core dump will be written. Minidumps are not enabled by default on client versions of Windows
#

---------------  S U M M A R Y ------------

Command Line: --add-opens=java.base/java.util=ALL-UNNAMED --add-opens=java.base/java.lang=ALL-UNNAMED --add-opens=java.base/java.lang.invoke=ALL-UNNAMED --add-opens=java.base/java.util=ALL-UNNAMED --add-opens=java.prefs/java.util.prefs=ALL-UNNAMED --add-opens=java.prefs/java.util.prefs=ALL-UNNAMED --add-opens=java.base/java.nio.charset=ALL-UNNAMED --add-opens=java.base/java.net=ALL-UNNAMED --add-opens=java.base/java.util.concurrent.atomic=ALL-UNNAMED -Xmx2048m -Dfile.encoding=UTF-8 -Duser.country=RU -Duser.language=ru -Duser.variant org.gradle.launcher.daemon.bootstrap.GradleDaemon 7.4

Host: Intel(R) Core(TM) i7-4500U CPU @ 1.80GHz, 4 cores, 7G,  Windows 10 , 64 bit Build 19041 (10.0.19041.1889)
Time: Wed Nov  9 16:44:35 2022 RTZ 4 (зима) elapsed time: 27.011337 seconds (0d 0h 0m 27s)

---------------  T H R E A D  ---------------

Current thread (0x000001e0221d5000):  JavaThread "C2 CompilerThread1" daemon [_thread_in_native, id=6000, stack(0x0000002452500000,0x0000002452600000)]


Current CompileTask:
C2:  27011 11067       4       java.lang.reflect.Method::invoke (65 bytes)

Stack: [0x0000002452500000,0x0000002452600000]
Native frames: (J=compiled Java code, j=interpreted, Vv=VM code, C=native code)
V  [jvm.dll+0x6100fa]
V  [jvm.dll+0x747090]
V  [jvm.dll+0x7486ad]
V  [jvm.dll+0x748d83]
V  [jvm.dll+0x24ab48]
V  [jvm.dll+0xc04dc]
V  [jvm.dll+0xc0a0c]
V  [jvm.dll+0x35eb9d]
V  [jvm.dll+0x19d9bc]
V  [jvm.dll+0x2033be]
V  [jvm.dll+0x202437]
V  [jvm.dll+0x188e01]
V  [jvm.dll+0x21106b]
V  [jvm.dll+0x20f8c1]
V  [jvm.dll+0x70de0f]
V  [jvm.dll+0x706a75]
V  [jvm.dll+0x60ed66]
C  [ucrtbase.dll+0x21bb2]
C  [KERNEL32.DLL+0x17034]
C  [ntdll.dll+0x526a1]


---------------  P R O C E S S  ---------------

Threads class SMR info:
_java_thread_list=0x000001e021771fa0, length=90, elements={
0x000001e00222c000, 0x000001e01e6c1800, 0x000001e01e6c4000, 0x000001e01e6da800,
0x000001e01e6db800, 0x000001e01e6dc800, 0x000001e01dea1000, 0x000001e01deaf800,
0x000001e01deb2800, 0x000001e01e830000, 0x000001e020c28800, 0x000001e01f448000,
0x000001e01fe4e000, 0x000001e02131e800, 0x000001e020b99800, 0x000001e0218f7800,
0x000001e021363000, 0x000001e020f06800, 0x000001e020f07000, 0x000001e01fe33000,
0x000001e01fae3000, 0x000001e01fae3800, 0x000001e01fae5800, 0x000001e01fae4800,
0x000001e01ecd3000, 0x000001e01ecd0800, 0x000001e01ecd4800, 0x000001e01ecd5000,
0x000001e01ecd1000, 0x000001e01ecd2000, 0x000001e01ecd3800, 0x000001e01eccf800,
0x000001e01ecd7800, 0x000001e01ecda000, 0x000001e01ecdb000, 0x000001e01ecd9800,
0x000001e01ecdb800, 0x000001e01ecd6000, 0x000001e01ecdc800, 0x000001e01ecd7000,
0x000001e01ecdd800, 0x000001e01ecde000, 0x000001e0221db000, 0x000001e0221d8800,
0x000001e0221d9000, 0x000001e0221db800, 0x000001e0221dc800, 0x000001e0221d7800,
0x000001e0221dd800, 0x000001e0221da000, 0x000001e0221e3000, 0x000001e0221e4000,
0x000001e0221df800, 0x000001e0221de000, 0x000001e0221e0800, 0x000001e0221df000,
0x000001e0221e2000, 0x000001e0221e4800, 0x000001e0221e1800, 0x000001e0221e5800,
0x000001e0221e6000, 0x000001e0240ec000, 0x000001e0240e9000, 0x000001e0240ed000,
0x000001e0240e9800, 0x000001e0240eb800, 0x000001e0240e7800, 0x000001e0240e8000,
0x000001e0240ee000, 0x000001e0240ee800, 0x000001e0240ef800, 0x000001e0240f0800,
0x000001e0240ea800, 0x000001e0240f1000, 0x000001e0240f2000, 0x000001e0240f2800,
0x000001e0240f5000, 0x000001e0240f3800, 0x000001e0240f4800, 0x000001e0240f6000,
0x000001e01f7ef800, 0x000001e01f7f2000, 0x000001e01f7f3000, 0x000001e01f7f3800,
0x000001e0221d5000, 0x000001e01f7f0800, 0x000001e01f7f4800, 0x000001e01f7ee800,
0x000001e01f7f7000, 0x000001e01f7f5800
}

Java Threads: ( => current thread )
  0x000001e00222c000 JavaThread "main" [_thread_blocked, id=6996, stack(0x0000002450400000,0x0000002450500000)]
  0x000001e01e6c1800 JavaThread "Reference Handler" daemon [_thread_blocked, id=7760, stack(0x0000002450b00000,0x0000002450c00000)]
  0x000001e01e6c4000 JavaThread "Finalizer" daemon [_thread_blocked, id=7844, stack(0x0000002450c00000,0x0000002450d00000)]
  0x000001e01e6da800 JavaThread "Signal Dispatcher" daemon [_thread_blocked, id=2904, stack(0x0000002450d00000,0x0000002450e00000)]
  0x000001e01e6db800 JavaThread "Attach Listener" daemon [_thread_blocked, id=7628, stack(0x0000002450e00000,0x0000002450f00000)]
  0x000001e01e6dc800 JavaThread "Service Thread" daemon [_thread_blocked, id=6700, stack(0x0000002450f00000,0x0000002451000000)]
  0x000001e01dea1000 JavaThread "C2 CompilerThread0" daemon [_thread_in_native, id=6260, stack(0x0000002451000000,0x0000002451100000)]
  0x000001e01deaf800 JavaThread "C1 CompilerThread0" daemon [_thread_blocked, id=6276, stack(0x0000002451100000,0x0000002451200000)]
  0x000001e01deb2800 JavaThread "Sweeper thread" daemon [_thread_blocked, id=3180, stack(0x0000002451200000,0x0000002451300000)]
  0x000001e01e830000 JavaThread "Common-Cleaner" daemon [_thread_blocked, id=1680, stack(0x0000002451300000,0x0000002451400000)]
  0x000001e020c28800 JavaThread "Daemon health stats" [_thread_blocked, id=7456, stack(0x0000002451800000,0x0000002451900000)]
  0x000001e01f448000 JavaThread "Incoming local TCP Connector on port 60094" [_thread_in_native, id=4636, stack(0x0000002451500000,0x0000002451600000)]
  0x000001e01fe4e000 JavaThread "Daemon periodic checks" [_thread_blocked, id=2208, stack(0x0000002451900000,0x0000002451a00000)]
  0x000001e02131e800 JavaThread "Daemon" [_thread_blocked, id=8420, stack(0x0000002451a00000,0x0000002451b00000)]
  0x000001e020b99800 JavaThread "Handler for socket connection from /127.0.0.1:60094 to /127.0.0.1:60095" [_thread_in_native, id=8496, stack(0x0000002451b00000,0x0000002451c00000)]
  0x000001e0218f7800 JavaThread "Cancel handler" [_thread_blocked, id=7036, stack(0x0000002451c00000,0x0000002451d00000)]
  0x000001e021363000 JavaThread "Daemon worker" [_thread_blocked, id=8836, stack(0x0000002451e00000,0x0000002451f00000)]
  0x000001e020f06800 JavaThread "Asynchronous log dispatcher for DefaultDaemonConnection: socket connection from /127.0.0.1:60094 to /127.0.0.1:60095" [_thread_blocked, id=6132, stack(0x0000002451f00000,0x0000002452000000)]
  0x000001e020f07000 JavaThread "Stdin handler" [_thread_blocked, id=1512, stack(0x0000002452000000,0x0000002452100000)]
  0x000001e01fe33000 JavaThread "Daemon client event forwarder" [_thread_blocked, id=7548, stack(0x0000002452100000,0x0000002452200000)]
  0x000001e01fae3000 JavaThread "Cache worker for journal cache (C:\Users\User\.gradle\caches\journal-1)" [_thread_blocked, id=6200, stack(0x0000002451d00000,0x0000002451e00000)]
  0x000001e01fae3800 JavaThread "File lock request listener" [_thread_in_native, id=6032, stack(0x0000002452300000,0x0000002452400000)]
  0x000001e01fae5800 JavaThread "Cache worker for file hash cache (C:\Users\User\.gradle\caches\7.4\fileHashes)" [_thread_blocked, id=2216, stack(0x0000002452400000,0x0000002452500000)]
  0x000001e01fae4800 JavaThread "File watcher server" daemon [_thread_in_native, id=9036, stack(0x0000002452600000,0x0000002452700000)]
  0x000001e01ecd3000 JavaThread "File watcher consumer" daemon [_thread_blocked, id=8340, stack(0x0000002452700000,0x0000002452800000)]
  0x000001e01ecd0800 JavaThread "Cache worker for checksums cache (D:\Users\User\AndroidStudioProjects\practical_work_72\.gradle\7.4\checksums)" [_thread_blocked, id=6488, stack(0x0000002452800000,0x0000002452900000)]
  0x000001e01ecd4800 JavaThread "Cache worker for cache directory md-rule (C:\Users\User\.gradle\caches\7.4\md-rule)" [_thread_blocked, id=8692, stack(0x0000002452900000,0x0000002452a00000)]
  0x000001e01ecd5000 JavaThread "Cache worker for file hash cache (D:\Users\User\AndroidStudioProjects\practical_work_72\.gradle\7.4\fileHashes)" [_thread_blocked, id=2220, stack(0x0000002452a00000,0x0000002452b00000)]
  0x000001e01ecd1000 JavaThread "Cache worker for cache directory md-supplier (C:\Users\User\.gradle\caches\7.4\md-supplier)" [_thread_blocked, id=3924, stack(0x0000002452b00000,0x0000002452c00000)]
  0x000001e01ecd2000 JavaThread "Cache worker for execution history cache (C:\Users\User\.gradle\caches\7.4\executionHistory)" [_thread_blocked, id=748, stack(0x0000002452c00000,0x0000002452d00000)]
  0x000001e01ecd3800 JavaThread "jar transforms" [_thread_blocked, id=4108, stack(0x0000002452d00000,0x0000002452e00000)]
  0x000001e01eccf800 JavaThread "Cache worker for file content cache (C:\Users\User\.gradle\caches\7.4\fileContent)" [_thread_blocked, id=7388, stack(0x0000002452e00000,0x0000002452f00000)]
  0x000001e01ecd7800 JavaThread "jar transforms Thread 2" [_thread_blocked, id=7968, stack(0x0000002452f00000,0x0000002453000000)]
  0x000001e01ecda000 JavaThread "Cache worker for dependencies-accessors (D:\Users\User\AndroidStudioProjects\practical_work_72\.gradle\7.4\dependencies-accessors)" [_thread_blocked, id=8844, stack(0x0000002453000000,0x0000002453100000)]
  0x000001e01ecdb000 JavaThread "jar transforms Thread 3" [_thread_blocked, id=2336, stack(0x0000002453100000,0x0000002453200000)]
  0x000001e01ecd9800 JavaThread "Cache worker for Build Output Cleanup Cache (D:\Users\User\AndroidStudioProjects\practical_work_72\.gradle\buildOutputCleanup)" [_thread_blocked, id=2560, stack(0x0000002453200000,0x0000002453300000)]
  0x000001e01ecdb800 JavaThread "Unconstrained build operations" [_thread_blocked, id=2696, stack(0x0000002453300000,0x0000002453400000)]
  0x000001e01ecd6000 JavaThread "Unconstrained build operations Thread 2" [_thread_blocked, id=6888, stack(0x0000002453400000,0x0000002453500000)]
  0x000001e01ecdc800 JavaThread "Unconstrained build operations Thread 3" [_thread_blocked, id=7888, stack(0x0000002453500000,0x0000002453600000)]
  0x000001e01ecd7000 JavaThread "Unconstrained build operations Thread 4" [_thread_blocked, id=9104, stack(0x0000002453600000,0x0000002453700000)]
  0x000001e01ecdd800 JavaThread "Unconstrained build operations Thread 5" [_thread_blocked, id=3780, stack(0x0000002453700000,0x0000002453800000)]
  0x000001e01ecde000 JavaThread "Unconstrained build operations Thread 6" [_thread_blocked, id=7300, stack(0x0000002453800000,0x0000002453900000)]
  0x000001e0221db000 JavaThread "Unconstrained build operations Thread 7" [_thread_blocked, id=8800, stack(0x0000002453900000,0x0000002453a00000)]
  0x000001e0221d8800 JavaThread "Unconstrained build operations Thread 8" [_thread_blocked, id=4908, stack(0x0000002453a00000,0x0000002453b00000)]
  0x000001e0221d9000 JavaThread "Unconstrained build operations Thread 9" [_thread_blocked, id=5976, stack(0x0000002453b00000,0x0000002453c00000)]
  0x000001e0221db800 JavaThread "Unconstrained build operations Thread 10" [_thread_blocked, id=8612, stack(0x0000002453c00000,0x0000002453d00000)]
  0x000001e0221dc800 JavaThread "Unconstrained build operations Thread 11" [_thread_blocked, id=8984, stack(0x0000002453d00000,0x0000002453e00000)]
  0x000001e0221d7800 JavaThread "Unconstrained build operations Thread 12" [_thread_blocked, id=5708, stack(0x0000002453e00000,0x0000002453f00000)]
  0x000001e0221dd800 JavaThread "Unconstrained build operations Thread 13" [_thread_blocked, id=5908, stack(0x0000002453f00000,0x0000002454000000)]
  0x000001e0221da000 JavaThread "Unconstrained build operations Thread 14" [_thread_blocked, id=2808, stack(0x0000002454000000,0x0000002454100000)]
  0x000001e0221e3000 JavaThread "Unconstrained build operations Thread 15" [_thread_blocked, id=7820, stack(0x0000002454100000,0x0000002454200000)]
  0x000001e0221e4000 JavaThread "Unconstrained build operations Thread 16" [_thread_blocked, id=1888, stack(0x0000002454200000,0x0000002454300000)]
  0x000001e0221df800 JavaThread "Unconstrained build operations Thread 17" [_thread_blocked, id=8920, stack(0x0000002454300000,0x0000002454400000)]
  0x000001e0221de000 JavaThread "Unconstrained build operations Thread 18" [_thread_blocked, id=6880, stack(0x0000002454400000,0x0000002454500000)]
  0x000001e0221e0800 JavaThread "Unconstrained build operations Thread 19" [_thread_blocked, id=8676, stack(0x0000002454500000,0x0000002454600000)]
  0x000001e0221df000 JavaThread "Unconstrained build operations Thread 20" [_thread_blocked, id=2424, stack(0x0000002454600000,0x0000002454700000)]
  0x000001e0221e2000 JavaThread "Unconstrained build operations Thread 21" [_thread_blocked, id=8500, stack(0x0000002454700000,0x0000002454800000)]
  0x000001e0221e4800 JavaThread "Unconstrained build operations Thread 22" [_thread_blocked, id=6508, stack(0x0000002454800000,0x0000002454900000)]
  0x000001e0221e1800 JavaThread "Unconstrained build operations Thread 23" [_thread_blocked, id=8476, stack(0x0000002454900000,0x0000002454a00000)]
  0x000001e0221e5800 JavaThread "Unconstrained build operations Thread 24" [_thread_blocked, id=9092, stack(0x0000002454a00000,0x0000002454b00000)]
  0x000001e0221e6000 JavaThread "Unconstrained build operations Thread 25" [_thread_blocked, id=4776, stack(0x0000002454b00000,0x0000002454c00000)]
  0x000001e0240ec000 JavaThread "Unconstrained build operations Thread 26" [_thread_blocked, id=8824, stack(0x0000002454c00000,0x0000002454d00000)]
  0x000001e0240e9000 JavaThread "Unconstrained build operations Thread 27" [_thread_blocked, id=580, stack(0x0000002454d00000,0x0000002454e00000)]
  0x000001e0240ed000 JavaThread "Unconstrained build operations Thread 28" [_thread_blocked, id=6528, stack(0x0000002454e00000,0x0000002454f00000)]
  0x000001e0240e9800 JavaThread "Unconstrained build operations Thread 29" [_thread_blocked, id=7540, stack(0x0000002454f00000,0x0000002455000000)]
  0x000001e0240eb800 JavaThread "Unconstrained build operations Thread 30" [_thread_blocked, id=196, stack(0x0000002455000000,0x0000002455100000)]
  0x000001e0240e7800 JavaThread "Unconstrained build operations Thread 31" [_thread_blocked, id=7924, stack(0x0000002455100000,0x0000002455200000)]
  0x000001e0240e8000 JavaThread "Unconstrained build operations Thread 32" [_thread_blocked, id=7676, stack(0x0000002455200000,0x0000002455300000)]
  0x000001e0240ee000 JavaThread "Unconstrained build operations Thread 33" [_thread_blocked, id=684, stack(0x0000002455300000,0x0000002455400000)]
  0x000001e0240ee800 JavaThread "Unconstrained build operations Thread 34" [_thread_blocked, id=7988, stack(0x0000002455400000,0x0000002455500000)]
  0x000001e0240ef800 JavaThread "Unconstrained build operations Thread 35" [_thread_blocked, id=7804, stack(0x0000002455500000,0x0000002455600000)]
  0x000001e0240f0800 JavaThread "Unconstrained build operations Thread 36" [_thread_blocked, id=2044, stack(0x0000002455600000,0x0000002455700000)]
  0x000001e0240ea800 JavaThread "Unconstrained build operations Thread 37" [_thread_blocked, id=1096, stack(0x0000002455700000,0x0000002455800000)]
  0x000001e0240f1000 JavaThread "Unconstrained build operations Thread 38" [_thread_blocked, id=7648, stack(0x0000002455800000,0x0000002455900000)]
  0x000001e0240f2000 JavaThread "Unconstrained build operations Thread 39" [_thread_blocked, id=3976, stack(0x0000002455900000,0x0000002455a00000)]
  0x000001e0240f2800 JavaThread "Unconstrained build operations Thread 40" [_thread_blocked, id=8232, stack(0x0000002455a00000,0x0000002455b00000)]
  0x000001e0240f5000 JavaThread "jar transforms Thread 4" [_thread_blocked, id=3424, stack(0x0000002455b00000,0x0000002455c00000)]
  0x000001e0240f3800 JavaThread "Memory manager" [_thread_blocked, id=8416, stack(0x0000002455c00000,0x0000002455d00000)]
  0x000001e0240f4800 JavaThread "build event listener" [_thread_blocked, id=4584, stack(0x0000002455d00000,0x0000002455e00000)]
  0x000001e0240f6000 JavaThread "included builds" [_thread_blocked, id=6900, stack(0x0000002455e00000,0x0000002455f00000)]
  0x000001e01f7ef800 JavaThread "Execution worker for ':'" [_thread_blocked, id=7592, stack(0x0000002455f00000,0x0000002456000000)]
  0x000001e01f7f2000 JavaThread "Execution worker for ':' Thread 2" [_thread_blocked, id=8528, stack(0x0000002456000000,0x0000002456100000)]
  0x000001e01f7f3000 JavaThread "Execution worker for ':' Thread 3" [_thread_blocked, id=624, stack(0x0000002456100000,0x0000002456200000)]
  0x000001e01f7f3800 JavaThread "Cache worker for execution history cache (D:\Users\User\AndroidStudioProjects\practical_work_72\.gradle\7.4\executionHistory)" [_thread_in_vm, id=8952, stack(0x0000002456200000,0x0000002456300000)]
=>0x000001e0221d5000 JavaThread "C2 CompilerThread1" daemon [_thread_in_native, id=6000, stack(0x0000002452500000,0x0000002452600000)]
  0x000001e01f7f0800 JavaThread "Cache worker for Java compile cache (C:\Users\User\.gradle\caches\7.4\javaCompile)" [_thread_in_Java, id=5268, stack(0x0000002456300000,0x0000002456400000)]
  0x000001e01f7f4800 JavaThread "Build operations" [_thread_in_vm, id=7728, stack(0x0000002456400000,0x0000002456500000)]
  0x000001e01f7ee800 JavaThread "Build operations Thread 2" [_thread_blocked, id=8508, stack(0x0000002456500000,0x0000002456600000)]
  0x000001e01f7f7000 JavaThread "Build operations Thread 3" [_thread_blocked, id=4112, stack(0x0000002456600000,0x0000002456700000)]
  0x000001e01f7f5800 JavaThread "Build operations Thread 4" [_thread_blocked, id=2940, stack(0x0000002456700000,0x0000002456800000)]

Other Threads:
  0x000001e01de98800 VMThread "VM Thread" [stack: 0x0000002450a00000,0x0000002450b00000] [id=7848]
  0x000001e01e8ab000 WatcherThread [stack: 0x0000002451400000,0x0000002451500000] [id=2096]
  0x000001e004285000 GCTaskThread "GC Thread#0" [stack: 0x0000002450500000,0x0000002450600000] [id=9032]
  0x000001e01e929000 GCTaskThread "GC Thread#1" [stack: 0x0000002451600000,0x0000002451700000] [id=2020]
  0x000001e01f193800 GCTaskThread "GC Thread#2" [stack: 0x0000002451700000,0x0000002451800000] [id=3740]
  0x000001e01f4c3000 GCTaskThread "GC Thread#3" [stack: 0x0000002452200000,0x0000002452300000] [id=4228]
  0x000001e0042b5800 ConcurrentGCThread "G1 Main Marker" [stack: 0x0000002450600000,0x0000002450700000] [id=4812]
  0x000001e0042b8000 ConcurrentGCThread "G1 Conc#0" [stack: 0x0000002450700000,0x0000002450800000] [id=2284]
  0x000001e00434a000 ConcurrentGCThread "G1 Refine#0" [stack: 0x0000002450800000,0x0000002450900000] [id=1908]
  0x000001e00434b000 ConcurrentGCThread "G1 Young RemSet Sampling" [stack: 0x0000002450900000,0x0000002450a00000] [id=6612]

Threads with active compile tasks:
C2 CompilerThread0  27071 11230   !   4       java.net.URL::<init> (543 bytes)
C2 CompilerThread1  27071 11067       4       java.lang.reflect.Method::invoke (65 bytes)

VM state:not at safepoint (normal execution)

VM Mutex/Monitor currently owned by a thread: None

Heap address: 0x0000000080000000, size: 2048 MB, Compressed Oops mode: 32-bit
Narrow klass base: 0x0000000000000000, Narrow klass shift: 3
Compressed class space size: 1073741824 Address: 0x0000000100000000

Heap:
 garbage-first heap   total 227328K, used 153387K [0x0000000080000000, 0x0000000100000000)
  region size 1024K, 79 young (80896K), 10 survivors (10240K)
 Metaspace       used 94484K, capacity 96629K, committed 96892K, reserved 1132544K
  class space    used 12124K, capacity 12960K, committed 13004K, reserved 1048576K
Heap Regions: E=young(eden), S=young(survivor), O=old, HS=humongous(starts), HC=humongous(continues), CS=collection set, F=free, A=archive, TAMS=top-at-mark-start (previous, next)
|   0|0x0000000080000000, 0x0000000080100000, 0x0000000080100000|100%|HS|  |TAMS 0x0000000080100000, 0x0000000080000000| Complete 
|   1|0x0000000080100000, 0x0000000080200000, 0x0000000080200000|100%|HC|  |TAMS 0x0000000080200000, 0x0000000080100000| Complete 
|   2|0x0000000080200000, 0x0000000080300000, 0x0000000080300000|100%|HC|  |TAMS 0x0000000080300000, 0x0000000080200000| Complete 
|   3|0x0000000080300000, 0x0000000080400000, 0x0000000080400000|100%| O|  |TAMS 0x0000000080400000, 0x0000000080300000| Untracked 
|   4|0x0000000080400000, 0x0000000080500000, 0x0000000080500000|100%| O|  |TAMS 0x0000000080500000, 0x0000000080400000| Untracked 
|   5|0x0000000080500000, 0x0000000080600000, 0x0000000080600000|100%| O|  |TAMS 0x0000000080600000, 0x0000000080500000| Untracked 
|   6|0x0000000080600000, 0x0000000080700000, 0x0000000080700000|100%| O|  |TAMS 0x0000000080700000, 0x0000000080600000| Untracked 
|   7|0x0000000080700000, 0x0000000080800000, 0x0000000080800000|100%| O|  |TAMS 0x0000000080800000, 0x0000000080700000| Untracked 
|   8|0x0000000080800000, 0x0000000080900000, 0x0000000080900000|100%| O|  |TAMS 0x0000000080900000, 0x0000000080800000| Untracked 
|   9|0x0000000080900000, 0x0000000080a00000, 0x0000000080a00000|100%| O|  |TAMS 0x0000000080a00000, 0x0000000080900000| Untracked 
|  10|0x0000000080a00000, 0x0000000080b00000, 0x0000000080b00000|100%| O|  |TAMS 0x0000000080b00000, 0x0000000080a00000| Untracked 
|  11|0x0000000080b00000, 0x0000000080c00000, 0x0000000080c00000|100%| O|  |TAMS 0x0000000080c00000, 0x0000000080b00000| Untracked 
|  12|0x0000000080c00000, 0x0000000080d00000, 0x0000000080d00000|100%| O|  |TAMS 0x0000000080d00000, 0x0000000080c00000| Untracked 
|  13|0x0000000080d00000, 0x0000000080e00000, 0x0000000080e00000|100%| O|  |TAMS 0x0000000080e00000, 0x0000000080d00000| Untracked 
|  14|0x0000000080e00000, 0x0000000080f00000, 0x0000000080f00000|100%| O|  |TAMS 0x0000000080f00000, 0x0000000080e00000| Untracked 
|  15|0x0000000080f00000, 0x0000000081000000, 0x0000000081000000|100%| O|  |TAMS 0x0000000081000000, 0x0000000080f00000| Untracked 
|  16|0x0000000081000000, 0x0000000081100000, 0x0000000081100000|100%| O|  |TAMS 0x0000000081100000, 0x0000000081000000| Untracked 
|  17|0x0000000081100000, 0x0000000081200000, 0x0000000081200000|100%|HS|  |TAMS 0x0000000081200000, 0x0000000081100000| Complete 
|  18|0x0000000081200000, 0x0000000081300000, 0x0000000081300000|100%| O|  |TAMS 0x0000000081300000, 0x0000000081200000| Untracked 
|  19|0x0000000081300000, 0x0000000081400000, 0x0000000081400000|100%| O|  |TAMS 0x0000000081400000, 0x0000000081300000| Untracked 
|  20|0x0000000081400000, 0x0000000081500000, 0x0000000081500000|100%| O|  |TAMS 0x0000000081500000, 0x0000000081400000| Untracked 
|  21|0x0000000081500000, 0x0000000081600000, 0x0000000081600000|100%| O|  |TAMS 0x0000000081600000, 0x0000000081500000| Untracked 
|  22|0x0000000081600000, 0x0000000081700000, 0x0000000081700000|100%| O|  |TAMS 0x0000000081700000, 0x0000000081600000| Untracked 
|  23|0x0000000081700000, 0x0000000081800000, 0x0000000081800000|100%| O|  |TAMS 0x0000000081800000, 0x0000000081700000| Untracked 
|  24|0x0000000081800000, 0x0000000081900000, 0x0000000081900000|100%| O|  |TAMS 0x0000000081900000, 0x0000000081800000| Untracked 
|  25|0x0000000081900000, 0x0000000081a00000, 0x0000000081a00000|100%| O|  |TAMS 0x0000000081a00000, 0x0000000081900000| Untracked 
|  26|0x0000000081a00000, 0x0000000081b00000, 0x0000000081b00000|100%| O|  |TAMS 0x0000000081b00000, 0x0000000081a00000| Untracked 
|  27|0x0000000081b00000, 0x0000000081c00000, 0x0000000081c00000|100%| O|  |TAMS 0x0000000081c00000, 0x0000000081b00000| Untracked 
|  28|0x0000000081c00000, 0x0000000081d00000, 0x0000000081d00000|100%| O|  |TAMS 0x0000000081d00000, 0x0000000081c00000| Untracked 
|  29|0x0000000081d00000, 0x0000000081e00000, 0x0000000081e00000|100%|HS|  |TAMS 0x0000000081e00000, 0x0000000081d00000| Complete 
|  30|0x0000000081e00000, 0x0000000081f00000, 0x0000000081f00000|100%|HS|  |TAMS 0x0000000081f00000, 0x0000000081e00000| Complete 
|  31|0x0000000081f00000, 0x0000000082000000, 0x0000000082000000|100%|HS|  |TAMS 0x0000000082000000, 0x0000000081f00000| Complete 
|  32|0x0000000082000000, 0x0000000082100000, 0x0000000082100000|100%|HC|  |TAMS 0x0000000082100000, 0x0000000082000000| Complete 
|  33|0x0000000082100000, 0x0000000082200000, 0x0000000082200000|100%|HC|  |TAMS 0x0000000082200000, 0x0000000082100000| Complete 
|  34|0x0000000082200000, 0x0000000082300000, 0x0000000082300000|100%|HC|  |TAMS 0x0000000082300000, 0x0000000082200000| Complete 
|  35|0x0000000082300000, 0x0000000082400000, 0x0000000082400000|100%| O|  |TAMS 0x0000000082400000, 0x0000000082300000| Untracked 
|  36|0x0000000082400000, 0x0000000082500000, 0x0000000082500000|100%|HS|  |TAMS 0x0000000082500000, 0x0000000082400000| Complete 
|  37|0x0000000082500000, 0x0000000082600000, 0x0000000082600000|100%|HC|  |TAMS 0x0000000082600000, 0x0000000082500000| Complete 
|  38|0x0000000082600000, 0x0000000082700000, 0x0000000082700000|100%| O|  |TAMS 0x0000000082700000, 0x0000000082600000| Untracked 
|  39|0x0000000082700000, 0x0000000082800000, 0x0000000082800000|100%| O|  |TAMS 0x0000000082800000, 0x0000000082700000| Untracked 
|  40|0x0000000082800000, 0x0000000082900000, 0x0000000082900000|100%| O|  |TAMS 0x0000000082900000, 0x0000000082800000| Untracked 
|  41|0x0000000082900000, 0x0000000082a00000, 0x0000000082a00000|100%| O|  |TAMS 0x0000000082a00000, 0x0000000082900000| Untracked 
|  42|0x0000000082a00000, 0x0000000082b00000, 0x0000000082b00000|100%| O|  |TAMS 0x0000000082b00000, 0x0000000082a00000| Untracked 
|  43|0x0000000082b00000, 0x0000000082c00000, 0x0000000082c00000|100%| O|  |TAMS 0x0000000082c00000, 0x0000000082b00000| Untracked 
|  44|0x0000000082c00000, 0x0000000082d00000, 0x0000000082d00000|100%| O|  |TAMS 0x0000000082d00000, 0x0000000082c00000| Untracked 
|  45|0x0000000082d00000, 0x0000000082e00000, 0x0000000082e00000|100%| O|  |TAMS 0x0000000082e00000, 0x0000000082d00000| Untracked 
|  46|0x0000000082e00000, 0x0000000082f00000, 0x0000000082f00000|100%| O|  |TAMS 0x0000000082f00000, 0x0000000082e00000| Untracked 
|  47|0x0000000082f00000, 0x0000000083000000, 0x0000000083000000|100%| O|  |TAMS 0x0000000083000000, 0x0000000082f00000| Untracked 
|  48|0x0000000083000000, 0x0000000083100000, 0x0000000083100000|100%| O|  |TAMS 0x0000000083100000, 0x0000000083000000| Untracked 
|  49|0x0000000083100000, 0x0000000083200000, 0x0000000083200000|100%| O|  |TAMS 0x0000000083200000, 0x0000000083100000| Untracked 
|  50|0x0000000083200000, 0x0000000083300000, 0x0000000083300000|100%| O|  |TAMS 0x0000000083300000, 0x0000000083200000| Untracked 
|  51|0x0000000083300000, 0x0000000083400000, 0x0000000083400000|100%| O|  |TAMS 0x0000000083400000, 0x0000000083300000| Untracked 
|  52|0x0000000083400000, 0x0000000083500000, 0x0000000083500000|100%| O|  |TAMS 0x0000000083500000, 0x0000000083400000| Untracked 
|  53|0x0000000083500000, 0x0000000083600000, 0x0000000083600000|100%| O|  |TAMS 0x0000000083600000, 0x0000000083500000| Untracked 
|  54|0x0000000083600000, 0x0000000083700000, 0x0000000083700000|100%| O|  |TAMS 0x0000000083700000, 0x0000000083600000| Untracked 
|  55|0x0000000083700000, 0x0000000083800000, 0x0000000083800000|100%| O|  |TAMS 0x0000000083800000, 0x0000000083700000| Untracked 
|  56|0x0000000083800000, 0x0000000083900000, 0x0000000083900000|100%| O|  |TAMS 0x0000000083900000, 0x0000000083800000| Untracked 
|  57|0x0000000083900000, 0x0000000083a00000, 0x0000000083a00000|100%| O|  |TAMS 0x0000000083a00000, 0x0000000083900000| Untracked 
|  58|0x0000000083a00000, 0x0000000083b00000, 0x0000000083b00000|100%| O|  |TAMS 0x0000000083b00000, 0x0000000083a00000| Untracked 
|  59|0x0000000083b00000, 0x0000000083c00000, 0x0000000083c00000|100%| O|  |TAMS 0x0000000083c00000, 0x0000000083b00000| Untracked 
|  60|0x0000000083c00000, 0x0000000083d00000, 0x0000000083d00000|100%| O|  |TAMS 0x0000000083c89e00, 0x0000000083c00000| Untracked 
|  61|0x0000000083d00000, 0x0000000083e00000, 0x0000000083e00000|100%| O|  |TAMS 0x0000000083d00000, 0x0000000083d00000| Untracked 
|  62|0x0000000083e00000, 0x0000000083f00000, 0x0000000083f00000|100%| O|  |TAMS 0x0000000083e00000, 0x0000000083e00000| Untracked 
|  63|0x0000000083f00000, 0x0000000084000000, 0x0000000084000000|100%| O|  |TAMS 0x0000000083f00000, 0x0000000083f00000| Untracked 
|  64|0x0000000084000000, 0x0000000084100000, 0x0000000084100000|100%| O|  |TAMS 0x0000000084000000, 0x0000000084000000| Untracked 
|  65|0x0000000084100000, 0x0000000084200000, 0x0000000084200000|100%| O|  |TAMS 0x0000000084100000, 0x0000000084100000| Untracked 
|  66|0x0000000084200000, 0x0000000084300000, 0x0000000084300000|100%| O|  |TAMS 0x0000000084200000, 0x0000000084200000| Untracked 
|  67|0x0000000084300000, 0x0000000084400000, 0x0000000084400000|100%| O|  |TAMS 0x0000000084300000, 0x0000000084300000| Untracked 
|  68|0x0000000084400000, 0x0000000084500000, 0x0000000084500000|100%| O|  |TAMS 0x0000000084400000, 0x0000000084400000| Untracked 
|  69|0x0000000084500000, 0x0000000084600000, 0x0000000084600000|100%| O|  |TAMS 0x0000000084500000, 0x0000000084500000| Untracked 
|  70|0x0000000084600000, 0x0000000084700000, 0x0000000084700000|100%| O|  |TAMS 0x0000000084600000, 0x0000000084600000| Untracked 
|  71|0x0000000084700000, 0x0000000084800000, 0x0000000084800000|100%| O|  |TAMS 0x0000000084700000, 0x0000000084700000| Untracked 
|  72|0x0000000084800000, 0x0000000084900000, 0x0000000084900000|100%| O|  |TAMS 0x0000000084800000, 0x0000000084800000| Untracked 
|  73|0x0000000084900000, 0x0000000084980800, 0x0000000084a00000| 50%| O|  |TAMS 0x0000000084900000, 0x0000000084900000| Untracked 
|  74|0x0000000084a00000, 0x0000000084a00000, 0x0000000084b00000|  0%| F|  |TAMS 0x0000000084a00000, 0x0000000084a00000| Untracked 
|  75|0x0000000084b00000, 0x0000000084b00000, 0x0000000084c00000|  0%| F|  |TAMS 0x0000000084b00000, 0x0000000084b00000| Untracked 
|  76|0x0000000084c00000, 0x0000000084c00000, 0x0000000084d00000|  0%| F|  |TAMS 0x0000000084c00000, 0x0000000084c00000| Untracked 
|  77|0x0000000084d00000, 0x0000000084d00000, 0x0000000084e00000|  0%| F|  |TAMS 0x0000000084d00000, 0x0000000084d00000| Untracked 
|  78|0x0000000084e00000, 0x0000000084e00000, 0x0000000084f00000|  0%| F|  |TAMS 0x0000000084e00000, 0x0000000084e00000| Untracked 
|  79|0x0000000084f00000, 0x0000000084f00000, 0x0000000085000000|  0%| F|  |TAMS 0x0000000084f00000, 0x0000000084f00000| Untracked 
|  80|0x0000000085000000, 0x0000000085000000, 0x0000000085100000|  0%| F|  |TAMS 0x0000000085000000, 0x0000000085000000| Untracked 
|  81|0x0000000085100000, 0x0000000085100000, 0x0000000085200000|  0%| F|  |TAMS 0x0000000085100000, 0x0000000085100000| Untracked 
|  82|0x0000000085200000, 0x0000000085200000, 0x0000000085300000|  0%| F|  |TAMS 0x0000000085200000, 0x0000000085200000| Untracked 
|  83|0x0000000085300000, 0x0000000085300000, 0x0000000085400000|  0%| F|  |TAMS 0x0000000085300000, 0x0000000085300000| Untracked 
|  84|0x0000000085400000, 0x0000000085400000, 0x0000000085500000|  0%| F|  |TAMS 0x0000000085400000, 0x0000000085400000| Untracked 
|  85|0x0000000085500000, 0x0000000085500000, 0x0000000085600000|  0%| F|  |TAMS 0x0000000085500000, 0x0000000085500000| Untracked 
|  86|0x0000000085600000, 0x0000000085600000, 0x0000000085700000|  0%| F|  |TAMS 0x0000000085600000, 0x0000000085600000| Untracked 
|  87|0x0000000085700000, 0x0000000085700000, 0x0000000085800000|  0%| F|  |TAMS 0x0000000085700000, 0x0000000085700000| Untracked 
|  88|0x0000000085800000, 0x0000000085800000, 0x0000000085900000|  0%| F|  |TAMS 0x0000000085800000, 0x0000000085800000| Untracked 
|  89|0x0000000085900000, 0x0000000085900000, 0x0000000085a00000|  0%| F|  |TAMS 0x0000000085900000, 0x0000000085900000| Untracked 
|  90|0x0000000085a00000, 0x0000000085a00000, 0x0000000085b00000|  0%| F|  |TAMS 0x0000000085a00000, 0x0000000085a00000| Untracked 
|  91|0x0000000085b00000, 0x0000000085b00000, 0x0000000085c00000|  0%| F|  |TAMS 0x0000000085b00000, 0x0000000085b00000| Untracked 
|  92|0x0000000085c00000, 0x0000000085c00000, 0x0000000085d00000|  0%| F|  |TAMS 0x0000000085c00000, 0x0000000085c00000| Untracked 
|  93|0x0000000085d00000, 0x0000000085d00000, 0x0000000085e00000|  0%| F|  |TAMS 0x0000000085d00000, 0x0000000085d00000| Untracked 
|  94|0x0000000085e00000, 0x0000000085e00000, 0x0000000085f00000|  0%| F|  |TAMS 0x0000000085e00000, 0x0000000085e00000| Untracked 
|  95|0x0000000085f00000, 0x0000000085f00000, 0x0000000086000000|  0%| F|  |TAMS 0x0000000085f00000, 0x0000000085f00000| Untracked 
|  96|0x0000000086000000, 0x0000000086000000, 0x0000000086100000|  0%| F|  |TAMS 0x0000000086000000, 0x0000000086000000| Untracked 
|  97|0x0000000086100000, 0x0000000086100000, 0x0000000086200000|  0%| F|  |TAMS 0x0000000086100000, 0x0000000086100000| Untracked 
|  98|0x0000000086200000, 0x0000000086200000, 0x0000000086300000|  0%| F|  |TAMS 0x0000000086200000, 0x0000000086200000| Untracked 
|  99|0x0000000086300000, 0x0000000086300000, 0x0000000086400000|  0%| F|  |TAMS 0x0000000086300000, 0x0000000086300000| Untracked 
| 100|0x0000000086400000, 0x0000000086400000, 0x0000000086500000|  0%| F|  |TAMS 0x0000000086400000, 0x0000000086400000| Untracked 
| 101|0x0000000086500000, 0x0000000086500000, 0x0000000086600000|  0%| F|  |TAMS 0x0000000086500000, 0x0000000086500000| Untracked 
| 102|0x0000000086600000, 0x0000000086600000, 0x0000000086700000|  0%| F|  |TAMS 0x0000000086600000, 0x0000000086600000| Untracked 
| 103|0x0000000086700000, 0x0000000086700000, 0x0000000086800000|  0%| F|  |TAMS 0x0000000086700000, 0x0000000086700000| Untracked 
| 104|0x0000000086800000, 0x0000000086800000, 0x0000000086900000|  0%| F|  |TAMS 0x0000000086800000, 0x0000000086800000| Untracked 
| 105|0x0000000086900000, 0x0000000086900000, 0x0000000086a00000|  0%| F|  |TAMS 0x0000000086900000, 0x0000000086900000| Untracked 
| 106|0x0000000086a00000, 0x0000000086a00000, 0x0000000086b00000|  0%| F|  |TAMS 0x0000000086a00000, 0x0000000086a00000| Untracked 
| 107|0x0000000086b00000, 0x0000000086b00000, 0x0000000086c00000|  0%| F|  |TAMS 0x0000000086b00000, 0x0000000086b00000| Untracked 
| 108|0x0000000086c00000, 0x0000000086c00000, 0x0000000086d00000|  0%| F|  |TAMS 0x0000000086c00000, 0x0000000086c00000| Untracked 
| 109|0x0000000086d00000, 0x0000000086d00000, 0x0000000086e00000|  0%| F|  |TAMS 0x0000000086d00000, 0x0000000086d00000| Untracked 
| 110|0x0000000086e00000, 0x0000000086e00000, 0x0000000086f00000|  0%| F|  |TAMS 0x0000000086e00000, 0x0000000086e00000| Untracked 
| 111|0x0000000086f00000, 0x0000000086f00000, 0x0000000087000000|  0%| F|  |TAMS 0x0000000086f00000, 0x0000000086f00000| Untracked 
| 112|0x0000000087000000, 0x0000000087000000, 0x0000000087100000|  0%| F|  |TAMS 0x0000000087000000, 0x0000000087000000| Untracked 
| 113|0x0000000087100000, 0x0000000087100000, 0x0000000087200000|  0%| F|  |TAMS 0x0000000087100000, 0x0000000087100000| Untracked 
| 114|0x0000000087200000, 0x0000000087200000, 0x0000000087300000|  0%| F|  |TAMS 0x0000000087200000, 0x0000000087200000| Untracked 
| 115|0x0000000087300000, 0x0000000087300000, 0x0000000087400000|  0%| F|  |TAMS 0x0000000087300000, 0x0000000087300000| Untracked 
| 116|0x0000000087400000, 0x0000000087400000, 0x0000000087500000|  0%| F|  |TAMS 0x0000000087400000, 0x0000000087400000| Untracked 
| 117|0x0000000087500000, 0x0000000087500000, 0x0000000087600000|  0%| F|  |TAMS 0x0000000087500000, 0x0000000087500000| Untracked 
| 118|0x0000000087600000, 0x0000000087600000, 0x0000000087700000|  0%| F|  |TAMS 0x0000000087600000, 0x0000000087600000| Untracked 
| 119|0x0000000087700000, 0x0000000087700000, 0x0000000087800000|  0%| F|  |TAMS 0x0000000087700000, 0x0000000087700000| Untracked 
| 120|0x0000000087800000, 0x0000000087800000, 0x0000000087900000|  0%| F|  |TAMS 0x0000000087800000, 0x0000000087800000| Untracked 
| 121|0x0000000087900000, 0x0000000087900000, 0x0000000087a00000|  0%| F|  |TAMS 0x0000000087900000, 0x0000000087900000| Untracked 
| 122|0x0000000087a00000, 0x0000000087a00000, 0x0000000087b00000|  0%| F|  |TAMS 0x0000000087a00000, 0x0000000087a00000| Untracked 
| 123|0x0000000087b00000, 0x0000000087b00000, 0x0000000087c00000|  0%| F|  |TAMS 0x0000000087b00000, 0x0000000087b00000| Untracked 
| 124|0x0000000087c00000, 0x0000000087c00000, 0x0000000087d00000|  0%| F|  |TAMS 0x0000000087c00000, 0x0000000087c00000| Untracked 
| 125|0x0000000087d00000, 0x0000000087d00000, 0x0000000087e00000|  0%| F|  |TAMS 0x0000000087d00000, 0x0000000087d00000| Untracked 
| 126|0x0000000087e00000, 0x0000000087e00000, 0x0000000087f00000|  0%| F|  |TAMS 0x0000000087e00000, 0x0000000087e00000| Untracked 
| 127|0x0000000087f00000, 0x0000000087f4a708, 0x0000000088000000| 29%| S|CS|TAMS 0x0000000087f00000, 0x0000000087f00000| Complete 
| 128|0x0000000088000000, 0x0000000088100000, 0x0000000088100000|100%| S|CS|TAMS 0x0000000088000000, 0x0000000088000000| Complete 
| 129|0x0000000088100000, 0x0000000088200000, 0x0000000088200000|100%| S|CS|TAMS 0x0000000088100000, 0x0000000088100000| Complete 
| 130|0x0000000088200000, 0x0000000088300000, 0x0000000088300000|100%| S|CS|TAMS 0x0000000088200000, 0x0000000088200000| Complete 
| 131|0x0000000088300000, 0x0000000088400000, 0x0000000088400000|100%| S|CS|TAMS 0x0000000088300000, 0x0000000088300000| Complete 
| 132|0x0000000088400000, 0x0000000088500000, 0x0000000088500000|100%| S|CS|TAMS 0x0000000088400000, 0x0000000088400000| Complete 
| 133|0x0000000088500000, 0x0000000088600000, 0x0000000088600000|100%| S|CS|TAMS 0x0000000088500000, 0x0000000088500000| Complete 
| 134|0x0000000088600000, 0x0000000088700000, 0x0000000088700000|100%| S|CS|TAMS 0x0000000088600000, 0x0000000088600000| Complete 
| 135|0x0000000088700000, 0x0000000088800000, 0x0000000088800000|100%| S|CS|TAMS 0x0000000088700000, 0x0000000088700000| Complete 
| 136|0x0000000088800000, 0x0000000088900000, 0x0000000088900000|100%| S|CS|TAMS 0x0000000088800000, 0x0000000088800000| Complete 
| 137|0x0000000088900000, 0x0000000088900000, 0x0000000088a00000|  0%| F|  |TAMS 0x0000000088900000, 0x0000000088900000| Untracked 
| 138|0x0000000088a00000, 0x0000000088a00000, 0x0000000088b00000|  0%| F|  |TAMS 0x0000000088a00000, 0x0000000088a00000| Untracked 
| 139|0x0000000088b00000, 0x0000000088b00000, 0x0000000088c00000|  0%| F|  |TAMS 0x0000000088b00000, 0x0000000088b00000| Untracked 
| 140|0x0000000088c00000, 0x0000000088c00000, 0x0000000088d00000|  0%| F|  |TAMS 0x0000000088c00000, 0x0000000088c00000| Untracked 
| 141|0x0000000088d00000, 0x0000000088d00000, 0x0000000088e00000|  0%| F|  |TAMS 0x0000000088d00000, 0x0000000088d00000| Untracked 
| 142|0x0000000088e00000, 0x0000000088e00000, 0x0000000088f00000|  0%| F|  |TAMS 0x0000000088e00000, 0x0000000088e00000| Untracked 
| 143|0x0000000088f00000, 0x0000000088f00000, 0x0000000089000000|  0%| F|  |TAMS 0x0000000088f00000, 0x0000000088f00000| Untracked 
| 144|0x0000000089000000, 0x0000000089000000, 0x0000000089100000|  0%| F|  |TAMS 0x0000000089000000, 0x0000000089000000| Untracked 
| 145|0x0000000089100000, 0x0000000089100000, 0x0000000089200000|  0%| F|  |TAMS 0x0000000089100000, 0x0000000089100000| Untracked 
| 146|0x0000000089200000, 0x0000000089200000, 0x0000000089300000|  0%| F|  |TAMS 0x0000000089200000, 0x0000000089200000| Untracked 
| 147|0x0000000089300000, 0x0000000089300000, 0x0000000089400000|  0%| F|  |TAMS 0x0000000089300000, 0x0000000089300000| Untracked 
| 148|0x0000000089400000, 0x0000000089400000, 0x0000000089500000|  0%| F|  |TAMS 0x0000000089400000, 0x0000000089400000| Untracked 
| 149|0x0000000089500000, 0x0000000089500000, 0x0000000089600000|  0%| F|  |TAMS 0x0000000089500000, 0x0000000089500000| Untracked 
| 150|0x0000000089600000, 0x0000000089600000, 0x0000000089700000|  0%| F|  |TAMS 0x0000000089600000, 0x0000000089600000| Untracked 
| 151|0x0000000089700000, 0x0000000089700000, 0x0000000089800000|  0%| F|  |TAMS 0x0000000089700000, 0x0000000089700000| Untracked 
| 152|0x0000000089800000, 0x00000000898c37b0, 0x0000000089900000| 76%| E|  |TAMS 0x0000000089800000, 0x0000000089800000| Complete 
| 153|0x0000000089900000, 0x0000000089a00000, 0x0000000089a00000|100%| E|CS|TAMS 0x0000000089900000, 0x0000000089900000| Complete 
| 154|0x0000000089a00000, 0x0000000089b00000, 0x0000000089b00000|100%| E|  |TAMS 0x0000000089a00000, 0x0000000089a00000| Complete 
| 155|0x0000000089b00000, 0x0000000089c00000, 0x0000000089c00000|100%| E|CS|TAMS 0x0000000089b00000, 0x0000000089b00000| Complete 
| 156|0x0000000089c00000, 0x0000000089d00000, 0x0000000089d00000|100%| E|CS|TAMS 0x0000000089c00000, 0x0000000089c00000| Complete 
| 157|0x0000000089d00000, 0x0000000089e00000, 0x0000000089e00000|100%| E|CS|TAMS 0x0000000089d00000, 0x0000000089d00000| Complete 
| 158|0x0000000089e00000, 0x0000000089f00000, 0x0000000089f00000|100%| E|CS|TAMS 0x0000000089e00000, 0x0000000089e00000| Complete 
| 159|0x0000000089f00000, 0x000000008a000000, 0x000000008a000000|100%| E|CS|TAMS 0x0000000089f00000, 0x0000000089f00000| Complete 
| 160|0x000000008a000000, 0x000000008a100000, 0x000000008a100000|100%| E|CS|TAMS 0x000000008a000000, 0x000000008a000000| Complete 
| 161|0x000000008a100000, 0x000000008a200000, 0x000000008a200000|100%| E|CS|TAMS 0x000000008a100000, 0x000000008a100000| Complete 
| 162|0x000000008a200000, 0x000000008a300000, 0x000000008a300000|100%| E|CS|TAMS 0x000000008a200000, 0x000000008a200000| Complete 
| 163|0x000000008a300000, 0x000000008a400000, 0x000000008a400000|100%| E|CS|TAMS 0x000000008a300000, 0x000000008a300000| Complete 
| 164|0x000000008a400000, 0x000000008a500000, 0x000000008a500000|100%| E|CS|TAMS 0x000000008a400000, 0x000000008a400000| Complete 
| 165|0x000000008a500000, 0x000000008a600000, 0x000000008a600000|100%| E|CS|TAMS 0x000000008a500000, 0x000000008a500000| Complete 
| 166|0x000000008a600000, 0x000000008a700000, 0x000000008a700000|100%| E|CS|TAMS 0x000000008a600000, 0x000000008a600000| Complete 
| 167|0x000000008a700000, 0x000000008a800000, 0x000000008a800000|100%| E|CS|TAMS 0x000000008a700000, 0x000000008a700000| Complete 
| 168|0x000000008a800000, 0x000000008a900000, 0x000000008a900000|100%| E|CS|TAMS 0x000000008a800000, 0x000000008a800000| Complete 
| 169|0x000000008a900000, 0x000000008aa00000, 0x000000008aa00000|100%| E|CS|TAMS 0x000000008a900000, 0x000000008a900000| Complete 
| 170|0x000000008aa00000, 0x000000008ab00000, 0x000000008ab00000|100%| E|CS|TAMS 0x000000008aa00000, 0x000000008aa00000| Complete 
| 171|0x000000008ab00000, 0x000000008ac00000, 0x000000008ac00000|100%| E|CS|TAMS 0x000000008ab00000, 0x000000008ab00000| Complete 
| 172|0x000000008ac00000, 0x000000008ad00000, 0x000000008ad00000|100%| E|CS|TAMS 0x000000008ac00000, 0x000000008ac00000| Complete 
| 173|0x000000008ad00000, 0x000000008ae00000, 0x000000008ae00000|100%| E|CS|TAMS 0x000000008ad00000, 0x000000008ad00000| Complete 
| 174|0x000000008ae00000, 0x000000008af00000, 0x000000008af00000|100%| E|CS|TAMS 0x000000008ae00000, 0x000000008ae00000| Complete 
| 175|0x000000008af00000, 0x000000008b000000, 0x000000008b000000|100%| E|CS|TAMS 0x000000008af00000, 0x000000008af00000| Complete 
| 176|0x000000008b000000, 0x000000008b100000, 0x000000008b100000|100%| E|CS|TAMS 0x000000008b000000, 0x000000008b000000| Complete 
| 177|0x000000008b100000, 0x000000008b200000, 0x000000008b200000|100%| E|CS|TAMS 0x000000008b100000, 0x000000008b100000| Complete 
| 178|0x000000008b200000, 0x000000008b300000, 0x000000008b300000|100%| E|CS|TAMS 0x000000008b200000, 0x000000008b200000| Complete 
| 179|0x000000008b300000, 0x000000008b400000, 0x000000008b400000|100%| E|CS|TAMS 0x000000008b300000, 0x000000008b300000| Complete 
| 180|0x000000008b400000, 0x000000008b500000, 0x000000008b500000|100%| E|CS|TAMS 0x000000008b400000, 0x000000008b400000| Complete 
| 181|0x000000008b500000, 0x000000008b600000, 0x000000008b600000|100%| E|CS|TAMS 0x000000008b500000, 0x000000008b500000| Complete 
| 182|0x000000008b600000, 0x000000008b700000, 0x000000008b700000|100%| E|CS|TAMS 0x000000008b600000, 0x000000008b600000| Complete 
| 183|0x000000008b700000, 0x000000008b800000, 0x000000008b800000|100%| E|CS|TAMS 0x000000008b700000, 0x000000008b700000| Complete 
| 184|0x000000008b800000, 0x000000008b900000, 0x000000008b900000|100%| E|CS|TAMS 0x000000008b800000, 0x000000008b800000| Complete 
| 185|0x000000008b900000, 0x000000008ba00000, 0x000000008ba00000|100%| E|CS|TAMS 0x000000008b900000, 0x000000008b900000| Complete 
| 186|0x000000008ba00000, 0x000000008bb00000, 0x000000008bb00000|100%| E|CS|TAMS 0x000000008ba00000, 0x000000008ba00000| Complete 
| 187|0x000000008bb00000, 0x000000008bc00000, 0x000000008bc00000|100%| E|CS|TAMS 0x000000008bb00000, 0x000000008bb00000| Complete 
| 188|0x000000008bc00000, 0x000000008bd00000, 0x000000008bd00000|100%| E|CS|TAMS 0x000000008bc00000, 0x000000008bc00000| Complete 
| 189|0x000000008bd00000, 0x000000008be00000, 0x000000008be00000|100%| E|CS|TAMS 0x000000008bd00000, 0x000000008bd00000| Complete 
| 190|0x000000008be00000, 0x000000008bf00000, 0x000000008bf00000|100%| E|CS|TAMS 0x000000008be00000, 0x000000008be00000| Complete 
| 191|0x000000008bf00000, 0x000000008c000000, 0x000000008c000000|100%| E|CS|TAMS 0x000000008bf00000, 0x000000008bf00000| Complete 
| 192|0x000000008c000000, 0x000000008c100000, 0x000000008c100000|100%| E|CS|TAMS 0x000000008c000000, 0x000000008c000000| Complete 
| 193|0x000000008c100000, 0x000000008c200000, 0x000000008c200000|100%| E|CS|TAMS 0x000000008c100000, 0x000000008c100000| Complete 
| 194|0x000000008c200000, 0x000000008c300000, 0x000000008c300000|100%| E|CS|TAMS 0x000000008c200000, 0x000000008c200000| Complete 
| 195|0x000000008c300000, 0x000000008c400000, 0x000000008c400000|100%| E|CS|TAMS 0x000000008c300000, 0x000000008c300000| Complete 
| 196|0x000000008c400000, 0x000000008c500000, 0x000000008c500000|100%| E|CS|TAMS 0x000000008c400000, 0x000000008c400000| Complete 
| 197|0x000000008c500000, 0x000000008c600000, 0x000000008c600000|100%| E|CS|TAMS 0x000000008c500000, 0x000000008c500000| Complete 
| 198|0x000000008c600000, 0x000000008c700000, 0x000000008c700000|100%| E|CS|TAMS 0x000000008c600000, 0x000000008c600000| Complete 
| 199|0x000000008c700000, 0x000000008c800000, 0x000000008c800000|100%| E|CS|TAMS 0x000000008c700000, 0x000000008c700000| Complete 
| 200|0x000000008c800000, 0x000000008c900000, 0x000000008c900000|100%| E|CS|TAMS 0x000000008c800000, 0x000000008c800000| Complete 
| 201|0x000000008c900000, 0x000000008ca00000, 0x000000008ca00000|100%| E|CS|TAMS 0x000000008c900000, 0x000000008c900000| Complete 
| 202|0x000000008ca00000, 0x000000008cb00000, 0x000000008cb00000|100%| E|CS|TAMS 0x000000008ca00000, 0x000000008ca00000| Complete 
| 203|0x000000008cb00000, 0x000000008cc00000, 0x000000008cc00000|100%| E|CS|TAMS 0x000000008cb00000, 0x000000008cb00000| Complete 
| 204|0x000000008cc00000, 0x000000008cd00000, 0x000000008cd00000|100%| E|CS|TAMS 0x000000008cc00000, 0x000000008cc00000| Complete 
| 205|0x000000008cd00000, 0x000000008ce00000, 0x000000008ce00000|100%| E|CS|TAMS 0x000000008cd00000, 0x000000008cd00000| Complete 
| 206|0x000000008ce00000, 0x000000008cf00000, 0x000000008cf00000|100%| E|CS|TAMS 0x000000008ce00000, 0x000000008ce00000| Complete 
| 207|0x000000008cf00000, 0x000000008d000000, 0x000000008d000000|100%| E|CS|TAMS 0x000000008cf00000, 0x000000008cf00000| Complete 
| 208|0x000000008d000000, 0x000000008d100000, 0x000000008d100000|100%| E|CS|TAMS 0x000000008d000000, 0x000000008d000000| Complete 
| 209|0x000000008d100000, 0x000000008d200000, 0x000000008d200000|100%| E|CS|TAMS 0x000000008d100000, 0x000000008d100000| Complete 
| 210|0x000000008d200000, 0x000000008d300000, 0x000000008d300000|100%| E|CS|TAMS 0x000000008d200000, 0x000000008d200000| Complete 
| 211|0x000000008d300000, 0x000000008d400000, 0x000000008d400000|100%| E|CS|TAMS 0x000000008d300000, 0x000000008d300000| Complete 
| 212|0x000000008d400000, 0x000000008d500000, 0x000000008d500000|100%| E|CS|TAMS 0x000000008d400000, 0x000000008d400000| Complete 
| 213|0x000000008d500000, 0x000000008d600000, 0x000000008d600000|100%| E|CS|TAMS 0x000000008d500000, 0x000000008d500000| Complete 
| 214|0x000000008d600000, 0x000000008d700000, 0x000000008d700000|100%| E|CS|TAMS 0x000000008d600000, 0x000000008d600000| Complete 
| 215|0x000000008d700000, 0x000000008d800000, 0x000000008d800000|100%| E|CS|TAMS 0x000000008d700000, 0x000000008d700000| Complete 
| 216|0x000000008d800000, 0x000000008d900000, 0x000000008d900000|100%| E|CS|TAMS 0x000000008d800000, 0x000000008d800000| Complete 
| 217|0x000000008d900000, 0x000000008da00000, 0x000000008da00000|100%| E|CS|TAMS 0x000000008d900000, 0x000000008d900000| Complete 
| 218|0x000000008da00000, 0x000000008db00000, 0x000000008db00000|100%| E|CS|TAMS 0x000000008da00000, 0x000000008da00000| Complete 
| 219|0x000000008db00000, 0x000000008dc00000, 0x000000008dc00000|100%| E|CS|TAMS 0x000000008db00000, 0x000000008db00000| Complete 
| 220|0x000000008dc00000, 0x000000008dd00000, 0x000000008dd00000|100%| E|CS|TAMS 0x000000008dc00000, 0x000000008dc00000| Complete 
| 221|0x000000008dd00000, 0x000000008de00000, 0x000000008de00000|100%| E|CS|TAMS 0x000000008dd00000, 0x000000008dd00000| Complete 

Card table byte_map: [0x000001e017190000,0x000001e017590000] _byte_map_base: 0x000001e016d90000

Marking Bits (Prev, Next): (CMBitMap*) 0x000001e0042acf10, (CMBitMap*) 0x000001e0042aced8
 Prev Bits: [0x000001e019990000, 0x000001e01b990000)
 Next Bits: [0x000001e017990000, 0x000001e019990000)

Polling page: 0x000001e003a50000

Metaspace:

Usage:
  Non-class:     81.77 MB capacity,    80.48 MB ( 98%) used,     1.04 MB (  1%) free+waste,   263.38 KB ( <1%) overhead. 
      Class:     12.66 MB capacity,    11.85 MB ( 94%) used,   713.40 KB (  6%) free+waste,   116.69 KB ( <1%) overhead. 
       Both:     94.43 MB capacity,    92.33 MB ( 98%) used,     1.73 MB (  2%) free+waste,   380.06 KB ( <1%) overhead. 

Virtual space:
  Non-class space:       82.00 MB reserved,      81.92 MB (>99%) committed 
      Class space:        1.00 GB reserved,      12.70 MB (  1%) committed 
             Both:        1.08 GB reserved,      94.62 MB (  9%) committed 

Chunk freelists:
   Non-Class:  25.00 KB
       Class:  0 bytes
        Both:  25.00 KB

MaxMetaspaceSize: 17179869184.00 GB
CompressedClassSpaceSize: 1.00 GB
Initial GC threshold: 20.80 MB
Current GC threshold: 135.20 MB
CDS: off

CodeHeap 'non-profiled nmethods': size=120064Kb used=6899Kb max_used=6899Kb free=113165Kb
 bounds [0x000001e00f850000, 0x000001e00ff10000, 0x000001e016d90000]
CodeHeap 'profiled nmethods': size=120000Kb used=24568Kb max_used=24568Kb free=95431Kb
 bounds [0x000001e008320000, 0x000001e009b20000, 0x000001e00f850000]
CodeHeap 'non-nmethods': size=5696Kb used=2387Kb max_used=2440Kb free=3309Kb
 bounds [0x000001e007d90000, 0x000001e008000000, 0x000001e008320000]
 total_blobs=12102 nmethods=11187 adapters=827
 compilation: enabled
              stopped_count=0, restarted_count=0
 full_count=0

Compilation events (20 events):
Event: 26.976 Thread 0x000001e01deaf800 11191       3       org.gradle.internal.instantiation.generator.AsmBackedClassGenerator$ClassBuilderImpl::generateToStringSupport (229 bytes)
Event: 26.977 Thread 0x000001e01deaf800 nmethod 11191 0x000001e009aff210 code [0x000001e009aff5e0, 0x000001e009b00d28]
Event: 26.982 Thread 0x000001e01deaf800 11192       3       org.slf4j.impl.StaticLoggerBinder::getSingleton (4 bytes)
Event: 26.982 Thread 0x000001e01deaf800 nmethod 11192 0x000001e009b01310 code [0x000001e009b014c0, 0x000001e009b015b8]
Event: 26.984 Thread 0x000001e01dea1000 11193       4       java.io.File::isInvalid (48 bytes)
Event: 26.990 Thread 0x000001e01deaf800 11194       3       org.gradle.api.internal.provider.ValueSupplier$Missing::asType (8 bytes)
Event: 26.990 Thread 0x000001e01deaf800 nmethod 11194 0x000001e009b01690 code [0x000001e009b01840, 0x000001e009b01998]
Event: 26.990 Thread 0x000001e01dea1000 nmethod 11193 0x000001e00ff09810 code [0x000001e00ff099c0, 0x000001e00ff09c58]
Event: 27.000 Thread 0x000001e01deaf800 11195       3       com.google.common.cache.LongAddables::create (12 bytes)
Event: 27.000 Thread 0x000001e01deaf800 nmethod 11195 0x000001e009b01a90 code [0x000001e009b01c60, 0x000001e009b01fd8]
Event: 27.000 Thread 0x000001e01deaf800 11196       3       com.google.common.cache.LongAddables$1::get (5 bytes)
Event: 27.000 Thread 0x000001e01deaf800 nmethod 11196 0x000001e009b02190 code [0x000001e009b02360, 0x000001e009b02698]
Event: 27.000 Thread 0x000001e01deaf800 11197       3       com.google.common.cache.LongAddables$1::get (8 bytes)
Event: 27.001 Thread 0x000001e01deaf800 nmethod 11197 0x000001e009b02810 code [0x000001e009b029e0, 0x000001e009b02cb8]
Event: 27.003 Thread 0x000001e01deaf800 11198   !   3       org.slf4j.LoggerFactory::getILoggerFactory (103 bytes)
Event: 27.004 Thread 0x000001e01deaf800 nmethod 11198 0x000001e009b02e10 code [0x000001e009b03040, 0x000001e009b03798]
Event: 27.007 Thread 0x000001e01deaf800 11199       3       org.slf4j.LoggerFactory::getLogger (12 bytes)
Event: 27.007 Thread 0x000001e01deaf800 nmethod 11199 0x000001e009b03a10 code [0x000001e009b03be0, 0x000001e009b03db8]
Event: 27.007 Thread 0x000001e01deaf800 11200       3       org.gradle.internal.logging.slf4j.OutputEventListenerBackedLoggerContext::getLogger (69 bytes)
Event: 27.008 Thread 0x000001e01deaf800 nmethod 11200 0x000001e009b03e90 code [0x000001e009b040c0, 0x000001e009b04a68]

GC Heap History (20 events):
Event: 8.504 GC heap before
{Heap before GC invocations=10 (full 0):
 garbage-first heap   total 157696K, used 51082K [0x0000000080000000, 0x0000000100000000)
  region size 1024K, 32 young (32768K), 9 survivors (9216K)
 Metaspace       used 43731K, capacity 44655K, committed 44796K, reserved 1087488K
  class space    used 5481K, capacity 5840K, committed 5964K, reserved 1048576K
}
Event: 8.521 GC heap after
{Heap after GC invocations=11 (full 0):
 garbage-first heap   total 157696K, used 30477K [0x0000000080000000, 0x0000000100000000)
  region size 1024K, 7 young (7168K), 7 survivors (7168K)
 Metaspace       used 43731K, capacity 44655K, committed 44796K, reserved 1087488K
  class space    used 5481K, capacity 5840K, committed 5964K, reserved 1048576K
}
Event: 10.130 GC heap before
{Heap before GC invocations=12 (full 0):
 garbage-first heap   total 157696K, used 106253K [0x0000000080000000, 0x0000000100000000)
  region size 1024K, 81 young (82944K), 7 survivors (7168K)
 Metaspace       used 48253K, capacity 49433K, committed 49532K, reserved 1091584K
  class space    used 6112K, capacity 6558K, committed 6604K, reserved 1048576K
}
Event: 10.147 GC heap after
{Heap after GC invocations=13 (full 0):
 garbage-first heap   total 157696K, used 32204K [0x0000000080000000, 0x0000000100000000)
  region size 1024K, 4 young (4096K), 4 survivors (4096K)
 Metaspace       used 48253K, capacity 49433K, committed 49532K, reserved 1091584K
  class space    used 6112K, capacity 6558K, committed 6604K, reserved 1048576K
}
Event: 12.576 GC heap before
{Heap before GC invocations=13 (full 0):
 garbage-first heap   total 157696K, used 123340K [0x0000000080000000, 0x0000000100000000)
  region size 1024K, 84 young (86016K), 4 survivors (4096K)
 Metaspace       used 55457K, capacity 56793K, committed 56956K, reserved 1099776K
  class space    used 6969K, capacity 7502K, committed 7628K, reserved 1048576K
}
Event: 12.589 GC heap after
{Heap after GC invocations=14 (full 0):
 garbage-first heap   total 189440K, used 50176K [0x0000000080000000, 0x0000000100000000)
  region size 1024K, 11 young (11264K), 11 survivors (11264K)
 Metaspace       used 55457K, capacity 56793K, committed 56956K, reserved 1099776K
  class space    used 6969K, capacity 7502K, committed 7628K, reserved 1048576K
}
Event: 14.248 GC heap before
{Heap before GC invocations=14 (full 0):
 garbage-first heap   total 189440K, used 140288K [0x0000000080000000, 0x0000000100000000)
  region size 1024K, 93 young (95232K), 11 survivors (11264K)
 Metaspace       used 63480K, capacity 64977K, committed 65148K, reserved 1105920K
  class space    used 7971K, capacity 8555K, committed 8652K, reserved 1048576K
}
Event: 14.271 GC heap after
{Heap after GC invocations=15 (full 0):
 garbage-first heap   total 189440K, used 57327K [0x0000000080000000, 0x0000000100000000)
  region size 1024K, 7 young (7168K), 7 survivors (7168K)
 Metaspace       used 63480K, capacity 64977K, committed 65148K, reserved 1105920K
  class space    used 7971K, capacity 8555K, committed 8652K, reserved 1048576K
}
Event: 15.916 GC heap before
{Heap before GC invocations=15 (full 0):
 garbage-first heap   total 189440K, used 141295K [0x0000000080000000, 0x0000000100000000)
  region size 1024K, 88 young (90112K), 7 survivors (7168K)
 Metaspace       used 67993K, capacity 69629K, committed 69884K, reserved 1110016K
  class space    used 8554K, capacity 9178K, committed 9292K, reserved 1048576K
}
Event: 15.935 GC heap after
{Heap after GC invocations=16 (full 0):
 garbage-first heap   total 189440K, used 62252K [0x0000000080000000, 0x0000000100000000)
  region size 1024K, 5 young (5120K), 5 survivors (5120K)
 Metaspace       used 67993K, capacity 69629K, committed 69884K, reserved 1110016K
  class space    used 8554K, capacity 9178K, committed 9292K, reserved 1048576K
}
Event: 17.363 GC heap before
{Heap before GC invocations=16 (full 0):
 garbage-first heap   total 189440K, used 113452K [0x0000000080000000, 0x0000000100000000)
  region size 1024K, 56 young (57344K), 5 survivors (5120K)
 Metaspace       used 73412K, capacity 74918K, committed 75004K, reserved 1114112K
  class space    used 9420K, capacity 10021K, committed 10060K, reserved 1048576K
}
Event: 17.382 GC heap after
{Heap after GC invocations=17 (full 0):
 garbage-first heap   total 189440K, used 65614K [0x0000000080000000, 0x0000000100000000)
  region size 1024K, 9 young (9216K), 9 survivors (9216K)
 Metaspace       used 73412K, capacity 74918K, committed 75004K, reserved 1114112K
  class space    used 9420K, capacity 10021K, committed 10060K, reserved 1048576K
}
Event: 19.050 GC heap before
{Heap before GC invocations=18 (full 0):
 garbage-first heap   total 189440K, used 137294K [0x0000000080000000, 0x0000000100000000)
  region size 1024K, 79 young (80896K), 9 survivors (9216K)
 Metaspace       used 80598K, capacity 82247K, committed 82428K, reserved 1120256K
  class space    used 10434K, capacity 11068K, committed 11084K, reserved 1048576K
}
Event: 19.086 GC heap after
{Heap after GC invocations=19 (full 0):
 garbage-first heap   total 189440K, used 69524K [0x0000000080000000, 0x0000000100000000)
  region size 1024K, 8 young (8192K), 8 survivors (8192K)
 Metaspace       used 80598K, capacity 82247K, committed 82428K, reserved 1120256K
  class space    used 10434K, capacity 11068K, committed 11084K, reserved 1048576K
}
Event: 22.290 GC heap before
{Heap before GC invocations=20 (full 0):
 garbage-first heap   total 189440K, used 141204K [0x0000000080000000, 0x0000000100000000)
  region size 1024K, 79 young (80896K), 8 survivors (8192K)
 Metaspace       used 85804K, capacity 87704K, committed 87932K, reserved 1126400K
  class space    used 11177K, capacity 11939K, committed 11980K, reserved 1048576K
}
Event: 22.316 GC heap after
{Heap after GC invocations=21 (full 0):
 garbage-first heap   total 189440K, used 75414K [0x0000000080000000, 0x0000000100000000)
  region size 1024K, 10 young (10240K), 10 survivors (10240K)
 Metaspace       used 85804K, capacity 87704K, committed 87932K, reserved 1126400K
  class space    used 11177K, capacity 11939K, committed 11980K, reserved 1048576K
}
Event: 24.573 GC heap before
{Heap before GC invocations=21 (full 0):
 garbage-first heap   total 189440K, used 145046K [0x0000000080000000, 0x0000000100000000)
  region size 1024K, 79 young (80896K), 10 survivors (10240K)
 Metaspace       used 86748K, capacity 88717K, committed 89084K, reserved 1126400K
  class space    used 11215K, capacity 11991K, committed 12108K, reserved 1048576K
}
Event: 24.600 GC heap after
{Heap after GC invocations=22 (full 0):
 garbage-first heap   total 227328K, used 80830K [0x0000000080000000, 0x0000000100000000)
  region size 1024K, 6 young (6144K), 6 survivors (6144K)
 Metaspace       used 86748K, capacity 88717K, committed 89084K, reserved 1126400K
  class space    used 11215K, capacity 11991K, committed 12108K, reserved 1048576K
}
Event: 26.011 GC heap before
{Heap before GC invocations=22 (full 0):
 garbage-first heap   total 227328K, used 166846K [0x0000000080000000, 0x0000000100000000)
  region size 1024K, 91 young (93184K), 6 survivors (6144K)
 Metaspace       used 89525K, capacity 91497K, committed 91772K, reserved 1128448K
  class space    used 11587K, capacity 12362K, committed 12492K, reserved 1048576K
}
Event: 26.033 GC heap after
{Heap after GC invocations=23 (full 0):
 garbage-first heap   total 227328K, used 84779K [0x0000000080000000, 0x0000000100000000)
  region size 1024K, 10 young (10240K), 10 survivors (10240K)
 Metaspace       used 89525K, capacity 91497K, committed 91772K, reserved 1128448K
  class space    used 11587K, capacity 12362K, committed 12492K, reserved 1048576K
}

Deoptimization events (20 events):
Event: 26.884 Thread 0x000001e01f7f3000 Uncommon trap: trap_request=0xffffff7e fr.pc=0x000001e00fe279bc relative=0x0000000000000afc
Event: 26.884 Thread 0x000001e01f7f3000 Uncommon trap: reason=predicate action=maybe_recompile pc=0x000001e00fe279bc method=com.google.common.collect.RegularImmutableMap.fromEntryArray(I[Ljava/util/Map$Entry;)Lcom/google/common/collect/ImmutableMap; @ 59 c2
Event: 26.884 Thread 0x000001e01f7f3000 DEOPT PACKING pc=0x000001e00fe279bc sp=0x00000024561fd170
Event: 26.884 Thread 0x000001e01f7f3000 DEOPT UNPACKING pc=0x000001e007dda1af sp=0x00000024561fd118 mode 2
Event: 26.920 Thread 0x000001e01f7f3000 Uncommon trap: trap_request=0xffffffc6 fr.pc=0x000001e00fd5b14c relative=0x000000000000092c
Event: 26.920 Thread 0x000001e01f7f3000 Uncommon trap: reason=bimorphic_or_optimized_type_check action=maybe_recompile pc=0x000001e00fd5b14c method=com.google.common.collect.AbstractMapBasedMultimap$WrappedCollection.refreshIfEmpty()V @ 59 c2
Event: 26.920 Thread 0x000001e01f7f3000 DEOPT PACKING pc=0x000001e00fd5b14c sp=0x00000024561fc4e0
Event: 26.920 Thread 0x000001e01f7f3000 DEOPT UNPACKING pc=0x000001e007dda1af sp=0x00000024561fc498 mode 2
Event: 26.978 Thread 0x000001e01f7f3000 Uncommon trap: trap_request=0xffffffc6 fr.pc=0x000001e00fd5b14c relative=0x000000000000092c
Event: 26.978 Thread 0x000001e01f7f3000 Uncommon trap: reason=bimorphic_or_optimized_type_check action=maybe_recompile pc=0x000001e00fd5b14c method=com.google.common.collect.AbstractMapBasedMultimap$WrappedCollection.refreshIfEmpty()V @ 59 c2
Event: 26.978 Thread 0x000001e01f7f3000 DEOPT PACKING pc=0x000001e00fd5b14c sp=0x00000024561fb770
Event: 26.978 Thread 0x000001e01f7f3000 DEOPT UNPACKING pc=0x000001e007dda1af sp=0x00000024561fb728 mode 2
Event: 26.978 Thread 0x000001e01f7f3000 Uncommon trap: trap_request=0xffffffc6 fr.pc=0x000001e00fd5b14c relative=0x000000000000092c
Event: 26.978 Thread 0x000001e01f7f3000 Uncommon trap: reason=bimorphic_or_optimized_type_check action=maybe_recompile pc=0x000001e00fd5b14c method=com.google.common.collect.AbstractMapBasedMultimap$WrappedCollection.refreshIfEmpty()V @ 59 c2
Event: 26.978 Thread 0x000001e01f7f3000 DEOPT PACKING pc=0x000001e00fd5b14c sp=0x00000024561fb730
Event: 26.978 Thread 0x000001e01f7f3000 DEOPT UNPACKING pc=0x000001e007dda1af sp=0x00000024561fb6e8 mode 2
Event: 26.978 Thread 0x000001e01f7f3000 Uncommon trap: trap_request=0xffffffc6 fr.pc=0x000001e00fd5b14c relative=0x000000000000092c
Event: 26.978 Thread 0x000001e01f7f3000 Uncommon trap: reason=bimorphic_or_optimized_type_check action=maybe_recompile pc=0x000001e00fd5b14c method=com.google.common.collect.AbstractMapBasedMultimap$WrappedCollection.refreshIfEmpty()V @ 59 c2
Event: 26.978 Thread 0x000001e01f7f3000 DEOPT PACKING pc=0x000001e00fd5b14c sp=0x00000024561fb760
Event: 26.978 Thread 0x000001e01f7f3000 DEOPT UNPACKING pc=0x000001e007dda1af sp=0x00000024561fb718 mode 2

Classes redefined (0 events):
No events

Internal exceptions (20 events):
Event: 20.715 Thread 0x000001e0240f4800 Exception <a 'java/lang/NoSuchMethodError'{0x0000000088320088}: <clinit>> (0x0000000088320088) thrown at [./src/hotspot/share/prims/jni.cpp, line 1366]
Event: 20.718 Thread 0x000001e0240f4800 Exception <a 'java/lang/NoSuchMethodError'{0x000000008832a8c8}: 'void java.lang.invoke.DirectMethodHandle$Holder.invokeSpecial(java.lang.Object, java.lang.Object, java.lang.Object, int)'> (0x000000008832a8c8) thrown at [./src/hotspot/share/interpreter/linkResolver.cpp, line 773]
Event: 20.728 Thread 0x000001e01f7ef800 Exception <a 'java/lang/NoSuchMethodError'{0x0000000088373f38}: 'int java.lang.invoke.DirectMethodHandle$Holder.invokeSpecial(java.lang.Object, java.lang.Object, java.lang.Object, java.lang.Object, java.lang.Object)'> (0x0000000088373f38) thrown at [./src/hotspot/share/interpreter/linkResolver.cpp, line 773]
Event: 22.176 Thread 0x000001e01f7ef800 Exception <a 'java/lang/NoSuchMethodError'{0x0000000087811a00}: 'void java.lang.invoke.DirectMethodHandle$Holder.invokeStatic(java.lang.Object, java.lang.Object, java.lang.Object, java.lang.Object, int, java.lang.Object, java.lang.Object)'> (0x0000000087811a00) thrown at [./src/hotspot/share/interpreter/linkResolver.cpp, line 773]
Event: 22.214 Thread 0x000001e01ecdb800 Exception <a 'java/lang/NoSuchMethodError'{0x00000000874bce08}: 'java.lang.Object java.lang.invoke.DirectMethodHandle$Holder.invokeSpecialIFC(java.lang.Object, java.lang.Object, java.lang.Object)'> (0x00000000874bce08) thrown at [./src/hotspot/share/interpreter/linkResolver.cpp, line 773]
Event: 22.214 Thread 0x000001e01f7ef800 Exception <a 'java/lang/NoSuchMethodError'{0x00000000874538c0}: 'java.lang.Object java.lang.invoke.DirectMethodHandle$Holder.invokeSpecialIFC(java.lang.Object, java.lang.Object, java.lang.Object)'> (0x00000000874538c0) thrown at [./src/hotspot/share/interpreter/linkResolver.cpp, line 773]
Event: 22.214 Thread 0x000001e01ecdc800 Exception <a 'java/lang/NoSuchMethodError'{0x00000000874d8790}: 'java.lang.Object java.lang.invoke.DirectMethodHandle$Holder.invokeSpecialIFC(java.lang.Object, java.lang.Object, java.lang.Object)'> (0x00000000874d8790) thrown at [./src/hotspot/share/interpreter/linkResolver.cpp, line 773]
Event: 22.214 Thread 0x000001e01ecd6000 Exception <a 'java/lang/NoSuchMethodError'{0x00000000874c8a90}: 'java.lang.Object java.lang.invoke.DirectMethodHandle$Holder.invokeSpecialIFC(java.lang.Object, java.lang.Object, java.lang.Object)'> (0x00000000874c8a90) thrown at [./src/hotspot/share/interpreter/linkResolver.cpp, line 773]
Event: 23.072 Thread 0x000001e01ecdc800 Implicit null exception at 0x000001e00fddff5b to 0x000001e00fddffec
Event: 23.072 Thread 0x000001e01ecd6000 Implicit null exception at 0x000001e00fddff5b to 0x000001e00fddffec
Event: 23.096 Thread 0x000001e01f7ef800 Implicit null exception at 0x000001e00fde1840 to 0x000001e00fde21d8
Event: 23.862 Thread 0x000001e0221dc800 Implicit null exception at 0x000001e00fe21924 to 0x000001e00fe21ac4
Event: 23.902 Thread 0x000001e01f7ef800 Exception <a 'java/lang/NoSuchMethodError'{0x000000008858cfb0}: 'void java.lang.invoke.DirectMethodHandle$Holder.invokeInterface(java.lang.Object, java.lang.Object, java.lang.Object, java.lang.Object)'> (0x000000008858cfb0) thrown at [./src/hotspot/share/interpreter/linkResolver.cpp, line 773]
Event: 25.220 Thread 0x000001e01f7ef800 Exception <a 'java/lang/NoSuchMethodError'{0x000000008c395250}: <clinit>> (0x000000008c395250) thrown at [./src/hotspot/share/prims/jni.cpp, line 1366]
Event: 25.221 Thread 0x000001e01f7ef800 Exception <a 'java/lang/NoSuchMethodError'{0x000000008c396858}: <clinit>> (0x000000008c396858) thrown at [./src/hotspot/share/prims/jni.cpp, line 1366]
Event: 25.221 Thread 0x000001e01f7ef800 Exception <a 'java/lang/NoSuchMethodError'{0x000000008c399458}: <clinit>> (0x000000008c399458) thrown at [./src/hotspot/share/prims/jni.cpp, line 1366]
Event: 25.222 Thread 0x000001e01f7ef800 Exception <a 'java/lang/NoSuchMethodError'{0x000000008c3b0288}: <clinit>> (0x000000008c3b0288) thrown at [./src/hotspot/share/prims/jni.cpp, line 1366]
Event: 25.222 Thread 0x000001e01f7ef800 Exception <a 'java/lang/NoSuchMethodError'{0x000000008c3b14c0}: <clinit>> (0x000000008c3b14c0) thrown at [./src/hotspot/share/prims/jni.cpp, line 1366]
Event: 26.773 Thread 0x000001e01f7f3000 Implicit null exception at 0x000001e00fa126ac to 0x000001e00fa126eb
Event: 26.933 Thread 0x000001e01f7f3000 Exception <a 'java/lang/NoSuchMethodError'{0x000000008a5867a8}: 'void java.lang.invoke.DirectMethodHandle$Holder.invokeVirtual(java.lang.Object, java.lang.Object)'> (0x000000008a5867a8) thrown at [./src/hotspot/share/interpreter/linkResolver.cpp, line 773]

Events (20 events):
Event: 27.004 loading class org/gradle/api/internal/tasks/compile/JavaCompileSpec
Event: 27.004 loading class org/gradle/api/internal/tasks/compile/JavaCompileSpec done
Event: 27.004 loading class org/gradle/api/file/FileTree
Event: 27.004 loading class org/gradle/api/file/FileTree done
Event: 27.005 loading class org/gradle/api/internal/tasks/compile/incremental/recomp/CurrentCompilationAccess
Event: 27.005 loading class org/gradle/api/internal/tasks/compile/incremental/recomp/CurrentCompilationAccess done
Event: 27.005 loading class org/gradle/api/internal/tasks/compile/incremental/recomp/PreviousCompilationAccess
Event: 27.005 loading class org/gradle/api/internal/tasks/compile/incremental/recomp/PreviousCompilationAccess done
Event: 27.006 loading class org/gradle/api/internal/tasks/compile/incremental/SelectiveCompiler
Event: 27.006 loading class org/gradle/api/internal/tasks/compile/incremental/SelectiveCompiler done
Event: 27.007 loading class org/gradle/api/internal/tasks/compile/incremental/IncrementalResultStoringCompiler
Event: 27.007 loading class org/gradle/api/internal/tasks/compile/incremental/IncrementalResultStoringCompiler done
Event: 27.008 loading class org/gradle/api/internal/tasks/compile/CompileJavaBuildOperationReportingCompiler
Event: 27.008 loading class org/gradle/api/internal/tasks/compile/CompileJavaBuildOperationReportingCompiler done
Event: 27.009 loading class org/gradle/api/internal/tasks/compile/CompileJavaBuildOperationType$Details
Event: 27.009 loading class org/gradle/api/internal/tasks/compile/CompileJavaBuildOperationType$Details done
Event: 27.009 loading class org/gradle/api/internal/tasks/compile/CompileJavaBuildOperationReportingCompiler$1
Event: 27.009 loading class org/gradle/api/internal/tasks/compile/CompileJavaBuildOperationReportingCompiler$1 done
Event: 27.009 loading class org/gradle/api/internal/tasks/compile/CompileJavaBuildOperationReportingCompiler$2
Event: 27.009 loading class org/gradle/api/internal/tasks/compile/CompileJavaBuildOperationReportingCompiler$2 done


Dynamic libraries:
0x00007ff6c66b0000 - 0x00007ff6c66ba000 	D:\Program Files\Android\Android Studio\jre\bin\java.exe
0x00007ff937330000 - 0x00007ff937528000 	C:\WINDOWS\SYSTEM32\ntdll.dll
0x00007ff935390000 - 0x00007ff93544d000 	C:\WINDOWS\System32\KERNEL32.DLL
0x00007ff9350b0000 - 0x00007ff935382000 	C:\WINDOWS\System32\KERNELBASE.dll
0x00007ff934f00000 - 0x00007ff935000000 	C:\WINDOWS\System32\ucrtbase.dll
0x00007ff930240000 - 0x00007ff930259000 	D:\Program Files\Android\Android Studio\jre\bin\jli.dll
0x00007ff930580000 - 0x00007ff930597000 	D:\Program Files\Android\Android Studio\jre\bin\VCRUNTIME140.dll
0x00007ff9365a0000 - 0x00007ff93673d000 	C:\WINDOWS\System32\USER32.dll
0x00007ff935080000 - 0x00007ff9350a2000 	C:\WINDOWS\System32\win32u.dll
0x00007ff927bd0000 - 0x00007ff927e6a000 	C:\WINDOWS\WinSxS\amd64_microsoft.windows.common-controls_6595b64144ccf1df_6.0.19041.1110_none_60b5254171f9507e\COMCTL32.dll
0x00007ff936e10000 - 0x00007ff936e3b000 	C:\WINDOWS\System32\GDI32.dll
0x00007ff9364f0000 - 0x00007ff93658e000 	C:\WINDOWS\System32\msvcrt.dll
0x00007ff934c40000 - 0x00007ff934d4f000 	C:\WINDOWS\System32\gdi32full.dll
0x00007ff934a40000 - 0x00007ff934add000 	C:\WINDOWS\System32\msvcp_win.dll
0x00007ff936c70000 - 0x00007ff936ca0000 	C:\WINDOWS\System32\IMM32.DLL
0x00007ff90a690000 - 0x00007ff90a72d000 	D:\Program Files\Android\Android Studio\jre\bin\msvcp140.dll
0x00007ff8fe030000 - 0x00007ff8feb32000 	D:\Program Files\Android\Android Studio\jre\bin\server\jvm.dll
0x00007ff936d00000 - 0x00007ff936dae000 	C:\WINDOWS\System32\ADVAPI32.dll
0x00007ff936ef0000 - 0x00007ff936f8c000 	C:\WINDOWS\System32\sechost.dll
0x00007ff9358d0000 - 0x00007ff9359f5000 	C:\WINDOWS\System32\RPCRT4.dll
0x00007ff936810000 - 0x00007ff936818000 	C:\WINDOWS\System32\PSAPI.DLL
0x00007ff92e010000 - 0x00007ff92e019000 	C:\WINDOWS\SYSTEM32\WSOCK32.dll
0x00007ff929920000 - 0x00007ff929947000 	C:\WINDOWS\SYSTEM32\WINMM.dll
0x00007ff936be0000 - 0x00007ff936c4b000 	C:\WINDOWS\System32\WS2_32.dll
0x00007ff9299d0000 - 0x00007ff9299da000 	C:\WINDOWS\SYSTEM32\VERSION.dll
0x00007ff933600000 - 0x00007ff933612000 	C:\WINDOWS\SYSTEM32\kernel.appcore.dll
0x00007ff91fa70000 - 0x00007ff91fa81000 	D:\Program Files\Android\Android Studio\jre\bin\verify.dll
0x00007ff932800000 - 0x00007ff9329e4000 	C:\WINDOWS\SYSTEM32\DBGHELP.DLL
0x00007ff924280000 - 0x00007ff9242ac000 	C:\WINDOWS\SYSTEM32\dbgcore.DLL
0x00007ff934e70000 - 0x00007ff934ef2000 	C:\WINDOWS\System32\bcryptPrimitives.dll
0x00007ff91a120000 - 0x00007ff91a149000 	D:\Program Files\Android\Android Studio\jre\bin\java.dll
0x00007ff92b090000 - 0x00007ff92b09b000 	D:\Program Files\Android\Android Studio\jre\bin\jimage.dll
0x00007ff91dc60000 - 0x00007ff91dc78000 	D:\Program Files\Android\Android Studio\jre\bin\zip.dll
0x00007ff935b10000 - 0x00007ff936253000 	C:\WINDOWS\System32\SHELL32.dll
0x00007ff9329f0000 - 0x00007ff933181000 	C:\WINDOWS\SYSTEM32\windows.storage.dll
0x00007ff936f90000 - 0x00007ff9372e4000 	C:\WINDOWS\System32\combase.dll
0x00007ff9344a0000 - 0x00007ff9344d0000 	C:\WINDOWS\SYSTEM32\Wldp.dll
0x00007ff936e40000 - 0x00007ff936eed000 	C:\WINDOWS\System32\SHCORE.dll
0x00007ff936820000 - 0x00007ff936875000 	C:\WINDOWS\System32\shlwapi.dll
0x00007ff934980000 - 0x00007ff93499f000 	C:\WINDOWS\SYSTEM32\profapi.dll
0x00007ff91cc60000 - 0x00007ff91cc7a000 	D:\Program Files\Android\Android Studio\jre\bin\net.dll
0x00007ff928940000 - 0x00007ff928a4d000 	C:\WINDOWS\SYSTEM32\WINHTTP.dll
0x00007ff934200000 - 0x00007ff93426a000 	C:\WINDOWS\system32\mswsock.dll
0x00007ff916d00000 - 0x00007ff916d14000 	D:\Program Files\Android\Android Studio\jre\bin\nio.dll
0x00007ff917de0000 - 0x00007ff917e07000 	C:\Users\User\.gradle\native\e1d6ef7f7dcc3fd88c89a11ec53ec762bb8ba0a96d01ffa2cd45eb1d1d8dd5c5\windows-amd64\native-platform.dll
0x00007ff8fefc0000 - 0x00007ff8ff104000 	C:\Users\User\.gradle\native\0d407fdbe67a94daf76414ababcb853783967236a71b16ec16e742cd7a986fd3\windows-amd64\native-platform-file-events.dll
0x00007ff91da70000 - 0x00007ff91da7a000 	D:\Program Files\Android\Android Studio\jre\bin\management.dll
0x00007ff91a110000 - 0x00007ff91a11d000 	D:\Program Files\Android\Android Studio\jre\bin\management_ext.dll
0x00007ff934400000 - 0x00007ff934418000 	C:\WINDOWS\SYSTEM32\CRYPTSP.dll
0x00007ff933ab0000 - 0x00007ff933ae4000 	C:\WINDOWS\system32\rsaenh.dll
0x00007ff935050000 - 0x00007ff935077000 	C:\WINDOWS\System32\bcrypt.dll
0x00007ff934940000 - 0x00007ff93496e000 	C:\WINDOWS\SYSTEM32\USERENV.dll
0x00007ff9343f0000 - 0x00007ff9343fc000 	C:\WINDOWS\SYSTEM32\CRYPTBASE.dll
0x00007ff933ea0000 - 0x00007ff933edb000 	C:\WINDOWS\SYSTEM32\IPHLPAPI.DLL
0x00007ff935450000 - 0x00007ff935458000 	C:\WINDOWS\System32\NSI.dll
0x00007ff92b2b0000 - 0x00007ff92b2c7000 	C:\WINDOWS\SYSTEM32\dhcpcsvc6.DLL
0x00007ff92b290000 - 0x00007ff92b2ad000 	C:\WINDOWS\SYSTEM32\dhcpcsvc.DLL
0x00007ff933ef0000 - 0x00007ff933fba000 	C:\WINDOWS\SYSTEM32\DNSAPI.dll

dbghelp: loaded successfully - version: 4.0.5 - missing functions: none
symbol engine: initialized successfully - sym options: 0x614 - pdb path: .;D:\Program Files\Android\Android Studio\jre\bin;C:\WINDOWS\SYSTEM32;C:\WINDOWS\WinSxS\amd64_microsoft.windows.common-controls_6595b64144ccf1df_6.0.19041.1110_none_60b5254171f9507e;D:\Program Files\Android\Android Studio\jre\bin\server;C:\Users\User\.gradle\native\e1d6ef7f7dcc3fd88c89a11ec53ec762bb8ba0a96d01ffa2cd45eb1d1d8dd5c5\windows-amd64;C:\Users\User\.gradle\native\0d407fdbe67a94daf76414ababcb853783967236a71b16ec16e742cd7a986fd3\windows-amd64

VM Arguments:
jvm_args: --add-opens=java.base/java.util=ALL-UNNAMED --add-opens=java.base/java.lang=ALL-UNNAMED --add-opens=java.base/java.lang.invoke=ALL-UNNAMED --add-opens=java.base/java.util=ALL-UNNAMED --add-opens=java.prefs/java.util.prefs=ALL-UNNAMED --add-opens=java.prefs/java.util.prefs=ALL-UNNAMED --add-opens=java.base/java.nio.charset=ALL-UNNAMED --add-opens=java.base/java.net=ALL-UNNAMED --add-opens=java.base/java.util.concurrent.atomic=ALL-UNNAMED -Xmx2048m -Dfile.encoding=UTF-8 -Duser.country=RU -Duser.language=ru -Duser.variant 
java_command: org.gradle.launcher.daemon.bootstrap.GradleDaemon 7.4
java_class_path (initial): C:\Users\User\.gradle\wrapper\dists\gradle-7.4-bin\c0gwcg53nkjbqw7r0h0umtfvt\gradle-7.4\lib\gradle-launcher-7.4.jar
Launcher Type: SUN_STANDARD

[Global flags]
     intx CICompilerCount                          = 3                                         {product} {ergonomic}
     uint ConcGCThreads                            = 1                                         {product} {ergonomic}
     uint G1ConcRefinementThreads                  = 4                                         {product} {ergonomic}
   size_t G1HeapRegionSize                         = 1048576                                   {product} {ergonomic}
    uintx GCDrainStackTargetSize                   = 64                                        {product} {ergonomic}
   size_t InitialHeapSize                          = 134217728                                 {product} {ergonomic}
   size_t MarkStackSize                            = 4194304                                   {product} {ergonomic}
   size_t MaxHeapSize                              = 2147483648                                {product} {command line}
   size_t MaxNewSize                               = 1287651328                                {product} {ergonomic}
   size_t MinHeapDeltaBytes                        = 1048576                                   {product} {ergonomic}
    uintx NonNMethodCodeHeapSize                   = 5830732                                {pd product} {ergonomic}
    uintx NonProfiledCodeHeapSize                  = 122913754                              {pd product} {ergonomic}
    uintx ProfiledCodeHeapSize                     = 122913754                              {pd product} {ergonomic}
    uintx ReservedCodeCacheSize                    = 251658240                              {pd product} {ergonomic}
     bool SegmentedCodeCache                       = true                                      {product} {ergonomic}
     bool UseCompressedClassPointers               = true                                 {lp64_product} {ergonomic}
     bool UseCompressedOops                        = true                                 {lp64_product} {ergonomic}
     bool UseG1GC                                  = true                                      {product} {ergonomic}
     bool UseLargePagesIndividualAllocation        = false                                  {pd product} {ergonomic}

Logging:
Log output configuration:
 #0: stdout all=warning uptime,level,tags
 #1: stderr all=off uptime,level,tags

Environment Variables:
PATH=C:\WINDOWS\system32;C:\WINDOWS;C:\WINDOWS\System32\Wbem;C:\WINDOWS\System32\WindowsPowerShell\v1.0\;C:\WINDOWS\System32\OpenSSH\;C:\Program Files\Git\cmd;C:\Users\User\AppData\Local\Microsoft\WindowsApps;;C:\Program Files\JetBrains\IntelliJ IDEA Community Edition 2022.2.3\bin;
USERNAME=User
OS=Windows_NT
PROCESSOR_IDENTIFIER=Intel64 Family 6 Model 69 Stepping 1, GenuineIntel



---------------  S Y S T E M  ---------------

OS: Windows 10 , 64 bit Build 19041 (10.0.19041.1889)
OS uptime: 0 days 5:02 hours

CPU:total 4 (initial active 4) (2 cores per cpu, 2 threads per core) family 6 model 69 stepping 1 microcode 0x25, cmov, cx8, fxsr, mmx, sse, sse2, sse3, ssse3, sse4.1, sse4.2, popcnt, avx, avx2, aes, clmul, erms, lzcnt, ht, tsc, tscinvbit, bmi1, bmi2, fma

Memory: 4k page, system-wide physical 8075M (472M free)
TotalPageFile size 10123M (AvailPageFile size 5M)
current process WorkingSet (physical memory assigned to process): 488M, peak: 489M
current process commit charge ("private bytes"): 519M, peak: 519M

vm_info: OpenJDK 64-Bit Server VM (11.0.13+0-b1751.21-8125866) for windows-amd64 JRE (11.0.13+0-b1751.21-8125866), built on Feb  2 2022 03:00:22 by "builder" with MS VC++ 14.0 (VS2015)

END.
