#
# There is insufficient memory for the Java Runtime Environment to continue.
# Native memory allocation (malloc) failed to allocate 262160 bytes for Chunk::new
# Possible reasons:
#   The system is out of physical RAM or swap space
#   The process is running with CompressedOops enabled, and the Java Heap may be blocking the growth of the native heap
# Possible solutions:
#   Reduce memory load on the system
#   Increase physical memory or swap space
#   Check if swap backing store is full
#   Decrease Java heap size (-Xmx/-Xms)
#   Decrease number of Java threads
#   Decrease Java thread stack sizes (-Xss)
#   Set larger code cache with -XX:ReservedCodeCacheSize=
#   JVM is running with Unscaled Compressed Oops mode in which the Java heap is
#     placed in the first 4GB address space. The Java Heap base address is the
#     maximum limit for the native heap growth. Please use -XX:HeapBaseMinAddress
#     to set the Java Heap base and to place the Java Heap above 4GB virtual address.
# This output file may be truncated or incomplete.
#
#  Out of Memory Error (./src/hotspot/share/memory/arena.cpp:197), pid=8296, tid=6888
#
# JRE version: OpenJDK Runtime Environment (11.0.13) (build 11.0.13+0-b1751.21-8125866)
# Java VM: OpenJDK 64-Bit Server VM (11.0.13+0-b1751.21-8125866, mixed mode, tiered, compressed oops, g1 gc, windows-amd64)
# No core dump will be written. Minidumps are not enabled by default on client versions of Windows
#

---------------  S U M M A R Y ------------

Command Line: --add-opens=java.base/java.util=ALL-UNNAMED --add-opens=java.base/java.lang=ALL-UNNAMED --add-opens=java.base/java.lang.invoke=ALL-UNNAMED --add-opens=java.base/java.util=ALL-UNNAMED --add-opens=java.prefs/java.util.prefs=ALL-UNNAMED --add-opens=java.prefs/java.util.prefs=ALL-UNNAMED --add-opens=java.base/java.nio.charset=ALL-UNNAMED --add-opens=java.base/java.net=ALL-UNNAMED --add-opens=java.base/java.util.concurrent.atomic=ALL-UNNAMED -Xmx2048m -Dfile.encoding=UTF-8 -Duser.country=RU -Duser.language=ru -Duser.variant org.gradle.launcher.daemon.bootstrap.GradleDaemon 7.4

Host: Intel(R) Core(TM) i7-4500U CPU @ 1.80GHz, 4 cores, 7G,  Windows 10 , 64 bit Build 19041 (10.0.19041.1889)
Time: Wed Nov  9 16:42:26 2022 RTZ 4 (зима) elapsed time: 121.291161 seconds (0d 0h 2m 1s)

---------------  T H R E A D  ---------------

Current thread (0x0000029a479c7800):  JavaThread "C2 CompilerThread0" daemon [_thread_in_native, id=6888, stack(0x0000009e6e700000,0x0000009e6e800000)]


Current CompileTask:
C2: 121291 14806       4       org.gradle.api.internal.tasks.compile.incremental.serialization.HierarchicalNameSerializer::readName (51 bytes)

Stack: [0x0000009e6e700000,0x0000009e6e800000]
Native frames: (J=compiled Java code, j=interpreted, Vv=VM code, C=native code)
V  [jvm.dll+0x6100fa]
V  [jvm.dll+0x747090]
V  [jvm.dll+0x7486ad]
V  [jvm.dll+0x748d83]
V  [jvm.dll+0x24ab48]
V  [jvm.dll+0xc04dc]
V  [jvm.dll+0xc0a0c]
V  [jvm.dll+0xc060c]
V  [jvm.dll+0x5eed90]
V  [jvm.dll+0x35b753]
V  [jvm.dll+0x35b295]
V  [jvm.dll+0x35bffe]
V  [jvm.dll+0x2d9f18]
V  [jvm.dll+0x5d6f8b]
V  [jvm.dll+0x10a16c]
V  [jvm.dll+0x33c589]
V  [jvm.dll+0x6315cc]
V  [jvm.dll+0x6307b7]
V  [jvm.dll+0x62b78c]
V  [jvm.dll+0x62524a]
V  [jvm.dll+0x6248b3]
V  [jvm.dll+0x622904]
V  [jvm.dll+0x18b5ac]
V  [jvm.dll+0x2beb9f]
V  [jvm.dll+0x62d4e5]
V  [jvm.dll+0x62524a]
V  [jvm.dll+0x6248b3]
V  [jvm.dll+0x622904]
V  [jvm.dll+0x18b5ac]
V  [jvm.dll+0x2beb9f]
V  [jvm.dll+0x62d4e5]
V  [jvm.dll+0x62524a]
V  [jvm.dll+0x6248b3]
V  [jvm.dll+0x622904]
V  [jvm.dll+0x18b5ac]
V  [jvm.dll+0x18c2f9]
V  [jvm.dll+0x2beb9f]
V  [jvm.dll+0x62d4e5]
V  [jvm.dll+0x62524a]
V  [jvm.dll+0x6248b3]
V  [jvm.dll+0x622904]
V  [jvm.dll+0x18b5ac]
V  [jvm.dll+0x2beb9f]
V  [jvm.dll+0x62d4e5]
V  [jvm.dll+0x62524a]
V  [jvm.dll+0x6248b3]
V  [jvm.dll+0x622904]
V  [jvm.dll+0x18b5ac]
V  [jvm.dll+0x2beb9f]
V  [jvm.dll+0x62d4e5]
V  [jvm.dll+0x62524a]
V  [jvm.dll+0x6248b3]
V  [jvm.dll+0x622904]
V  [jvm.dll+0x18b5ac]
V  [jvm.dll+0x202155]
V  [jvm.dll+0x188e01]
V  [jvm.dll+0x21106b]
V  [jvm.dll+0x20f8c1]
V  [jvm.dll+0x70de0f]
V  [jvm.dll+0x706a75]
V  [jvm.dll+0x60ed66]
C  [ucrtbase.dll+0x21bb2]
C  [KERNEL32.DLL+0x17034]
C  [ntdll.dll+0x526a1]


---------------  P R O C E S S  ---------------

Threads class SMR info:
_java_thread_list=0x0000029a4adb9ad0, length=100, elements={
0x0000029a2be22800, 0x0000029a4799f800, 0x0000029a479a9000, 0x0000029a479bf000,
0x0000029a479c0000, 0x0000029a479c1000, 0x0000029a479c7800, 0x0000029a479ce800,
0x0000029a479d8000, 0x0000029a48489800, 0x0000029a4ad69000, 0x0000029a49895800,
0x0000029a48f6b800, 0x0000029a49928800, 0x0000029a48899800, 0x0000029a48b3b800,
0x0000029a48e36000, 0x0000029a4ad53800, 0x0000029a497a7800, 0x0000029a4a517000,
0x0000029a4a512000, 0x0000029a4a513000, 0x0000029a4a518000, 0x0000029a4a518800,
0x0000029a4a513800, 0x0000029a4a514800, 0x0000029a4a515800, 0x0000029a4a516000,
0x0000029a4ae0c000, 0x0000029a4ae09800, 0x0000029a4ae0f800, 0x0000029a4ae11000,
0x0000029a4ae0d000, 0x0000029a4ae0d800, 0x0000029a4ae14000, 0x0000029a4ae15000,
0x0000029a4ae16800, 0x0000029a4ae17800, 0x0000029a4ae16000, 0x0000029a4ae12000,
0x0000029a4ae18800, 0x0000029a4b485800, 0x0000029a4b486000, 0x0000029a4b484800,
0x0000029a4b480800, 0x0000029a4b487000, 0x0000029a4b481000, 0x0000029a4b487800,
0x0000029a4b482000, 0x0000029a4b488800, 0x0000029a4b483000, 0x0000029a4b489800,
0x0000029a4b483800, 0x0000029a4b48d800, 0x0000029a4b48c800, 0x0000029a4b48e800,
0x0000029a4b48a000, 0x0000029a4b48f000, 0x0000029a4b48b000, 0x0000029a4b48c000,
0x0000029a492be800, 0x0000029a492bd800, 0x0000029a492ba800, 0x0000029a492bf000,
0x0000029a492c0000, 0x0000029a492bc000, 0x0000029a492bc800, 0x0000029a492c1000,
0x0000029a492bb000, 0x0000029a492c1800, 0x0000029a492c7800, 0x0000029a492c8000,
0x0000029a492c3800, 0x0000029a492c2800, 0x0000029a492c4000, 0x0000029a492c9000,
0x0000029a492c5800, 0x0000029a4e283800, 0x0000029a4e27e800, 0x0000029a4e280000,
0x0000029a4e27d800, 0x0000029a4e284800, 0x0000029a4e27f800, 0x0000029a4e282000,
0x0000029a4e291800, 0x0000029a4e293000, 0x0000029a4e290000, 0x0000029a4e294000,
0x0000029a4e28e000, 0x0000029a4e294800, 0x0000029a4e28f000, 0x0000029a4e295800,
0x0000029a4e299800, 0x0000029a4e29b000, 0x0000029a4e29c000, 0x0000029a4e298000,
0x0000029a4e29a800, 0x0000029a4e296800, 0x0000029a4e299000, 0x0000029a4e29d000
}

Java Threads: ( => current thread )
  0x0000029a2be22800 JavaThread "main" [_thread_blocked, id=3160, stack(0x0000009e6db00000,0x0000009e6dc00000)]
  0x0000029a4799f800 JavaThread "Reference Handler" daemon [_thread_blocked, id=5840, stack(0x0000009e6e200000,0x0000009e6e300000)]
  0x0000029a479a9000 JavaThread "Finalizer" daemon [_thread_blocked, id=8316, stack(0x0000009e6e300000,0x0000009e6e400000)]
  0x0000029a479bf000 JavaThread "Signal Dispatcher" daemon [_thread_blocked, id=6052, stack(0x0000009e6e400000,0x0000009e6e500000)]
  0x0000029a479c0000 JavaThread "Attach Listener" daemon [_thread_blocked, id=3216, stack(0x0000009e6e500000,0x0000009e6e600000)]
  0x0000029a479c1000 JavaThread "Service Thread" daemon [_thread_blocked, id=8764, stack(0x0000009e6e600000,0x0000009e6e700000)]
=>0x0000029a479c7800 JavaThread "C2 CompilerThread0" daemon [_thread_in_native, id=6888, stack(0x0000009e6e700000,0x0000009e6e800000)]
  0x0000029a479ce800 JavaThread "C1 CompilerThread0" daemon [_thread_blocked, id=108, stack(0x0000009e6e800000,0x0000009e6e900000)]
  0x0000029a479d8000 JavaThread "Sweeper thread" daemon [_thread_blocked, id=4460, stack(0x0000009e6e900000,0x0000009e6ea00000)]
  0x0000029a48489800 JavaThread "Common-Cleaner" daemon [_thread_blocked, id=3732, stack(0x0000009e6ea00000,0x0000009e6eb00000)]
  0x0000029a4ad69000 JavaThread "Daemon health stats" [_thread_blocked, id=6516, stack(0x0000009e6ef00000,0x0000009e6f000000)]
  0x0000029a49895800 JavaThread "Incoming local TCP Connector on port 59959" [_thread_in_native, id=8656, stack(0x0000009e6ee00000,0x0000009e6ef00000)]
  0x0000029a48f6b800 JavaThread "Daemon periodic checks" [_thread_blocked, id=8872, stack(0x0000009e6f000000,0x0000009e6f100000)]
  0x0000029a49928800 JavaThread "Daemon" [_thread_blocked, id=1320, stack(0x0000009e6f300000,0x0000009e6f400000)]
  0x0000029a48899800 JavaThread "Handler for socket connection from /127.0.0.1:59959 to /127.0.0.1:59960" [_thread_in_native, id=6512, stack(0x0000009e6f400000,0x0000009e6f500000)]
  0x0000029a48b3b800 JavaThread "Cancel handler" [_thread_blocked, id=7128, stack(0x0000009e6f500000,0x0000009e6f600000)]
  0x0000029a48e36000 JavaThread "Daemon worker" [_thread_blocked, id=7508, stack(0x0000009e6f600000,0x0000009e6f700000)]
  0x0000029a4ad53800 JavaThread "Asynchronous log dispatcher for DefaultDaemonConnection: socket connection from /127.0.0.1:59959 to /127.0.0.1:59960" [_thread_blocked, id=2256, stack(0x0000009e6f700000,0x0000009e6f800000)]
  0x0000029a497a7800 JavaThread "Daemon client event forwarder" [_thread_blocked, id=8120, stack(0x0000009e6f900000,0x0000009e6fa00000)]
  0x0000029a4a517000 JavaThread "Cache worker for journal cache (C:\Users\User\.gradle\caches\journal-1)" [_thread_blocked, id=2416, stack(0x0000009e6fa00000,0x0000009e6fb00000)]
  0x0000029a4a512000 JavaThread "File lock request listener" [_thread_in_native, id=1128, stack(0x0000009e6fb00000,0x0000009e6fc00000)]
  0x0000029a4a513000 JavaThread "Cache worker for file hash cache (C:\Users\User\.gradle\caches\7.4\fileHashes)" [_thread_blocked, id=8136, stack(0x0000009e6fc00000,0x0000009e6fd00000)]
  0x0000029a4a518000 JavaThread "File watcher server" daemon [_thread_in_native, id=3496, stack(0x0000009e6fe00000,0x0000009e6ff00000)]
  0x0000029a4a518800 JavaThread "File watcher consumer" daemon [_thread_blocked, id=4464, stack(0x0000009e6ff00000,0x0000009e70000000)]
  0x0000029a4a513800 JavaThread "Cache worker for checksums cache (D:\Users\User\AndroidStudioProjects\practical_work_72\.gradle\7.4\checksums)" [_thread_blocked, id=3916, stack(0x0000009e6fd00000,0x0000009e6fe00000)]
  0x0000029a4a514800 JavaThread "Cache worker for cache directory md-rule (C:\Users\User\.gradle\caches\7.4\md-rule)" [_thread_blocked, id=240, stack(0x0000009e70000000,0x0000009e70100000)]
  0x0000029a4a515800 JavaThread "Cache worker for file hash cache (D:\Users\User\AndroidStudioProjects\practical_work_72\.gradle\7.4\fileHashes)" [_thread_blocked, id=8592, stack(0x0000009e70200000,0x0000009e70300000)]
  0x0000029a4a516000 JavaThread "Cache worker for cache directory md-supplier (C:\Users\User\.gradle\caches\7.4\md-supplier)" [_thread_blocked, id=6056, stack(0x0000009e70300000,0x0000009e70400000)]
  0x0000029a4ae0c000 JavaThread "Cache worker for execution history cache (C:\Users\User\.gradle\caches\7.4\executionHistory)" [_thread_blocked, id=7640, stack(0x0000009e70400000,0x0000009e70500000)]
  0x0000029a4ae09800 JavaThread "jar transforms" [_thread_blocked, id=7020, stack(0x0000009e70500000,0x0000009e70600000)]
  0x0000029a4ae0f800 JavaThread "Cache worker for file content cache (C:\Users\User\.gradle\caches\7.4\fileContent)" [_thread_blocked, id=6396, stack(0x0000009e70600000,0x0000009e70700000)]
  0x0000029a4ae11000 JavaThread "jar transforms Thread 2" [_thread_blocked, id=7528, stack(0x0000009e70700000,0x0000009e70800000)]
  0x0000029a4ae0d000 JavaThread "Cache worker for dependencies-accessors (D:\Users\User\AndroidStudioProjects\practical_work_72\.gradle\7.4\dependencies-accessors)" [_thread_blocked, id=4296, stack(0x0000009e70800000,0x0000009e70900000)]
  0x0000029a4ae0d800 JavaThread "jar transforms Thread 3" [_thread_blocked, id=3800, stack(0x0000009e70900000,0x0000009e70a00000)]
  0x0000029a4ae14000 JavaThread "Cache worker for Build Output Cleanup Cache (D:\Users\User\AndroidStudioProjects\practical_work_72\.gradle\buildOutputCleanup)" [_thread_blocked, id=8084, stack(0x0000009e70a00000,0x0000009e70b00000)]
  0x0000029a4ae15000 JavaThread "Unconstrained build operations" [_thread_blocked, id=1296, stack(0x0000009e70100000,0x0000009e70200000)]
  0x0000029a4ae16800 JavaThread "Unconstrained build operations Thread 2" [_thread_blocked, id=8320, stack(0x0000009e70b00000,0x0000009e70c00000)]
  0x0000029a4ae17800 JavaThread "Unconstrained build operations Thread 3" [_thread_blocked, id=4548, stack(0x0000009e70c00000,0x0000009e70d00000)]
  0x0000029a4ae16000 JavaThread "Unconstrained build operations Thread 4" [_thread_blocked, id=8588, stack(0x0000009e70d00000,0x0000009e70e00000)]
  0x0000029a4ae12000 JavaThread "Unconstrained build operations Thread 5" [_thread_blocked, id=3676, stack(0x0000009e70e00000,0x0000009e70f00000)]
  0x0000029a4ae18800 JavaThread "Unconstrained build operations Thread 6" [_thread_blocked, id=5852, stack(0x0000009e70f00000,0x0000009e71000000)]
  0x0000029a4b485800 JavaThread "Unconstrained build operations Thread 7" [_thread_blocked, id=8552, stack(0x0000009e71000000,0x0000009e71100000)]
  0x0000029a4b486000 JavaThread "Unconstrained build operations Thread 8" [_thread_blocked, id=6996, stack(0x0000009e71100000,0x0000009e71200000)]
  0x0000029a4b484800 JavaThread "Unconstrained build operations Thread 9" [_thread_blocked, id=9032, stack(0x0000009e71200000,0x0000009e71300000)]
  0x0000029a4b480800 JavaThread "Unconstrained build operations Thread 10" [_thread_blocked, id=4812, stack(0x0000009e71300000,0x0000009e71400000)]
  0x0000029a4b487000 JavaThread "Unconstrained build operations Thread 11" [_thread_blocked, id=2284, stack(0x0000009e71400000,0x0000009e71500000)]
  0x0000029a4b481000 JavaThread "Unconstrained build operations Thread 12" [_thread_blocked, id=1908, stack(0x0000009e71500000,0x0000009e71600000)]
  0x0000029a4b487800 JavaThread "Unconstrained build operations Thread 13" [_thread_blocked, id=6612, stack(0x0000009e71600000,0x0000009e71700000)]
  0x0000029a4b482000 JavaThread "Unconstrained build operations Thread 14" [_thread_blocked, id=7848, stack(0x0000009e71700000,0x0000009e71800000)]
  0x0000029a4b488800 JavaThread "Unconstrained build operations Thread 15" [_thread_blocked, id=7760, stack(0x0000009e71800000,0x0000009e71900000)]
  0x0000029a4b483000 JavaThread "Unconstrained build operations Thread 16" [_thread_blocked, id=7844, stack(0x0000009e71900000,0x0000009e71a00000)]
  0x0000029a4b489800 JavaThread "Unconstrained build operations Thread 17" [_thread_blocked, id=2904, stack(0x0000009e71a00000,0x0000009e71b00000)]
  0x0000029a4b483800 JavaThread "Unconstrained build operations Thread 18" [_thread_blocked, id=7628, stack(0x0000009e71b00000,0x0000009e71c00000)]
  0x0000029a4b48d800 JavaThread "Unconstrained build operations Thread 19" [_thread_blocked, id=6700, stack(0x0000009e71c00000,0x0000009e71d00000)]
  0x0000029a4b48c800 JavaThread "Unconstrained build operations Thread 20" [_thread_blocked, id=6260, stack(0x0000009e71d00000,0x0000009e71e00000)]
  0x0000029a4b48e800 JavaThread "Unconstrained build operations Thread 21" [_thread_blocked, id=6276, stack(0x0000009e71e00000,0x0000009e71f00000)]
  0x0000029a4b48a000 JavaThread "Unconstrained build operations Thread 22" [_thread_blocked, id=3180, stack(0x0000009e71f00000,0x0000009e72000000)]
  0x0000029a4b48f000 JavaThread "Unconstrained build operations Thread 23" [_thread_blocked, id=1680, stack(0x0000009e72000000,0x0000009e72100000)]
  0x0000029a4b48b000 JavaThread "Unconstrained build operations Thread 24" [_thread_blocked, id=2096, stack(0x0000009e72100000,0x0000009e72200000)]
  0x0000029a4b48c000 JavaThread "Unconstrained build operations Thread 25" [_thread_blocked, id=9180, stack(0x0000009e72200000,0x0000009e72300000)]
  0x0000029a492be800 JavaThread "Unconstrained build operations Thread 26" [_thread_blocked, id=9064, stack(0x0000009e72300000,0x0000009e72400000)]
  0x0000029a492bd800 JavaThread "Unconstrained build operations Thread 27" [_thread_blocked, id=2020, stack(0x0000009e72400000,0x0000009e72500000)]
  0x0000029a492ba800 JavaThread "Unconstrained build operations Thread 28" [_thread_blocked, id=3740, stack(0x0000009e72500000,0x0000009e72600000)]
  0x0000029a492bf000 JavaThread "Unconstrained build operations Thread 29" [_thread_blocked, id=6092, stack(0x0000009e72600000,0x0000009e72700000)]
  0x0000029a492c0000 JavaThread "Unconstrained build operations Thread 30" [_thread_blocked, id=6720, stack(0x0000009e72700000,0x0000009e72800000)]
  0x0000029a492bc000 JavaThread "Unconstrained build operations Thread 31" [_thread_blocked, id=7456, stack(0x0000009e72800000,0x0000009e72900000)]
  0x0000029a492bc800 JavaThread "Unconstrained build operations Thread 32" [_thread_blocked, id=1628, stack(0x0000009e72900000,0x0000009e72a00000)]
  0x0000029a492c1000 JavaThread "Unconstrained build operations Thread 33" [_thread_blocked, id=4636, stack(0x0000009e72a00000,0x0000009e72b00000)]
  0x0000029a492bb000 JavaThread "Unconstrained build operations Thread 34" [_thread_blocked, id=2208, stack(0x0000009e72b00000,0x0000009e72c00000)]
  0x0000029a492c1800 JavaThread "Unconstrained build operations Thread 35" [_thread_blocked, id=8420, stack(0x0000009e72c00000,0x0000009e72d00000)]
  0x0000029a492c7800 JavaThread "Unconstrained build operations Thread 36" [_thread_blocked, id=8496, stack(0x0000009e72d00000,0x0000009e72e00000)]
  0x0000029a492c8000 JavaThread "Unconstrained build operations Thread 37" [_thread_blocked, id=7036, stack(0x0000009e72e00000,0x0000009e72f00000)]
  0x0000029a492c3800 JavaThread "Unconstrained build operations Thread 38" [_thread_blocked, id=6496, stack(0x0000009e72f00000,0x0000009e73000000)]
  0x0000029a492c2800 JavaThread "Unconstrained build operations Thread 39" [_thread_blocked, id=8836, stack(0x0000009e73000000,0x0000009e73100000)]
  0x0000029a492c4000 JavaThread "Unconstrained build operations Thread 40" [_thread_blocked, id=8860, stack(0x0000009e73100000,0x0000009e73200000)]
  0x0000029a492c9000 JavaThread "jar transforms Thread 4" [_thread_blocked, id=7108, stack(0x0000009e73300000,0x0000009e73400000)]
  0x0000029a492c5800 JavaThread "Memory manager" [_thread_blocked, id=6132, stack(0x0000009e73400000,0x0000009e73500000)]
  0x0000029a4e283800 JavaThread "build event listener" [_thread_blocked, id=1512, stack(0x0000009e73500000,0x0000009e73600000)]
  0x0000029a4e27e800 JavaThread "included builds" [_thread_blocked, id=7548, stack(0x0000009e73600000,0x0000009e73700000)]
  0x0000029a4e280000 JavaThread "Execution worker for ':'" [_thread_blocked, id=4228, stack(0x0000009e73700000,0x0000009e73800000)]
  0x0000029a4e27d800 JavaThread "Execution worker for ':' Thread 2" [_thread_blocked, id=6200, stack(0x0000009e73800000,0x0000009e73900000)]
  0x0000029a4e284800 JavaThread "Execution worker for ':' Thread 3" [_thread_blocked, id=6032, stack(0x0000009e73900000,0x0000009e73a00000)]
  0x0000029a4e27f800 JavaThread "Cache worker for execution history cache (D:\Users\User\AndroidStudioProjects\practical_work_72\.gradle\7.4\executionHistory)" [_thread_blocked, id=2216, stack(0x0000009e73a00000,0x0000009e73b00000)]
  0x0000029a4e282000 JavaThread "WorkerExecutor Queue" [_thread_blocked, id=8340, stack(0x0000009e73d00000,0x0000009e73e00000)]
  0x0000029a4e291800 JavaThread "WorkerExecutor Queue Thread 2" [_thread_blocked, id=7968, stack(0x0000009e73e00000,0x0000009e73f00000)]
  0x0000029a4e293000 JavaThread "WorkerExecutor Queue Thread 3" [_thread_blocked, id=8884, stack(0x0000009e73f00000,0x0000009e74000000)]
  0x0000029a4e290000 JavaThread "WorkerExecutor Queue Thread 4" [_thread_blocked, id=3924, stack(0x0000009e74000000,0x0000009e74100000)]
  0x0000029a4e294000 JavaThread "pool-3-thread-1" [_thread_blocked, id=9036, stack(0x0000009e74100000,0x0000009e74200000)]
  0x0000029a4e28e000 JavaThread "stderr" [_thread_in_native, id=2220, stack(0x0000009e73c00000,0x0000009e73d00000)]
  0x0000029a4e294800 JavaThread "stdout" [_thread_in_native, id=720, stack(0x0000009e74200000,0x0000009e74300000)]
  0x0000029a4e28f000 JavaThread "RMI Scheduler(0)" daemon [_thread_blocked, id=5412, stack(0x0000009e6d800000,0x0000009e6d900000)]
  0x0000029a4e295800 JavaThread "RMI GC Daemon" daemon [_thread_blocked, id=2336, stack(0x0000009e6da00000,0x0000009e6db00000)]
  0x0000029a4e299800 JavaThread "RMI TCP Accept-0" daemon [_thread_in_native, id=2212, stack(0x0000009e6f800000,0x0000009e6f900000)]
  0x0000029a4e29b000 JavaThread "RMI Reaper" [_thread_blocked, id=6488, stack(0x0000009e74300000,0x0000009e74400000)]
  0x0000029a4e29c000 JavaThread "RMI TCP Connection(2)-127.0.0.1" daemon [_thread_in_native, id=9052, stack(0x0000009e74400000,0x0000009e74500000)]
  0x0000029a4e298000 JavaThread "Cache worker for Java compile cache (C:\Users\User\.gradle\caches\7.4\javaCompile)" [_thread_in_native, id=7388, stack(0x0000009e6d900000,0x0000009e6da00000)]
  0x0000029a4e29a800 JavaThread "Build operations" [_thread_blocked, id=8844, stack(0x0000009e74500000,0x0000009e74600000)]
  0x0000029a4e296800 JavaThread "Build operations Thread 2" [_thread_blocked, id=676, stack(0x0000009e74600000,0x0000009e74700000)]
  0x0000029a4e299000 JavaThread "Build operations Thread 3" [_thread_blocked, id=9016, stack(0x0000009e74700000,0x0000009e74800000)]
  0x0000029a4e29d000 JavaThread "Build operations Thread 4" [_thread_blocked, id=2696, stack(0x0000009e74800000,0x0000009e74900000)]

Other Threads:
  0x0000029a4799d800 VMThread "VM Thread" [stack: 0x0000009e6e100000,0x0000009e6e200000] [id=5528]
  0x0000029a484d3000 WatcherThread [stack: 0x0000009e6eb00000,0x0000009e6ec00000] [id=8100]
  0x0000029a2bcfc800 GCTaskThread "GC Thread#0" [stack: 0x0000009e6dc00000,0x0000009e6dd00000] [id=8796]
  0x0000029a48595000 GCTaskThread "GC Thread#1" [stack: 0x0000009e6ec00000,0x0000009e6ed00000] [id=4752]
  0x0000029a48899000 GCTaskThread "GC Thread#2" [stack: 0x0000009e6ed00000,0x0000009e6ee00000] [id=8688]
  0x0000029a4b1bb800 GCTaskThread "GC Thread#3" [stack: 0x0000009e6f100000,0x0000009e6f200000] [id=7632]
  0x0000029a2be67000 ConcurrentGCThread "G1 Main Marker" [stack: 0x0000009e6dd00000,0x0000009e6de00000] [id=832]
  0x0000029a2be69000 ConcurrentGCThread "G1 Conc#0" [stack: 0x0000009e6de00000,0x0000009e6df00000] [id=7664]
  0x0000029a2bef6800 ConcurrentGCThread "G1 Refine#0" [stack: 0x0000009e6df00000,0x0000009e6e000000] [id=4256]
  0x0000029a48f52800 ConcurrentGCThread "G1 Refine#1" [stack: 0x0000009e6f200000,0x0000009e6f300000] [id=3648]
  0x0000029a2bef7800 ConcurrentGCThread "G1 Young RemSet Sampling" [stack: 0x0000009e6e000000,0x0000009e6e100000] [id=8224]

Threads with active compile tasks:
C2 CompilerThread0 121949 14806       4       org.gradle.api.internal.tasks.compile.incremental.serialization.HierarchicalNameSerializer::readName (51 bytes)

VM state:not at safepoint (normal execution)

VM Mutex/Monitor currently owned by a thread: None

Heap address: 0x0000000080000000, size: 2048 MB, Compressed Oops mode: 32-bit
Narrow klass base: 0x0000000000000000, Narrow klass shift: 3
Compressed class space size: 1073741824 Address: 0x0000000100000000

Heap:
 garbage-first heap   total 189440K, used 140067K [0x0000000080000000, 0x0000000100000000)
  region size 1024K, 40 young (40960K), 6 survivors (6144K)
 Metaspace       used 109852K, capacity 112380K, committed 112720K, reserved 1146880K
  class space    used 13727K, capacity 14634K, committed 14752K, reserved 1048576K
Heap Regions: E=young(eden), S=young(survivor), O=old, HS=humongous(starts), HC=humongous(continues), CS=collection set, F=free, A=archive, TAMS=top-at-mark-start (previous, next)
|   0|0x0000000080000000, 0x0000000080100000, 0x0000000080100000|100%|HS|  |TAMS 0x0000000080100000, 0x0000000080000000| Complete 
|   1|0x0000000080100000, 0x0000000080200000, 0x0000000080200000|100%|HC|  |TAMS 0x0000000080200000, 0x0000000080100000| Complete 
|   2|0x0000000080200000, 0x0000000080300000, 0x0000000080300000|100%|HC|  |TAMS 0x0000000080300000, 0x0000000080200000| Complete 
|   3|0x0000000080300000, 0x0000000080400000, 0x0000000080400000|100%| O|  |TAMS 0x0000000080400000, 0x0000000080300000| Untracked 
|   4|0x0000000080400000, 0x0000000080500000, 0x0000000080500000|100%| O|  |TAMS 0x0000000080500000, 0x0000000080400000| Untracked 
|   5|0x0000000080500000, 0x0000000080600000, 0x0000000080600000|100%| O|  |TAMS 0x0000000080600000, 0x0000000080500000| Untracked 
|   6|0x0000000080600000, 0x0000000080700000, 0x0000000080700000|100%| O|  |TAMS 0x0000000080700000, 0x0000000080600000| Untracked 
|   7|0x0000000080700000, 0x0000000080800000, 0x0000000080800000|100%| O|  |TAMS 0x0000000080800000, 0x0000000080700000| Untracked 
|   8|0x0000000080800000, 0x0000000080900000, 0x0000000080900000|100%| O|  |TAMS 0x0000000080900000, 0x0000000080800000| Untracked 
|   9|0x0000000080900000, 0x0000000080a00000, 0x0000000080a00000|100%| O|  |TAMS 0x0000000080a00000, 0x0000000080900000| Untracked 
|  10|0x0000000080a00000, 0x0000000080b00000, 0x0000000080b00000|100%| O|  |TAMS 0x0000000080b00000, 0x0000000080a00000| Untracked 
|  11|0x0000000080b00000, 0x0000000080c00000, 0x0000000080c00000|100%| O|  |TAMS 0x0000000080c00000, 0x0000000080b00000| Untracked 
|  12|0x0000000080c00000, 0x0000000080d00000, 0x0000000080d00000|100%| O|  |TAMS 0x0000000080d00000, 0x0000000080c00000| Untracked 
|  13|0x0000000080d00000, 0x0000000080e00000, 0x0000000080e00000|100%| O|  |TAMS 0x0000000080e00000, 0x0000000080d00000| Untracked 
|  14|0x0000000080e00000, 0x0000000080f00000, 0x0000000080f00000|100%| O|  |TAMS 0x0000000080f00000, 0x0000000080e00000| Untracked 
|  15|0x0000000080f00000, 0x0000000081000000, 0x0000000081000000|100%| O|  |TAMS 0x0000000081000000, 0x0000000080f00000| Untracked 
|  16|0x0000000081000000, 0x0000000081100000, 0x0000000081100000|100%| O|  |TAMS 0x0000000081100000, 0x0000000081000000| Untracked 
|  17|0x0000000081100000, 0x0000000081200000, 0x0000000081200000|100%| O|  |TAMS 0x0000000081200000, 0x0000000081100000| Untracked 
|  18|0x0000000081200000, 0x0000000081300000, 0x0000000081300000|100%| O|  |TAMS 0x0000000081300000, 0x0000000081200000| Untracked 
|  19|0x0000000081300000, 0x0000000081400000, 0x0000000081400000|100%| O|  |TAMS 0x0000000081400000, 0x0000000081300000| Untracked 
|  20|0x0000000081400000, 0x0000000081500000, 0x0000000081500000|100%| O|  |TAMS 0x0000000081500000, 0x0000000081400000| Untracked 
|  21|0x0000000081500000, 0x0000000081600000, 0x0000000081600000|100%| O|  |TAMS 0x0000000081600000, 0x0000000081500000| Untracked 
|  22|0x0000000081600000, 0x0000000081700000, 0x0000000081700000|100%| O|  |TAMS 0x0000000081700000, 0x0000000081600000| Untracked 
|  23|0x0000000081700000, 0x0000000081800000, 0x0000000081800000|100%| O|  |TAMS 0x0000000081800000, 0x0000000081700000| Untracked 
|  24|0x0000000081800000, 0x0000000081900000, 0x0000000081900000|100%| O|  |TAMS 0x0000000081900000, 0x0000000081800000| Untracked 
|  25|0x0000000081900000, 0x0000000081a00000, 0x0000000081a00000|100%| O|  |TAMS 0x0000000081a00000, 0x0000000081900000| Untracked 
|  26|0x0000000081a00000, 0x0000000081b00000, 0x0000000081b00000|100%| O|  |TAMS 0x0000000081b00000, 0x0000000081a00000| Untracked 
|  27|0x0000000081b00000, 0x0000000081c00000, 0x0000000081c00000|100%|HS|  |TAMS 0x0000000081c00000, 0x0000000081b00000| Complete 
|  28|0x0000000081c00000, 0x0000000081d00000, 0x0000000081d00000|100%|HS|  |TAMS 0x0000000081d00000, 0x0000000081c00000| Complete 
|  29|0x0000000081d00000, 0x0000000081e00000, 0x0000000081e00000|100%|HS|  |TAMS 0x0000000081e00000, 0x0000000081d00000| Complete 
|  30|0x0000000081e00000, 0x0000000081f00000, 0x0000000081f00000|100%|HS|  |TAMS 0x0000000081f00000, 0x0000000081e00000| Complete 
|  31|0x0000000081f00000, 0x0000000082000000, 0x0000000082000000|100%|HC|  |TAMS 0x0000000082000000, 0x0000000081f00000| Complete 
|  32|0x0000000082000000, 0x0000000082100000, 0x0000000082100000|100%|HC|  |TAMS 0x0000000082100000, 0x0000000082000000| Complete 
|  33|0x0000000082100000, 0x0000000082200000, 0x0000000082200000|100%|HC|  |TAMS 0x0000000082200000, 0x0000000082100000| Complete 
|  34|0x0000000082200000, 0x0000000082300000, 0x0000000082300000|100%| O|  |TAMS 0x0000000082300000, 0x0000000082200000| Untracked 
|  35|0x0000000082300000, 0x0000000082400000, 0x0000000082400000|100%|HS|  |TAMS 0x0000000082400000, 0x0000000082300000| Complete 
|  36|0x0000000082400000, 0x0000000082500000, 0x0000000082500000|100%|HC|  |TAMS 0x0000000082500000, 0x0000000082400000| Complete 
|  37|0x0000000082500000, 0x0000000082600000, 0x0000000082600000|100%| O|  |TAMS 0x0000000082600000, 0x0000000082500000| Untracked 
|  38|0x0000000082600000, 0x0000000082700000, 0x0000000082700000|100%| O|  |TAMS 0x0000000082700000, 0x0000000082600000| Untracked 
|  39|0x0000000082700000, 0x0000000082800000, 0x0000000082800000|100%| O|  |TAMS 0x0000000082800000, 0x0000000082700000| Untracked 
|  40|0x0000000082800000, 0x0000000082900000, 0x0000000082900000|100%| O|  |TAMS 0x0000000082900000, 0x0000000082800000| Untracked 
|  41|0x0000000082900000, 0x0000000082a00000, 0x0000000082a00000|100%| O|  |TAMS 0x0000000082a00000, 0x0000000082900000| Untracked 
|  42|0x0000000082a00000, 0x0000000082b00000, 0x0000000082b00000|100%| O|  |TAMS 0x0000000082b00000, 0x0000000082a00000| Untracked 
|  43|0x0000000082b00000, 0x0000000082c00000, 0x0000000082c00000|100%| O|  |TAMS 0x0000000082c00000, 0x0000000082b00000| Untracked 
|  44|0x0000000082c00000, 0x0000000082d00000, 0x0000000082d00000|100%| O|  |TAMS 0x0000000082d00000, 0x0000000082c00000| Untracked 
|  45|0x0000000082d00000, 0x0000000082e00000, 0x0000000082e00000|100%| O|  |TAMS 0x0000000082e00000, 0x0000000082d00000| Untracked 
|  46|0x0000000082e00000, 0x0000000082f00000, 0x0000000082f00000|100%| O|  |TAMS 0x0000000082f00000, 0x0000000082e00000| Untracked 
|  47|0x0000000082f00000, 0x0000000083000000, 0x0000000083000000|100%| O|  |TAMS 0x0000000083000000, 0x0000000082f00000| Untracked 
|  48|0x0000000083000000, 0x0000000083100000, 0x0000000083100000|100%| O|  |TAMS 0x0000000083100000, 0x0000000083000000| Untracked 
|  49|0x0000000083100000, 0x0000000083200000, 0x0000000083200000|100%| O|  |TAMS 0x0000000083200000, 0x0000000083100000| Untracked 
|  50|0x0000000083200000, 0x0000000083300000, 0x0000000083300000|100%| O|  |TAMS 0x0000000083300000, 0x0000000083200000| Untracked 
|  51|0x0000000083300000, 0x0000000083400000, 0x0000000083400000|100%| O|  |TAMS 0x0000000083400000, 0x0000000083300000| Untracked 
|  52|0x0000000083400000, 0x0000000083500000, 0x0000000083500000|100%| O|  |TAMS 0x0000000083500000, 0x0000000083400000| Untracked 
|  53|0x0000000083500000, 0x0000000083600000, 0x0000000083600000|100%| O|  |TAMS 0x0000000083600000, 0x0000000083500000| Untracked 
|  54|0x0000000083600000, 0x0000000083700000, 0x0000000083700000|100%| O|  |TAMS 0x0000000083700000, 0x0000000083600000| Untracked 
|  55|0x0000000083700000, 0x0000000083800000, 0x0000000083800000|100%| O|  |TAMS 0x0000000083800000, 0x0000000083700000| Untracked 
|  56|0x0000000083800000, 0x0000000083900000, 0x0000000083900000|100%| O|  |TAMS 0x0000000083900000, 0x0000000083800000| Untracked 
|  57|0x0000000083900000, 0x0000000083a00000, 0x0000000083a00000|100%| O|  |TAMS 0x0000000083a00000, 0x0000000083900000| Untracked 
|  58|0x0000000083a00000, 0x0000000083b00000, 0x0000000083b00000|100%| O|  |TAMS 0x0000000083b00000, 0x0000000083a00000| Untracked 
|  59|0x0000000083b00000, 0x0000000083c00000, 0x0000000083c00000|100%| O|  |TAMS 0x0000000083c00000, 0x0000000083b00000| Untracked 
|  60|0x0000000083c00000, 0x0000000083d00000, 0x0000000083d00000|100%| O|  |TAMS 0x0000000083d00000, 0x0000000083c00000| Untracked 
|  61|0x0000000083d00000, 0x0000000083e00000, 0x0000000083e00000|100%| O|  |TAMS 0x0000000083e00000, 0x0000000083d00000| Untracked 
|  62|0x0000000083e00000, 0x0000000083f00000, 0x0000000083f00000|100%| O|  |TAMS 0x0000000083f00000, 0x0000000083e00000| Untracked 
|  63|0x0000000083f00000, 0x0000000084000000, 0x0000000084000000|100%| O|  |TAMS 0x0000000084000000, 0x0000000083f00000| Untracked 
|  64|0x0000000084000000, 0x0000000084100000, 0x0000000084100000|100%| O|  |TAMS 0x0000000084100000, 0x0000000084000000| Untracked 
|  65|0x0000000084100000, 0x0000000084200000, 0x0000000084200000|100%| O|  |TAMS 0x0000000084200000, 0x0000000084100000| Untracked 
|  66|0x0000000084200000, 0x0000000084300000, 0x0000000084300000|100%| O|  |TAMS 0x0000000084300000, 0x0000000084200000| Untracked 
|  67|0x0000000084300000, 0x0000000084400000, 0x0000000084400000|100%| O|  |TAMS 0x0000000084400000, 0x0000000084300000| Untracked 
|  68|0x0000000084400000, 0x0000000084500000, 0x0000000084500000|100%| O|  |TAMS 0x0000000084500000, 0x0000000084400000| Untracked 
|  69|0x0000000084500000, 0x0000000084600000, 0x0000000084600000|100%| O|  |TAMS 0x0000000084600000, 0x0000000084500000| Untracked 
|  70|0x0000000084600000, 0x0000000084700000, 0x0000000084700000|100%| O|  |TAMS 0x0000000084700000, 0x0000000084600000| Untracked 
|  71|0x0000000084700000, 0x0000000084800000, 0x0000000084800000|100%| O|  |TAMS 0x0000000084800000, 0x0000000084700000| Untracked 
|  72|0x0000000084800000, 0x0000000084900000, 0x0000000084900000|100%| O|  |TAMS 0x0000000084900000, 0x0000000084800000| Untracked 
|  73|0x0000000084900000, 0x0000000084a00000, 0x0000000084a00000|100%| O|  |TAMS 0x0000000084a00000, 0x0000000084900000| Untracked 
|  74|0x0000000084a00000, 0x0000000084b00000, 0x0000000084b00000|100%| O|  |TAMS 0x0000000084b00000, 0x0000000084a00000| Untracked 
|  75|0x0000000084b00000, 0x0000000084c00000, 0x0000000084c00000|100%| O|  |TAMS 0x0000000084c00000, 0x0000000084b00000| Untracked 
|  76|0x0000000084c00000, 0x0000000084d00000, 0x0000000084d00000|100%| O|  |TAMS 0x0000000084d00000, 0x0000000084c00000| Untracked 
|  77|0x0000000084d00000, 0x0000000084e00000, 0x0000000084e00000|100%| O|  |TAMS 0x0000000084e00000, 0x0000000084d00000| Untracked 
|  78|0x0000000084e00000, 0x0000000084f00000, 0x0000000084f00000|100%| O|  |TAMS 0x0000000084f00000, 0x0000000084e00000| Untracked 
|  79|0x0000000084f00000, 0x0000000085000000, 0x0000000085000000|100%| O|  |TAMS 0x0000000085000000, 0x0000000084f00000| Untracked 
|  80|0x0000000085000000, 0x0000000085100000, 0x0000000085100000|100%| O|  |TAMS 0x0000000085100000, 0x0000000085000000| Untracked 
|  81|0x0000000085100000, 0x0000000085200000, 0x0000000085200000|100%| O|  |TAMS 0x0000000085200000, 0x0000000085100000| Untracked 
|  82|0x0000000085200000, 0x0000000085300000, 0x0000000085300000|100%| O|  |TAMS 0x0000000085200000, 0x0000000085200000| Untracked 
|  83|0x0000000085300000, 0x0000000085400000, 0x0000000085400000|100%| O|  |TAMS 0x0000000085400000, 0x0000000085300000| Untracked 
|  84|0x0000000085400000, 0x0000000085500000, 0x0000000085500000|100%| O|  |TAMS 0x0000000085500000, 0x0000000085400000| Untracked 
|  85|0x0000000085500000, 0x0000000085600000, 0x0000000085600000|100%| O|  |TAMS 0x0000000085600000, 0x0000000085500000| Untracked 
|  86|0x0000000085600000, 0x0000000085700000, 0x0000000085700000|100%| O|  |TAMS 0x0000000085700000, 0x0000000085600000| Untracked 
|  87|0x0000000085700000, 0x0000000085800000, 0x0000000085800000|100%| O|  |TAMS 0x0000000085800000, 0x0000000085700000| Untracked 
|  88|0x0000000085800000, 0x0000000085900000, 0x0000000085900000|100%| O|  |TAMS 0x0000000085900000, 0x0000000085800000| Untracked 
|  89|0x0000000085900000, 0x0000000085a00000, 0x0000000085a00000|100%| O|  |TAMS 0x0000000085a00000, 0x0000000085900000| Untracked 
|  90|0x0000000085a00000, 0x0000000085b00000, 0x0000000085b00000|100%| O|  |TAMS 0x0000000085b00000, 0x0000000085a00000| Untracked 
|  91|0x0000000085b00000, 0x0000000085c00000, 0x0000000085c00000|100%| O|  |TAMS 0x0000000085c00000, 0x0000000085b00000| Untracked 
|  92|0x0000000085c00000, 0x0000000085d00000, 0x0000000085d00000|100%| O|  |TAMS 0x0000000085cb7400, 0x0000000085c00000| Untracked 
|  93|0x0000000085d00000, 0x0000000085e00000, 0x0000000085e00000|100%| O|  |TAMS 0x0000000085d00000, 0x0000000085d00000| Untracked 
|  94|0x0000000085e00000, 0x0000000085f00000, 0x0000000085f00000|100%| O|  |TAMS 0x0000000085e00000, 0x0000000085e00000| Untracked 
|  95|0x0000000085f00000, 0x0000000086000000, 0x0000000086000000|100%| O|  |TAMS 0x0000000086000000, 0x0000000085f00000| Untracked 
|  96|0x0000000086000000, 0x0000000086100000, 0x0000000086100000|100%| O|  |TAMS 0x0000000086000000, 0x0000000086000000| Untracked 
|  97|0x0000000086100000, 0x0000000086200000, 0x0000000086200000|100%| O|  |TAMS 0x0000000086100000, 0x0000000086100000| Untracked 
|  98|0x0000000086200000, 0x0000000086280000, 0x0000000086300000| 50%| O|  |TAMS 0x0000000086200000, 0x0000000086200000| Untracked 
|  99|0x0000000086300000, 0x0000000086300000, 0x0000000086400000|  0%| F|  |TAMS 0x0000000086300000, 0x0000000086300000| Untracked 
| 100|0x0000000086400000, 0x0000000086400000, 0x0000000086500000|  0%| F|  |TAMS 0x0000000086400000, 0x0000000086400000| Untracked 
| 101|0x0000000086500000, 0x0000000086500000, 0x0000000086600000|  0%| F|  |TAMS 0x0000000086500000, 0x0000000086500000| Untracked 
| 102|0x0000000086600000, 0x0000000086600000, 0x0000000086700000|  0%| F|  |TAMS 0x0000000086600000, 0x0000000086600000| Untracked 
| 103|0x0000000086700000, 0x0000000086700000, 0x0000000086800000|  0%| F|  |TAMS 0x0000000086700000, 0x0000000086700000| Untracked 
| 104|0x0000000086800000, 0x0000000086800000, 0x0000000086900000|  0%| F|  |TAMS 0x0000000086800000, 0x0000000086800000| Untracked 
| 105|0x0000000086900000, 0x0000000086900000, 0x0000000086a00000|  0%| F|  |TAMS 0x0000000086900000, 0x0000000086900000| Untracked 
| 106|0x0000000086a00000, 0x0000000086a00000, 0x0000000086b00000|  0%| F|  |TAMS 0x0000000086a00000, 0x0000000086a00000| Untracked 
| 107|0x0000000086b00000, 0x0000000086b00000, 0x0000000086c00000|  0%| F|  |TAMS 0x0000000086b00000, 0x0000000086b00000| Untracked 
| 108|0x0000000086c00000, 0x0000000086c00000, 0x0000000086d00000|  0%| F|  |TAMS 0x0000000086c00000, 0x0000000086c00000| Untracked 
| 109|0x0000000086d00000, 0x0000000086d00000, 0x0000000086e00000|  0%| F|  |TAMS 0x0000000086d00000, 0x0000000086d00000| Untracked 
| 110|0x0000000086e00000, 0x0000000086e00000, 0x0000000086f00000|  0%| F|  |TAMS 0x0000000086e00000, 0x0000000086e00000| Untracked 
| 111|0x0000000086f00000, 0x0000000086f00000, 0x0000000087000000|  0%| F|  |TAMS 0x0000000086f00000, 0x0000000086f00000| Untracked 
| 112|0x0000000087000000, 0x0000000087000000, 0x0000000087100000|  0%| F|  |TAMS 0x0000000087000000, 0x0000000087000000| Untracked 
| 113|0x0000000087100000, 0x0000000087100000, 0x0000000087200000|  0%| F|  |TAMS 0x0000000087100000, 0x0000000087100000| Untracked 
| 114|0x0000000087200000, 0x0000000087200000, 0x0000000087300000|  0%| F|  |TAMS 0x0000000087200000, 0x0000000087200000| Untracked 
| 115|0x0000000087300000, 0x0000000087300000, 0x0000000087400000|  0%| F|  |TAMS 0x0000000087300000, 0x0000000087300000| Untracked 
| 116|0x0000000087400000, 0x0000000087400000, 0x0000000087500000|  0%| F|  |TAMS 0x0000000087400000, 0x0000000087400000| Untracked 
| 117|0x0000000087500000, 0x0000000087500000, 0x0000000087600000|  0%| F|  |TAMS 0x0000000087500000, 0x0000000087500000| Untracked 
| 118|0x0000000087600000, 0x0000000087600000, 0x0000000087700000|  0%| F|  |TAMS 0x0000000087600000, 0x0000000087600000| Untracked 
| 119|0x0000000087700000, 0x0000000087700000, 0x0000000087800000|  0%| F|  |TAMS 0x0000000087700000, 0x0000000087700000| Untracked 
| 120|0x0000000087800000, 0x0000000087800000, 0x0000000087900000|  0%| F|  |TAMS 0x0000000087800000, 0x0000000087800000| Untracked 
| 121|0x0000000087900000, 0x0000000087900000, 0x0000000087a00000|  0%| F|  |TAMS 0x0000000087900000, 0x0000000087900000| Untracked 
| 122|0x0000000087a00000, 0x0000000087a00000, 0x0000000087b00000|  0%| F|  |TAMS 0x0000000087a00000, 0x0000000087a00000| Untracked 
| 123|0x0000000087b00000, 0x0000000087b00000, 0x0000000087c00000|  0%| F|  |TAMS 0x0000000087b00000, 0x0000000087b00000| Untracked 
| 124|0x0000000087c00000, 0x0000000087c00000, 0x0000000087d00000|  0%| F|  |TAMS 0x0000000087c00000, 0x0000000087c00000| Untracked 
| 125|0x0000000087d00000, 0x0000000087d00000, 0x0000000087e00000|  0%| F|  |TAMS 0x0000000087d00000, 0x0000000087d00000| Untracked 
| 126|0x0000000087e00000, 0x0000000087e00000, 0x0000000087f00000|  0%| F|  |TAMS 0x0000000087e00000, 0x0000000087e00000| Untracked 
| 127|0x0000000087f00000, 0x0000000087f00000, 0x0000000088000000|  0%| F|  |TAMS 0x0000000087f00000, 0x0000000087f00000| Untracked 
| 128|0x0000000088000000, 0x0000000088000000, 0x0000000088100000|  0%| F|  |TAMS 0x0000000088000000, 0x0000000088000000| Untracked 
| 129|0x0000000088100000, 0x0000000088100000, 0x0000000088200000|  0%| F|  |TAMS 0x0000000088100000, 0x0000000088100000| Untracked 
| 130|0x0000000088200000, 0x0000000088200000, 0x0000000088300000|  0%| F|  |TAMS 0x0000000088200000, 0x0000000088200000| Untracked 
| 131|0x0000000088300000, 0x0000000088300000, 0x0000000088400000|  0%| F|  |TAMS 0x0000000088300000, 0x0000000088300000| Untracked 
| 132|0x0000000088400000, 0x0000000088400000, 0x0000000088500000|  0%| F|  |TAMS 0x0000000088400000, 0x0000000088400000| Untracked 
| 133|0x0000000088500000, 0x0000000088548c60, 0x0000000088600000| 28%| S|CS|TAMS 0x0000000088500000, 0x0000000088500000| Complete 
| 134|0x0000000088600000, 0x0000000088700000, 0x0000000088700000|100%| S|CS|TAMS 0x0000000088600000, 0x0000000088600000| Complete 
| 135|0x0000000088700000, 0x0000000088800000, 0x0000000088800000|100%| S|CS|TAMS 0x0000000088700000, 0x0000000088700000| Complete 
| 136|0x0000000088800000, 0x0000000088900000, 0x0000000088900000|100%| S|CS|TAMS 0x0000000088800000, 0x0000000088800000| Complete 
| 137|0x0000000088900000, 0x0000000088a00000, 0x0000000088a00000|100%| S|CS|TAMS 0x0000000088900000, 0x0000000088900000| Complete 
| 138|0x0000000088a00000, 0x0000000088b00000, 0x0000000088b00000|100%| S|CS|TAMS 0x0000000088a00000, 0x0000000088a00000| Complete 
| 139|0x0000000088b00000, 0x0000000088b00000, 0x0000000088c00000|  0%| F|  |TAMS 0x0000000088b00000, 0x0000000088b00000| Untracked 
| 140|0x0000000088c00000, 0x0000000088c00000, 0x0000000088d00000|  0%| F|  |TAMS 0x0000000088c00000, 0x0000000088c00000| Untracked 
| 141|0x0000000088d00000, 0x0000000088d00000, 0x0000000088e00000|  0%| F|  |TAMS 0x0000000088d00000, 0x0000000088d00000| Untracked 
| 142|0x0000000088e00000, 0x0000000088e00000, 0x0000000088f00000|  0%| F|  |TAMS 0x0000000088e00000, 0x0000000088e00000| Untracked 
| 143|0x0000000088f00000, 0x0000000088f00000, 0x0000000089000000|  0%| F|  |TAMS 0x0000000088f00000, 0x0000000088f00000| Untracked 
| 144|0x0000000089000000, 0x0000000089000000, 0x0000000089100000|  0%| F|  |TAMS 0x0000000089000000, 0x0000000089000000| Untracked 
| 145|0x0000000089100000, 0x0000000089100000, 0x0000000089200000|  0%| F|  |TAMS 0x0000000089100000, 0x0000000089100000| Untracked 
| 146|0x0000000089200000, 0x0000000089200000, 0x0000000089300000|  0%| F|  |TAMS 0x0000000089200000, 0x0000000089200000| Untracked 
| 147|0x0000000089300000, 0x0000000089300000, 0x0000000089400000|  0%| F|  |TAMS 0x0000000089300000, 0x0000000089300000| Untracked 
| 148|0x0000000089400000, 0x0000000089400000, 0x0000000089500000|  0%| F|  |TAMS 0x0000000089400000, 0x0000000089400000| Untracked 
| 149|0x0000000089500000, 0x0000000089500000, 0x0000000089600000|  0%| F|  |TAMS 0x0000000089500000, 0x0000000089500000| Untracked 
| 150|0x0000000089600000, 0x0000000089600000, 0x0000000089700000|  0%| F|  |TAMS 0x0000000089600000, 0x0000000089600000| Untracked 
| 151|0x0000000089700000, 0x00000000897140d0, 0x0000000089800000|  7%| E|  |TAMS 0x0000000089700000, 0x0000000089700000| Complete 
| 152|0x0000000089800000, 0x0000000089900000, 0x0000000089900000|100%| E|CS|TAMS 0x0000000089800000, 0x0000000089800000| Complete 
| 153|0x0000000089900000, 0x0000000089a00000, 0x0000000089a00000|100%| E|CS|TAMS 0x0000000089900000, 0x0000000089900000| Complete 
| 154|0x0000000089a00000, 0x0000000089b00000, 0x0000000089b00000|100%| E|CS|TAMS 0x0000000089a00000, 0x0000000089a00000| Complete 
| 155|0x0000000089b00000, 0x0000000089c00000, 0x0000000089c00000|100%| E|CS|TAMS 0x0000000089b00000, 0x0000000089b00000| Complete 
| 156|0x0000000089c00000, 0x0000000089d00000, 0x0000000089d00000|100%| E|CS|TAMS 0x0000000089c00000, 0x0000000089c00000| Complete 
| 157|0x0000000089d00000, 0x0000000089e00000, 0x0000000089e00000|100%| E|CS|TAMS 0x0000000089d00000, 0x0000000089d00000| Complete 
| 158|0x0000000089e00000, 0x0000000089f00000, 0x0000000089f00000|100%| E|CS|TAMS 0x0000000089e00000, 0x0000000089e00000| Complete 
| 159|0x0000000089f00000, 0x000000008a000000, 0x000000008a000000|100%| E|CS|TAMS 0x0000000089f00000, 0x0000000089f00000| Complete 
| 160|0x000000008a000000, 0x000000008a100000, 0x000000008a100000|100%| E|CS|TAMS 0x000000008a000000, 0x000000008a000000| Complete 
| 161|0x000000008a100000, 0x000000008a200000, 0x000000008a200000|100%| E|CS|TAMS 0x000000008a100000, 0x000000008a100000| Complete 
| 162|0x000000008a200000, 0x000000008a300000, 0x000000008a300000|100%| E|CS|TAMS 0x000000008a200000, 0x000000008a200000| Complete 
| 163|0x000000008a300000, 0x000000008a400000, 0x000000008a400000|100%| E|CS|TAMS 0x000000008a300000, 0x000000008a300000| Complete 
| 164|0x000000008a400000, 0x000000008a500000, 0x000000008a500000|100%| E|CS|TAMS 0x000000008a400000, 0x000000008a400000| Complete 
| 165|0x000000008a500000, 0x000000008a600000, 0x000000008a600000|100%| E|CS|TAMS 0x000000008a500000, 0x000000008a500000| Complete 
| 166|0x000000008a600000, 0x000000008a700000, 0x000000008a700000|100%| E|CS|TAMS 0x000000008a600000, 0x000000008a600000| Complete 
| 167|0x000000008a700000, 0x000000008a800000, 0x000000008a800000|100%| E|CS|TAMS 0x000000008a700000, 0x000000008a700000| Complete 
| 168|0x000000008a800000, 0x000000008a900000, 0x000000008a900000|100%| E|CS|TAMS 0x000000008a800000, 0x000000008a800000| Complete 
| 169|0x000000008a900000, 0x000000008aa00000, 0x000000008aa00000|100%| E|CS|TAMS 0x000000008a900000, 0x000000008a900000| Complete 
| 170|0x000000008aa00000, 0x000000008ab00000, 0x000000008ab00000|100%| E|CS|TAMS 0x000000008aa00000, 0x000000008aa00000| Complete 
| 171|0x000000008ab00000, 0x000000008ac00000, 0x000000008ac00000|100%| E|CS|TAMS 0x000000008ab00000, 0x000000008ab00000| Complete 
| 172|0x000000008ac00000, 0x000000008ad00000, 0x000000008ad00000|100%| E|CS|TAMS 0x000000008ac00000, 0x000000008ac00000| Complete 
| 173|0x000000008ad00000, 0x000000008ae00000, 0x000000008ae00000|100%| E|CS|TAMS 0x000000008ad00000, 0x000000008ad00000| Complete 
| 174|0x000000008ae00000, 0x000000008af00000, 0x000000008af00000|100%| E|CS|TAMS 0x000000008ae00000, 0x000000008ae00000| Complete 
| 175|0x000000008af00000, 0x000000008b000000, 0x000000008b000000|100%| E|CS|TAMS 0x000000008af00000, 0x000000008af00000| Complete 
| 176|0x000000008b000000, 0x000000008b100000, 0x000000008b100000|100%| E|CS|TAMS 0x000000008b000000, 0x000000008b000000| Complete 
| 177|0x000000008b100000, 0x000000008b200000, 0x000000008b200000|100%| E|CS|TAMS 0x000000008b100000, 0x000000008b100000| Complete 
| 178|0x000000008b200000, 0x000000008b300000, 0x000000008b300000|100%| E|CS|TAMS 0x000000008b200000, 0x000000008b200000| Complete 
| 179|0x000000008b300000, 0x000000008b400000, 0x000000008b400000|100%| E|CS|TAMS 0x000000008b300000, 0x000000008b300000| Complete 
| 180|0x000000008b400000, 0x000000008b500000, 0x000000008b500000|100%| E|CS|TAMS 0x000000008b400000, 0x000000008b400000| Complete 
| 181|0x000000008b500000, 0x000000008b600000, 0x000000008b600000|100%| E|CS|TAMS 0x000000008b500000, 0x000000008b500000| Complete 
| 182|0x000000008b600000, 0x000000008b700000, 0x000000008b700000|100%| E|CS|TAMS 0x000000008b600000, 0x000000008b600000| Complete 
| 183|0x000000008b700000, 0x000000008b800000, 0x000000008b800000|100%| E|CS|TAMS 0x000000008b700000, 0x000000008b700000| Complete 
| 184|0x000000008b800000, 0x000000008b900000, 0x000000008b900000|100%| E|CS|TAMS 0x000000008b800000, 0x000000008b800000| Complete 

Card table byte_map: [0x0000029a40b60000,0x0000029a40f60000] _byte_map_base: 0x0000029a40760000

Marking Bits (Prev, Next): (CMBitMap*) 0x0000029a2be5dfb8, (CMBitMap*) 0x0000029a2be5dff0
 Prev Bits: [0x0000029a41360000, 0x0000029a43360000)
 Next Bits: [0x0000029a43360000, 0x0000029a45360000)

Polling page: 0x0000029a2bf00000

Metaspace:

Usage:
  Non-class:     95.46 MB capacity,    93.87 MB ( 98%) used,     1.29 MB (  1%) free+waste,   304.00 KB ( <1%) overhead. 
      Class:     14.29 MB capacity,    13.41 MB ( 94%) used,   772.01 KB (  5%) free+waste,   134.06 KB ( <1%) overhead. 
       Both:    109.75 MB capacity,   107.28 MB ( 98%) used,     2.04 MB (  2%) free+waste,   438.06 KB ( <1%) overhead. 

Virtual space:
  Non-class space:       96.00 MB reserved,      95.67 MB (>99%) committed 
      Class space:        1.00 GB reserved,      14.41 MB (  1%) committed 
             Both:        1.09 GB reserved,     110.08 MB ( 10%) committed 

Chunk freelists:
   Non-Class:  30.00 KB
       Class:  0 bytes
        Both:  30.00 KB

MaxMetaspaceSize: 17179869184.00 GB
CompressedClassSpaceSize: 1.00 GB
Initial GC threshold: 20.80 MB
Current GC threshold: 170.96 MB
CDS: off

CodeHeap 'non-profiled nmethods': size=120064Kb used=10016Kb max_used=10016Kb free=110047Kb
 bounds [0x0000029a38c00000, 0x0000029a395d0000, 0x0000029a40140000]
CodeHeap 'profiled nmethods': size=120000Kb used=33201Kb max_used=33201Kb free=86798Kb
 bounds [0x0000029a316d0000, 0x0000029a33740000, 0x0000029a38c00000]
CodeHeap 'non-nmethods': size=5696Kb used=2443Kb max_used=2467Kb free=3253Kb
 bounds [0x0000029a31140000, 0x0000029a313b0000, 0x0000029a316d0000]
 total_blobs=15755 nmethods=14772 adapters=895
 compilation: enabled
              stopped_count=0, restarted_count=0
 full_count=0

Compilation events (20 events):
Event: 121.166 Thread 0x0000029a479ce800 14810       3       org.gradle.api.internal.tasks.compile.incremental.compilerapi.deps.DependentsSet::<init> (5 bytes)
Event: 121.166 Thread 0x0000029a479ce800 nmethod 14810 0x0000029a336ff490 code [0x0000029a336ff640, 0x0000029a336ff798]
Event: 121.166 Thread 0x0000029a479ce800 14811       3       org.gradle.api.internal.tasks.compile.incremental.deps.ClassSetAnalysisData$Serializer$$Lambda$1147/0x0000000100e37440::get (8 bytes)
Event: 121.166 Thread 0x0000029a479ce800 nmethod 14811 0x0000029a336ff890 code [0x0000029a336ffa40, 0x0000029a336ffb98]
Event: 121.166 Thread 0x0000029a479ce800 14812       3       org.gradle.api.internal.tasks.compile.incremental.deps.ClassSetAnalysisData$Serializer::lambda$read$0 (2 bytes)
Event: 121.166 Thread 0x0000029a479ce800 nmethod 14812 0x0000029a336ffc90 code [0x0000029a336ffe40, 0x0000029a336fff18]
Event: 121.166 Thread 0x0000029a479ce800 14814       3       org.gradle.api.internal.tasks.compile.incremental.compilerapi.deps.DependentsSet::dependents (52 bytes)
Event: 121.167 Thread 0x0000029a479ce800 nmethod 14814 0x0000029a336fff90 code [0x0000029a337001e0, 0x0000029a33700a88]
Event: 121.167 Thread 0x0000029a479ce800 14815       3       org.gradle.api.internal.tasks.compile.incremental.compilerapi.deps.DependentsSet$DefaultDependentsSet::<init> (8 bytes)
Event: 121.168 Thread 0x0000029a479ce800 nmethod 14815 0x0000029a33700d90 code [0x0000029a33700f60, 0x0000029a337012f8]
Event: 121.168 Thread 0x0000029a479ce800 14816       3       org.gradle.api.internal.tasks.compile.incremental.compilerapi.deps.DependentsSet$DefaultDependentsSet::<init> (21 bytes)
Event: 121.168 Thread 0x0000029a479ce800 nmethod 14816 0x0000029a33701490 code [0x0000029a33701660, 0x0000029a33701998]
Event: 121.168 Thread 0x0000029a479ce800 14813       1       com.google.common.collect.SingletonImmutableSet::isPartialView (2 bytes)
Event: 121.168 Thread 0x0000029a479ce800 nmethod 14813 0x0000029a395c0910 code [0x0000029a395c0ac0, 0x0000029a395c0b78]
Event: 121.168 Thread 0x0000029a479ce800 14819       3       it.unimi.dsi.fastutil.ints.IntOpenHashSet::add (120 bytes)
Event: 121.169 Thread 0x0000029a479ce800 nmethod 14819 0x0000029a33701a90 code [0x0000029a33701c80, 0x0000029a33702178]
Event: 121.169 Thread 0x0000029a479ce800 14818   !   3       org.gradle.internal.serialize.kryo.KryoBackedDecoder::readInt (15 bytes)
Event: 121.169 Thread 0x0000029a479ce800 nmethod 14818 0x0000029a33702390 code [0x0000029a337025a0, 0x0000029a33702b28]
Event: 121.176 Thread 0x0000029a479c7800 nmethod 14804 0x0000029a395c0c10 code [0x0000029a395c0e20, 0x0000029a395c1768]
Event: 121.176 Thread 0x0000029a479c7800 14806       4       org.gradle.api.internal.tasks.compile.incremental.serialization.HierarchicalNameSerializer::readName (51 bytes)

GC Heap History (20 events):
Event: 45.970 GC heap before
{Heap before GC invocations=37 (full 0):
 garbage-first heap   total 157696K, used 120732K [0x0000000080000000, 0x0000000100000000)
  region size 1024K, 28 young (28672K), 4 survivors (4096K)
 Metaspace       used 97607K, capacity 99754K, committed 100048K, reserved 1136640K
  class space    used 12221K, capacity 13030K, committed 13088K, reserved 1048576K
}
Event: 45.979 GC heap after
{Heap after GC invocations=38 (full 0):
 garbage-first heap   total 157696K, used 96635K [0x0000000080000000, 0x0000000100000000)
  region size 1024K, 2 young (2048K), 2 survivors (2048K)
 Metaspace       used 97607K, capacity 99754K, committed 100048K, reserved 1136640K
  class space    used 12221K, capacity 13030K, committed 13088K, reserved 1048576K
}
Event: 46.101 GC heap before
{Heap before GC invocations=38 (full 0):
 garbage-first heap   total 157696K, used 100731K [0x0000000080000000, 0x0000000100000000)
  region size 1024K, 7 young (7168K), 2 survivors (2048K)
 Metaspace       used 97612K, capacity 99754K, committed 100048K, reserved 1136640K
  class space    used 12221K, capacity 13030K, committed 13088K, reserved 1048576K
}
Event: 46.109 GC heap after
{Heap after GC invocations=39 (full 0):
 garbage-first heap   total 157696K, used 92591K [0x0000000080000000, 0x0000000100000000)
  region size 1024K, 1 young (1024K), 1 survivors (1024K)
 Metaspace       used 97612K, capacity 99754K, committed 100048K, reserved 1136640K
  class space    used 12221K, capacity 13030K, committed 13088K, reserved 1048576K
}
Event: 47.838 GC heap before
{Heap before GC invocations=39 (full 0):
 garbage-first heap   total 157696K, used 120239K [0x0000000080000000, 0x0000000100000000)
  region size 1024K, 29 young (29696K), 1 survivors (1024K)
 Metaspace       used 98794K, capacity 101020K, committed 101200K, reserved 1136640K
  class space    used 12353K, capacity 13209K, committed 13216K, reserved 1048576K
}
Event: 47.849 GC heap after
{Heap after GC invocations=40 (full 0):
 garbage-first heap   total 157696K, used 96256K [0x0000000080000000, 0x0000000100000000)
  region size 1024K, 4 young (4096K), 4 survivors (4096K)
 Metaspace       used 98794K, capacity 101020K, committed 101200K, reserved 1136640K
  class space    used 12353K, capacity 13209K, committed 13216K, reserved 1048576K
}
Event: 49.595 GC heap before
{Heap before GC invocations=41 (full 0):
 garbage-first heap   total 157696K, used 120832K [0x0000000080000000, 0x0000000100000000)
  region size 1024K, 31 young (31744K), 4 survivors (4096K)
 Metaspace       used 99450K, capacity 101623K, committed 101840K, reserved 1138688K
  class space    used 12423K, capacity 13250K, committed 13344K, reserved 1048576K
}
Event: 49.612 GC heap after
{Heap after GC invocations=42 (full 0):
 garbage-first heap   total 189440K, used 95860K [0x0000000080000000, 0x0000000100000000)
  region size 1024K, 2 young (2048K), 2 survivors (2048K)
 Metaspace       used 99450K, capacity 101623K, committed 101840K, reserved 1138688K
  class space    used 12423K, capacity 13250K, committed 13344K, reserved 1048576K
}
Event: 50.080 GC heap before
{Heap before GC invocations=42 (full 0):
 garbage-first heap   total 189440K, used 102004K [0x0000000080000000, 0x0000000100000000)
  region size 1024K, 9 young (9216K), 2 survivors (2048K)
 Metaspace       used 99642K, capacity 101879K, committed 102096K, reserved 1138688K
  class space    used 12460K, capacity 13314K, committed 13344K, reserved 1048576K
}
Event: 50.087 GC heap after
{Heap after GC invocations=43 (full 0):
 garbage-first heap   total 189440K, used 95329K [0x0000000080000000, 0x0000000100000000)
  region size 1024K, 1 young (1024K), 1 survivors (1024K)
 Metaspace       used 99642K, capacity 101879K, committed 102096K, reserved 1138688K
  class space    used 12460K, capacity 13314K, committed 13344K, reserved 1048576K
}
Event: 51.182 GC heap before
{Heap before GC invocations=43 (full 0):
 garbage-first heap   total 189440K, used 133217K [0x0000000080000000, 0x0000000100000000)
  region size 1024K, 39 young (39936K), 1 survivors (1024K)
 Metaspace       used 101993K, capacity 104279K, committed 104528K, reserved 1140736K
  class space    used 12769K, capacity 13602K, committed 13728K, reserved 1048576K
}
Event: 51.188 GC heap after
{Heap after GC invocations=44 (full 0):
 garbage-first heap   total 189440K, used 96269K [0x0000000080000000, 0x0000000100000000)
  region size 1024K, 2 young (2048K), 2 survivors (2048K)
 Metaspace       used 101993K, capacity 104279K, committed 104528K, reserved 1140736K
  class space    used 12769K, capacity 13602K, committed 13728K, reserved 1048576K
}
Event: 54.295 GC heap before
{Heap before GC invocations=45 (full 0):
 garbage-first heap   total 189440K, used 137229K [0x0000000080000000, 0x0000000100000000)
  region size 1024K, 43 young (44032K), 2 survivors (2048K)
 Metaspace       used 103069K, capacity 105247K, committed 105296K, reserved 1140736K
  class space    used 12868K, capacity 13711K, committed 13728K, reserved 1048576K
}
Event: 54.306 GC heap after
{Heap after GC invocations=46 (full 0):
 garbage-first heap   total 189440K, used 99746K [0x0000000080000000, 0x0000000100000000)
  region size 1024K, 5 young (5120K), 5 survivors (5120K)
 Metaspace       used 103069K, capacity 105247K, committed 105296K, reserved 1140736K
  class space    used 12868K, capacity 13711K, committed 13728K, reserved 1048576K
}
Event: 88.551 GC heap before
{Heap before GC invocations=46 (full 0):
 garbage-first heap   total 189440K, used 140706K [0x0000000080000000, 0x0000000100000000)
  region size 1024K, 46 young (47104K), 5 survivors (5120K)
 Metaspace       used 103482K, capacity 105763K, committed 105936K, reserved 1140736K
  class space    used 12901K, capacity 13752K, committed 13856K, reserved 1048576K
}
Event: 88.566 GC heap after
{Heap after GC invocations=47 (full 0):
 garbage-first heap   total 189440K, used 103470K [0x0000000080000000, 0x0000000100000000)
  region size 1024K, 4 young (4096K), 4 survivors (4096K)
 Metaspace       used 103482K, capacity 105763K, committed 105936K, reserved 1140736K
  class space    used 12901K, capacity 13752K, committed 13856K, reserved 1048576K
}
Event: 89.425 GC heap before
{Heap before GC invocations=47 (full 0):
 garbage-first heap   total 189440K, used 144430K [0x0000000080000000, 0x0000000100000000)
  region size 1024K, 45 young (46080K), 4 survivors (4096K)
 Metaspace       used 105574K, capacity 107826K, committed 107984K, reserved 1142784K
  class space    used 13152K, capacity 14013K, committed 14112K, reserved 1048576K
}
Event: 89.433 GC heap after
{Heap after GC invocations=48 (full 0):
 garbage-first heap   total 189440K, used 103936K [0x0000000080000000, 0x0000000100000000)
  region size 1024K, 3 young (3072K), 3 survivors (3072K)
 Metaspace       used 105574K, capacity 107826K, committed 107984K, reserved 1142784K
  class space    used 13152K, capacity 14013K, committed 14112K, reserved 1048576K
}
Event: 120.693 GC heap before
{Heap before GC invocations=48 (full 0):
 garbage-first heap   total 189440K, used 146944K [0x0000000080000000, 0x0000000100000000)
  region size 1024K, 46 young (47104K), 3 survivors (3072K)
 Metaspace       used 108758K, capacity 111282K, committed 111568K, reserved 1146880K
  class space    used 13612K, capacity 14546K, committed 14624K, reserved 1048576K
}
Event: 120.704 GC heap after
{Heap after GC invocations=49 (full 0):
 garbage-first heap   total 189440K, used 106275K [0x0000000080000000, 0x0000000100000000)
  region size 1024K, 6 young (6144K), 6 survivors (6144K)
 Metaspace       used 108758K, capacity 111282K, committed 111568K, reserved 1146880K
  class space    used 13612K, capacity 14546K, committed 14624K, reserved 1048576K
}

Deoptimization events (20 events):
Event: 120.757 Thread 0x0000029a4e27e800 Uncommon trap: trap_request=0xffffff4d fr.pc=0x0000029a38fa6504 relative=0x0000000000000704
Event: 120.757 Thread 0x0000029a4e27e800 Uncommon trap: reason=unstable_if action=reinterpret pc=0x0000029a38fa6504 method=org.objectweb.asm.MethodWriter.visitMethodInsn(ILjava/lang/String;Ljava/lang/String;Ljava/lang/String;Z)V @ 89 c2
Event: 120.757 Thread 0x0000029a4e27e800 DEOPT PACKING pc=0x0000029a38fa6504 sp=0x0000009e736facb0
Event: 120.757 Thread 0x0000029a4e27e800 DEOPT UNPACKING pc=0x0000029a3118a1af sp=0x0000009e736fac68 mode 2
Event: 120.757 Thread 0x0000029a4e27e800 Uncommon trap: trap_request=0xffffff4d fr.pc=0x0000029a39047fdc relative=0x000000000000009c
Event: 120.757 Thread 0x0000029a4e27e800 Uncommon trap: reason=unstable_if action=reinterpret pc=0x0000029a39047fdc method=org.objectweb.asm.MethodWriter.visitMaxs(II)V @ 35 c2
Event: 120.757 Thread 0x0000029a4e27e800 DEOPT PACKING pc=0x0000029a39047fdc sp=0x0000009e736fad10
Event: 120.757 Thread 0x0000029a4e27e800 DEOPT UNPACKING pc=0x0000029a3118a1af sp=0x0000009e736faca8 mode 2
Event: 120.829 Thread 0x0000029a4e27e800 Uncommon trap: trap_request=0xffffff4d fr.pc=0x0000029a39148888 relative=0x0000000000001808
Event: 120.829 Thread 0x0000029a4e27e800 Uncommon trap: reason=unstable_if action=reinterpret pc=0x0000029a39148888 method=org.objectweb.asm.SymbolTable.addConstantIntegerOrFloat(II)Lorg/objectweb/asm/Symbol; @ 33 c2
Event: 120.829 Thread 0x0000029a4e27e800 DEOPT PACKING pc=0x0000029a39148888 sp=0x0000009e736fac40
Event: 120.829 Thread 0x0000029a4e27e800 DEOPT UNPACKING pc=0x0000029a3118a1af sp=0x0000009e736fab30 mode 2
Event: 120.891 Thread 0x0000029a4e27e800 Uncommon trap: trap_request=0xffffffd6 fr.pc=0x0000029a39479bbc relative=0x0000000000000c5c
Event: 120.891 Thread 0x0000029a4e27e800 Uncommon trap: reason=array_check action=maybe_recompile pc=0x0000029a39479bbc method=com.google.common.collect.RegularImmutableMap.fromEntryArray(I[Ljava/util/Map$Entry;)Lcom/google/common/collect/ImmutableMap; @ 157 c2
Event: 120.891 Thread 0x0000029a4e27e800 DEOPT PACKING pc=0x0000029a39479bbc sp=0x0000009e736fba30
Event: 120.891 Thread 0x0000029a4e27e800 DEOPT UNPACKING pc=0x0000029a3118a1af sp=0x0000009e736fb988 mode 2
Event: 121.120 Thread 0x0000029a4e27e800 Uncommon trap: trap_request=0xffffff5c fr.pc=0x0000029a38e3a834 relative=0x0000000000001374
Event: 121.120 Thread 0x0000029a4e27e800 Uncommon trap: reason=speculate_null_assert action=make_not_entrant pc=0x0000029a38e3a834 method=java.lang.invoke.MethodType$ConcurrentWeakInternSet.add(Ljava/lang/Object;)Ljava/lang/Object; @ 47 c2
Event: 121.120 Thread 0x0000029a4e27e800 DEOPT PACKING pc=0x0000029a38e3a834 sp=0x0000009e736f7820
Event: 121.120 Thread 0x0000029a4e27e800 DEOPT UNPACKING pc=0x0000029a3118a1af sp=0x0000009e736f77d8 mode 2

Classes redefined (0 events):
No events

Internal exceptions (20 events):
Event: 97.485 Thread 0x0000029a4e291800 Exception <a 'java/net/ConnectException'{0x0000000089df6000}: Connection refused: connect> (0x0000000089df6000) thrown at [./src/hotspot/share/prims/jni.cpp, line 637]
Event: 99.920 Thread 0x0000029a4e291800 Exception <a 'java/lang/NoSuchMethodError'{0x000000008971b928}: <clinit>> (0x000000008971b928) thrown at [./src/hotspot/share/prims/jni.cpp, line 1366]
Event: 99.920 Thread 0x0000029a4e291800 Exception <a 'java/lang/NoSuchMethodError'{0x0000000089727d30}: <clinit>> (0x0000000089727d30) thrown at [./src/hotspot/share/prims/jni.cpp, line 1366]
Event: 99.936 Thread 0x0000029a4e291800 Exception <a 'java/lang/NoSuchMethodError'{0x00000000897c83b8}: 'java.lang.Object java.lang.invoke.DirectMethodHandle$Holder.invokeSpecial(java.lang.Object, java.lang.Object, int, int, java.lang.Object, int, java.lang.Object, java.lang.Object)'> (0x00000000897c83b8) thrown at [./src/hotspot/share/interpreter/linkResolver.cpp, line 773]
Event: 99.937 Thread 0x0000029a4e291800 Exception <a 'java/lang/NoSuchMethodError'{0x00000000897cbca0}: 'java.lang.Object java.lang.invoke.DelegatingMethodHandle$Holder.reinvoke_L(java.lang.Object, int, int, java.lang.Object, int, java.lang.Object, java.lang.Object)'> (0x00000000897cbca0) thrown at [./src/hotspot/share/interpreter/linkResolver.cpp, line 773]
Event: 99.940 Thread 0x0000029a4e291800 Exception <a 'java/lang/NoSuchMethodError'{0x00000000897f75d0}: 'java.lang.Object java.lang.invoke.DirectMethodHandle$Holder.invokeStatic(java.lang.Object, java.lang.Object, java.lang.Object, java.lang.Object, java.lang.Object, java.lang.Object, java.lang.Object, java.lang.Object, int)'> (0x00000000897f75d0) thrown at [./src/hotspot/share/interpreter/linkResolver.cpp, line 773]
Event: 99.942 Thread 0x0000029a4e291800 Exception <a 'java/lang/NoSuchMethodError'{0x0000000089612c38}: 'java.lang.Object java.lang.invoke.DirectMethodHandle$Holder.invokeStatic(java.lang.Object, java.lang.Object, java.lang.Object, java.lang.Object, java.lang.Object, java.lang.Object, java.lang.Object, java.lang.Object, int, int)'> (0x0000000089612c38) thrown at [./src/hotspot/share/interpreter/linkResolver.cpp, line 773]
Event: 99.944 Thread 0x0000029a4e291800 Exception <a 'java/lang/NoSuchMethodError'{0x000000008962ef68}: 'java.lang.Object java.lang.invoke.DirectMethodHandle$Holder.invokeStatic(java.lang.Object, java.lang.Object, java.lang.Object, java.lang.Object, java.lang.Object, java.lang.Object, java.lang.Object, java.lang.Object, int, int, java.lang.Object)'> (0x000000008962ef68) thrown at [./src/hotspot/share/interpreter/linkResolver.cpp, line 773]
Event: 99.945 Thread 0x0000029a4e291800 Exception <a 'java/lang/NoSuchMethodError'{0x000000008964c460}: 'java.lang.Object java.lang.invoke.DirectMethodHandle$Holder.invokeStatic(java.lang.Object, java.lang.Object, java.lang.Object, java.lang.Object, java.lang.Object, java.lang.Object, java.lang.Object, java.lang.Object, int, int, java.lang.Object, java.lang.Object)'> (0x000000008964c460) thrown at [./src/hotspot/share/interpreter/linkResolver.cpp, line 773]
Event: 99.956 Thread 0x0000029a4e291800 Exception <a 'java/lang/NoSuchMethodError'{0x00000000896835a0}: <clinit>> (0x00000000896835a0) thrown at [./src/hotspot/share/prims/jni.cpp, line 1366]
Event: 99.959 Thread 0x0000029a4e291800 Exception <a 'java/lang/NoSuchMethodError'{0x00000000896a62a8}: <clinit>> (0x00000000896a62a8) thrown at [./src/hotspot/share/prims/jni.cpp, line 1366]
Event: 99.973 Thread 0x0000029a4e29a800 Exception <a 'java/lang/InterruptedException'{0x00000000896b8188}> (0x00000000896b8188) thrown at [./src/hotspot/share/runtime/objectMonitor.cpp, line 1635]
Event: 99.974 Thread 0x0000029a4e29a800 Exception <a 'java/lang/NoSuchMethodError'{0x00000000896c0438}: 'java.lang.Object java.lang.invoke.DirectMethodHandle$Holder.invokeStatic(java.lang.Object, java.lang.Object, int, java.lang.Object, long)'> (0x00000000896c0438) thrown at [./src/hotspot/share/interpreter/linkResolver.cpp, line 773]
Event: 99.997 Thread 0x0000029a4e291800 Exception <a 'java/lang/NoSuchMethodError'{0x00000000896fe5c0}: <clinit>> (0x00000000896fe5c0) thrown at [./src/hotspot/share/prims/jni.cpp, line 1366]
Event: 99.998 Thread 0x0000029a4e291800 Exception <a 'java/lang/NoSuchMethodError'{0x000000008950ab78}: <clinit>> (0x000000008950ab78) thrown at [./src/hotspot/share/prims/jni.cpp, line 1366]
Event: 99.998 Thread 0x0000029a4e291800 Exception <a 'java/lang/NoSuchMethodError'{0x0000000089517ea0}: <clinit>> (0x0000000089517ea0) thrown at [./src/hotspot/share/prims/jni.cpp, line 1366]
Event: 100.006 Thread 0x0000029a4e291800 Exception <a 'java/lang/NoSuchMethodError'{0x0000000089536420}: <clinit>> (0x0000000089536420) thrown at [./src/hotspot/share/prims/jni.cpp, line 1366]
Event: 100.048 Thread 0x0000029a4e291800 Exception <a 'java/lang/NoSuchMethodError'{0x00000000894ccd00}: <clinit>> (0x00000000894ccd00) thrown at [./src/hotspot/share/prims/jni.cpp, line 1366]
Event: 100.249 Thread 0x0000029a4e29c000 Exception <a 'java/lang/NoSuchMethodError'{0x0000000089289fa0}: 'java.lang.Object java.lang.invoke.DirectMethodHandle$Holder.invokeStatic(java.lang.Object, java.lang.Object, java.lang.Object, java.lang.Object, java.lang.Object, java.lang.Object, java.lang.Object, java.lang.Object, java.lang.Object, java.lang.Object, java.lang.Object, java.lang.Object, java.lang.Object, int)'> (0x0000000089289fa0) thrown at [./src/hotspot/share/interpreter/linkResolver.cpp, line 773]
Event: 100.251 Thread 0x0000029a4e29c000 Exception <a 'java/lang/NoSuchMethodError'{0x0000000089297138}: 'java.lang.Object java.lang.invoke.DirectMethodHandle$Holder.invokeStatic(java.lang.Object, java.lang.Object, java.lang.Object, java.lang.Object, java.lang.Object, java.lang.Object, java.lang.Object, java.lang.Object, java.lang.Object, java.lang.Object, java.lang.Object, java.lang.Object, java.lang.Object, int, int)'> (0x0000000089297138) thrown at [./src/hotspot/share/interpreter/linkResolver.cpp, line 773]

Events (20 events):
Event: 121.211 loading class org/apache/tools/zip/ZipEncoding
Event: 121.211 loading class org/apache/tools/zip/ZipEncoding done
Event: 121.211 loading class org/apache/tools/zip/ZipEncodingHelper$SimpleEncodingHolder
Event: 121.211 loading class org/apache/tools/zip/ZipEncodingHelper$SimpleEncodingHolder done
Event: 121.211 loading class org/apache/tools/zip/FallbackZipEncoding
Event: 121.211 loading class org/apache/tools/zip/FallbackZipEncoding done
Event: 121.213 loading class org/apache/tools/zip/ZipFile$OffsetEntry
Event: 121.213 loading class org/apache/tools/zip/ZipFile$OffsetEntry done
Event: 121.214 loading class org/apache/tools/zip/GeneralPurposeBit
Event: 121.214 loading class org/apache/tools/zip/GeneralPurposeBit done
Event: 121.214 loading class org/apache/tools/zip/ZipShort
Event: 121.214 loading class org/apache/tools/zip/ZipShort done
Event: 121.214 loading class org/apache/tools/zip/ZipUtil
Event: 121.214 loading class org/apache/tools/zip/ZipUtil done
Event: 121.215 loading class org/apache/tools/zip/UnsupportedZipFeatureException
Event: 121.215 loading class org/apache/tools/zip/UnsupportedZipFeatureException done
Event: 121.220 loading class org/apache/tools/zip/AbstractUnicodeExtraField
Event: 121.220 loading class org/apache/tools/zip/AbstractUnicodeExtraField done
Event: 121.222 loading class org/apache/tools/zip/UnicodePathExtraField
Event: 121.222 loading class org/apache/tools/zip/UnicodePathExtraField done


Dynamic libraries:
0x00007ff6c66b0000 - 0x00007ff6c66ba000 	D:\Program Files\Android\Android Studio\jre\bin\java.exe
0x00007ff937330000 - 0x00007ff937528000 	C:\WINDOWS\SYSTEM32\ntdll.dll
0x00007ff935390000 - 0x00007ff93544d000 	C:\WINDOWS\System32\KERNEL32.DLL
0x00007ff9350b0000 - 0x00007ff935382000 	C:\WINDOWS\System32\KERNELBASE.dll
0x00007ff934f00000 - 0x00007ff935000000 	C:\WINDOWS\System32\ucrtbase.dll
0x00007ff930580000 - 0x00007ff930597000 	D:\Program Files\Android\Android Studio\jre\bin\VCRUNTIME140.dll
0x00007ff930240000 - 0x00007ff930259000 	D:\Program Files\Android\Android Studio\jre\bin\jli.dll
0x00007ff9365a0000 - 0x00007ff93673d000 	C:\WINDOWS\System32\USER32.dll
0x00007ff935080000 - 0x00007ff9350a2000 	C:\WINDOWS\System32\win32u.dll
0x00007ff927bd0000 - 0x00007ff927e6a000 	C:\WINDOWS\WinSxS\amd64_microsoft.windows.common-controls_6595b64144ccf1df_6.0.19041.1110_none_60b5254171f9507e\COMCTL32.dll
0x00007ff936e10000 - 0x00007ff936e3b000 	C:\WINDOWS\System32\GDI32.dll
0x00007ff9364f0000 - 0x00007ff93658e000 	C:\WINDOWS\System32\msvcrt.dll
0x00007ff934c40000 - 0x00007ff934d4f000 	C:\WINDOWS\System32\gdi32full.dll
0x00007ff934a40000 - 0x00007ff934add000 	C:\WINDOWS\System32\msvcp_win.dll
0x00007ff936c70000 - 0x00007ff936ca0000 	C:\WINDOWS\System32\IMM32.DLL
0x00007ff90a690000 - 0x00007ff90a72d000 	D:\Program Files\Android\Android Studio\jre\bin\msvcp140.dll
0x00007ff8fe030000 - 0x00007ff8feb32000 	D:\Program Files\Android\Android Studio\jre\bin\server\jvm.dll
0x00007ff936d00000 - 0x00007ff936dae000 	C:\WINDOWS\System32\ADVAPI32.dll
0x00007ff936ef0000 - 0x00007ff936f8c000 	C:\WINDOWS\System32\sechost.dll
0x00007ff9358d0000 - 0x00007ff9359f5000 	C:\WINDOWS\System32\RPCRT4.dll
0x00007ff936810000 - 0x00007ff936818000 	C:\WINDOWS\System32\PSAPI.DLL
0x00007ff929920000 - 0x00007ff929947000 	C:\WINDOWS\SYSTEM32\WINMM.dll
0x00007ff9299d0000 - 0x00007ff9299da000 	C:\WINDOWS\SYSTEM32\VERSION.dll
0x00007ff92e010000 - 0x00007ff92e019000 	C:\WINDOWS\SYSTEM32\WSOCK32.dll
0x00007ff936be0000 - 0x00007ff936c4b000 	C:\WINDOWS\System32\ws2_32.DLL
0x00007ff933600000 - 0x00007ff933612000 	C:\WINDOWS\SYSTEM32\kernel.appcore.dll
0x00007ff91fa70000 - 0x00007ff91fa81000 	D:\Program Files\Android\Android Studio\jre\bin\verify.dll
0x00007ff932800000 - 0x00007ff9329e4000 	C:\WINDOWS\SYSTEM32\DBGHELP.DLL
0x00007ff924280000 - 0x00007ff9242ac000 	C:\WINDOWS\SYSTEM32\dbgcore.DLL
0x00007ff934e70000 - 0x00007ff934ef2000 	C:\WINDOWS\System32\bcryptPrimitives.dll
0x00007ff91a120000 - 0x00007ff91a149000 	D:\Program Files\Android\Android Studio\jre\bin\java.dll
0x00007ff92b090000 - 0x00007ff92b09b000 	D:\Program Files\Android\Android Studio\jre\bin\jimage.dll
0x00007ff91dc60000 - 0x00007ff91dc78000 	D:\Program Files\Android\Android Studio\jre\bin\zip.dll
0x00007ff935b10000 - 0x00007ff936253000 	C:\WINDOWS\System32\SHELL32.dll
0x00007ff9329f0000 - 0x00007ff933181000 	C:\WINDOWS\SYSTEM32\windows.storage.dll
0x00007ff936f90000 - 0x00007ff9372e4000 	C:\WINDOWS\System32\combase.dll
0x00007ff9344a0000 - 0x00007ff9344d0000 	C:\WINDOWS\SYSTEM32\Wldp.dll
0x00007ff936e40000 - 0x00007ff936eed000 	C:\WINDOWS\System32\SHCORE.dll
0x00007ff936820000 - 0x00007ff936875000 	C:\WINDOWS\System32\shlwapi.dll
0x00007ff934980000 - 0x00007ff93499f000 	C:\WINDOWS\SYSTEM32\profapi.dll
0x00007ff91cc60000 - 0x00007ff91cc7a000 	D:\Program Files\Android\Android Studio\jre\bin\net.dll
0x00007ff928940000 - 0x00007ff928a4d000 	C:\WINDOWS\SYSTEM32\WINHTTP.dll
0x00007ff934200000 - 0x00007ff93426a000 	C:\WINDOWS\system32\mswsock.dll
0x00007ff916d00000 - 0x00007ff916d14000 	D:\Program Files\Android\Android Studio\jre\bin\nio.dll
0x00007ff917de0000 - 0x00007ff917e07000 	C:\Users\User\.gradle\native\e1d6ef7f7dcc3fd88c89a11ec53ec762bb8ba0a96d01ffa2cd45eb1d1d8dd5c5\windows-amd64\native-platform.dll
0x00007ff8fefc0000 - 0x00007ff8ff104000 	C:\Users\User\.gradle\native\0d407fdbe67a94daf76414ababcb853783967236a71b16ec16e742cd7a986fd3\windows-amd64\native-platform-file-events.dll
0x00007ff91da70000 - 0x00007ff91da7a000 	D:\Program Files\Android\Android Studio\jre\bin\management.dll
0x00007ff91a110000 - 0x00007ff91a11d000 	D:\Program Files\Android\Android Studio\jre\bin\management_ext.dll
0x00007ff934400000 - 0x00007ff934418000 	C:\WINDOWS\SYSTEM32\CRYPTSP.dll
0x00007ff933ab0000 - 0x00007ff933ae4000 	C:\WINDOWS\system32\rsaenh.dll
0x00007ff935050000 - 0x00007ff935077000 	C:\WINDOWS\System32\bcrypt.dll
0x00007ff934940000 - 0x00007ff93496e000 	C:\WINDOWS\SYSTEM32\USERENV.dll
0x00007ff9343f0000 - 0x00007ff9343fc000 	C:\WINDOWS\SYSTEM32\CRYPTBASE.dll
0x00007ff933ea0000 - 0x00007ff933edb000 	C:\WINDOWS\SYSTEM32\IPHLPAPI.DLL
0x00007ff935450000 - 0x00007ff935458000 	C:\WINDOWS\System32\NSI.dll
0x00007ff92b2b0000 - 0x00007ff92b2c7000 	C:\WINDOWS\SYSTEM32\dhcpcsvc6.DLL
0x00007ff92b290000 - 0x00007ff92b2ad000 	C:\WINDOWS\SYSTEM32\dhcpcsvc.DLL
0x00007ff933ef0000 - 0x00007ff933fba000 	C:\WINDOWS\SYSTEM32\DNSAPI.dll
0x00007ff933bd0000 - 0x00007ff933c03000 	C:\WINDOWS\SYSTEM32\ntmarta.dll
0x00007ff92a700000 - 0x00007ff92a71e000 	C:\Users\User\AppData\Local\Temp\native-platform10442385424736146279dir\native-platform.dll
0x00007ff930270000 - 0x00007ff930278000 	D:\Program Files\Android\Android Studio\jre\bin\rmi.dll

dbghelp: loaded successfully - version: 4.0.5 - missing functions: none
symbol engine: initialized successfully - sym options: 0x614 - pdb path: .;D:\Program Files\Android\Android Studio\jre\bin;C:\WINDOWS\SYSTEM32;C:\WINDOWS\WinSxS\amd64_microsoft.windows.common-controls_6595b64144ccf1df_6.0.19041.1110_none_60b5254171f9507e;D:\Program Files\Android\Android Studio\jre\bin\server;C:\Users\User\.gradle\native\e1d6ef7f7dcc3fd88c89a11ec53ec762bb8ba0a96d01ffa2cd45eb1d1d8dd5c5\windows-amd64;C:\Users\User\.gradle\native\0d407fdbe67a94daf76414ababcb853783967236a71b16ec16e742cd7a986fd3\windows-amd64;C:\Users\User\AppData\Local\Temp\native-platform10442385424736146279dir

VM Arguments:
jvm_args: --add-opens=java.base/java.util=ALL-UNNAMED --add-opens=java.base/java.lang=ALL-UNNAMED --add-opens=java.base/java.lang.invoke=ALL-UNNAMED --add-opens=java.base/java.util=ALL-UNNAMED --add-opens=java.prefs/java.util.prefs=ALL-UNNAMED --add-opens=java.prefs/java.util.prefs=ALL-UNNAMED --add-opens=java.base/java.nio.charset=ALL-UNNAMED --add-opens=java.base/java.net=ALL-UNNAMED --add-opens=java.base/java.util.concurrent.atomic=ALL-UNNAMED -Xmx2048m -Dfile.encoding=UTF-8 -Duser.country=RU -Duser.language=ru -Duser.variant 
java_command: org.gradle.launcher.daemon.bootstrap.GradleDaemon 7.4
java_class_path (initial): C:\Users\User\.gradle\wrapper\dists\gradle-7.4-bin\c0gwcg53nkjbqw7r0h0umtfvt\gradle-7.4\lib\gradle-launcher-7.4.jar
Launcher Type: SUN_STANDARD

[Global flags]
     intx CICompilerCount                          = 3                                         {product} {ergonomic}
     uint ConcGCThreads                            = 1                                         {product} {ergonomic}
     uint G1ConcRefinementThreads                  = 4                                         {product} {ergonomic}
   size_t G1HeapRegionSize                         = 1048576                                   {product} {ergonomic}
    uintx GCDrainStackTargetSize                   = 64                                        {product} {ergonomic}
   size_t InitialHeapSize                          = 134217728                                 {product} {ergonomic}
   size_t MarkStackSize                            = 4194304                                   {product} {ergonomic}
   size_t MaxHeapSize                              = 2147483648                                {product} {command line}
   size_t MaxNewSize                               = 1287651328                                {product} {ergonomic}
   size_t MinHeapDeltaBytes                        = 1048576                                   {product} {ergonomic}
    uintx NonNMethodCodeHeapSize                   = 5830732                                {pd product} {ergonomic}
    uintx NonProfiledCodeHeapSize                  = 122913754                              {pd product} {ergonomic}
    uintx ProfiledCodeHeapSize                     = 122913754                              {pd product} {ergonomic}
    uintx ReservedCodeCacheSize                    = 251658240                              {pd product} {ergonomic}
     bool SegmentedCodeCache                       = true                                      {product} {ergonomic}
     bool UseCompressedClassPointers               = true                                 {lp64_product} {ergonomic}
     bool UseCompressedOops                        = true                                 {lp64_product} {ergonomic}
     bool UseG1GC                                  = true                                      {product} {ergonomic}
     bool UseLargePagesIndividualAllocation        = false                                  {pd product} {ergonomic}

Logging:
Log output configuration:
 #0: stdout all=warning uptime,level,tags
 #1: stderr all=off uptime,level,tags

Environment Variables:
PATH=C:\WINDOWS\system32;C:\WINDOWS;C:\WINDOWS\System32\Wbem;C:\WINDOWS\System32\WindowsPowerShell\v1.0\;C:\WINDOWS\System32\OpenSSH\;C:\Program Files\Git\cmd;C:\Users\User\AppData\Local\Microsoft\WindowsApps;;C:\Program Files\JetBrains\IntelliJ IDEA Community Edition 2022.2.3\bin;
USERNAME=User
OS=Windows_NT
PROCESSOR_IDENTIFIER=Intel64 Family 6 Model 69 Stepping 1, GenuineIntel



---------------  S Y S T E M  ---------------

OS: Windows 10 , 64 bit Build 19041 (10.0.19041.1889)
OS uptime: 0 days 5:00 hours

CPU:total 4 (initial active 4) (2 cores per cpu, 2 threads per core) family 6 model 69 stepping 1 microcode 0x25, cmov, cx8, fxsr, mmx, sse, sse2, sse3, ssse3, sse4.1, sse4.2, popcnt, avx, avx2, aes, clmul, erms, lzcnt, ht, tsc, tscinvbit, bmi1, bmi2, fma

Memory: 4k page, system-wide physical 8075M (294M free)
TotalPageFile size 10123M (AvailPageFile size 2M)
current process WorkingSet (physical memory assigned to process): 457M, peak: 472M
current process commit charge ("private bytes"): 495M, peak: 503M

vm_info: OpenJDK 64-Bit Server VM (11.0.13+0-b1751.21-8125866) for windows-amd64 JRE (11.0.13+0-b1751.21-8125866), built on Feb  2 2022 03:00:22 by "builder" with MS VC++ 14.0 (VS2015)

END.
