#
# There is insufficient memory for the Java Runtime Environment to continue.
# Native memory allocation (malloc) failed to allocate 32744 bytes for ChunkPool::allocate
# Possible reasons:
#   The system is out of physical RAM or swap space
#   The process is running with CompressedOops enabled, and the Java Heap may be blocking the growth of the native heap
# Possible solutions:
#   Reduce memory load on the system
#   Increase physical memory or swap space
#   Check if swap backing store is full
#   Decrease Java heap size (-Xmx/-Xms)
#   Decrease number of Java threads
#   Decrease Java thread stack sizes (-Xss)
#   Set larger code cache with -XX:ReservedCodeCacheSize=
#   JVM is running with Unscaled Compressed Oops mode in which the Java heap is
#     placed in the first 4GB address space. The Java Heap base address is the
#     maximum limit for the native heap growth. Please use -XX:HeapBaseMinAddress
#     to set the Java Heap base and to place the Java Heap above 4GB virtual address.
# This output file may be truncated or incomplete.
#
#  Out of Memory Error (./src/hotspot/share/memory/arena.cpp:81), pid=1628, tid=3816
#
# JRE version: OpenJDK Runtime Environment (11.0.13) (build 11.0.13+0-b1751.21-8125866)
# Java VM: OpenJDK 64-Bit Server VM (11.0.13+0-b1751.21-8125866, mixed mode, tiered, compressed oops, g1 gc, windows-amd64)
# No core dump will be written. Minidumps are not enabled by default on client versions of Windows
#

---------------  S U M M A R Y ------------

Command Line: --add-opens=java.base/java.util=ALL-UNNAMED --add-opens=java.base/java.lang=ALL-UNNAMED --add-opens=java.base/java.lang.invoke=ALL-UNNAMED --add-opens=java.base/java.util=ALL-UNNAMED --add-opens=java.prefs/java.util.prefs=ALL-UNNAMED --add-opens=java.prefs/java.util.prefs=ALL-UNNAMED --add-opens=java.base/java.nio.charset=ALL-UNNAMED --add-opens=java.base/java.net=ALL-UNNAMED --add-opens=java.base/java.util.concurrent.atomic=ALL-UNNAMED -Xmx2048m -Dfile.encoding=UTF-8 -Duser.country=RU -Duser.language=ru -Duser.variant org.gradle.launcher.daemon.bootstrap.GradleDaemon 7.4

Host: Intel(R) Core(TM) i7-4500U CPU @ 1.80GHz, 4 cores, 7G,  Windows 10 , 64 bit Build 19041 (10.0.19041.1889)
Time: Wed Nov  9 16:48:33 2022 RTZ 4 (зима) elapsed time: 20.940792 seconds (0d 0h 0m 20s)

---------------  T H R E A D  ---------------

Current thread (0x00000280217db800):  JavaThread "C2 CompilerThread1" daemon [_thread_in_native, id=3816, stack(0x0000009646f00000,0x0000009647000000)]


Current CompileTask:
C2:  20940 8347   !   4       org.gradle.internal.service.DefaultServiceRegistry$ManagedObjectServiceProvider::getInstance (47 bytes)

Stack: [0x0000009646f00000,0x0000009647000000]
Native frames: (J=compiled Java code, j=interpreted, Vv=VM code, C=native code)
V  [jvm.dll+0x6100fa]
V  [jvm.dll+0x747090]
V  [jvm.dll+0x7486ad]
V  [jvm.dll+0x748d83]
V  [jvm.dll+0x24ab48]
V  [jvm.dll+0xc075b]
V  [jvm.dll+0xc0a0c]
V  [jvm.dll+0x5a5ed8]
V  [jvm.dll+0x5a672f]
V  [jvm.dll+0x5a530e]
V  [jvm.dll+0x203152]
V  [jvm.dll+0x202437]
V  [jvm.dll+0x188e01]
V  [jvm.dll+0x21106b]
V  [jvm.dll+0x20f8c1]
V  [jvm.dll+0x70de0f]
V  [jvm.dll+0x706a75]
V  [jvm.dll+0x60ed66]
C  [ucrtbase.dll+0x21bb2]
C  [KERNEL32.DLL+0x17034]
C  [ntdll.dll+0x526a1]


---------------  P R O C E S S  ---------------

Threads class SMR info:
_java_thread_list=0x0000028025d02920, length=85, elements={
0x0000028005819800, 0x000002801f41c000, 0x000002801f41f800, 0x000002801f43f000,
0x000002801f441000, 0x000002801f442000, 0x000002801f444800, 0x000002801f449000,
0x000002801f456000, 0x000002801ff0f800, 0x0000028022601800, 0x0000028021440000,
0x0000028022242800, 0x0000028020334000, 0x000002802049e800, 0x00000280210e3800,
0x0000028022047800, 0x00000280217c6800, 0x0000028022074000, 0x0000028022075000,
0x00000280217ae000, 0x00000280217b3000, 0x00000280217b2000, 0x00000280217b1800,
0x00000280217af000, 0x00000280217b0800, 0x00000280217af800, 0x00000280217ad800,
0x00000280217b4000, 0x000002802265e800, 0x000002802265c000, 0x0000028022661000,
0x000002802265d000, 0x000002802265b800, 0x0000028022662000, 0x0000028022663000,
0x0000028022660800, 0x0000028022663800, 0x0000028022664800, 0x0000028022665000,
0x000002802265f800, 0x000002802266a000, 0x0000028022666000, 0x0000028022667000,
0x0000028022667800, 0x0000028022668800, 0x0000028022669800, 0x0000028023c29800,
0x0000028023c27000, 0x0000028023c26000, 0x0000028023c2b000, 0x0000028023c2c000,
0x0000028023c2c800, 0x0000028023c2a000, 0x0000028023c2d800, 0x0000028023c27800,
0x0000028023c2e800, 0x0000028023c28800, 0x0000028023c30800, 0x0000028023c30000,
0x0000028023c33000, 0x0000028023c34000, 0x0000028023c35000, 0x0000028023c31800,
0x0000028023c32800, 0x0000028023c2f000, 0x0000028025de8000, 0x0000028025de9000,
0x0000028025ded000, 0x0000028025de9800, 0x0000028025dec000, 0x0000028025de7000,
0x0000028025dea800, 0x0000028025dee000, 0x0000028025df1000, 0x0000028025dee800,
0x0000028025def800, 0x0000028025df0000, 0x00000280217db800, 0x0000028025deb800,
0x0000028025df2000, 0x0000028025df2800, 0x0000028025df5000, 0x0000028025df3800,
0x0000028025df4800
}

Java Threads: ( => current thread )
  0x0000028005819800 JavaThread "main" [_thread_blocked, id=8248, stack(0x0000009645100000,0x0000009645200000)]
  0x000002801f41c000 JavaThread "Reference Handler" daemon [_thread_blocked, id=6580, stack(0x0000009645800000,0x0000009645900000)]
  0x000002801f41f800 JavaThread "Finalizer" daemon [_thread_blocked, id=596, stack(0x0000009645900000,0x0000009645a00000)]
  0x000002801f43f000 JavaThread "Signal Dispatcher" daemon [_thread_blocked, id=7744, stack(0x0000009645a00000,0x0000009645b00000)]
  0x000002801f441000 JavaThread "Attach Listener" daemon [_thread_blocked, id=8452, stack(0x0000009645b00000,0x0000009645c00000)]
  0x000002801f442000 JavaThread "Service Thread" daemon [_thread_blocked, id=2880, stack(0x0000009645c00000,0x0000009645d00000)]
  0x000002801f444800 JavaThread "C2 CompilerThread0" daemon [_thread_in_native, id=6084, stack(0x0000009645d00000,0x0000009645e00000)]
  0x000002801f449000 JavaThread "C1 CompilerThread0" daemon [_thread_blocked, id=5488, stack(0x0000009645e00000,0x0000009645f00000)]
  0x000002801f456000 JavaThread "Sweeper thread" daemon [_thread_blocked, id=4908, stack(0x0000009645f00000,0x0000009646000000)]
  0x000002801ff0f800 JavaThread "Common-Cleaner" daemon [_thread_blocked, id=5708, stack(0x0000009646000000,0x0000009646100000)]
  0x0000028022601800 JavaThread "Daemon health stats" [_thread_blocked, id=8496, stack(0x0000009646500000,0x0000009646600000)]
  0x0000028021440000 JavaThread "Incoming local TCP Connector on port 60268" [_thread_in_native, id=2772, stack(0x0000009646400000,0x0000009646500000)]
  0x0000028022242800 JavaThread "Daemon periodic checks" [_thread_blocked, id=932, stack(0x0000009646600000,0x0000009646700000)]
  0x0000028020334000 JavaThread "Daemon" [_thread_blocked, id=7736, stack(0x0000009646800000,0x0000009646900000)]
  0x000002802049e800 JavaThread "Handler for socket connection from /127.0.0.1:60268 to /127.0.0.1:60269" [_thread_in_native, id=9008, stack(0x0000009646900000,0x0000009646a00000)]
  0x00000280210e3800 JavaThread "Cancel handler" [_thread_blocked, id=9040, stack(0x0000009646a00000,0x0000009646b00000)]
  0x0000028022047800 JavaThread "Daemon worker" [_thread_blocked, id=7900, stack(0x0000009646b00000,0x0000009646c00000)]
  0x00000280217c6800 JavaThread "Asynchronous log dispatcher for DefaultDaemonConnection: socket connection from /127.0.0.1:60268 to /127.0.0.1:60269" [_thread_blocked, id=4752, stack(0x0000009646c00000,0x0000009646d00000)]
  0x0000028022074000 JavaThread "Stdin handler" [_thread_blocked, id=2876, stack(0x0000009646d00000,0x0000009646e00000)]
  0x0000028022075000 JavaThread "Daemon client event forwarder" [_thread_blocked, id=8492, stack(0x0000009646e00000,0x0000009646f00000)]
  0x00000280217ae000 JavaThread "Cache worker for journal cache (C:\Users\User\.gradle\caches\journal-1)" [_thread_blocked, id=9004, stack(0x0000009647000000,0x0000009647100000)]
  0x00000280217b3000 JavaThread "File lock request listener" [_thread_in_native, id=1048, stack(0x0000009647100000,0x0000009647200000)]
  0x00000280217b2000 JavaThread "Cache worker for file hash cache (C:\Users\User\.gradle\caches\7.4\fileHashes)" [_thread_blocked, id=8744, stack(0x0000009647200000,0x0000009647300000)]
  0x00000280217b1800 JavaThread "File watcher server" daemon [_thread_blocked, id=7924, stack(0x0000009647300000,0x0000009647400000)]
  0x00000280217af000 JavaThread "File watcher consumer" daemon [_thread_blocked, id=4844, stack(0x0000009647400000,0x0000009647500000)]
  0x00000280217b0800 JavaThread "Cache worker for checksums cache (D:\Users\User\AndroidStudioProjects\practical_work_72\.gradle\7.4\checksums)" [_thread_blocked, id=976, stack(0x0000009647500000,0x0000009647600000)]
  0x00000280217af800 JavaThread "Cache worker for cache directory md-rule (C:\Users\User\.gradle\caches\7.4\md-rule)" [_thread_blocked, id=5636, stack(0x0000009647600000,0x0000009647700000)]
  0x00000280217ad800 JavaThread "Cache worker for file hash cache (D:\Users\User\AndroidStudioProjects\practical_work_72\.gradle\7.4\fileHashes)" [_thread_blocked, id=2356, stack(0x0000009647700000,0x0000009647800000)]
  0x00000280217b4000 JavaThread "Cache worker for cache directory md-supplier (C:\Users\User\.gradle\caches\7.4\md-supplier)" [_thread_blocked, id=8916, stack(0x0000009647800000,0x0000009647900000)]
  0x000002802265e800 JavaThread "Cache worker for execution history cache (C:\Users\User\.gradle\caches\7.4\executionHistory)" [_thread_blocked, id=6576, stack(0x0000009647900000,0x0000009647a00000)]
  0x000002802265c000 JavaThread "jar transforms" [_thread_blocked, id=2848, stack(0x0000009647a00000,0x0000009647b00000)]
  0x0000028022661000 JavaThread "Cache worker for file content cache (C:\Users\User\.gradle\caches\7.4\fileContent)" [_thread_blocked, id=1332, stack(0x0000009647b00000,0x0000009647c00000)]
  0x000002802265d000 JavaThread "jar transforms Thread 2" [_thread_blocked, id=5892, stack(0x0000009647c00000,0x0000009647d00000)]
  0x000002802265b800 JavaThread "Cache worker for dependencies-accessors (D:\Users\User\AndroidStudioProjects\practical_work_72\.gradle\7.4\dependencies-accessors)" [_thread_blocked, id=224, stack(0x0000009647d00000,0x0000009647e00000)]
  0x0000028022662000 JavaThread "jar transforms Thread 3" [_thread_blocked, id=2196, stack(0x0000009647e00000,0x0000009647f00000)]
  0x0000028022663000 JavaThread "Cache worker for Build Output Cleanup Cache (D:\Users\User\AndroidStudioProjects\practical_work_72\.gradle\buildOutputCleanup)" [_thread_blocked, id=8520, stack(0x0000009647f00000,0x0000009648000000)]
  0x0000028022660800 JavaThread "Unconstrained build operations" [_thread_blocked, id=4852, stack(0x0000009648000000,0x0000009648100000)]
  0x0000028022663800 JavaThread "Unconstrained build operations Thread 2" [_thread_blocked, id=5012, stack(0x0000009648100000,0x0000009648200000)]
  0x0000028022664800 JavaThread "Unconstrained build operations Thread 3" [_thread_blocked, id=1744, stack(0x0000009648200000,0x0000009648300000)]
  0x0000028022665000 JavaThread "Unconstrained build operations Thread 4" [_thread_blocked, id=1320, stack(0x0000009648300000,0x0000009648400000)]
  0x000002802265f800 JavaThread "Unconstrained build operations Thread 5" [_thread_blocked, id=2900, stack(0x0000009648400000,0x0000009648500000)]
  0x000002802266a000 JavaThread "Unconstrained build operations Thread 6" [_thread_blocked, id=9032, stack(0x0000009648500000,0x0000009648600000)]
  0x0000028022666000 JavaThread "Unconstrained build operations Thread 7" [_thread_blocked, id=7660, stack(0x0000009648600000,0x0000009648700000)]
  0x0000028022667000 JavaThread "Unconstrained build operations Thread 8" [_thread_blocked, id=4452, stack(0x0000009648700000,0x0000009648800000)]
  0x0000028022667800 JavaThread "Unconstrained build operations Thread 9" [_thread_blocked, id=3712, stack(0x0000009648800000,0x0000009648900000)]
  0x0000028022668800 JavaThread "Unconstrained build operations Thread 10" [_thread_blocked, id=4576, stack(0x0000009648900000,0x0000009648a00000)]
  0x0000028022669800 JavaThread "Unconstrained build operations Thread 11" [_thread_blocked, id=5604, stack(0x0000009648a00000,0x0000009648b00000)]
  0x0000028023c29800 JavaThread "Unconstrained build operations Thread 12" [_thread_blocked, id=5656, stack(0x0000009648b00000,0x0000009648c00000)]
  0x0000028023c27000 JavaThread "Unconstrained build operations Thread 13" [_thread_blocked, id=844, stack(0x0000009648c00000,0x0000009648d00000)]
  0x0000028023c26000 JavaThread "Unconstrained build operations Thread 14" [_thread_blocked, id=8172, stack(0x0000009648d00000,0x0000009648e00000)]
  0x0000028023c2b000 JavaThread "Unconstrained build operations Thread 15" [_thread_blocked, id=2284, stack(0x0000009648e00000,0x0000009648f00000)]
  0x0000028023c2c000 JavaThread "Unconstrained build operations Thread 16" [_thread_blocked, id=1908, stack(0x0000009648f00000,0x0000009649000000)]
  0x0000028023c2c800 JavaThread "Unconstrained build operations Thread 17" [_thread_blocked, id=4812, stack(0x0000009649000000,0x0000009649100000)]
  0x0000028023c2a000 JavaThread "Unconstrained build operations Thread 18" [_thread_blocked, id=6720, stack(0x0000009649100000,0x0000009649200000)]
  0x0000028023c2d800 JavaThread "Unconstrained build operations Thread 19" [_thread_blocked, id=8052, stack(0x0000009649200000,0x0000009649300000)]
  0x0000028023c27800 JavaThread "Unconstrained build operations Thread 20" [_thread_blocked, id=6640, stack(0x0000009649300000,0x0000009649400000)]
  0x0000028023c2e800 JavaThread "Unconstrained build operations Thread 21" [_thread_blocked, id=5148, stack(0x0000009649400000,0x0000009649500000)]
  0x0000028023c28800 JavaThread "Unconstrained build operations Thread 22" [_thread_blocked, id=9036, stack(0x0000009649500000,0x0000009649600000)]
  0x0000028023c30800 JavaThread "Unconstrained build operations Thread 23" [_thread_blocked, id=9044, stack(0x0000009649600000,0x0000009649700000)]
  0x0000028023c30000 JavaThread "Unconstrained build operations Thread 24" [_thread_blocked, id=1512, stack(0x0000009649700000,0x0000009649800000)]
  0x0000028023c33000 JavaThread "Unconstrained build operations Thread 25" [_thread_blocked, id=8100, stack(0x0000009649800000,0x0000009649900000)]
  0x0000028023c34000 JavaThread "Unconstrained build operations Thread 26" [_thread_blocked, id=4228, stack(0x0000009649900000,0x0000009649a00000)]
  0x0000028023c35000 JavaThread "Unconstrained build operations Thread 27" [_thread_blocked, id=6200, stack(0x0000009649a00000,0x0000009649b00000)]
  0x0000028023c31800 JavaThread "Unconstrained build operations Thread 28" [_thread_blocked, id=6500, stack(0x0000009649b00000,0x0000009649c00000)]
  0x0000028023c32800 JavaThread "Unconstrained build operations Thread 29" [_thread_blocked, id=2336, stack(0x0000009649c00000,0x0000009649d00000)]
  0x0000028023c2f000 JavaThread "Unconstrained build operations Thread 30" [_thread_blocked, id=7436, stack(0x0000009649d00000,0x0000009649e00000)]
  0x0000028025de8000 JavaThread "Unconstrained build operations Thread 31" [_thread_blocked, id=8116, stack(0x0000009649e00000,0x0000009649f00000)]
  0x0000028025de9000 JavaThread "Unconstrained build operations Thread 32" [_thread_blocked, id=5676, stack(0x0000009649f00000,0x000000964a000000)]
  0x0000028025ded000 JavaThread "Unconstrained build operations Thread 33" [_thread_blocked, id=7108, stack(0x000000964a000000,0x000000964a100000)]
  0x0000028025de9800 JavaThread "Unconstrained build operations Thread 34" [_thread_blocked, id=2328, stack(0x000000964a100000,0x000000964a200000)]
  0x0000028025dec000 JavaThread "Unconstrained build operations Thread 35" [_thread_blocked, id=5428, stack(0x000000964a200000,0x000000964a300000)]
  0x0000028025de7000 JavaThread "Unconstrained build operations Thread 36" [_thread_blocked, id=4800, stack(0x000000964a300000,0x000000964a400000)]
  0x0000028025dea800 JavaThread "Unconstrained build operations Thread 37" [_thread_blocked, id=1544, stack(0x000000964a400000,0x000000964a500000)]
  0x0000028025dee000 JavaThread "Unconstrained build operations Thread 38" [_thread_blocked, id=8820, stack(0x000000964a500000,0x000000964a600000)]
  0x0000028025df1000 JavaThread "Unconstrained build operations Thread 39" [_thread_blocked, id=8184, stack(0x000000964a600000,0x000000964a700000)]
  0x0000028025dee800 JavaThread "Unconstrained build operations Thread 40" [_thread_blocked, id=4940, stack(0x000000964a700000,0x000000964a800000)]
  0x0000028025def800 JavaThread "jar transforms Thread 4" [_thread_blocked, id=6032, stack(0x000000964a800000,0x000000964a900000)]
  0x0000028025df0000 JavaThread "Memory manager" [_thread_blocked, id=1168, stack(0x000000964a900000,0x000000964aa00000)]
=>0x00000280217db800 JavaThread "C2 CompilerThread1" daemon [_thread_in_native, id=3816, stack(0x0000009646f00000,0x0000009647000000)]
  0x0000028025deb800 JavaThread "build event listener" [_thread_blocked, id=1720, stack(0x000000964aa00000,0x000000964ab00000)]
  0x0000028025df2000 JavaThread "included builds" [_thread_blocked, id=6444, stack(0x000000964ab00000,0x000000964ac00000)]
  0x0000028025df2800 JavaThread "Execution worker for ':'" [_thread_blocked, id=3752, stack(0x000000964ac00000,0x000000964ad00000)]
  0x0000028025df5000 JavaThread "Execution worker for ':' Thread 2" [_thread_blocked, id=4144, stack(0x000000964ad00000,0x000000964ae00000)]
  0x0000028025df3800 JavaThread "Execution worker for ':' Thread 3" [_thread_blocked, id=8844, stack(0x000000964ae00000,0x000000964af00000)]
  0x0000028025df4800 JavaThread "Cache worker for execution history cache (D:\Users\User\AndroidStudioProjects\practical_work_72\.gradle\7.4\executionHistory)" [_thread_blocked, id=7296, stack(0x000000964af00000,0x000000964b000000)]

Other Threads:
  0x000002801f418000 VMThread "VM Thread" [stack: 0x0000009645700000,0x0000009645800000] [id=7684]
  0x000002801ff3a800 WatcherThread [stack: 0x0000009646100000,0x0000009646200000] [id=8072]
  0x0000028005832800 GCTaskThread "GC Thread#0" [stack: 0x0000009645200000,0x0000009645300000] [id=8252]
  0x0000028020346000 GCTaskThread "GC Thread#1" [stack: 0x0000009646200000,0x0000009646300000] [id=2696]
  0x00000280201c2800 GCTaskThread "GC Thread#2" [stack: 0x0000009646300000,0x0000009646400000] [id=6240]
  0x000002802095c000 GCTaskThread "GC Thread#3" [stack: 0x0000009646700000,0x0000009646800000] [id=8372]
  0x0000028005865000 ConcurrentGCThread "G1 Main Marker" [stack: 0x0000009645300000,0x0000009645400000] [id=8444]
  0x0000028005867000 ConcurrentGCThread "G1 Conc#0" [stack: 0x0000009645400000,0x0000009645500000] [id=8972]
  0x00000280058f6800 ConcurrentGCThread "G1 Refine#0" [stack: 0x0000009645500000,0x0000009645600000] [id=8376]
  0x00000280058f7800 ConcurrentGCThread "G1 Young RemSet Sampling" [stack: 0x0000009645600000,0x0000009645700000] [id=8200]

Threads with active compile tasks:
C2 CompilerThread0  21556 8344       4       org.gradle.internal.service.DefaultServiceRegistry$SingletonService::get (5 bytes)
C2 CompilerThread1  21556 8347   !   4       org.gradle.internal.service.DefaultServiceRegistry$ManagedObjectServiceProvider::getInstance (47 bytes)

VM state:at safepoint (normal execution)

VM Mutex/Monitor currently owned by a thread:  ([mutex/lock_event])
[0x0000028005816650] Threads_lock - owner thread: 0x000002801f418000
[0x0000028005816770] Heap_lock - owner thread: 0x0000028025df2000

Heap address: 0x0000000080000000, size: 2048 MB, Compressed Oops mode: 32-bit
Narrow klass base: 0x0000000000000000, Narrow klass shift: 3
Compressed class space size: 1073741824 Address: 0x0000000100000000

Heap:
 garbage-first heap   total 227328K, used 73987K [0x0000000080000000, 0x0000000100000000)
  region size 1024K, 7 young (7168K), 7 survivors (7168K)
 Metaspace       used 84262K, capacity 85985K, committed 86100K, reserved 1130496K
  class space    used 10936K, capacity 11641K, committed 11756K, reserved 1048576K
Heap Regions: E=young(eden), S=young(survivor), O=old, HS=humongous(starts), HC=humongous(continues), CS=collection set, F=free, A=archive, TAMS=top-at-mark-start (previous, next)
|   0|0x0000000080000000, 0x0000000080100000, 0x0000000080100000|100%|HS|  |TAMS 0x0000000080100000, 0x0000000080100000| Complete 
|   1|0x0000000080100000, 0x0000000080200000, 0x0000000080200000|100%|HC|  |TAMS 0x0000000080200000, 0x0000000080200000| Complete 
|   2|0x0000000080200000, 0x0000000080300000, 0x0000000080300000|100%|HC|  |TAMS 0x0000000080300000, 0x0000000080300000| Complete 
|   3|0x0000000080300000, 0x0000000080400000, 0x0000000080400000|100%| O|  |TAMS 0x0000000080400000, 0x0000000080400000| Untracked 
|   4|0x0000000080400000, 0x0000000080500000, 0x0000000080500000|100%| O|  |TAMS 0x0000000080500000, 0x0000000080500000| Untracked 
|   5|0x0000000080500000, 0x0000000080600000, 0x0000000080600000|100%| O|  |TAMS 0x0000000080600000, 0x0000000080600000| Untracked 
|   6|0x0000000080600000, 0x0000000080700000, 0x0000000080700000|100%| O|  |TAMS 0x0000000080700000, 0x0000000080700000| Untracked 
|   7|0x0000000080700000, 0x0000000080800000, 0x0000000080800000|100%| O|  |TAMS 0x0000000080800000, 0x0000000080800000| Untracked 
|   8|0x0000000080800000, 0x0000000080900000, 0x0000000080900000|100%| O|  |TAMS 0x0000000080900000, 0x0000000080900000| Untracked 
|   9|0x0000000080900000, 0x0000000080a00000, 0x0000000080a00000|100%| O|  |TAMS 0x0000000080a00000, 0x0000000080a00000| Untracked 
|  10|0x0000000080a00000, 0x0000000080b00000, 0x0000000080b00000|100%| O|  |TAMS 0x0000000080b00000, 0x0000000080b00000| Untracked 
|  11|0x0000000080b00000, 0x0000000080c00000, 0x0000000080c00000|100%| O|  |TAMS 0x0000000080c00000, 0x0000000080c00000| Untracked 
|  12|0x0000000080c00000, 0x0000000080d00000, 0x0000000080d00000|100%| O|  |TAMS 0x0000000080d00000, 0x0000000080d00000| Untracked 
|  13|0x0000000080d00000, 0x0000000080e00000, 0x0000000080e00000|100%| O|  |TAMS 0x0000000080e00000, 0x0000000080e00000| Untracked 
|  14|0x0000000080e00000, 0x0000000080f00000, 0x0000000080f00000|100%| O|  |TAMS 0x0000000080f00000, 0x0000000080f00000| Untracked 
|  15|0x0000000080f00000, 0x0000000081000000, 0x0000000081000000|100%| O|  |TAMS 0x0000000081000000, 0x0000000081000000| Untracked 
|  16|0x0000000081000000, 0x0000000081100000, 0x0000000081100000|100%|HS|  |TAMS 0x0000000081100000, 0x0000000081100000| Complete 
|  17|0x0000000081100000, 0x0000000081200000, 0x0000000081200000|100%| O|  |TAMS 0x0000000081200000, 0x0000000081200000| Untracked 
|  18|0x0000000081200000, 0x0000000081300000, 0x0000000081300000|100%| O|  |TAMS 0x0000000081300000, 0x0000000081300000| Untracked 
|  19|0x0000000081300000, 0x0000000081400000, 0x0000000081400000|100%| O|  |TAMS 0x0000000081400000, 0x0000000081400000| Untracked 
|  20|0x0000000081400000, 0x0000000081500000, 0x0000000081500000|100%| O|  |TAMS 0x0000000081500000, 0x0000000081500000| Untracked 
|  21|0x0000000081500000, 0x0000000081600000, 0x0000000081600000|100%| O|  |TAMS 0x0000000081600000, 0x0000000081600000| Untracked 
|  22|0x0000000081600000, 0x0000000081700000, 0x0000000081700000|100%| O|  |TAMS 0x0000000081700000, 0x0000000081700000| Untracked 
|  23|0x0000000081700000, 0x0000000081800000, 0x0000000081800000|100%| O|  |TAMS 0x0000000081800000, 0x0000000081800000| Untracked 
|  24|0x0000000081800000, 0x0000000081900000, 0x0000000081900000|100%|HS|  |TAMS 0x0000000081900000, 0x0000000081900000| Complete 
|  25|0x0000000081900000, 0x0000000081a00000, 0x0000000081a00000|100%|HS|  |TAMS 0x0000000081a00000, 0x0000000081a00000| Complete 
|  26|0x0000000081a00000, 0x0000000081b00000, 0x0000000081b00000|100%|HS|  |TAMS 0x0000000081b00000, 0x0000000081b00000| Complete 
|  27|0x0000000081b00000, 0x0000000081c00000, 0x0000000081c00000|100%|HC|  |TAMS 0x0000000081c00000, 0x0000000081c00000| Complete 
|  28|0x0000000081c00000, 0x0000000081d00000, 0x0000000081d00000|100%|HC|  |TAMS 0x0000000081d00000, 0x0000000081d00000| Complete 
|  29|0x0000000081d00000, 0x0000000081e00000, 0x0000000081e00000|100%|HC|  |TAMS 0x0000000081e00000, 0x0000000081e00000| Complete 
|  30|0x0000000081e00000, 0x0000000081f00000, 0x0000000081f00000|100%| O|  |TAMS 0x0000000081f00000, 0x0000000081f00000| Untracked 
|  31|0x0000000081f00000, 0x0000000082000000, 0x0000000082000000|100%| O|  |TAMS 0x0000000082000000, 0x0000000082000000| Untracked 
|  32|0x0000000082000000, 0x0000000082100000, 0x0000000082100000|100%| O|  |TAMS 0x0000000082100000, 0x0000000082100000| Untracked 
|  33|0x0000000082100000, 0x0000000082200000, 0x0000000082200000|100%| O|  |TAMS 0x0000000082200000, 0x0000000082200000| Untracked 
|  34|0x0000000082200000, 0x0000000082300000, 0x0000000082300000|100%| O|  |TAMS 0x0000000082300000, 0x0000000082300000| Untracked 
|  35|0x0000000082300000, 0x0000000082400000, 0x0000000082400000|100%| O|  |TAMS 0x0000000082400000, 0x0000000082400000| Untracked 
|  36|0x0000000082400000, 0x0000000082500000, 0x0000000082500000|100%|HS|  |TAMS 0x0000000082500000, 0x0000000082500000| Complete 
|  37|0x0000000082500000, 0x0000000082600000, 0x0000000082600000|100%|HC|  |TAMS 0x0000000082600000, 0x0000000082600000| Complete 
|  38|0x0000000082600000, 0x0000000082700000, 0x0000000082700000|100%| O|  |TAMS 0x0000000082700000, 0x0000000082700000| Untracked 
|  39|0x0000000082700000, 0x0000000082800000, 0x0000000082800000|100%| O|  |TAMS 0x0000000082800000, 0x0000000082800000| Untracked 
|  40|0x0000000082800000, 0x0000000082900000, 0x0000000082900000|100%| O|  |TAMS 0x0000000082900000, 0x0000000082900000| Untracked 
|  41|0x0000000082900000, 0x0000000082a00000, 0x0000000082a00000|100%| O|  |TAMS 0x0000000082a00000, 0x0000000082a00000| Untracked 
|  42|0x0000000082a00000, 0x0000000082b00000, 0x0000000082b00000|100%| O|  |TAMS 0x0000000082b00000, 0x0000000082b00000| Untracked 
|  43|0x0000000082b00000, 0x0000000082c00000, 0x0000000082c00000|100%| O|  |TAMS 0x0000000082c00000, 0x0000000082c00000| Untracked 
|  44|0x0000000082c00000, 0x0000000082d00000, 0x0000000082d00000|100%| O|  |TAMS 0x0000000082d00000, 0x0000000082d00000| Untracked 
|  45|0x0000000082d00000, 0x0000000082e00000, 0x0000000082e00000|100%| O|  |TAMS 0x0000000082e00000, 0x0000000082e00000| Untracked 
|  46|0x0000000082e00000, 0x0000000082f00000, 0x0000000082f00000|100%| O|  |TAMS 0x0000000082f00000, 0x0000000082f00000| Untracked 
|  47|0x0000000082f00000, 0x0000000083000000, 0x0000000083000000|100%| O|  |TAMS 0x0000000083000000, 0x0000000083000000| Untracked 
|  48|0x0000000083000000, 0x0000000083100000, 0x0000000083100000|100%| O|  |TAMS 0x0000000083100000, 0x0000000083100000| Untracked 
|  49|0x0000000083100000, 0x0000000083200000, 0x0000000083200000|100%| O|  |TAMS 0x0000000083200000, 0x0000000083200000| Untracked 
|  50|0x0000000083200000, 0x0000000083300000, 0x0000000083300000|100%| O|  |TAMS 0x0000000083300000, 0x0000000083300000| Untracked 
|  51|0x0000000083300000, 0x0000000083400000, 0x0000000083400000|100%| O|  |TAMS 0x0000000083400000, 0x0000000083400000| Untracked 
|  52|0x0000000083400000, 0x0000000083500000, 0x0000000083500000|100%| O|  |TAMS 0x0000000083500000, 0x0000000083500000| Untracked 
|  53|0x0000000083500000, 0x0000000083600000, 0x0000000083600000|100%| O|  |TAMS 0x0000000083600000, 0x0000000083600000| Untracked 
|  54|0x0000000083600000, 0x0000000083700000, 0x0000000083700000|100%| O|  |TAMS 0x0000000083700000, 0x0000000083700000| Untracked 
|  55|0x0000000083700000, 0x0000000083800000, 0x0000000083800000|100%| O|  |TAMS 0x0000000083800000, 0x0000000083800000| Untracked 
|  56|0x0000000083800000, 0x0000000083900000, 0x0000000083900000|100%| O|  |TAMS 0x0000000083900000, 0x0000000083900000| Untracked 
|  57|0x0000000083900000, 0x0000000083a00000, 0x0000000083a00000|100%| O|  |TAMS 0x0000000083a00000, 0x0000000083a00000| Untracked 
|  58|0x0000000083a00000, 0x0000000083b00000, 0x0000000083b00000|100%| O|  |TAMS 0x0000000083b00000, 0x0000000083b00000| Untracked 
|  59|0x0000000083b00000, 0x0000000083c00000, 0x0000000083c00000|100%| O|  |TAMS 0x0000000083c00000, 0x0000000083c00000| Untracked 
|  60|0x0000000083c00000, 0x0000000083d00000, 0x0000000083d00000|100%| O|  |TAMS 0x0000000083d00000, 0x0000000083d00000| Untracked 
|  61|0x0000000083d00000, 0x0000000083e00000, 0x0000000083e00000|100%| O|  |TAMS 0x0000000083db1800, 0x0000000083e00000| Untracked 
|  62|0x0000000083e00000, 0x0000000083f00000, 0x0000000083f00000|100%| O|  |TAMS 0x0000000083e00000, 0x0000000083f00000| Untracked 
|  63|0x0000000083f00000, 0x0000000084000000, 0x0000000084000000|100%| O|  |TAMS 0x0000000083f00000, 0x0000000084000000| Untracked 
|  64|0x0000000084000000, 0x0000000084100000, 0x0000000084100000|100%| O|  |TAMS 0x0000000084000000, 0x0000000084100000| Untracked 
|  65|0x0000000084100000, 0x00000000841d5200, 0x0000000084200000| 83%| O|  |TAMS 0x0000000084100000, 0x00000000841d5200| Untracked 
|  66|0x0000000084200000, 0x0000000084200000, 0x0000000084300000|  0%| F|  |TAMS 0x0000000084200000, 0x0000000084200000| Untracked 
|  67|0x0000000084300000, 0x0000000084300000, 0x0000000084400000|  0%| F|  |TAMS 0x0000000084300000, 0x0000000084300000| Untracked 
|  68|0x0000000084400000, 0x0000000084400000, 0x0000000084500000|  0%| F|  |TAMS 0x0000000084400000, 0x0000000084400000| Untracked 
|  69|0x0000000084500000, 0x0000000084500000, 0x0000000084600000|  0%| F|  |TAMS 0x0000000084500000, 0x0000000084500000| Untracked 
|  70|0x0000000084600000, 0x0000000084600000, 0x0000000084700000|  0%| F|  |TAMS 0x0000000084600000, 0x0000000084600000| Untracked 
|  71|0x0000000084700000, 0x0000000084700000, 0x0000000084800000|  0%| F|  |TAMS 0x0000000084700000, 0x0000000084700000| Untracked 
|  72|0x0000000084800000, 0x0000000084800000, 0x0000000084900000|  0%| F|  |TAMS 0x0000000084800000, 0x0000000084800000| Untracked 
|  73|0x0000000084900000, 0x0000000084900000, 0x0000000084a00000|  0%| F|  |TAMS 0x0000000084900000, 0x0000000084900000| Untracked 
|  74|0x0000000084a00000, 0x0000000084a00000, 0x0000000084b00000|  0%| F|  |TAMS 0x0000000084a00000, 0x0000000084a00000| Untracked 
|  75|0x0000000084b00000, 0x0000000084b00000, 0x0000000084c00000|  0%| F|  |TAMS 0x0000000084b00000, 0x0000000084b00000| Untracked 
|  76|0x0000000084c00000, 0x0000000084c00000, 0x0000000084d00000|  0%| F|  |TAMS 0x0000000084c00000, 0x0000000084c00000| Untracked 
|  77|0x0000000084d00000, 0x0000000084d00000, 0x0000000084e00000|  0%| F|  |TAMS 0x0000000084d00000, 0x0000000084d00000| Untracked 
|  78|0x0000000084e00000, 0x0000000084e00000, 0x0000000084f00000|  0%| F|  |TAMS 0x0000000084e00000, 0x0000000084e00000| Untracked 
|  79|0x0000000084f00000, 0x0000000084f00000, 0x0000000085000000|  0%| F|  |TAMS 0x0000000084f00000, 0x0000000084f00000| Untracked 
|  80|0x0000000085000000, 0x0000000085000000, 0x0000000085100000|  0%| F|  |TAMS 0x0000000085000000, 0x0000000085000000| Untracked 
|  81|0x0000000085100000, 0x0000000085100000, 0x0000000085200000|  0%| F|  |TAMS 0x0000000085100000, 0x0000000085100000| Untracked 
|  82|0x0000000085200000, 0x0000000085200000, 0x0000000085300000|  0%| F|  |TAMS 0x0000000085200000, 0x0000000085200000| Untracked 
|  83|0x0000000085300000, 0x0000000085300000, 0x0000000085400000|  0%| F|  |TAMS 0x0000000085300000, 0x0000000085300000| Untracked 
|  84|0x0000000085400000, 0x0000000085400000, 0x0000000085500000|  0%| F|  |TAMS 0x0000000085400000, 0x0000000085400000| Untracked 
|  85|0x0000000085500000, 0x0000000085500000, 0x0000000085600000|  0%| F|  |TAMS 0x0000000085500000, 0x0000000085500000| Untracked 
|  86|0x0000000085600000, 0x0000000085600000, 0x0000000085700000|  0%| F|  |TAMS 0x0000000085600000, 0x0000000085600000| Untracked 
|  87|0x0000000085700000, 0x0000000085700000, 0x0000000085800000|  0%| F|  |TAMS 0x0000000085700000, 0x0000000085700000| Untracked 
|  88|0x0000000085800000, 0x0000000085800000, 0x0000000085900000|  0%| F|  |TAMS 0x0000000085800000, 0x0000000085800000| Untracked 
|  89|0x0000000085900000, 0x0000000085900000, 0x0000000085a00000|  0%| F|  |TAMS 0x0000000085900000, 0x0000000085900000| Untracked 
|  90|0x0000000085a00000, 0x0000000085a00000, 0x0000000085b00000|  0%| F|  |TAMS 0x0000000085a00000, 0x0000000085a00000| Untracked 
|  91|0x0000000085b00000, 0x0000000085b00000, 0x0000000085c00000|  0%| F|  |TAMS 0x0000000085b00000, 0x0000000085b00000| Untracked 
|  92|0x0000000085c00000, 0x0000000085c00000, 0x0000000085d00000|  0%| F|  |TAMS 0x0000000085c00000, 0x0000000085c00000| Untracked 
|  93|0x0000000085d00000, 0x0000000085d00000, 0x0000000085e00000|  0%| F|  |TAMS 0x0000000085d00000, 0x0000000085d00000| Untracked 
|  94|0x0000000085e00000, 0x0000000085e00000, 0x0000000085f00000|  0%| F|  |TAMS 0x0000000085e00000, 0x0000000085e00000| Untracked 
|  95|0x0000000085f00000, 0x0000000085f00000, 0x0000000086000000|  0%| F|  |TAMS 0x0000000085f00000, 0x0000000085f00000| Untracked 
|  96|0x0000000086000000, 0x0000000086000000, 0x0000000086100000|  0%| F|  |TAMS 0x0000000086000000, 0x0000000086000000| Untracked 
|  97|0x0000000086100000, 0x0000000086100000, 0x0000000086200000|  0%| F|  |TAMS 0x0000000086100000, 0x0000000086100000| Untracked 
|  98|0x0000000086200000, 0x0000000086200000, 0x0000000086300000|  0%| F|  |TAMS 0x0000000086200000, 0x0000000086200000| Untracked 
|  99|0x0000000086300000, 0x0000000086300000, 0x0000000086400000|  0%| F|  |TAMS 0x0000000086300000, 0x0000000086300000| Untracked 
| 100|0x0000000086400000, 0x0000000086400000, 0x0000000086500000|  0%| F|  |TAMS 0x0000000086400000, 0x0000000086400000| Untracked 
| 101|0x0000000086500000, 0x0000000086500000, 0x0000000086600000|  0%| F|  |TAMS 0x0000000086500000, 0x0000000086500000| Untracked 
| 102|0x0000000086600000, 0x0000000086600000, 0x0000000086700000|  0%| F|  |TAMS 0x0000000086600000, 0x0000000086600000| Untracked 
| 103|0x0000000086700000, 0x0000000086700000, 0x0000000086800000|  0%| F|  |TAMS 0x0000000086700000, 0x0000000086700000| Untracked 
| 104|0x0000000086800000, 0x0000000086800000, 0x0000000086900000|  0%| F|  |TAMS 0x0000000086800000, 0x0000000086800000| Untracked 
| 105|0x0000000086900000, 0x0000000086900000, 0x0000000086a00000|  0%| F|  |TAMS 0x0000000086900000, 0x0000000086900000| Untracked 
| 106|0x0000000086a00000, 0x0000000086a00000, 0x0000000086b00000|  0%| F|  |TAMS 0x0000000086a00000, 0x0000000086a00000| Untracked 
| 107|0x0000000086b00000, 0x0000000086b00000, 0x0000000086c00000|  0%| F|  |TAMS 0x0000000086b00000, 0x0000000086b00000| Untracked 
| 108|0x0000000086c00000, 0x0000000086c00000, 0x0000000086d00000|  0%| F|  |TAMS 0x0000000086c00000, 0x0000000086c00000| Untracked 
| 109|0x0000000086d00000, 0x0000000086d00000, 0x0000000086e00000|  0%| F|  |TAMS 0x0000000086d00000, 0x0000000086d00000| Untracked 
| 110|0x0000000086e00000, 0x0000000086e00000, 0x0000000086f00000|  0%| F|  |TAMS 0x0000000086e00000, 0x0000000086e00000| Untracked 
| 111|0x0000000086f00000, 0x0000000086f00000, 0x0000000087000000|  0%| F|  |TAMS 0x0000000086f00000, 0x0000000086f00000| Untracked 
| 112|0x0000000087000000, 0x0000000087000000, 0x0000000087100000|  0%| F|  |TAMS 0x0000000087000000, 0x0000000087000000| Untracked 
| 113|0x0000000087100000, 0x0000000087100000, 0x0000000087200000|  0%| F|  |TAMS 0x0000000087100000, 0x0000000087100000| Untracked 
| 114|0x0000000087200000, 0x0000000087200000, 0x0000000087300000|  0%| F|  |TAMS 0x0000000087200000, 0x0000000087200000| Untracked 
| 115|0x0000000087300000, 0x0000000087300000, 0x0000000087400000|  0%| F|  |TAMS 0x0000000087300000, 0x0000000087300000| Untracked 
| 116|0x0000000087400000, 0x0000000087400000, 0x0000000087500000|  0%| F|  |TAMS 0x0000000087400000, 0x0000000087400000| Untracked 
| 117|0x0000000087500000, 0x0000000087500000, 0x0000000087600000|  0%| F|  |TAMS 0x0000000087500000, 0x0000000087500000| Untracked 
| 118|0x0000000087600000, 0x0000000087600000, 0x0000000087700000|  0%| F|  |TAMS 0x0000000087600000, 0x0000000087600000| Untracked 
| 119|0x0000000087700000, 0x0000000087700000, 0x0000000087800000|  0%| F|  |TAMS 0x0000000087700000, 0x0000000087700000| Untracked 
| 120|0x0000000087800000, 0x0000000087800000, 0x0000000087900000|  0%| F|  |TAMS 0x0000000087800000, 0x0000000087800000| Untracked 
| 121|0x0000000087900000, 0x0000000087900000, 0x0000000087a00000|  0%| F|  |TAMS 0x0000000087900000, 0x0000000087900000| Untracked 
| 122|0x0000000087a00000, 0x0000000087a00000, 0x0000000087b00000|  0%| F|  |TAMS 0x0000000087a00000, 0x0000000087a00000| Untracked 
| 123|0x0000000087b00000, 0x0000000087b00000, 0x0000000087c00000|  0%| F|  |TAMS 0x0000000087b00000, 0x0000000087b00000| Untracked 
| 124|0x0000000087c00000, 0x0000000087c00000, 0x0000000087d00000|  0%| F|  |TAMS 0x0000000087c00000, 0x0000000087c00000| Untracked 
| 125|0x0000000087d00000, 0x0000000087d00000, 0x0000000087e00000|  0%| F|  |TAMS 0x0000000087d00000, 0x0000000087d00000| Untracked 
| 126|0x0000000087e00000, 0x0000000087e00000, 0x0000000087f00000|  0%| F|  |TAMS 0x0000000087e00000, 0x0000000087e00000| Untracked 
| 127|0x0000000087f00000, 0x0000000087f00000, 0x0000000088000000|  0%| F|  |TAMS 0x0000000087f00000, 0x0000000087f00000| Untracked 
| 128|0x0000000088000000, 0x0000000088000000, 0x0000000088100000|  0%| F|  |TAMS 0x0000000088000000, 0x0000000088000000| Untracked 
| 129|0x0000000088100000, 0x0000000088100000, 0x0000000088200000|  0%| F|  |TAMS 0x0000000088100000, 0x0000000088100000| Untracked 
| 130|0x0000000088200000, 0x0000000088200000, 0x0000000088300000|  0%| F|  |TAMS 0x0000000088200000, 0x0000000088200000| Untracked 
| 131|0x0000000088300000, 0x0000000088300000, 0x0000000088400000|  0%| F|  |TAMS 0x0000000088300000, 0x0000000088300000| Untracked 
| 132|0x0000000088400000, 0x0000000088400000, 0x0000000088500000|  0%| F|  |TAMS 0x0000000088400000, 0x0000000088400000| Untracked 
| 133|0x0000000088500000, 0x0000000088500000, 0x0000000088600000|  0%| F|  |TAMS 0x0000000088500000, 0x0000000088500000| Untracked 
| 134|0x0000000088600000, 0x0000000088600000, 0x0000000088700000|  0%| F|  |TAMS 0x0000000088600000, 0x0000000088600000| Untracked 
| 135|0x0000000088700000, 0x0000000088700000, 0x0000000088800000|  0%| F|  |TAMS 0x0000000088700000, 0x0000000088700000| Untracked 
| 136|0x0000000088800000, 0x0000000088800000, 0x0000000088900000|  0%| F|  |TAMS 0x0000000088800000, 0x0000000088800000| Untracked 
| 137|0x0000000088900000, 0x0000000088900000, 0x0000000088a00000|  0%| F|  |TAMS 0x0000000088900000, 0x0000000088900000| Untracked 
| 138|0x0000000088a00000, 0x0000000088a00000, 0x0000000088b00000|  0%| F|  |TAMS 0x0000000088a00000, 0x0000000088a00000| Untracked 
| 139|0x0000000088b00000, 0x0000000088b00000, 0x0000000088c00000|  0%| F|  |TAMS 0x0000000088b00000, 0x0000000088b00000| Untracked 
| 140|0x0000000088c00000, 0x0000000088c00000, 0x0000000088d00000|  0%| F|  |TAMS 0x0000000088c00000, 0x0000000088c00000| Untracked 
| 141|0x0000000088d00000, 0x0000000088d00000, 0x0000000088e00000|  0%| F|  |TAMS 0x0000000088d00000, 0x0000000088d00000| Untracked 
| 142|0x0000000088e00000, 0x0000000088e00000, 0x0000000088f00000|  0%| F|  |TAMS 0x0000000088e00000, 0x0000000088e00000| Untracked 
| 143|0x0000000088f00000, 0x0000000088f00000, 0x0000000089000000|  0%| F|  |TAMS 0x0000000088f00000, 0x0000000088f00000| Untracked 
| 144|0x0000000089000000, 0x0000000089000000, 0x0000000089100000|  0%| F|  |TAMS 0x0000000089000000, 0x0000000089000000| Untracked 
| 145|0x0000000089100000, 0x0000000089100000, 0x0000000089200000|  0%| F|  |TAMS 0x0000000089100000, 0x0000000089100000| Untracked 
| 146|0x0000000089200000, 0x0000000089200000, 0x0000000089300000|  0%| F|  |TAMS 0x0000000089200000, 0x0000000089200000| Untracked 
| 147|0x0000000089300000, 0x0000000089300000, 0x0000000089400000|  0%| F|  |TAMS 0x0000000089300000, 0x0000000089300000| Untracked 
| 148|0x0000000089400000, 0x0000000089400000, 0x0000000089500000|  0%| F|  |TAMS 0x0000000089400000, 0x0000000089400000| Untracked 
| 149|0x0000000089500000, 0x0000000089500000, 0x0000000089600000|  0%| F|  |TAMS 0x0000000089500000, 0x0000000089500000| Untracked 
| 150|0x0000000089600000, 0x0000000089600000, 0x0000000089700000|  0%| F|  |TAMS 0x0000000089600000, 0x0000000089600000| Untracked 
| 151|0x0000000089700000, 0x0000000089700000, 0x0000000089800000|  0%| F|  |TAMS 0x0000000089700000, 0x0000000089700000| Untracked 
| 152|0x0000000089800000, 0x0000000089800000, 0x0000000089900000|  0%| F|  |TAMS 0x0000000089800000, 0x0000000089800000| Untracked 
| 153|0x0000000089900000, 0x0000000089900000, 0x0000000089a00000|  0%| F|  |TAMS 0x0000000089900000, 0x0000000089900000| Untracked 
| 154|0x0000000089a00000, 0x0000000089a00000, 0x0000000089b00000|  0%| F|  |TAMS 0x0000000089a00000, 0x0000000089a00000| Untracked 
| 155|0x0000000089b00000, 0x0000000089b00000, 0x0000000089c00000|  0%| F|  |TAMS 0x0000000089b00000, 0x0000000089b00000| Untracked 
| 156|0x0000000089c00000, 0x0000000089c00000, 0x0000000089d00000|  0%| F|  |TAMS 0x0000000089c00000, 0x0000000089c00000| Untracked 
| 157|0x0000000089d00000, 0x0000000089d00000, 0x0000000089e00000|  0%| F|  |TAMS 0x0000000089d00000, 0x0000000089d00000| Untracked 
| 158|0x0000000089e00000, 0x0000000089e00000, 0x0000000089f00000|  0%| F|  |TAMS 0x0000000089e00000, 0x0000000089e00000| Untracked 
| 159|0x0000000089f00000, 0x0000000089f00000, 0x000000008a000000|  0%| F|  |TAMS 0x0000000089f00000, 0x0000000089f00000| Untracked 
| 160|0x000000008a000000, 0x000000008a000000, 0x000000008a100000|  0%| F|  |TAMS 0x000000008a000000, 0x000000008a000000| Untracked 
| 161|0x000000008a100000, 0x000000008a100000, 0x000000008a200000|  0%| F|  |TAMS 0x000000008a100000, 0x000000008a100000| Untracked 
| 162|0x000000008a200000, 0x000000008a200000, 0x000000008a300000|  0%| F|  |TAMS 0x000000008a200000, 0x000000008a200000| Untracked 
| 163|0x000000008a300000, 0x000000008a36bab0, 0x000000008a400000| 42%| S|CS|TAMS 0x000000008a300000, 0x000000008a300000| Complete 
| 164|0x000000008a400000, 0x000000008a500000, 0x000000008a500000|100%| S|CS|TAMS 0x000000008a400000, 0x000000008a400000| Complete 
| 165|0x000000008a500000, 0x000000008a600000, 0x000000008a600000|100%| S|CS|TAMS 0x000000008a500000, 0x000000008a500000| Complete 
| 166|0x000000008a600000, 0x000000008a700000, 0x000000008a700000|100%| S|CS|TAMS 0x000000008a600000, 0x000000008a600000| Complete 
| 167|0x000000008a700000, 0x000000008a800000, 0x000000008a800000|100%| S|CS|TAMS 0x000000008a700000, 0x000000008a700000| Complete 
| 168|0x000000008a800000, 0x000000008a900000, 0x000000008a900000|100%| S|CS|TAMS 0x000000008a800000, 0x000000008a800000| Complete 
| 169|0x000000008a900000, 0x000000008aa00000, 0x000000008aa00000|100%| S|CS|TAMS 0x000000008a900000, 0x000000008a900000| Complete 
| 170|0x000000008aa00000, 0x000000008aa00000, 0x000000008ab00000|  0%| F|  |TAMS 0x000000008aa00000, 0x000000008aa00000| Untracked 
| 171|0x000000008ab00000, 0x000000008ab00000, 0x000000008ac00000|  0%| F|  |TAMS 0x000000008ab00000, 0x000000008ab00000| Untracked 
| 172|0x000000008ac00000, 0x000000008ac00000, 0x000000008ad00000|  0%| F|  |TAMS 0x000000008ac00000, 0x000000008ac00000| Untracked 
| 173|0x000000008ad00000, 0x000000008ad00000, 0x000000008ae00000|  0%| F|  |TAMS 0x000000008ad00000, 0x000000008ad00000| Untracked 
| 174|0x000000008ae00000, 0x000000008ae00000, 0x000000008af00000|  0%| F|  |TAMS 0x000000008ae00000, 0x000000008ae00000| Untracked 
| 175|0x000000008af00000, 0x000000008af00000, 0x000000008b000000|  0%| F|  |TAMS 0x000000008af00000, 0x000000008af00000| Untracked 
| 176|0x000000008b000000, 0x000000008b000000, 0x000000008b100000|  0%| F|  |TAMS 0x000000008b000000, 0x000000008b000000| Untracked 
| 177|0x000000008b100000, 0x000000008b100000, 0x000000008b200000|  0%| F|  |TAMS 0x000000008b100000, 0x000000008b100000| Untracked 
| 178|0x000000008b200000, 0x000000008b200000, 0x000000008b300000|  0%| F|  |TAMS 0x000000008b200000, 0x000000008b200000| Untracked 
| 179|0x000000008b300000, 0x000000008b300000, 0x000000008b400000|  0%| F|  |TAMS 0x000000008b300000, 0x000000008b300000| Untracked 
| 180|0x000000008b400000, 0x000000008b400000, 0x000000008b500000|  0%| F|  |TAMS 0x000000008b400000, 0x000000008b400000| Untracked 
| 181|0x000000008b500000, 0x000000008b500000, 0x000000008b600000|  0%| F|  |TAMS 0x000000008b500000, 0x000000008b500000| Untracked 
| 182|0x000000008b600000, 0x000000008b600000, 0x000000008b700000|  0%| F|  |TAMS 0x000000008b600000, 0x000000008b600000| Untracked 
| 183|0x000000008b700000, 0x000000008b700000, 0x000000008b800000|  0%| F|  |TAMS 0x000000008b700000, 0x000000008b700000| Untracked 
| 184|0x000000008b800000, 0x000000008b800000, 0x000000008b900000|  0%| F|  |TAMS 0x000000008b800000, 0x000000008b800000| Untracked 

Card table byte_map: [0x0000028018740000,0x0000028018b40000] _byte_map_base: 0x0000028018340000

Marking Bits (Prev, Next): (CMBitMap*) 0x000002800585c2c0, (CMBitMap*) 0x000002800585c288
 Prev Bits: [0x000002801af40000, 0x000002801cf40000)
 Next Bits: [0x0000028018f40000, 0x000002801af40000)

Polling page: 0x0000028003720000

Metaspace:

Usage:
  Non-class:     72.60 MB capacity,    71.61 MB ( 99%) used,   804.14 KB (  1%) free+waste,   213.81 KB ( <1%) overhead. 
      Class:     11.37 MB capacity,    10.68 MB ( 94%) used,   606.35 KB (  5%) free+waste,    98.13 KB ( <1%) overhead. 
       Both:     83.97 MB capacity,    82.29 MB ( 98%) used,     1.38 MB (  2%) free+waste,   311.94 KB ( <1%) overhead. 

Virtual space:
  Non-class space:       80.00 MB reserved,      72.60 MB ( 91%) committed 
      Class space:        1.00 GB reserved,      11.48 MB (  1%) committed 
             Both:        1.08 GB reserved,      84.08 MB (  8%) committed 

Chunk freelists:
   Non-Class:  0 bytes
       Class:  0 bytes
        Both:  0 bytes

MaxMetaspaceSize: 17179869184.00 GB
CompressedClassSpaceSize: 1.00 GB
Initial GC threshold: 20.80 MB
Current GC threshold: 138.47 MB
CDS: off

CodeHeap 'non-profiled nmethods': size=120064Kb used=5037Kb max_used=5037Kb free=115026Kb
 bounds [0x0000028010e00000, 0x00000280112f0000, 0x0000028018340000]
CodeHeap 'profiled nmethods': size=120000Kb used=18026Kb max_used=18026Kb free=101974Kb
 bounds [0x00000280098d0000, 0x000002800aa70000, 0x0000028010e00000]
CodeHeap 'non-nmethods': size=5696Kb used=2363Kb max_used=2410Kb free=3332Kb
 bounds [0x0000028009340000, 0x00000280095b0000, 0x00000280098d0000]
 total_blobs=9192 nmethods=8310 adapters=794
 compilation: enabled
              stopped_count=0, restarted_count=0
 full_count=0

Compilation events (20 events):
Event: 20.525 Thread 0x00000280217db800 nmethod 8275 0x00000280112e4490 code [0x00000280112e48c0, 0x00000280112e8848]
Event: 20.525 Thread 0x00000280217db800 8348       4       java.util.AbstractMap::<init> (5 bytes)
Event: 20.526 Thread 0x00000280217db800 nmethod 8348 0x00000280112eab90 code [0x00000280112ead20, 0x00000280112ead78]
Event: 20.526 Thread 0x00000280217db800 8347   !   4       org.gradle.internal.service.DefaultServiceRegistry$ManagedObjectServiceProvider::getInstance (47 bytes)
Event: 20.533 Thread 0x000002801f449000 8356       3       java.io.ObjectStreamField::isPrimitive (23 bytes)
Event: 20.534 Thread 0x000002801f449000 nmethod 8356 0x000002800aa63990 code [0x000002800aa63ba0, 0x000002800aa64108]
Event: 20.534 Thread 0x000002801f449000 8357       1       java.io.ObjectStreamField::getField (5 bytes)
Event: 20.534 Thread 0x000002801f449000 nmethod 8357 0x00000280112eae90 code [0x00000280112eb040, 0x00000280112eb0f8]
Event: 20.534 Thread 0x000002801f449000 8358       3       java.io.ObjectOutputStream$BlockDataOutputStream::writeShort (47 bytes)
Event: 20.534 Thread 0x000002801f449000 nmethod 8358 0x000002800aa64310 code [0x000002800aa64500, 0x000002800aa649d8]
Event: 20.534 Thread 0x000002801f449000 8359       3       java.io.Bits::putShort (16 bytes)
Event: 20.535 Thread 0x000002801f449000 nmethod 8359 0x000002800aa64c10 code [0x000002800aa64dc0, 0x000002800aa64ef8]
Event: 20.535 Thread 0x000002801f449000 8360       3       java.io.ObjectOutputStream$BlockDataOutputStream::drain (45 bytes)
Event: 20.536 Thread 0x000002801f449000 nmethod 8360 0x000002800aa65010 code [0x000002800aa651e0, 0x000002800aa65498]
Event: 20.633 Thread 0x000002801f449000 8361       3       com.google.common.cache.LocalCache::createSegment (13 bytes)
Event: 20.633 Thread 0x000002801f449000 nmethod 8361 0x000002800aa65590 code [0x000002800aa65740, 0x000002800aa65908]
Event: 20.633 Thread 0x000002801f449000 8362       3       com.google.common.cache.LocalCache$Segment::<init> (163 bytes)
Event: 20.636 Thread 0x000002801f449000 nmethod 8362 0x000002800aa65a10 code [0x000002800aa65e60, 0x000002800aa684c8]
Event: 20.672 Thread 0x000002801f449000 8363       1       com.google.common.collect.MapMakerInternalMap$AbstractWeakKeyEntry::getNext (5 bytes)
Event: 20.672 Thread 0x000002801f449000 nmethod 8363 0x00000280112eb190 code [0x00000280112eb340, 0x00000280112eb3f8]

GC Heap History (20 events):
Event: 4.582 GC heap before
{Heap before GC invocations=5 (full 0):
 garbage-first heap   total 131072K, used 73808K [0x0000000080000000, 0x0000000100000000)
  region size 1024K, 57 young (58368K), 2 survivors (2048K)
 Metaspace       used 26711K, capacity 27325K, committed 27516K, reserved 1073152K
  class space    used 3454K, capacity 3674K, committed 3788K, reserved 1048576K
}
Event: 4.595 GC heap after
{Heap after GC invocations=6 (full 0):
 garbage-first heap   total 131072K, used 19391K [0x0000000080000000, 0x0000000100000000)
  region size 1024K, 4 young (4096K), 4 survivors (4096K)
 Metaspace       used 26711K, capacity 27325K, committed 27516K, reserved 1073152K
  class space    used 3454K, capacity 3674K, committed 3788K, reserved 1048576K
}
Event: 5.632 GC heap before
{Heap before GC invocations=7 (full 0):
 garbage-first heap   total 131072K, used 79807K [0x0000000080000000, 0x0000000100000000)
  region size 1024K, 63 young (64512K), 4 survivors (4096K)
 Metaspace       used 35144K, capacity 35893K, committed 36092K, reserved 1081344K
  class space    used 4516K, capacity 4831K, committed 4940K, reserved 1048576K
}
Event: 5.648 GC heap after
{Heap after GC invocations=8 (full 0):
 garbage-first heap   total 157696K, used 22862K [0x0000000080000000, 0x0000000100000000)
  region size 1024K, 7 young (7168K), 7 survivors (7168K)
 Metaspace       used 35144K, capacity 35893K, committed 36092K, reserved 1081344K
  class space    used 4516K, capacity 4831K, committed 4940K, reserved 1048576K
}
Event: 6.899 GC heap before
{Heap before GC invocations=8 (full 0):
 garbage-first heap   total 157696K, used 99662K [0x0000000080000000, 0x0000000100000000)
  region size 1024K, 79 young (80896K), 7 survivors (7168K)
 Metaspace       used 40975K, capacity 41942K, committed 42108K, reserved 1085440K
  class space    used 5174K, capacity 5519K, committed 5580K, reserved 1048576K
}
Event: 6.923 GC heap after
{Heap after GC invocations=9 (full 0):
 garbage-first heap   total 157696K, used 28239K [0x0000000080000000, 0x0000000100000000)
  region size 1024K, 9 young (9216K), 9 survivors (9216K)
 Metaspace       used 40975K, capacity 41942K, committed 42108K, reserved 1085440K
  class space    used 5174K, capacity 5519K, committed 5580K, reserved 1048576K
}
Event: 7.725 GC heap before
{Heap before GC invocations=9 (full 0):
 garbage-first heap   total 157696K, used 74319K [0x0000000080000000, 0x0000000100000000)
  region size 1024K, 54 young (55296K), 9 survivors (9216K)
 Metaspace       used 45168K, capacity 46163K, committed 46288K, reserved 1089536K
  class space    used 5724K, capacity 6107K, committed 6176K, reserved 1048576K
}
Event: 7.748 GC heap after
{Heap after GC invocations=10 (full 0):
 garbage-first heap   total 157696K, used 30315K [0x0000000080000000, 0x0000000100000000)
  region size 1024K, 8 young (8192K), 8 survivors (8192K)
 Metaspace       used 45168K, capacity 46163K, committed 46288K, reserved 1089536K
  class space    used 5724K, capacity 6107K, committed 6176K, reserved 1048576K
}
Event: 9.308 GC heap before
{Heap before GC invocations=11 (full 0):
 garbage-first heap   total 157696K, used 113259K [0x0000000080000000, 0x0000000100000000)
  region size 1024K, 82 young (83968K), 8 survivors (8192K)
 Metaspace       used 48892K, capacity 50191K, committed 50512K, reserved 1093632K
  class space    used 6171K, capacity 6690K, committed 6816K, reserved 1048576K
}
Event: 9.325 GC heap after
{Heap after GC invocations=12 (full 0):
 garbage-first heap   total 157696K, used 45699K [0x0000000080000000, 0x0000000100000000)
  region size 1024K, 10 young (10240K), 10 survivors (10240K)
 Metaspace       used 48892K, capacity 50191K, committed 50512K, reserved 1093632K
  class space    used 6171K, capacity 6690K, committed 6816K, reserved 1048576K
}
Event: 10.635 GC heap before
{Heap before GC invocations=12 (full 0):
 garbage-first heap   total 157696K, used 115331K [0x0000000080000000, 0x0000000100000000)
  region size 1024K, 77 young (78848K), 10 survivors (10240K)
 Metaspace       used 57206K, capacity 58518K, committed 58704K, reserved 1099776K
  class space    used 7201K, capacity 7713K, committed 7840K, reserved 1048576K
}
Event: 10.651 GC heap after
{Heap after GC invocations=13 (full 0):
 garbage-first heap   total 189440K, used 51496K [0x0000000080000000, 0x0000000100000000)
  region size 1024K, 5 young (5120K), 5 survivors (5120K)
 Metaspace       used 57206K, capacity 58518K, committed 58704K, reserved 1099776K
  class space    used 7201K, capacity 7713K, committed 7840K, reserved 1048576K
}
Event: 12.107 GC heap before
{Heap before GC invocations=13 (full 0):
 garbage-first heap   total 189440K, used 142632K [0x0000000080000000, 0x0000000100000000)
  region size 1024K, 87 young (89088K), 5 survivors (5120K)
 Metaspace       used 64576K, capacity 66078K, committed 66256K, reserved 1107968K
  class space    used 8118K, capacity 8683K, committed 8736K, reserved 1048576K
}
Event: 12.122 GC heap after
{Heap after GC invocations=14 (full 0):
 garbage-first heap   total 189440K, used 58641K [0x0000000080000000, 0x0000000100000000)
  region size 1024K, 11 young (11264K), 11 survivors (11264K)
 Metaspace       used 64576K, capacity 66078K, committed 66256K, reserved 1107968K
  class space    used 8118K, capacity 8683K, committed 8736K, reserved 1048576K
}
Event: 14.540 GC heap before
{Heap before GC invocations=14 (full 0):
 garbage-first heap   total 189440K, used 141585K [0x0000000080000000, 0x0000000100000000)
  region size 1024K, 92 young (94208K), 11 survivors (11264K)
 Metaspace       used 68713K, capacity 70218K, committed 70352K, reserved 1110016K
  class space    used 8620K, capacity 9204K, committed 9248K, reserved 1048576K
}
Event: 14.565 GC heap after
{Heap after GC invocations=15 (full 0):
 garbage-first heap   total 189440K, used 63932K [0x0000000080000000, 0x0000000100000000)
  region size 1024K, 6 young (6144K), 6 survivors (6144K)
 Metaspace       used 68713K, capacity 70218K, committed 70352K, reserved 1110016K
  class space    used 8620K, capacity 9204K, committed 9248K, reserved 1048576K
}
Event: 17.167 GC heap before
{Heap before GC invocations=15 (full 0):
 garbage-first heap   total 189440K, used 129468K [0x0000000080000000, 0x0000000100000000)
  region size 1024K, 71 young (72704K), 6 survivors (6144K)
 Metaspace       used 75923K, capacity 77498K, committed 77576K, reserved 1116160K
  class space    used 9758K, capacity 10379K, committed 10400K, reserved 1048576K
}
Event: 17.194 GC heap after
{Heap after GC invocations=16 (full 0):
 garbage-first heap   total 189440K, used 67475K [0x0000000080000000, 0x0000000100000000)
  region size 1024K, 10 young (10240K), 10 survivors (10240K)
 Metaspace       used 75923K, capacity 77498K, committed 77576K, reserved 1116160K
  class space    used 9758K, capacity 10379K, committed 10400K, reserved 1048576K
}
Event: 19.898 GC heap before
{Heap before GC invocations=17 (full 0):
 garbage-first heap   total 189440K, used 144275K [0x0000000080000000, 0x0000000100000000)
  region size 1024K, 85 young (87040K), 10 survivors (10240K)
 Metaspace       used 82959K, capacity 84676K, committed 84692K, reserved 1122304K
  class space    used 10713K, capacity 11358K, committed 11372K, reserved 1048576K
}
Event: 19.938 GC heap after
{Heap after GC invocations=18 (full 0):
 garbage-first heap   total 189440K, used 72805K [0x0000000080000000, 0x0000000100000000)
  region size 1024K, 10 young (10240K), 10 survivors (10240K)
 Metaspace       used 82959K, capacity 84676K, committed 84692K, reserved 1122304K
  class space    used 10713K, capacity 11358K, committed 11372K, reserved 1048576K
}

Deoptimization events (20 events):
Event: 20.417 Thread 0x0000028025df2000 Uncommon trap: trap_request=0xffffffc6 fr.pc=0x0000028010f4a524 relative=0x00000000000002a4
Event: 20.417 Thread 0x0000028025df2000 Uncommon trap: reason=bimorphic_or_optimized_type_check action=maybe_recompile pc=0x0000028010f4a524 method=java.util.Spliterators$IteratorSpliterator.tryAdvance(Ljava/util/function/Consumer;)Z @ 50 c2
Event: 20.417 Thread 0x0000028025df2000 DEOPT PACKING pc=0x0000028010f4a524 sp=0x000000964abfcfe0
Event: 20.417 Thread 0x0000028025df2000 DEOPT UNPACKING pc=0x000002800938a1af sp=0x000000964abfcf90 mode 2
Event: 20.417 Thread 0x0000028025df2000 Uncommon trap: trap_request=0xffffffc6 fr.pc=0x0000028010f4a524 relative=0x00000000000002a4
Event: 20.417 Thread 0x0000028025df2000 Uncommon trap: reason=bimorphic_or_optimized_type_check action=maybe_recompile pc=0x0000028010f4a524 method=java.util.Spliterators$IteratorSpliterator.tryAdvance(Ljava/util/function/Consumer;)Z @ 50 c2
Event: 20.417 Thread 0x0000028025df2000 DEOPT PACKING pc=0x0000028010f4a524 sp=0x000000964abfcfe0
Event: 20.417 Thread 0x0000028025df2000 DEOPT UNPACKING pc=0x000002800938a1af sp=0x000000964abfcf90 mode 2
Event: 20.424 Thread 0x0000028025df2000 Uncommon trap: trap_request=0xffffffde fr.pc=0x00000280110890fc relative=0x000000000000005c
Event: 20.425 Thread 0x0000028025df2000 Uncommon trap: reason=class_check action=maybe_recompile pc=0x00000280110890fc method=java.util.stream.StreamOpFlag.fromCharacteristics(Ljava/util/Spliterator;)I @ 14 c2
Event: 20.425 Thread 0x0000028025df2000 DEOPT PACKING pc=0x00000280110890fc sp=0x000000964abfd5f0
Event: 20.425 Thread 0x0000028025df2000 DEOPT UNPACKING pc=0x000002800938a1af sp=0x000000964abfd580 mode 2
Event: 20.528 Thread 0x0000028025df2000 Uncommon trap: trap_request=0xffffffde fr.pc=0x00000280110890fc relative=0x000000000000005c
Event: 20.528 Thread 0x0000028025df2000 Uncommon trap: reason=class_check action=maybe_recompile pc=0x00000280110890fc method=java.util.stream.StreamOpFlag.fromCharacteristics(Ljava/util/Spliterator;)I @ 14 c2
Event: 20.528 Thread 0x0000028025df2000 DEOPT PACKING pc=0x00000280110890fc sp=0x000000964abfcb80
Event: 20.528 Thread 0x0000028025df2000 DEOPT UNPACKING pc=0x000002800938a1af sp=0x000000964abfcb10 mode 2
Event: 20.531 Thread 0x0000028025df2000 Uncommon trap: trap_request=0xffffffde fr.pc=0x00000280110890fc relative=0x000000000000005c
Event: 20.531 Thread 0x0000028025df2000 Uncommon trap: reason=class_check action=maybe_recompile pc=0x00000280110890fc method=java.util.stream.StreamOpFlag.fromCharacteristics(Ljava/util/Spliterator;)I @ 14 c2
Event: 20.531 Thread 0x0000028025df2000 DEOPT PACKING pc=0x00000280110890fc sp=0x000000964abfcb80
Event: 20.531 Thread 0x0000028025df2000 DEOPT UNPACKING pc=0x000002800938a1af sp=0x000000964abfcb10 mode 2

Classes redefined (0 events):
No events

Internal exceptions (20 events):
Event: 16.557 Thread 0x0000028022047800 Exception <a 'java/lang/ClassNotFoundException'{0x0000000088970d98}: com/android/build/gradle/internal/api/ReadOnlyBuildTypeBeanInfo> (0x0000000088970d98) thrown at [./src/hotspot/share/classfile/systemDictionary.cpp, line 231]
Event: 16.558 Thread 0x0000028022047800 Exception <a 'java/lang/ClassNotFoundException'{0x000000008898f2b0}: com/android/build/gradle/internal/api/ReadOnlyBaseConfigBeanInfo> (0x000000008898f2b0) thrown at [./src/hotspot/share/classfile/systemDictionary.cpp, line 231]
Event: 16.559 Thread 0x0000028022047800 Exception <a 'java/lang/ClassNotFoundException'{0x00000000889adbc8}: com/android/build/gradle/internal/api/ReadOnlyBaseConfigCustomizer> (0x00000000889adbc8) thrown at [./src/hotspot/share/classfile/systemDictionary.cpp, line 231]
Event: 16.560 Thread 0x0000028022047800 Exception <a 'java/lang/ClassNotFoundException'{0x00000000889db618}: com/android/build/gradle/internal/api/ReadOnlyBuildTypeCustomizer> (0x00000000889db618) thrown at [./src/hotspot/share/classfile/systemDictionary.cpp, line 231]
Event: 16.924 Thread 0x0000028022047800 Implicit null exception at 0x0000028011246603 to 0x0000028011246d37
Event: 16.925 Thread 0x0000028022047800 Implicit null exception at 0x000002801104a331 to 0x000002801104aad8
Event: 16.925 Thread 0x0000028022047800 Implicit null exception at 0x000002801104b994 to 0x000002801104c110
Event: 17.644 Thread 0x0000028022047800 Exception <a 'java/lang/NoSuchMethodError'{0x000000008a5696d0}: 'java.lang.Object java.lang.invoke.Invokers$Holder.linkToTargetMethod(java.lang.Object, int, java.lang.Object)'> (0x000000008a5696d0) thrown at [./src/hotspot/share/interpreter/linkResolver.cpp, line 773]
Event: 17.965 Thread 0x0000028022047800 Exception <a 'sun/nio/fs/WindowsException'{0x0000000089bced50}> (0x0000000089bced50) thrown at [./src/hotspot/share/prims/jni.cpp, line 616]
Event: 18.234 Thread 0x0000028022047800 Exception <a 'java/lang/NullPointerException'{0x000000008905bd68}> (0x000000008905bd68) thrown at [./src/hotspot/share/interpreter/linkResolver.cpp, line 1440]
Event: 18.403 Thread 0x0000028022047800 Implicit null exception at 0x000002801115726b to 0x0000028011158c60
Event: 18.654 Thread 0x0000028022047800 Exception <a 'java/lang/NoSuchMethodError'{0x0000000087f11218}: 'int java.lang.invoke.DirectMethodHandle$Holder.invokeStatic(java.lang.Object, java.lang.Object, int, java.lang.Object)'> (0x0000000087f11218) thrown at [./src/hotspot/share/interpreter/linkResolver.cpp, line 773]
Event: 18.769 Thread 0x0000028022047800 Exception <a 'sun/nio/fs/WindowsException'{0x0000000087e41f78}> (0x0000000087e41f78) thrown at [./src/hotspot/share/prims/jni.cpp, line 616]
Event: 18.769 Thread 0x0000028022047800 Exception <a 'sun/nio/fs/WindowsException'{0x0000000087e43308}> (0x0000000087e43308) thrown at [./src/hotspot/share/prims/jni.cpp, line 616]
Event: 18.769 Thread 0x0000028022047800 Exception <a 'sun/nio/fs/WindowsException'{0x0000000087e446d0}> (0x0000000087e446d0) thrown at [./src/hotspot/share/prims/jni.cpp, line 616]
Event: 18.769 Thread 0x0000028022047800 Exception <a 'sun/nio/fs/WindowsException'{0x0000000087e45a98}> (0x0000000087e45a98) thrown at [./src/hotspot/share/prims/jni.cpp, line 616]
Event: 20.336 Thread 0x0000028022047800 Exception <a 'java/lang/NoSuchMethodError'{0x000000008b1bdcf8}: 'java.lang.Object java.lang.invoke.Invokers$Holder.linkToTargetMethod(java.lang.Object, java.lang.Object, java.lang.Object, int, java.lang.Object, java.lang.Object)'> (0x000000008b1bdcf8) thrown at [./src/hotspot/share/interpreter/linkResolver.cpp, line 773]
Event: 20.533 Thread 0x0000028022075000 Exception <a 'java/lang/NoSuchMethodError'{0x000000008adf4490}: <clinit>> (0x000000008adf4490) thrown at [./src/hotspot/share/prims/jni.cpp, line 1366]
Event: 20.534 Thread 0x0000028022075000 Exception <a 'java/lang/NoSuchMethodError'{0x000000008adffac0}: <clinit>> (0x000000008adffac0) thrown at [./src/hotspot/share/prims/jni.cpp, line 1366]
Event: 20.627 Thread 0x0000028025df2000 Exception <a 'java/lang/IncompatibleClassChangeError'{0x000000008ac6b810}: Found class java.lang.Object, but interface was expected> (0x000000008ac6b810) thrown at [./src/hotspot/share/interpreter/linkResolver.cpp, line 839]

Events (20 events):
Event: 20.676 loading class org/gradle/internal/execution/UnitOfWork
Event: 20.676 loading class org/gradle/internal/execution/UnitOfWork done
Event: 20.676 loading class org/gradle/internal/execution/history/ExecutionHistoryStore
Event: 20.676 loading class org/gradle/internal/execution/history/ExecutionHistoryStore done
Event: 20.676 loading class org/gradle/internal/execution/steps/CaptureStateBeforeExecutionStep
Event: 20.676 loading class org/gradle/internal/execution/steps/CaptureStateBeforeExecutionStep done
Event: 20.677 loading class org/gradle/internal/execution/UnitOfWork
Event: 20.678 loading class org/gradle/internal/execution/UnitOfWork done
Event: 20.678 loading class org/gradle/internal/operations/BuildOperationContext
Event: 20.678 loading class org/gradle/internal/operations/BuildOperationContext done
Event: 20.678 loading class org/gradle/internal/execution/steps/CaptureStateBeforeExecutionStep
Event: 20.678 loading class org/gradle/internal/execution/steps/CaptureStateBeforeExecutionStep done
Event: 20.678 loading class org/gradle/internal/execution/steps/CaptureStateBeforeExecutionStep$Operation$Details
Event: 20.678 loading class org/gradle/internal/execution/steps/CaptureStateBeforeExecutionStep$Operation$Details done
Event: 20.679 loading class org/gradle/internal/execution/steps/CaptureStateBeforeExecutionStep$Operation$Details$1
Event: 20.679 loading class org/gradle/internal/execution/steps/CaptureStateBeforeExecutionStep$Operation$Details$1 done
Event: 20.679 loading class org/gradle/internal/execution/steps/BuildOperationStep$1
Event: 20.679 loading class org/gradle/internal/execution/steps/BuildOperationStep$1 done
Event: 20.679 loading class org/gradle/internal/execution/impl/DefaultOutputSnapshotter$1
Event: 20.679 loading class org/gradle/internal/execution/impl/DefaultOutputSnapshotter$1 done


Dynamic libraries:
0x00007ff6c66b0000 - 0x00007ff6c66ba000 	D:\Program Files\Android\Android Studio\jre\bin\java.exe
0x00007ff937330000 - 0x00007ff937528000 	C:\WINDOWS\SYSTEM32\ntdll.dll
0x00007ff935390000 - 0x00007ff93544d000 	C:\WINDOWS\System32\KERNEL32.DLL
0x00007ff9350b0000 - 0x00007ff935382000 	C:\WINDOWS\System32\KERNELBASE.dll
0x00007ff934f00000 - 0x00007ff935000000 	C:\WINDOWS\System32\ucrtbase.dll
0x00007ff930580000 - 0x00007ff930597000 	D:\Program Files\Android\Android Studio\jre\bin\VCRUNTIME140.dll
0x00007ff930240000 - 0x00007ff930259000 	D:\Program Files\Android\Android Studio\jre\bin\jli.dll
0x00007ff9365a0000 - 0x00007ff93673d000 	C:\WINDOWS\System32\USER32.dll
0x00007ff927bd0000 - 0x00007ff927e6a000 	C:\WINDOWS\WinSxS\amd64_microsoft.windows.common-controls_6595b64144ccf1df_6.0.19041.1110_none_60b5254171f9507e\COMCTL32.dll
0x00007ff935080000 - 0x00007ff9350a2000 	C:\WINDOWS\System32\win32u.dll
0x00007ff9364f0000 - 0x00007ff93658e000 	C:\WINDOWS\System32\msvcrt.dll
0x00007ff936e10000 - 0x00007ff936e3b000 	C:\WINDOWS\System32\GDI32.dll
0x00007ff934c40000 - 0x00007ff934d4f000 	C:\WINDOWS\System32\gdi32full.dll
0x00007ff934a40000 - 0x00007ff934add000 	C:\WINDOWS\System32\msvcp_win.dll
0x00007ff936c70000 - 0x00007ff936ca0000 	C:\WINDOWS\System32\IMM32.DLL
0x00007ff90a690000 - 0x00007ff90a72d000 	D:\Program Files\Android\Android Studio\jre\bin\msvcp140.dll
0x00007ff8fe030000 - 0x00007ff8feb32000 	D:\Program Files\Android\Android Studio\jre\bin\server\jvm.dll
0x00007ff936d00000 - 0x00007ff936dae000 	C:\WINDOWS\System32\ADVAPI32.dll
0x00007ff936ef0000 - 0x00007ff936f8c000 	C:\WINDOWS\System32\sechost.dll
0x00007ff9358d0000 - 0x00007ff9359f5000 	C:\WINDOWS\System32\RPCRT4.dll
0x00007ff936810000 - 0x00007ff936818000 	C:\WINDOWS\System32\PSAPI.DLL
0x00007ff92e010000 - 0x00007ff92e019000 	C:\WINDOWS\SYSTEM32\WSOCK32.dll
0x00007ff929920000 - 0x00007ff929947000 	C:\WINDOWS\SYSTEM32\WINMM.dll
0x00007ff936be0000 - 0x00007ff936c4b000 	C:\WINDOWS\System32\WS2_32.dll
0x00007ff9299d0000 - 0x00007ff9299da000 	C:\WINDOWS\SYSTEM32\VERSION.dll
0x00007ff933600000 - 0x00007ff933612000 	C:\WINDOWS\SYSTEM32\kernel.appcore.dll
0x00007ff91fa70000 - 0x00007ff91fa81000 	D:\Program Files\Android\Android Studio\jre\bin\verify.dll
0x00007ff932800000 - 0x00007ff9329e4000 	C:\WINDOWS\SYSTEM32\DBGHELP.DLL
0x00007ff924280000 - 0x00007ff9242ac000 	C:\WINDOWS\SYSTEM32\dbgcore.DLL
0x00007ff934e70000 - 0x00007ff934ef2000 	C:\WINDOWS\System32\bcryptPrimitives.dll
0x00007ff91a120000 - 0x00007ff91a149000 	D:\Program Files\Android\Android Studio\jre\bin\java.dll
0x00007ff92b090000 - 0x00007ff92b09b000 	D:\Program Files\Android\Android Studio\jre\bin\jimage.dll
0x00007ff91dc60000 - 0x00007ff91dc78000 	D:\Program Files\Android\Android Studio\jre\bin\zip.dll
0x00007ff935b10000 - 0x00007ff936253000 	C:\WINDOWS\System32\SHELL32.dll
0x00007ff9329f0000 - 0x00007ff933181000 	C:\WINDOWS\SYSTEM32\windows.storage.dll
0x00007ff936f90000 - 0x00007ff9372e4000 	C:\WINDOWS\System32\combase.dll
0x00007ff9344a0000 - 0x00007ff9344d0000 	C:\WINDOWS\SYSTEM32\Wldp.dll
0x00007ff936e40000 - 0x00007ff936eed000 	C:\WINDOWS\System32\SHCORE.dll
0x00007ff936820000 - 0x00007ff936875000 	C:\WINDOWS\System32\shlwapi.dll
0x00007ff934980000 - 0x00007ff93499f000 	C:\WINDOWS\SYSTEM32\profapi.dll
0x00007ff91cc60000 - 0x00007ff91cc7a000 	D:\Program Files\Android\Android Studio\jre\bin\net.dll
0x00007ff928940000 - 0x00007ff928a4d000 	C:\WINDOWS\SYSTEM32\WINHTTP.dll
0x00007ff934200000 - 0x00007ff93426a000 	C:\WINDOWS\system32\mswsock.dll
0x00007ff916d00000 - 0x00007ff916d14000 	D:\Program Files\Android\Android Studio\jre\bin\nio.dll
0x00007ff917de0000 - 0x00007ff917e07000 	C:\Users\User\.gradle\native\e1d6ef7f7dcc3fd88c89a11ec53ec762bb8ba0a96d01ffa2cd45eb1d1d8dd5c5\windows-amd64\native-platform.dll
0x00007ff8fb1e0000 - 0x00007ff8fb324000 	C:\Users\User\.gradle\native\0d407fdbe67a94daf76414ababcb853783967236a71b16ec16e742cd7a986fd3\windows-amd64\native-platform-file-events.dll
0x00007ff91da70000 - 0x00007ff91da7a000 	D:\Program Files\Android\Android Studio\jre\bin\management.dll
0x00007ff91a110000 - 0x00007ff91a11d000 	D:\Program Files\Android\Android Studio\jre\bin\management_ext.dll
0x00007ff934400000 - 0x00007ff934418000 	C:\WINDOWS\SYSTEM32\CRYPTSP.dll
0x00007ff933ab0000 - 0x00007ff933ae4000 	C:\WINDOWS\system32\rsaenh.dll
0x00007ff935050000 - 0x00007ff935077000 	C:\WINDOWS\System32\bcrypt.dll
0x00007ff934940000 - 0x00007ff93496e000 	C:\WINDOWS\SYSTEM32\USERENV.dll
0x00007ff9343f0000 - 0x00007ff9343fc000 	C:\WINDOWS\SYSTEM32\CRYPTBASE.dll
0x00007ff933ea0000 - 0x00007ff933edb000 	C:\WINDOWS\SYSTEM32\IPHLPAPI.DLL
0x00007ff935450000 - 0x00007ff935458000 	C:\WINDOWS\System32\NSI.dll
0x00007ff92b2b0000 - 0x00007ff92b2c7000 	C:\WINDOWS\SYSTEM32\dhcpcsvc6.DLL
0x00007ff92b290000 - 0x00007ff92b2ad000 	C:\WINDOWS\SYSTEM32\dhcpcsvc.DLL
0x00007ff933ef0000 - 0x00007ff933fba000 	C:\WINDOWS\SYSTEM32\DNSAPI.dll

dbghelp: loaded successfully - version: 4.0.5 - missing functions: none
symbol engine: initialized successfully - sym options: 0x614 - pdb path: .;D:\Program Files\Android\Android Studio\jre\bin;C:\WINDOWS\SYSTEM32;C:\WINDOWS\WinSxS\amd64_microsoft.windows.common-controls_6595b64144ccf1df_6.0.19041.1110_none_60b5254171f9507e;D:\Program Files\Android\Android Studio\jre\bin\server;C:\Users\User\.gradle\native\e1d6ef7f7dcc3fd88c89a11ec53ec762bb8ba0a96d01ffa2cd45eb1d1d8dd5c5\windows-amd64;C:\Users\User\.gradle\native\0d407fdbe67a94daf76414ababcb853783967236a71b16ec16e742cd7a986fd3\windows-amd64

VM Arguments:
jvm_args: --add-opens=java.base/java.util=ALL-UNNAMED --add-opens=java.base/java.lang=ALL-UNNAMED --add-opens=java.base/java.lang.invoke=ALL-UNNAMED --add-opens=java.base/java.util=ALL-UNNAMED --add-opens=java.prefs/java.util.prefs=ALL-UNNAMED --add-opens=java.prefs/java.util.prefs=ALL-UNNAMED --add-opens=java.base/java.nio.charset=ALL-UNNAMED --add-opens=java.base/java.net=ALL-UNNAMED --add-opens=java.base/java.util.concurrent.atomic=ALL-UNNAMED -Xmx2048m -Dfile.encoding=UTF-8 -Duser.country=RU -Duser.language=ru -Duser.variant 
java_command: org.gradle.launcher.daemon.bootstrap.GradleDaemon 7.4
java_class_path (initial): C:\Users\User\.gradle\wrapper\dists\gradle-7.4-bin\c0gwcg53nkjbqw7r0h0umtfvt\gradle-7.4\lib\gradle-launcher-7.4.jar
Launcher Type: SUN_STANDARD

[Global flags]
     intx CICompilerCount                          = 3                                         {product} {ergonomic}
     uint ConcGCThreads                            = 1                                         {product} {ergonomic}
     uint G1ConcRefinementThreads                  = 4                                         {product} {ergonomic}
   size_t G1HeapRegionSize                         = 1048576                                   {product} {ergonomic}
    uintx GCDrainStackTargetSize                   = 64                                        {product} {ergonomic}
   size_t InitialHeapSize                          = 134217728                                 {product} {ergonomic}
   size_t MarkStackSize                            = 4194304                                   {product} {ergonomic}
   size_t MaxHeapSize                              = 2147483648                                {product} {command line}
   size_t MaxNewSize                               = 1287651328                                {product} {ergonomic}
   size_t MinHeapDeltaBytes                        = 1048576                                   {product} {ergonomic}
    uintx NonNMethodCodeHeapSize                   = 5830732                                {pd product} {ergonomic}
    uintx NonProfiledCodeHeapSize                  = 122913754                              {pd product} {ergonomic}
    uintx ProfiledCodeHeapSize                     = 122913754                              {pd product} {ergonomic}
    uintx ReservedCodeCacheSize                    = 251658240                              {pd product} {ergonomic}
     bool SegmentedCodeCache                       = true                                      {product} {ergonomic}
     bool UseCompressedClassPointers               = true                                 {lp64_product} {ergonomic}
     bool UseCompressedOops                        = true                                 {lp64_product} {ergonomic}
     bool UseG1GC                                  = true                                      {product} {ergonomic}
     bool UseLargePagesIndividualAllocation        = false                                  {pd product} {ergonomic}

Logging:
Log output configuration:
 #0: stdout all=warning uptime,level,tags
 #1: stderr all=off uptime,level,tags

Environment Variables:
PATH=C:\WINDOWS\system32;C:\WINDOWS;C:\WINDOWS\System32\Wbem;C:\WINDOWS\System32\WindowsPowerShell\v1.0\;C:\WINDOWS\System32\OpenSSH\;C:\Program Files\Git\cmd;C:\Users\User\AppData\Local\Microsoft\WindowsApps;;C:\Program Files\JetBrains\IntelliJ IDEA Community Edition 2022.2.3\bin;
USERNAME=User
OS=Windows_NT
PROCESSOR_IDENTIFIER=Intel64 Family 6 Model 69 Stepping 1, GenuineIntel



---------------  S Y S T E M  ---------------

OS: Windows 10 , 64 bit Build 19041 (10.0.19041.1889)
OS uptime: 0 days 5:06 hours

CPU:total 4 (initial active 4) (2 cores per cpu, 2 threads per core) family 6 model 69 stepping 1 microcode 0x25, cmov, cx8, fxsr, mmx, sse, sse2, sse3, ssse3, sse4.1, sse4.2, popcnt, avx, avx2, aes, clmul, erms, lzcnt, ht, tsc, tscinvbit, bmi1, bmi2, fma

Memory: 4k page, system-wide physical 8075M (407M free)
TotalPageFile size 10123M (AvailPageFile size 1M)
current process WorkingSet (physical memory assigned to process): 426M, peak: 426M
current process commit charge ("private bytes"): 456M, peak: 493M

vm_info: OpenJDK 64-Bit Server VM (11.0.13+0-b1751.21-8125866) for windows-amd64 JRE (11.0.13+0-b1751.21-8125866), built on Feb  2 2022 03:00:22 by "builder" with MS VC++ 14.0 (VS2015)

END.
