#
# There is insufficient memory for the Java Runtime Environment to continue.
# Native memory allocation (malloc) failed to allocate 1280016 bytes for Chunk::new
# Possible reasons:
#   The system is out of physical RAM or swap space
#   The process is running with CompressedOops enabled, and the Java Heap may be blocking the growth of the native heap
# Possible solutions:
#   Reduce memory load on the system
#   Increase physical memory or swap space
#   Check if swap backing store is full
#   Decrease Java heap size (-Xmx/-Xms)
#   Decrease number of Java threads
#   Decrease Java thread stack sizes (-Xss)
#   Set larger code cache with -XX:ReservedCodeCacheSize=
#   JVM is running with Unscaled Compressed Oops mode in which the Java heap is
#     placed in the first 4GB address space. The Java Heap base address is the
#     maximum limit for the native heap growth. Please use -XX:HeapBaseMinAddress
#     to set the Java Heap base and to place the Java Heap above 4GB virtual address.
# This output file may be truncated or incomplete.
#
#  Out of Memory Error (./src/hotspot/share/memory/arena.cpp:197), pid=6528, tid=3648
#
# JRE version: OpenJDK Runtime Environment (11.0.13) (build 11.0.13+0-b1751.21-8125866)
# Java VM: OpenJDK 64-Bit Server VM (11.0.13+0-b1751.21-8125866, mixed mode, tiered, compressed oops, g1 gc, windows-amd64)
# No core dump will be written. Minidumps are not enabled by default on client versions of Windows
#

---------------  S U M M A R Y ------------

Command Line: --add-opens=java.base/java.util=ALL-UNNAMED --add-opens=java.base/java.lang=ALL-UNNAMED --add-opens=java.base/java.lang.invoke=ALL-UNNAMED --add-opens=java.base/java.util=ALL-UNNAMED --add-opens=java.prefs/java.util.prefs=ALL-UNNAMED --add-opens=java.prefs/java.util.prefs=ALL-UNNAMED --add-opens=java.base/java.nio.charset=ALL-UNNAMED --add-opens=java.base/java.net=ALL-UNNAMED --add-opens=java.base/java.util.concurrent.atomic=ALL-UNNAMED -Xmx2048m -Dfile.encoding=UTF-8 -Duser.country=RU -Duser.language=ru -Duser.variant org.gradle.launcher.daemon.bootstrap.GradleDaemon 7.4

Host: Intel(R) Core(TM) i7-4500U CPU @ 1.80GHz, 4 cores, 7G,  Windows 10 , 64 bit Build 19041 (10.0.19041.1889)
Time: Wed Nov  9 16:47:29 2022 RTZ 4 (зима) elapsed time: 11.917793 seconds (0d 0h 0m 11s)

---------------  T H R E A D  ---------------

Current thread (0x000001887ac96000):  JavaThread "C2 CompilerThread1" daemon [_thread_in_native, id=3648, stack(0x0000001394700000,0x0000001394800000)]


Current CompileTask:
C2:  11917 6315       4       org.codehaus.groovy.reflection.CachedMethod::compareTo (25 bytes)

Stack: [0x0000001394700000,0x0000001394800000]
Native frames: (J=compiled Java code, j=interpreted, Vv=VM code, C=native code)
V  [jvm.dll+0x6100fa]
V  [jvm.dll+0x747090]
V  [jvm.dll+0x7486ad]
V  [jvm.dll+0x748d83]
V  [jvm.dll+0x24ab48]
V  [jvm.dll+0xc04dc]
V  [jvm.dll+0xc0a0c]
V  [jvm.dll+0x35eb9d]
V  [jvm.dll+0x19d7bc]
V  [jvm.dll+0x2033be]
V  [jvm.dll+0x202437]
V  [jvm.dll+0x188e01]
V  [jvm.dll+0x21106b]
V  [jvm.dll+0x20f8c1]
V  [jvm.dll+0x70de0f]
V  [jvm.dll+0x706a75]
V  [jvm.dll+0x60ed66]
C  [ucrtbase.dll+0x21bb2]
C  [KERNEL32.DLL+0x17034]
C  [ntdll.dll+0x526a1]


---------------  P R O C E S S  ---------------

Threads class SMR info:
_java_thread_list=0x00000188104e5400, length=79, elements={
0x000001886e1ac000, 0x0000018878dbc000, 0x0000018878dc0000, 0x0000018878ddd000,
0x0000018878dde000, 0x0000018878ddf800, 0x0000018878de6000, 0x0000018878dea000,
0x0000018878ded800, 0x000001887989c000, 0x000001887bd7f000, 0x000001887d0b6800,
0x0000018879983000, 0x000001887cb1b000, 0x000001887bb57800, 0x000001887bb9c800,
0x000001887bb58800, 0x000001887be5d000, 0x000001887becc800, 0x000001887bc1e800,
0x000001887ac96000, 0x000001887c1b2800, 0x000001887c1b3800, 0x000001887c1b1000,
0x000001887c1b1800, 0x000001887c4f4800, 0x000001887c4f6800, 0x000001887c4f5800,
0x000001887c4f8800, 0x000001887c4f4000, 0x000001887c4f3000, 0x000001887c4fd000,
0x000001887c4f8000, 0x000001887c4f7000, 0x000001887c4fc000, 0x000001887c4ff800,
0x000001887c4fd800, 0x000001887c500000, 0x000001887c4fe800, 0x000001887c4fb000,
0x000001887c4fa800, 0x000001887c501000, 0x000001887c501800, 0x000001887f274000,
0x000001887f276800, 0x000001887f275000, 0x000001887f276000, 0x000001887f271000,
0x000001887f271800, 0x000001887f277800, 0x000001887f278000, 0x000001887f272800,
0x000001887f279000, 0x000001887f273800, 0x000001887f27e800, 0x000001887f27e000,
0x000001887f27c800, 0x000001887f27f800, 0x000001887f27d000, 0x000001887f27a000,
0x000001887f27a800, 0x000001887f27b800, 0x000001880fc1a800, 0x000001880fc17800,
0x000001880fc1c800, 0x000001880fc1a000, 0x000001880fc1b800, 0x000001880fc19000,
0x000001880fc18000, 0x000001880fc21000, 0x000001880fc23000, 0x000001880fc20800,
0x000001880fc1e000, 0x000001880fc1e800, 0x000001880fc1f800, 0x000001880fc22000,
0x000001880fc1d000, 0x000001880fc23800, 0x000001880fc24800
}

Java Threads: ( => current thread )
  0x000001886e1ac000 JavaThread "main" [_thread_blocked, id=624, stack(0x0000001392a00000,0x0000001392b00000)]
  0x0000018878dbc000 JavaThread "Reference Handler" daemon [_thread_blocked, id=5412, stack(0x0000001393100000,0x0000001393200000)]
  0x0000018878dc0000 JavaThread "Finalizer" daemon [_thread_blocked, id=6000, stack(0x0000001393200000,0x0000001393300000)]
  0x0000018878ddd000 JavaThread "Signal Dispatcher" daemon [_thread_blocked, id=7640, stack(0x0000001393300000,0x0000001393400000)]
  0x0000018878dde000 JavaThread "Attach Listener" daemon [_thread_blocked, id=2196, stack(0x0000001393400000,0x0000001393500000)]
  0x0000018878ddf800 JavaThread "Service Thread" daemon [_thread_blocked, id=8592, stack(0x0000001393500000,0x0000001393600000)]
  0x0000018878de6000 JavaThread "C2 CompilerThread0" daemon [_thread_in_native, id=3504, stack(0x0000001393600000,0x0000001393700000)]
  0x0000018878dea000 JavaThread "C1 CompilerThread0" daemon [_thread_blocked, id=7496, stack(0x0000001393700000,0x0000001393800000)]
  0x0000018878ded800 JavaThread "Sweeper thread" daemon [_thread_blocked, id=7064, stack(0x0000001393800000,0x0000001393900000)]
  0x000001887989c000 JavaThread "Common-Cleaner" daemon [_thread_blocked, id=2168, stack(0x0000001393900000,0x0000001393a00000)]
  0x000001887bd7f000 JavaThread "Daemon health stats" [_thread_blocked, id=8336, stack(0x0000001393e00000,0x0000001393f00000)]
  0x000001887d0b6800 JavaThread "Incoming local TCP Connector on port 60222" [_thread_in_native, id=1132, stack(0x0000001393b00000,0x0000001393c00000)]
  0x0000018879983000 JavaThread "Daemon periodic checks" [_thread_blocked, id=6552, stack(0x0000001393f00000,0x0000001394000000)]
  0x000001887cb1b000 JavaThread "Daemon" [_thread_blocked, id=9132, stack(0x0000001394000000,0x0000001394100000)]
  0x000001887bb57800 JavaThread "Handler for socket connection from /127.0.0.1:60222 to /127.0.0.1:60223" [_thread_in_native, id=6544, stack(0x0000001394100000,0x0000001394200000)]
  0x000001887bb9c800 JavaThread "Cancel handler" [_thread_blocked, id=5008, stack(0x0000001394200000,0x0000001394300000)]
  0x000001887bb58800 JavaThread "Daemon worker" [_thread_in_vm, id=8616, stack(0x0000001394300000,0x0000001394400000)]
  0x000001887be5d000 JavaThread "Asynchronous log dispatcher for DefaultDaemonConnection: socket connection from /127.0.0.1:60222 to /127.0.0.1:60223" [_thread_blocked, id=8184, stack(0x0000001394400000,0x0000001394500000)]
  0x000001887becc800 JavaThread "Stdin handler" [_thread_blocked, id=7796, stack(0x0000001394500000,0x0000001394600000)]
  0x000001887bc1e800 JavaThread "Daemon client event forwarder" [_thread_blocked, id=1320, stack(0x0000001394600000,0x0000001394700000)]
=>0x000001887ac96000 JavaThread "C2 CompilerThread1" daemon [_thread_in_native, id=3648, stack(0x0000001394700000,0x0000001394800000)]
  0x000001887c1b2800 JavaThread "Cache worker for journal cache (C:\Users\User\.gradle\caches\journal-1)" [_thread_blocked, id=4032, stack(0x0000001394900000,0x0000001394a00000)]
  0x000001887c1b3800 JavaThread "File lock request listener" [_thread_in_native, id=3984, stack(0x0000001394a00000,0x0000001394b00000)]
  0x000001887c1b1000 JavaThread "Cache worker for file hash cache (C:\Users\User\.gradle\caches\7.4\fileHashes)" [_thread_blocked, id=3944, stack(0x0000001394b00000,0x0000001394c00000)]
  0x000001887c1b1800 JavaThread "File watcher server" daemon [_thread_in_native, id=1684, stack(0x0000001394c00000,0x0000001394d00000)]
  0x000001887c4f4800 JavaThread "File watcher consumer" daemon [_thread_blocked, id=8332, stack(0x0000001394d00000,0x0000001394e00000)]
  0x000001887c4f6800 JavaThread "Cache worker for checksums cache (D:\Users\User\AndroidStudioProjects\practical_work_72\.gradle\7.4\checksums)" [_thread_blocked, id=8516, stack(0x0000001394e00000,0x0000001394f00000)]
  0x000001887c4f5800 JavaThread "Cache worker for cache directory md-rule (C:\Users\User\.gradle\caches\7.4\md-rule)" [_thread_blocked, id=4992, stack(0x0000001394f00000,0x0000001395000000)]
  0x000001887c4f8800 JavaThread "Cache worker for file hash cache (D:\Users\User\AndroidStudioProjects\practical_work_72\.gradle\7.4\fileHashes)" [_thread_blocked, id=2832, stack(0x0000001395000000,0x0000001395100000)]
  0x000001887c4f4000 JavaThread "Cache worker for cache directory md-supplier (C:\Users\User\.gradle\caches\7.4\md-supplier)" [_thread_blocked, id=2128, stack(0x0000001395100000,0x0000001395200000)]
  0x000001887c4f3000 JavaThread "Cache worker for execution history cache (C:\Users\User\.gradle\caches\7.4\executionHistory)" [_thread_blocked, id=3456, stack(0x0000001395200000,0x0000001395300000)]
  0x000001887c4fd000 JavaThread "jar transforms" [_thread_blocked, id=8820, stack(0x0000001395300000,0x0000001395400000)]
  0x000001887c4f8000 JavaThread "Cache worker for file content cache (C:\Users\User\.gradle\caches\7.4\fileContent)" [_thread_blocked, id=1544, stack(0x0000001395400000,0x0000001395500000)]
  0x000001887c4f7000 JavaThread "jar transforms Thread 2" [_thread_blocked, id=5012, stack(0x0000001395500000,0x0000001395600000)]
  0x000001887c4fc000 JavaThread "Cache worker for dependencies-accessors (D:\Users\User\AndroidStudioProjects\practical_work_72\.gradle\7.4\dependencies-accessors)" [_thread_blocked, id=1744, stack(0x0000001395600000,0x0000001395700000)]
  0x000001887c4ff800 JavaThread "jar transforms Thread 3" [_thread_blocked, id=4800, stack(0x0000001395700000,0x0000001395800000)]
  0x000001887c4fd800 JavaThread "Cache worker for Build Output Cleanup Cache (D:\Users\User\AndroidStudioProjects\practical_work_72\.gradle\buildOutputCleanup)" [_thread_blocked, id=2328, stack(0x0000001395800000,0x0000001395900000)]
  0x000001887c500000 JavaThread "Unconstrained build operations" [_thread_blocked, id=5428, stack(0x0000001395900000,0x0000001395a00000)]
  0x000001887c4fe800 JavaThread "Unconstrained build operations Thread 2" [_thread_blocked, id=8540, stack(0x0000001395a00000,0x0000001395b00000)]
  0x000001887c4fb000 JavaThread "Unconstrained build operations Thread 3" [_thread_blocked, id=8988, stack(0x0000001395b00000,0x0000001395c00000)]
  0x000001887c4fa800 JavaThread "Unconstrained build operations Thread 4" [_thread_blocked, id=2984, stack(0x0000001395c00000,0x0000001395d00000)]
  0x000001887c501000 JavaThread "Unconstrained build operations Thread 5" [_thread_blocked, id=4956, stack(0x0000001395d00000,0x0000001395e00000)]
  0x000001887c501800 JavaThread "Unconstrained build operations Thread 6" [_thread_blocked, id=9072, stack(0x0000001395e00000,0x0000001395f00000)]
  0x000001887f274000 JavaThread "Unconstrained build operations Thread 7" [_thread_blocked, id=1928, stack(0x0000001395f00000,0x0000001396000000)]
  0x000001887f276800 JavaThread "Unconstrained build operations Thread 8" [_thread_blocked, id=7460, stack(0x0000001396000000,0x0000001396100000)]
  0x000001887f275000 JavaThread "Unconstrained build operations Thread 9" [_thread_blocked, id=7208, stack(0x0000001396100000,0x0000001396200000)]
  0x000001887f276000 JavaThread "Unconstrained build operations Thread 10" [_thread_blocked, id=3736, stack(0x0000001396200000,0x0000001396300000)]
  0x000001887f271000 JavaThread "Unconstrained build operations Thread 11" [_thread_blocked, id=8504, stack(0x0000001396300000,0x0000001396400000)]
  0x000001887f271800 JavaThread "Unconstrained build operations Thread 12" [_thread_blocked, id=3468, stack(0x0000001396400000,0x0000001396500000)]
  0x000001887f277800 JavaThread "Unconstrained build operations Thread 13" [_thread_blocked, id=1520, stack(0x0000001396500000,0x0000001396600000)]
  0x000001887f278000 JavaThread "Unconstrained build operations Thread 14" [_thread_blocked, id=4416, stack(0x0000001396600000,0x0000001396700000)]
  0x000001887f272800 JavaThread "Unconstrained build operations Thread 15" [_thread_blocked, id=8904, stack(0x0000001396700000,0x0000001396800000)]
  0x000001887f279000 JavaThread "Unconstrained build operations Thread 16" [_thread_blocked, id=4460, stack(0x0000001396800000,0x0000001396900000)]
  0x000001887f273800 JavaThread "Unconstrained build operations Thread 17" [_thread_blocked, id=8116, stack(0x0000001396900000,0x0000001396a00000)]
  0x000001887f27e800 JavaThread "Unconstrained build operations Thread 18" [_thread_blocked, id=1936, stack(0x0000001396a00000,0x0000001396b00000)]
  0x000001887f27e000 JavaThread "Unconstrained build operations Thread 19" [_thread_blocked, id=7664, stack(0x0000001396b00000,0x0000001396c00000)]
  0x000001887f27c800 JavaThread "Unconstrained build operations Thread 20" [_thread_blocked, id=8604, stack(0x0000001396c00000,0x0000001396d00000)]
  0x000001887f27f800 JavaThread "Unconstrained build operations Thread 21" [_thread_blocked, id=2540, stack(0x0000001396d00000,0x0000001396e00000)]
  0x000001887f27d000 JavaThread "Unconstrained build operations Thread 22" [_thread_blocked, id=3216, stack(0x0000001396e00000,0x0000001396f00000)]
  0x000001887f27a000 JavaThread "Unconstrained build operations Thread 23" [_thread_blocked, id=8636, stack(0x0000001396f00000,0x0000001397000000)]
  0x000001887f27a800 JavaThread "Unconstrained build operations Thread 24" [_thread_blocked, id=6684, stack(0x0000001397000000,0x0000001397100000)]
  0x000001887f27b800 JavaThread "Unconstrained build operations Thread 25" [_thread_blocked, id=7764, stack(0x0000001397100000,0x0000001397200000)]
  0x000001880fc1a800 JavaThread "Unconstrained build operations Thread 26" [_thread_blocked, id=7876, stack(0x0000001397200000,0x0000001397300000)]
  0x000001880fc17800 JavaThread "Unconstrained build operations Thread 27" [_thread_blocked, id=6492, stack(0x0000001397300000,0x0000001397400000)]
  0x000001880fc1c800 JavaThread "Unconstrained build operations Thread 28" [_thread_blocked, id=8396, stack(0x0000001397400000,0x0000001397500000)]
  0x000001880fc1a000 JavaThread "Unconstrained build operations Thread 29" [_thread_blocked, id=4792, stack(0x0000001397500000,0x0000001397600000)]
  0x000001880fc1b800 JavaThread "Unconstrained build operations Thread 30" [_thread_blocked, id=5956, stack(0x0000001397600000,0x0000001397700000)]
  0x000001880fc19000 JavaThread "Unconstrained build operations Thread 31" [_thread_blocked, id=5968, stack(0x0000001397700000,0x0000001397800000)]
  0x000001880fc18000 JavaThread "Unconstrained build operations Thread 32" [_thread_blocked, id=7516, stack(0x0000001397800000,0x0000001397900000)]
  0x000001880fc21000 JavaThread "Unconstrained build operations Thread 33" [_thread_blocked, id=5156, stack(0x0000001397900000,0x0000001397a00000)]
  0x000001880fc23000 JavaThread "Unconstrained build operations Thread 34" [_thread_blocked, id=3612, stack(0x0000001397a00000,0x0000001397b00000)]
  0x000001880fc20800 JavaThread "Unconstrained build operations Thread 35" [_thread_blocked, id=2120, stack(0x0000001397b00000,0x0000001397c00000)]
  0x000001880fc1e000 JavaThread "Unconstrained build operations Thread 36" [_thread_blocked, id=8892, stack(0x0000001397c00000,0x0000001397d00000)]
  0x000001880fc1e800 JavaThread "Unconstrained build operations Thread 37" [_thread_blocked, id=3816, stack(0x0000001397d00000,0x0000001397e00000)]
  0x000001880fc1f800 JavaThread "Unconstrained build operations Thread 38" [_thread_blocked, id=4784, stack(0x0000001397e00000,0x0000001397f00000)]
  0x000001880fc22000 JavaThread "Unconstrained build operations Thread 39" [_thread_blocked, id=8196, stack(0x0000001397f00000,0x0000001398000000)]
  0x000001880fc1d000 JavaThread "Unconstrained build operations Thread 40" [_thread_blocked, id=1616, stack(0x0000001398000000,0x0000001398100000)]
  0x000001880fc23800 JavaThread "jar transforms Thread 4" [_thread_blocked, id=8648, stack(0x0000001398100000,0x0000001398200000)]
  0x000001880fc24800 JavaThread "Memory manager" [_thread_blocked, id=8384, stack(0x0000001398200000,0x0000001398300000)]

Other Threads:
  0x0000018878db8000 VMThread "VM Thread" [stack: 0x0000001393000000,0x0000001393100000] [id=2940]
  0x00000188798da000 WatcherThread [stack: 0x0000001393a00000,0x0000001393b00000] [id=3392]
  0x000001886e1c5800 GCTaskThread "GC Thread#0" [stack: 0x0000001392b00000,0x0000001392c00000] [id=8952]
  0x0000018879fa0800 GCTaskThread "GC Thread#1" [stack: 0x0000001393c00000,0x0000001393d00000] [id=2776]
  0x0000018879aa3800 GCTaskThread "GC Thread#2" [stack: 0x0000001393d00000,0x0000001393e00000] [id=6516]
  0x000001887aa6c000 GCTaskThread "GC Thread#3" [stack: 0x0000001394800000,0x0000001394900000] [id=6512]
  0x000001886e1f5000 ConcurrentGCThread "G1 Main Marker" [stack: 0x0000001392c00000,0x0000001392d00000] [id=8508]
  0x000001886e1f7800 ConcurrentGCThread "G1 Conc#0" [stack: 0x0000001392d00000,0x0000001392e00000] [id=4112]
  0x000001886e286000 ConcurrentGCThread "G1 Refine#0" [stack: 0x0000001392e00000,0x0000001392f00000] [id=5268]
  0x000001886e287000 ConcurrentGCThread "G1 Young RemSet Sampling" [stack: 0x0000001392f00000,0x0000001393000000] [id=7728]

Threads with active compile tasks:
C2 CompilerThread0  11987 6470       4       java.util.regex.Pattern::compile (498 bytes)
C2 CompilerThread1  11987 6315       4       org.codehaus.groovy.reflection.CachedMethod::compareTo (25 bytes)

VM state:not at safepoint (normal execution)

VM Mutex/Monitor currently owned by a thread: None

Heap address: 0x0000000080000000, size: 2048 MB, Compressed Oops mode: 32-bit
Narrow klass base: 0x0000000000000000, Narrow klass shift: 3
Compressed class space size: 1073741824 Address: 0x0000000100000000

Heap:
 garbage-first heap   total 189440K, used 57852K [0x0000000080000000, 0x0000000100000000)
  region size 1024K, 10 young (10240K), 9 survivors (9216K)
 Metaspace       used 64865K, capacity 66343K, committed 66556K, reserved 1107968K
  class space    used 8157K, capacity 8749K, committed 8780K, reserved 1048576K
Heap Regions: E=young(eden), S=young(survivor), O=old, HS=humongous(starts), HC=humongous(continues), CS=collection set, F=free, A=archive, TAMS=top-at-mark-start (previous, next)
|   0|0x0000000080000000, 0x0000000080100000, 0x0000000080100000|100%|HS|  |TAMS 0x0000000080100000, 0x0000000080100000| Complete 
|   1|0x0000000080100000, 0x0000000080200000, 0x0000000080200000|100%|HC|  |TAMS 0x0000000080200000, 0x0000000080200000| Complete 
|   2|0x0000000080200000, 0x0000000080300000, 0x0000000080300000|100%|HC|  |TAMS 0x0000000080300000, 0x0000000080300000| Complete 
|   3|0x0000000080300000, 0x0000000080400000, 0x0000000080400000|100%| O|  |TAMS 0x0000000080400000, 0x0000000080400000| Untracked 
|   4|0x0000000080400000, 0x0000000080500000, 0x0000000080500000|100%| O|  |TAMS 0x0000000080500000, 0x0000000080500000| Untracked 
|   5|0x0000000080500000, 0x0000000080600000, 0x0000000080600000|100%| O|  |TAMS 0x0000000080600000, 0x0000000080600000| Untracked 
|   6|0x0000000080600000, 0x0000000080700000, 0x0000000080700000|100%| O|  |TAMS 0x0000000080700000, 0x0000000080700000| Untracked 
|   7|0x0000000080700000, 0x0000000080800000, 0x0000000080800000|100%| O|  |TAMS 0x0000000080800000, 0x0000000080800000| Untracked 
|   8|0x0000000080800000, 0x0000000080900000, 0x0000000080900000|100%| O|  |TAMS 0x0000000080900000, 0x0000000080900000| Untracked 
|   9|0x0000000080900000, 0x0000000080a00000, 0x0000000080a00000|100%| O|  |TAMS 0x0000000080a00000, 0x0000000080a00000| Untracked 
|  10|0x0000000080a00000, 0x0000000080b00000, 0x0000000080b00000|100%| O|  |TAMS 0x0000000080b00000, 0x0000000080b00000| Untracked 
|  11|0x0000000080b00000, 0x0000000080c00000, 0x0000000080c00000|100%| O|  |TAMS 0x0000000080c00000, 0x0000000080c00000| Untracked 
|  12|0x0000000080c00000, 0x0000000080d00000, 0x0000000080d00000|100%| O|  |TAMS 0x0000000080d00000, 0x0000000080d00000| Untracked 
|  13|0x0000000080d00000, 0x0000000080e00000, 0x0000000080e00000|100%| O|  |TAMS 0x0000000080e00000, 0x0000000080e00000| Untracked 
|  14|0x0000000080e00000, 0x0000000080f00000, 0x0000000080f00000|100%| O|  |TAMS 0x0000000080f00000, 0x0000000080f00000| Untracked 
|  15|0x0000000080f00000, 0x0000000081000000, 0x0000000081000000|100%| O|  |TAMS 0x0000000081000000, 0x0000000081000000| Untracked 
|  16|0x0000000081000000, 0x0000000081100000, 0x0000000081100000|100%|HS|  |TAMS 0x0000000081100000, 0x0000000081100000| Complete 
|  17|0x0000000081100000, 0x0000000081200000, 0x0000000081200000|100%| O|  |TAMS 0x0000000081200000, 0x0000000081200000| Untracked 
|  18|0x0000000081200000, 0x0000000081300000, 0x0000000081300000|100%| O|  |TAMS 0x0000000081300000, 0x0000000081300000| Untracked 
|  19|0x0000000081300000, 0x0000000081400000, 0x0000000081400000|100%| O|  |TAMS 0x0000000081400000, 0x0000000081400000| Untracked 
|  20|0x0000000081400000, 0x0000000081500000, 0x0000000081500000|100%| O|  |TAMS 0x0000000081500000, 0x0000000081500000| Untracked 
|  21|0x0000000081500000, 0x0000000081600000, 0x0000000081600000|100%| O|  |TAMS 0x0000000081600000, 0x0000000081600000| Untracked 
|  22|0x0000000081600000, 0x0000000081700000, 0x0000000081700000|100%| O|  |TAMS 0x0000000081700000, 0x0000000081700000| Untracked 
|  23|0x0000000081700000, 0x0000000081800000, 0x0000000081800000|100%|HS|  |TAMS 0x0000000081800000, 0x0000000081800000| Complete 
|  24|0x0000000081800000, 0x0000000081900000, 0x0000000081900000|100%|HS|  |TAMS 0x0000000081900000, 0x0000000081900000| Complete 
|  25|0x0000000081900000, 0x0000000081a00000, 0x0000000081a00000|100%|HS|  |TAMS 0x0000000081a00000, 0x0000000081a00000| Complete 
|  26|0x0000000081a00000, 0x0000000081b00000, 0x0000000081b00000|100%|HC|  |TAMS 0x0000000081b00000, 0x0000000081b00000| Complete 
|  27|0x0000000081b00000, 0x0000000081c00000, 0x0000000081c00000|100%|HC|  |TAMS 0x0000000081c00000, 0x0000000081c00000| Complete 
|  28|0x0000000081c00000, 0x0000000081d00000, 0x0000000081d00000|100%|HC|  |TAMS 0x0000000081d00000, 0x0000000081d00000| Complete 
|  29|0x0000000081d00000, 0x0000000081e00000, 0x0000000081e00000|100%| O|  |TAMS 0x0000000081e00000, 0x0000000081e00000| Untracked 
|  30|0x0000000081e00000, 0x0000000081f00000, 0x0000000081f00000|100%|HS|  |TAMS 0x0000000081f00000, 0x0000000081f00000| Complete 
|  31|0x0000000081f00000, 0x0000000082000000, 0x0000000082000000|100%|HC|  |TAMS 0x0000000082000000, 0x0000000082000000| Complete 
|  32|0x0000000082000000, 0x0000000082100000, 0x0000000082100000|100%| O|  |TAMS 0x0000000082100000, 0x0000000082100000| Untracked 
|  33|0x0000000082100000, 0x0000000082200000, 0x0000000082200000|100%| O|  |TAMS 0x0000000082200000, 0x0000000082200000| Untracked 
|  34|0x0000000082200000, 0x0000000082300000, 0x0000000082300000|100%| O|  |TAMS 0x0000000082300000, 0x0000000082300000| Untracked 
|  35|0x0000000082300000, 0x0000000082400000, 0x0000000082400000|100%| O|  |TAMS 0x0000000082400000, 0x0000000082400000| Untracked 
|  36|0x0000000082400000, 0x0000000082500000, 0x0000000082500000|100%| O|  |TAMS 0x0000000082500000, 0x0000000082500000| Untracked 
|  37|0x0000000082500000, 0x0000000082600000, 0x0000000082600000|100%| O|  |TAMS 0x0000000082600000, 0x0000000082600000| Untracked 
|  38|0x0000000082600000, 0x0000000082700000, 0x0000000082700000|100%| O|  |TAMS 0x0000000082700000, 0x0000000082700000| Untracked 
|  39|0x0000000082700000, 0x0000000082800000, 0x0000000082800000|100%| O|  |TAMS 0x0000000082800000, 0x0000000082800000| Untracked 
|  40|0x0000000082800000, 0x0000000082900000, 0x0000000082900000|100%| O|  |TAMS 0x0000000082900000, 0x0000000082900000| Untracked 
|  41|0x0000000082900000, 0x0000000082a00000, 0x0000000082a00000|100%| O|  |TAMS 0x0000000082a00000, 0x0000000082a00000| Untracked 
|  42|0x0000000082a00000, 0x0000000082b00000, 0x0000000082b00000|100%| O|  |TAMS 0x0000000082b00000, 0x0000000082b00000| Untracked 
|  43|0x0000000082b00000, 0x0000000082c00000, 0x0000000082c00000|100%| O|  |TAMS 0x0000000082c00000, 0x0000000082c00000| Untracked 
|  44|0x0000000082c00000, 0x0000000082d00000, 0x0000000082d00000|100%| O|  |TAMS 0x0000000082d00000, 0x0000000082d00000| Untracked 
|  45|0x0000000082d00000, 0x0000000082e00000, 0x0000000082e00000|100%| O|  |TAMS 0x0000000082e00000, 0x0000000082e00000| Untracked 
|  46|0x0000000082e00000, 0x0000000082f00000, 0x0000000082f00000|100%| O|  |TAMS 0x0000000082f00000, 0x0000000082f00000| Untracked 
|  47|0x0000000082f00000, 0x0000000083000000, 0x0000000083000000|100%| O|  |TAMS 0x0000000083000000, 0x0000000083000000| Untracked 
|  48|0x0000000083000000, 0x0000000083000000, 0x0000000083100000|  0%| F|  |TAMS 0x0000000083000000, 0x0000000083000000| Untracked 
|  49|0x0000000083100000, 0x0000000083100000, 0x0000000083200000|  0%| F|  |TAMS 0x0000000083100000, 0x0000000083100000| Untracked 
|  50|0x0000000083200000, 0x0000000083200000, 0x0000000083300000|  0%| F|  |TAMS 0x0000000083200000, 0x0000000083200000| Untracked 
|  51|0x0000000083300000, 0x0000000083300000, 0x0000000083400000|  0%| F|  |TAMS 0x0000000083300000, 0x0000000083300000| Untracked 
|  52|0x0000000083400000, 0x0000000083400000, 0x0000000083500000|  0%| F|  |TAMS 0x0000000083400000, 0x0000000083400000| Untracked 
|  53|0x0000000083500000, 0x0000000083500000, 0x0000000083600000|  0%| F|  |TAMS 0x0000000083500000, 0x0000000083500000| Untracked 
|  54|0x0000000083600000, 0x0000000083600000, 0x0000000083700000|  0%| F|  |TAMS 0x0000000083600000, 0x0000000083600000| Untracked 
|  55|0x0000000083700000, 0x0000000083700000, 0x0000000083800000|  0%| F|  |TAMS 0x0000000083700000, 0x0000000083700000| Untracked 
|  56|0x0000000083800000, 0x0000000083800000, 0x0000000083900000|  0%| F|  |TAMS 0x0000000083800000, 0x0000000083800000| Untracked 
|  57|0x0000000083900000, 0x0000000083900000, 0x0000000083a00000|  0%| F|  |TAMS 0x0000000083900000, 0x0000000083900000| Untracked 
|  58|0x0000000083a00000, 0x0000000083a00000, 0x0000000083b00000|  0%| F|  |TAMS 0x0000000083a00000, 0x0000000083a00000| Untracked 
|  59|0x0000000083b00000, 0x0000000083b00000, 0x0000000083c00000|  0%| F|  |TAMS 0x0000000083b00000, 0x0000000083b00000| Untracked 
|  60|0x0000000083c00000, 0x0000000083c00000, 0x0000000083d00000|  0%| F|  |TAMS 0x0000000083c00000, 0x0000000083c00000| Untracked 
|  61|0x0000000083d00000, 0x0000000083d00000, 0x0000000083e00000|  0%| F|  |TAMS 0x0000000083d00000, 0x0000000083d00000| Untracked 
|  62|0x0000000083e00000, 0x0000000083e00000, 0x0000000083f00000|  0%| F|  |TAMS 0x0000000083e00000, 0x0000000083e00000| Untracked 
|  63|0x0000000083f00000, 0x0000000083f00000, 0x0000000084000000|  0%| F|  |TAMS 0x0000000083f00000, 0x0000000083f00000| Untracked 
|  64|0x0000000084000000, 0x0000000084000000, 0x0000000084100000|  0%| F|  |TAMS 0x0000000084000000, 0x0000000084000000| Untracked 
|  65|0x0000000084100000, 0x0000000084100000, 0x0000000084200000|  0%| F|  |TAMS 0x0000000084100000, 0x0000000084100000| Untracked 
|  66|0x0000000084200000, 0x0000000084200000, 0x0000000084300000|  0%| F|  |TAMS 0x0000000084200000, 0x0000000084200000| Untracked 
|  67|0x0000000084300000, 0x0000000084300000, 0x0000000084400000|  0%| F|  |TAMS 0x0000000084300000, 0x0000000084300000| Untracked 
|  68|0x0000000084400000, 0x0000000084400000, 0x0000000084500000|  0%| F|  |TAMS 0x0000000084400000, 0x0000000084400000| Untracked 
|  69|0x0000000084500000, 0x0000000084500000, 0x0000000084600000|  0%| F|  |TAMS 0x0000000084500000, 0x0000000084500000| Untracked 
|  70|0x0000000084600000, 0x0000000084600000, 0x0000000084700000|  0%| F|  |TAMS 0x0000000084600000, 0x0000000084600000| Untracked 
|  71|0x0000000084700000, 0x0000000084700000, 0x0000000084800000|  0%| F|  |TAMS 0x0000000084700000, 0x0000000084700000| Untracked 
|  72|0x0000000084800000, 0x0000000084800000, 0x0000000084900000|  0%| F|  |TAMS 0x0000000084800000, 0x0000000084800000| Untracked 
|  73|0x0000000084900000, 0x0000000084900000, 0x0000000084a00000|  0%| F|  |TAMS 0x0000000084900000, 0x0000000084900000| Untracked 
|  74|0x0000000084a00000, 0x0000000084a00000, 0x0000000084b00000|  0%| F|  |TAMS 0x0000000084a00000, 0x0000000084a00000| Untracked 
|  75|0x0000000084b00000, 0x0000000084b00000, 0x0000000084c00000|  0%| F|  |TAMS 0x0000000084b00000, 0x0000000084b00000| Untracked 
|  76|0x0000000084c00000, 0x0000000084c00000, 0x0000000084d00000|  0%| F|  |TAMS 0x0000000084c00000, 0x0000000084c00000| Untracked 
|  77|0x0000000084d00000, 0x0000000084d00000, 0x0000000084e00000|  0%| F|  |TAMS 0x0000000084d00000, 0x0000000084d00000| Untracked 
|  78|0x0000000084e00000, 0x0000000084e00000, 0x0000000084f00000|  0%| F|  |TAMS 0x0000000084e00000, 0x0000000084e00000| Untracked 
|  79|0x0000000084f00000, 0x0000000084f00000, 0x0000000085000000|  0%| F|  |TAMS 0x0000000084f00000, 0x0000000084f00000| Untracked 
|  80|0x0000000085000000, 0x0000000085000000, 0x0000000085100000|  0%| F|  |TAMS 0x0000000085000000, 0x0000000085000000| Untracked 
|  81|0x0000000085100000, 0x0000000085100000, 0x0000000085200000|  0%| F|  |TAMS 0x0000000085100000, 0x0000000085100000| Untracked 
|  82|0x0000000085200000, 0x0000000085200000, 0x0000000085300000|  0%| F|  |TAMS 0x0000000085200000, 0x0000000085200000| Untracked 
|  83|0x0000000085300000, 0x0000000085300000, 0x0000000085400000|  0%| F|  |TAMS 0x0000000085300000, 0x0000000085300000| Untracked 
|  84|0x0000000085400000, 0x0000000085400000, 0x0000000085500000|  0%| F|  |TAMS 0x0000000085400000, 0x0000000085400000| Untracked 
|  85|0x0000000085500000, 0x0000000085500000, 0x0000000085600000|  0%| F|  |TAMS 0x0000000085500000, 0x0000000085500000| Untracked 
|  86|0x0000000085600000, 0x0000000085600000, 0x0000000085700000|  0%| F|  |TAMS 0x0000000085600000, 0x0000000085600000| Untracked 
|  87|0x0000000085700000, 0x0000000085700000, 0x0000000085800000|  0%| F|  |TAMS 0x0000000085700000, 0x0000000085700000| Untracked 
|  88|0x0000000085800000, 0x0000000085800000, 0x0000000085900000|  0%| F|  |TAMS 0x0000000085800000, 0x0000000085800000| Untracked 
|  89|0x0000000085900000, 0x0000000085900000, 0x0000000085a00000|  0%| F|  |TAMS 0x0000000085900000, 0x0000000085900000| Untracked 
|  90|0x0000000085a00000, 0x0000000085a00000, 0x0000000085b00000|  0%| F|  |TAMS 0x0000000085a00000, 0x0000000085a00000| Untracked 
|  91|0x0000000085b00000, 0x0000000085b00000, 0x0000000085c00000|  0%| F|  |TAMS 0x0000000085b00000, 0x0000000085b00000| Untracked 
|  92|0x0000000085c00000, 0x0000000085c00000, 0x0000000085d00000|  0%| F|  |TAMS 0x0000000085c00000, 0x0000000085c00000| Untracked 
|  93|0x0000000085d00000, 0x0000000085d00000, 0x0000000085e00000|  0%| F|  |TAMS 0x0000000085d00000, 0x0000000085d00000| Untracked 
|  94|0x0000000085e00000, 0x0000000085e00000, 0x0000000085f00000|  0%| F|  |TAMS 0x0000000085e00000, 0x0000000085e00000| Untracked 
|  95|0x0000000085f00000, 0x0000000085f00000, 0x0000000086000000|  0%| F|  |TAMS 0x0000000085f00000, 0x0000000085f00000| Untracked 
|  96|0x0000000086000000, 0x0000000086000000, 0x0000000086100000|  0%| F|  |TAMS 0x0000000086000000, 0x0000000086000000| Untracked 
|  97|0x0000000086100000, 0x0000000086100000, 0x0000000086200000|  0%| F|  |TAMS 0x0000000086100000, 0x0000000086100000| Untracked 
|  98|0x0000000086200000, 0x0000000086200000, 0x0000000086300000|  0%| F|  |TAMS 0x0000000086200000, 0x0000000086200000| Untracked 
|  99|0x0000000086300000, 0x000000008637f110, 0x0000000086400000| 49%| S|CS|TAMS 0x0000000086300000, 0x0000000086300000| Complete 
| 100|0x0000000086400000, 0x0000000086500000, 0x0000000086500000|100%| S|CS|TAMS 0x0000000086400000, 0x0000000086400000| Complete 
| 101|0x0000000086500000, 0x0000000086600000, 0x0000000086600000|100%| S|CS|TAMS 0x0000000086500000, 0x0000000086500000| Complete 
| 102|0x0000000086600000, 0x0000000086700000, 0x0000000086700000|100%| S|CS|TAMS 0x0000000086600000, 0x0000000086600000| Complete 
| 103|0x0000000086700000, 0x0000000086800000, 0x0000000086800000|100%| S|CS|TAMS 0x0000000086700000, 0x0000000086700000| Complete 
| 104|0x0000000086800000, 0x0000000086900000, 0x0000000086900000|100%| S|CS|TAMS 0x0000000086800000, 0x0000000086800000| Complete 
| 105|0x0000000086900000, 0x0000000086a00000, 0x0000000086a00000|100%| S|CS|TAMS 0x0000000086900000, 0x0000000086900000| Complete 
| 106|0x0000000086a00000, 0x0000000086b00000, 0x0000000086b00000|100%| S|CS|TAMS 0x0000000086a00000, 0x0000000086a00000| Complete 
| 107|0x0000000086b00000, 0x0000000086c00000, 0x0000000086c00000|100%| S|CS|TAMS 0x0000000086b00000, 0x0000000086b00000| Complete 
| 108|0x0000000086c00000, 0x0000000086c00000, 0x0000000086d00000|  0%| F|  |TAMS 0x0000000086c00000, 0x0000000086c00000| Untracked 
| 109|0x0000000086d00000, 0x0000000086d00000, 0x0000000086e00000|  0%| F|  |TAMS 0x0000000086d00000, 0x0000000086d00000| Untracked 
| 110|0x0000000086e00000, 0x0000000086e00000, 0x0000000086f00000|  0%| F|  |TAMS 0x0000000086e00000, 0x0000000086e00000| Untracked 
| 111|0x0000000086f00000, 0x0000000086f00000, 0x0000000087000000|  0%| F|  |TAMS 0x0000000086f00000, 0x0000000086f00000| Untracked 
| 112|0x0000000087000000, 0x0000000087000000, 0x0000000087100000|  0%| F|  |TAMS 0x0000000087000000, 0x0000000087000000| Untracked 
| 113|0x0000000087100000, 0x0000000087100000, 0x0000000087200000|  0%| F|  |TAMS 0x0000000087100000, 0x0000000087100000| Untracked 
| 114|0x0000000087200000, 0x0000000087200000, 0x0000000087300000|  0%| F|  |TAMS 0x0000000087200000, 0x0000000087200000| Untracked 
| 115|0x0000000087300000, 0x0000000087300000, 0x0000000087400000|  0%| F|  |TAMS 0x0000000087300000, 0x0000000087300000| Untracked 
| 116|0x0000000087400000, 0x0000000087400000, 0x0000000087500000|  0%| F|  |TAMS 0x0000000087400000, 0x0000000087400000| Untracked 
| 117|0x0000000087500000, 0x0000000087500000, 0x0000000087600000|  0%| F|  |TAMS 0x0000000087500000, 0x0000000087500000| Untracked 
| 118|0x0000000087600000, 0x0000000087600000, 0x0000000087700000|  0%| F|  |TAMS 0x0000000087600000, 0x0000000087600000| Untracked 
| 119|0x0000000087700000, 0x0000000087700000, 0x0000000087800000|  0%| F|  |TAMS 0x0000000087700000, 0x0000000087700000| Untracked 
| 120|0x0000000087800000, 0x0000000087800000, 0x0000000087900000|  0%| F|  |TAMS 0x0000000087800000, 0x0000000087800000| Untracked 
| 121|0x0000000087900000, 0x0000000087900000, 0x0000000087a00000|  0%| F|  |TAMS 0x0000000087900000, 0x0000000087900000| Untracked 
| 122|0x0000000087a00000, 0x0000000087a00000, 0x0000000087b00000|  0%| F|  |TAMS 0x0000000087a00000, 0x0000000087a00000| Untracked 
| 123|0x0000000087b00000, 0x0000000087b00000, 0x0000000087c00000|  0%| F|  |TAMS 0x0000000087b00000, 0x0000000087b00000| Untracked 
| 124|0x0000000087c00000, 0x0000000087c00000, 0x0000000087d00000|  0%| F|  |TAMS 0x0000000087c00000, 0x0000000087c00000| Untracked 
| 125|0x0000000087d00000, 0x0000000087d00000, 0x0000000087e00000|  0%| F|  |TAMS 0x0000000087d00000, 0x0000000087d00000| Untracked 
| 126|0x0000000087e00000, 0x0000000087e00000, 0x0000000087f00000|  0%| F|  |TAMS 0x0000000087e00000, 0x0000000087e00000| Untracked 
| 127|0x0000000087f00000, 0x0000000087f00000, 0x0000000088000000|  0%| F|  |TAMS 0x0000000087f00000, 0x0000000087f00000| Untracked 
| 128|0x0000000088000000, 0x0000000088000000, 0x0000000088100000|  0%| F|  |TAMS 0x0000000088000000, 0x0000000088000000| Untracked 
| 129|0x0000000088100000, 0x0000000088100000, 0x0000000088200000|  0%| F|  |TAMS 0x0000000088100000, 0x0000000088100000| Untracked 
| 130|0x0000000088200000, 0x0000000088200000, 0x0000000088300000|  0%| F|  |TAMS 0x0000000088200000, 0x0000000088200000| Untracked 
| 131|0x0000000088300000, 0x0000000088300000, 0x0000000088400000|  0%| F|  |TAMS 0x0000000088300000, 0x0000000088300000| Untracked 
| 132|0x0000000088400000, 0x0000000088400000, 0x0000000088500000|  0%| F|  |TAMS 0x0000000088400000, 0x0000000088400000| Untracked 
| 133|0x0000000088500000, 0x0000000088500000, 0x0000000088600000|  0%| F|  |TAMS 0x0000000088500000, 0x0000000088500000| Untracked 
| 134|0x0000000088600000, 0x0000000088600000, 0x0000000088700000|  0%| F|  |TAMS 0x0000000088600000, 0x0000000088600000| Untracked 
| 135|0x0000000088700000, 0x0000000088700000, 0x0000000088800000|  0%| F|  |TAMS 0x0000000088700000, 0x0000000088700000| Untracked 
| 136|0x0000000088800000, 0x0000000088800000, 0x0000000088900000|  0%| F|  |TAMS 0x0000000088800000, 0x0000000088800000| Untracked 
| 137|0x0000000088900000, 0x0000000088900000, 0x0000000088a00000|  0%| F|  |TAMS 0x0000000088900000, 0x0000000088900000| Untracked 
| 138|0x0000000088a00000, 0x0000000088a00000, 0x0000000088b00000|  0%| F|  |TAMS 0x0000000088a00000, 0x0000000088a00000| Untracked 
| 139|0x0000000088b00000, 0x0000000088b00000, 0x0000000088c00000|  0%| F|  |TAMS 0x0000000088b00000, 0x0000000088b00000| Untracked 
| 140|0x0000000088c00000, 0x0000000088c00000, 0x0000000088d00000|  0%| F|  |TAMS 0x0000000088c00000, 0x0000000088c00000| Untracked 
| 141|0x0000000088d00000, 0x0000000088d00000, 0x0000000088e00000|  0%| F|  |TAMS 0x0000000088d00000, 0x0000000088d00000| Untracked 
| 142|0x0000000088e00000, 0x0000000088e00000, 0x0000000088f00000|  0%| F|  |TAMS 0x0000000088e00000, 0x0000000088e00000| Untracked 
| 143|0x0000000088f00000, 0x0000000088f00000, 0x0000000089000000|  0%| F|  |TAMS 0x0000000088f00000, 0x0000000088f00000| Untracked 
| 144|0x0000000089000000, 0x0000000089000000, 0x0000000089100000|  0%| F|  |TAMS 0x0000000089000000, 0x0000000089000000| Untracked 
| 145|0x0000000089100000, 0x0000000089100000, 0x0000000089200000|  0%| F|  |TAMS 0x0000000089100000, 0x0000000089100000| Untracked 
| 146|0x0000000089200000, 0x0000000089200000, 0x0000000089300000|  0%| F|  |TAMS 0x0000000089200000, 0x0000000089200000| Untracked 
| 147|0x0000000089300000, 0x0000000089300000, 0x0000000089400000|  0%| F|  |TAMS 0x0000000089300000, 0x0000000089300000| Untracked 
| 148|0x0000000089400000, 0x0000000089400000, 0x0000000089500000|  0%| F|  |TAMS 0x0000000089400000, 0x0000000089400000| Untracked 
| 149|0x0000000089500000, 0x0000000089500000, 0x0000000089600000|  0%| F|  |TAMS 0x0000000089500000, 0x0000000089500000| Untracked 
| 150|0x0000000089600000, 0x0000000089600000, 0x0000000089700000|  0%| F|  |TAMS 0x0000000089600000, 0x0000000089600000| Untracked 
| 151|0x0000000089700000, 0x0000000089700000, 0x0000000089800000|  0%| F|  |TAMS 0x0000000089700000, 0x0000000089700000| Untracked 
| 152|0x0000000089800000, 0x0000000089800000, 0x0000000089900000|  0%| F|  |TAMS 0x0000000089800000, 0x0000000089800000| Untracked 
| 153|0x0000000089900000, 0x0000000089900000, 0x0000000089a00000|  0%| F|  |TAMS 0x0000000089900000, 0x0000000089900000| Untracked 
| 154|0x0000000089a00000, 0x0000000089a00000, 0x0000000089b00000|  0%| F|  |TAMS 0x0000000089a00000, 0x0000000089a00000| Untracked 
| 155|0x0000000089b00000, 0x0000000089b00000, 0x0000000089c00000|  0%| F|  |TAMS 0x0000000089b00000, 0x0000000089b00000| Untracked 
| 156|0x0000000089c00000, 0x0000000089c00000, 0x0000000089d00000|  0%| F|  |TAMS 0x0000000089c00000, 0x0000000089c00000| Untracked 
| 157|0x0000000089d00000, 0x0000000089d00000, 0x0000000089e00000|  0%| F|  |TAMS 0x0000000089d00000, 0x0000000089d00000| Untracked 
| 158|0x0000000089e00000, 0x0000000089e00000, 0x0000000089f00000|  0%| F|  |TAMS 0x0000000089e00000, 0x0000000089e00000| Untracked 
| 159|0x0000000089f00000, 0x0000000089f00000, 0x000000008a000000|  0%| F|  |TAMS 0x0000000089f00000, 0x0000000089f00000| Untracked 
| 160|0x000000008a000000, 0x000000008a000000, 0x000000008a100000|  0%| F|  |TAMS 0x000000008a000000, 0x000000008a000000| Untracked 
| 161|0x000000008a100000, 0x000000008a100000, 0x000000008a200000|  0%| F|  |TAMS 0x000000008a100000, 0x000000008a100000| Untracked 
| 162|0x000000008a200000, 0x000000008a200000, 0x000000008a300000|  0%| F|  |TAMS 0x000000008a200000, 0x000000008a200000| Untracked 
| 163|0x000000008a300000, 0x000000008a300000, 0x000000008a400000|  0%| F|  |TAMS 0x000000008a300000, 0x000000008a300000| Untracked 
| 164|0x000000008a400000, 0x000000008a400000, 0x000000008a500000|  0%| F|  |TAMS 0x000000008a400000, 0x000000008a400000| Untracked 
| 165|0x000000008a500000, 0x000000008a500000, 0x000000008a600000|  0%| F|  |TAMS 0x000000008a500000, 0x000000008a500000| Untracked 
| 166|0x000000008a600000, 0x000000008a600000, 0x000000008a700000|  0%| F|  |TAMS 0x000000008a600000, 0x000000008a600000| Untracked 
| 167|0x000000008a700000, 0x000000008a700000, 0x000000008a800000|  0%| F|  |TAMS 0x000000008a700000, 0x000000008a700000| Untracked 
| 168|0x000000008a800000, 0x000000008a800000, 0x000000008a900000|  0%| F|  |TAMS 0x000000008a800000, 0x000000008a800000| Untracked 
| 169|0x000000008a900000, 0x000000008a900000, 0x000000008aa00000|  0%| F|  |TAMS 0x000000008a900000, 0x000000008a900000| Untracked 
| 170|0x000000008aa00000, 0x000000008aa00000, 0x000000008ab00000|  0%| F|  |TAMS 0x000000008aa00000, 0x000000008aa00000| Untracked 
| 171|0x000000008ab00000, 0x000000008ab00000, 0x000000008ac00000|  0%| F|  |TAMS 0x000000008ab00000, 0x000000008ab00000| Untracked 
| 172|0x000000008ac00000, 0x000000008ac00000, 0x000000008ad00000|  0%| F|  |TAMS 0x000000008ac00000, 0x000000008ac00000| Untracked 
| 173|0x000000008ad00000, 0x000000008ad00000, 0x000000008ae00000|  0%| F|  |TAMS 0x000000008ad00000, 0x000000008ad00000| Untracked 
| 174|0x000000008ae00000, 0x000000008ae00000, 0x000000008af00000|  0%| F|  |TAMS 0x000000008ae00000, 0x000000008ae00000| Untracked 
| 175|0x000000008af00000, 0x000000008af00000, 0x000000008b000000|  0%| F|  |TAMS 0x000000008af00000, 0x000000008af00000| Untracked 
| 176|0x000000008b000000, 0x000000008b000000, 0x000000008b100000|  0%| F|  |TAMS 0x000000008b000000, 0x000000008b000000| Untracked 
| 177|0x000000008b100000, 0x000000008b100000, 0x000000008b200000|  0%| F|  |TAMS 0x000000008b100000, 0x000000008b100000| Untracked 
| 178|0x000000008b200000, 0x000000008b200000, 0x000000008b300000|  0%| F|  |TAMS 0x000000008b200000, 0x000000008b200000| Untracked 
| 179|0x000000008b300000, 0x000000008b300000, 0x000000008b400000|  0%| F|  |TAMS 0x000000008b300000, 0x000000008b300000| Untracked 
| 180|0x000000008b400000, 0x000000008b400000, 0x000000008b500000|  0%| F|  |TAMS 0x000000008b400000, 0x000000008b400000| Untracked 
| 181|0x000000008b500000, 0x000000008b500000, 0x000000008b600000|  0%| F|  |TAMS 0x000000008b500000, 0x000000008b500000| Untracked 
| 182|0x000000008b600000, 0x000000008b600000, 0x000000008b700000|  0%| F|  |TAMS 0x000000008b600000, 0x000000008b600000| Untracked 
| 183|0x000000008b700000, 0x000000008b780800, 0x000000008b800000| 50%| E|  |TAMS 0x000000008b700000, 0x000000008b700000| Complete 
| 184|0x000000008b800000, 0x000000008b900000, 0x000000008b900000|100%| E|CS|TAMS 0x000000008b800000, 0x000000008b800000| Complete 

Card table byte_map: [0x00000188720d0000,0x00000188724d0000] _byte_map_base: 0x0000018871cd0000

Marking Bits (Prev, Next): (CMBitMap*) 0x000001886e1ec5d0, (CMBitMap*) 0x000001886e1ec598
 Prev Bits: [0x00000188748d0000, 0x00000188768d0000)
 Next Bits: [0x00000188728d0000, 0x00000188748d0000)

Polling page: 0x000001886c160000

Metaspace:

Usage:
  Non-class:     56.25 MB capacity,    55.39 MB ( 98%) used,   716.29 KB (  1%) free+waste,   164.19 KB ( <1%) overhead. 
      Class:      8.54 MB capacity,     7.97 MB ( 93%) used,   512.94 KB (  6%) free+waste,    76.50 KB ( <1%) overhead. 
       Both:     64.79 MB capacity,    63.35 MB ( 98%) used,     1.20 MB (  2%) free+waste,   240.69 KB ( <1%) overhead. 

Virtual space:
  Non-class space:       58.00 MB reserved,      56.42 MB ( 97%) committed 
      Class space:        1.00 GB reserved,       8.57 MB ( <1%) committed 
             Both:        1.06 GB reserved,      65.00 MB (  6%) committed 

Chunk freelists:
   Non-Class:  52.00 KB
       Class:  19.00 KB
        Both:  71.00 KB

MaxMetaspaceSize: 17179869184.00 GB
CompressedClassSpaceSize: 1.00 GB
Initial GC threshold: 20.80 MB
Current GC threshold: 100.20 MB
CDS: off

CodeHeap 'non-profiled nmethods': size=120064Kb used=3549Kb max_used=3549Kb free=116515Kb
 bounds [0x0000018807ac0000, 0x0000018807e40000, 0x000001880f000000]
CodeHeap 'profiled nmethods': size=120000Kb used=13745Kb max_used=13745Kb free=106254Kb
 bounds [0x0000018800590000, 0x0000018801300000, 0x0000018807ac0000]
CodeHeap 'non-nmethods': size=5696Kb used=2340Kb max_used=2391Kb free=3355Kb
 bounds [0x0000018800000000, 0x0000018800270000, 0x0000018800590000]
 total_blobs=7311 nmethods=6458 adapters=765
 compilation: enabled
              stopped_count=0, restarted_count=0
 full_count=0

Compilation events (20 events):
Event: 11.873 Thread 0x0000018878dea000 6487       3       kotlin.text.StringsKt__StringsKt::indexOf$default (26 bytes)
Event: 11.873 Thread 0x0000018878dea000 nmethod 6487 0x00000188012efb10 code [0x00000188012efcc0, 0x00000188012efe48]
Event: 11.873 Thread 0x0000018878dea000 6485       3       kotlin.text.StringsKt__StringsKt::contains$default (15 bytes)
Event: 11.874 Thread 0x0000018878dea000 nmethod 6485 0x00000188012eff10 code [0x00000188012f0160, 0x00000188012f08a8]
Event: 11.874 Thread 0x0000018878dea000 6492       1       kotlin.Pair::component1 (5 bytes)
Event: 11.874 Thread 0x0000018878dea000 nmethod 6492 0x0000018807e33690 code [0x0000018807e33840, 0x0000018807e338f8]
Event: 11.874 Thread 0x0000018878dea000 6493       1       kotlin.Pair::component2 (5 bytes)
Event: 11.874 Thread 0x0000018878dea000 nmethod 6493 0x0000018807e33990 code [0x0000018807e33b40, 0x0000018807e33bf8]
Event: 11.874 Thread 0x0000018878dea000 6494       3       com.android.tools.build.jetifier.core.type.JavaType::hashCode (17 bytes)
Event: 11.874 Thread 0x0000018878dea000 nmethod 6494 0x00000188012f0b90 code [0x00000188012f0d60, 0x00000188012f0f08]
Event: 11.874 Thread 0x0000018878dea000 6486       3       kotlin.text.StringsKt__StringsKt::contains (25 bytes)
Event: 11.875 Thread 0x0000018878dea000 nmethod 6486 0x00000188012f1010 code [0x00000188012f1260, 0x00000188012f1908]
Event: 11.875 Thread 0x0000018878dea000 6489       3       kotlin.TuplesKt::to (10 bytes)
Event: 11.875 Thread 0x0000018878dea000 nmethod 6489 0x00000188012f1b90 code [0x00000188012f1d60, 0x00000188012f2018]
Event: 11.875 Thread 0x0000018878dea000 6490       3       kotlin.Pair::<init> (15 bytes)
Event: 11.875 Thread 0x0000018878dea000 nmethod 6490 0x00000188012f2110 code [0x00000188012f22c0, 0x00000188012f24d8]
Event: 11.876 Thread 0x0000018878dea000 6495       3       com.android.tools.build.jetifier.core.type.JavaType::hasInnerType (16 bytes)
Event: 11.877 Thread 0x0000018878dea000 nmethod 6495 0x00000188012f2590 code [0x00000188012f27e0, 0x00000188012f2f68]
Event: 11.890 Thread 0x0000018878dea000 6496       1       com.android.tools.build.jetifier.core.pom.PomRewriteRule::getFrom (5 bytes)
Event: 11.890 Thread 0x0000018878dea000 nmethod 6496 0x0000018807e33c90 code [0x0000018807e33e40, 0x0000018807e33ef8]

GC Heap History (20 events):
Event: 1.051 GC heap before
{Heap before GC invocations=1 (full 0):
 garbage-first heap   total 131072K, used 19780K [0x0000000080000000, 0x0000000100000000)
  region size 1024K, 14 young (14336K), 2 survivors (2048K)
 Metaspace       used 10265K, capacity 10565K, committed 10624K, reserved 1058816K
  class space    used 1055K, capacity 1139K, committed 1152K, reserved 1048576K
}
Event: 1.056 GC heap after
{Heap after GC invocations=2 (full 0):
 garbage-first heap   total 131072K, used 9477K [0x0000000080000000, 0x0000000100000000)
  region size 1024K, 2 young (2048K), 2 survivors (2048K)
 Metaspace       used 10265K, capacity 10565K, committed 10624K, reserved 1058816K
  class space    used 1055K, capacity 1139K, committed 1152K, reserved 1048576K
}
Event: 1.599 GC heap before
{Heap before GC invocations=2 (full 0):
 garbage-first heap   total 131072K, used 41221K [0x0000000080000000, 0x0000000100000000)
  region size 1024K, 33 young (33792K), 2 survivors (2048K)
 Metaspace       used 11246K, capacity 11520K, committed 11776K, reserved 1060864K
  class space    used 1156K, capacity 1244K, committed 1280K, reserved 1048576K
}
Event: 1.605 GC heap after
{Heap after GC invocations=3 (full 0):
 garbage-first heap   total 131072K, used 12043K [0x0000000080000000, 0x0000000100000000)
  region size 1024K, 5 young (5120K), 5 survivors (5120K)
 Metaspace       used 11246K, capacity 11520K, committed 11776K, reserved 1060864K
  class space    used 1156K, capacity 1244K, committed 1280K, reserved 1048576K
}
Event: 2.986 GC heap before
{Heap before GC invocations=3 (full 0):
 garbage-first heap   total 131072K, used 57099K [0x0000000080000000, 0x0000000100000000)
  region size 1024K, 49 young (50176K), 5 survivors (5120K)
 Metaspace       used 17836K, capacity 18275K, committed 18432K, reserved 1064960K
  class space    used 2088K, capacity 2244K, committed 2304K, reserved 1048576K
}
Event: 2.996 GC heap after
{Heap after GC invocations=4 (full 0):
 garbage-first heap   total 131072K, used 16577K [0x0000000080000000, 0x0000000100000000)
  region size 1024K, 7 young (7168K), 7 survivors (7168K)
 Metaspace       used 17836K, capacity 18275K, committed 18432K, reserved 1064960K
  class space    used 2088K, capacity 2244K, committed 2304K, reserved 1048576K
}
Event: 3.309 GC heap before
{Heap before GC invocations=4 (full 0):
 garbage-first heap   total 131072K, used 42177K [0x0000000080000000, 0x0000000100000000)
  region size 1024K, 33 young (33792K), 7 survivors (7168K)
 Metaspace       used 20782K, capacity 21199K, committed 21296K, reserved 1069056K
  class space    used 2528K, capacity 2686K, committed 2688K, reserved 1048576K
}
Event: 3.319 GC heap after
{Heap after GC invocations=5 (full 0):
 garbage-first heap   total 157696K, used 17196K [0x0000000080000000, 0x0000000100000000)
  region size 1024K, 1 young (1024K), 1 survivors (1024K)
 Metaspace       used 20782K, capacity 21199K, committed 21296K, reserved 1069056K
  class space    used 2528K, capacity 2686K, committed 2688K, reserved 1048576K
}
Event: 4.197 GC heap before
{Heap before GC invocations=6 (full 0):
 garbage-first heap   total 157696K, used 73516K [0x0000000080000000, 0x0000000100000000)
  region size 1024K, 57 young (58368K), 1 survivors (1024K)
 Metaspace       used 26718K, capacity 27389K, committed 27516K, reserved 1073152K
  class space    used 3452K, capacity 3674K, committed 3788K, reserved 1048576K
}
Event: 4.204 GC heap after
{Heap after GC invocations=7 (full 0):
 garbage-first heap   total 157696K, used 19117K [0x0000000080000000, 0x0000000100000000)
  region size 1024K, 3 young (3072K), 3 survivors (3072K)
 Metaspace       used 26718K, capacity 27389K, committed 27516K, reserved 1073152K
  class space    used 3452K, capacity 3674K, committed 3788K, reserved 1048576K
}
Event: 5.267 GC heap before
{Heap before GC invocations=7 (full 0):
 garbage-first heap   total 157696K, used 78509K [0x0000000080000000, 0x0000000100000000)
  region size 1024K, 62 young (63488K), 3 survivors (3072K)
 Metaspace       used 35188K, capacity 35939K, committed 35964K, reserved 1081344K
  class space    used 4512K, capacity 4805K, committed 4812K, reserved 1048576K
}
Event: 5.282 GC heap after
{Heap after GC invocations=8 (full 0):
 garbage-first heap   total 157696K, used 22574K [0x0000000080000000, 0x0000000100000000)
  region size 1024K, 7 young (7168K), 7 survivors (7168K)
 Metaspace       used 35188K, capacity 35939K, committed 35964K, reserved 1081344K
  class space    used 4512K, capacity 4805K, committed 4812K, reserved 1048576K
}
Event: 6.456 GC heap before
{Heap before GC invocations=9 (full 0):
 garbage-first heap   total 157696K, used 93230K [0x0000000080000000, 0x0000000100000000)
  region size 1024K, 74 young (75776K), 7 survivors (7168K)
 Metaspace       used 40592K, capacity 41555K, committed 41852K, reserved 1085440K
  class space    used 5115K, capacity 5454K, committed 5580K, reserved 1048576K
}
Event: 6.474 GC heap after
{Heap after GC invocations=10 (full 0):
 garbage-first heap   total 157696K, used 28152K [0x0000000080000000, 0x0000000100000000)
  region size 1024K, 9 young (9216K), 9 survivors (9216K)
 Metaspace       used 40592K, capacity 41555K, committed 41852K, reserved 1085440K
  class space    used 5115K, capacity 5454K, committed 5580K, reserved 1048576K
}
Event: 7.545 GC heap before
{Heap before GC invocations=10 (full 0):
 garbage-first heap   total 157696K, used 108024K [0x0000000080000000, 0x0000000100000000)
  region size 1024K, 86 young (88064K), 9 survivors (9216K)
 Metaspace       used 47257K, capacity 48409K, committed 48636K, reserved 1091584K
  class space    used 6014K, capacity 6455K, committed 6476K, reserved 1048576K
}
Event: 7.563 GC heap after
{Heap after GC invocations=11 (full 0):
 garbage-first heap   total 157696K, used 29949K [0x0000000080000000, 0x0000000100000000)
  region size 1024K, 8 young (8192K), 8 survivors (8192K)
 Metaspace       used 47257K, capacity 48409K, committed 48636K, reserved 1091584K
  class space    used 6014K, capacity 6455K, committed 6476K, reserved 1048576K
}
Event: 9.204 GC heap before
{Heap before GC invocations=11 (full 0):
 garbage-first heap   total 157696K, used 123133K [0x0000000080000000, 0x0000000100000000)
  region size 1024K, 89 young (91136K), 8 survivors (8192K)
 Metaspace       used 52601K, capacity 53939K, committed 54268K, reserved 1095680K
  class space    used 6630K, capacity 7128K, committed 7244K, reserved 1048576K
}
Event: 9.231 GC heap after
{Heap after GC invocations=12 (full 0):
 garbage-first heap   total 189440K, used 48870K [0x0000000080000000, 0x0000000100000000)
  region size 1024K, 12 young (12288K), 12 survivors (12288K)
 Metaspace       used 52601K, capacity 53939K, committed 54268K, reserved 1095680K
  class space    used 6630K, capacity 7128K, committed 7244K, reserved 1048576K
}
Event: 10.370 GC heap before
{Heap before GC invocations=12 (full 0):
 garbage-first heap   total 189440K, used 92902K [0x0000000080000000, 0x0000000100000000)
  region size 1024K, 56 young (57344K), 12 survivors (12288K)
 Metaspace       used 59067K, capacity 60518K, committed 60580K, reserved 1101824K
  class space    used 7452K, capacity 7995K, committed 8012K, reserved 1048576K
}
Event: 10.391 GC heap after
{Heap after GC invocations=13 (full 0):
 garbage-first heap   total 189440K, used 51631K [0x0000000080000000, 0x0000000100000000)
  region size 1024K, 3 young (3072K), 3 survivors (3072K)
 Metaspace       used 59067K, capacity 60518K, committed 60580K, reserved 1101824K
  class space    used 7452K, capacity 7995K, committed 8012K, reserved 1048576K
}

Deoptimization events (20 events):
Event: 11.292 Thread 0x000001887bb58800 DEOPT PACKING pc=0x000001880119261b sp=0x00000013943f6990
Event: 11.292 Thread 0x000001887bb58800 DEOPT UNPACKING pc=0x000001880004a95e sp=0x00000013943f5e00 mode 0
Event: 11.415 Thread 0x000001887bb58800 DEOPT PACKING pc=0x000001880119261b sp=0x00000013943f6990
Event: 11.415 Thread 0x000001887bb58800 DEOPT UNPACKING pc=0x000001880004a95e sp=0x00000013943f5e00 mode 0
Event: 11.464 Thread 0x000001887bb58800 Uncommon trap: trap_request=0xffffff4d fr.pc=0x0000018807de47e4 relative=0x0000000000006264
Event: 11.464 Thread 0x000001887bb58800 Uncommon trap: reason=unstable_if action=reinterpret pc=0x0000018807de47e4 method=org.codehaus.groovy.reflection.CachedMethod.compareToMethod(Ljava/lang/reflect/Method;)I @ 71 c2
Event: 11.464 Thread 0x000001887bb58800 DEOPT PACKING pc=0x0000018807de47e4 sp=0x00000013943f7c60
Event: 11.464 Thread 0x000001887bb58800 DEOPT UNPACKING pc=0x000001880004a1af sp=0x00000013943f7b68 mode 2
Event: 11.596 Thread 0x000001887bb58800 Uncommon trap: trap_request=0xffffff4d fr.pc=0x0000018807ca7a1c relative=0x000000000000033c
Event: 11.596 Thread 0x000001887bb58800 Uncommon trap: reason=unstable_if action=reinterpret pc=0x0000018807ca7a1c method=org.gradle.internal.reflect.PropertyAccessorType.of(Ljava/lang/reflect/Method;)Lorg/gradle/internal/reflect/PropertyAccessorType; @ 56 c2
Event: 11.596 Thread 0x000001887bb58800 DEOPT PACKING pc=0x0000018807ca7a1c sp=0x00000013943f77f0
Event: 11.596 Thread 0x000001887bb58800 DEOPT UNPACKING pc=0x000001880004a1af sp=0x00000013943f77b0 mode 2
Event: 11.659 Thread 0x000001887bb58800 Uncommon trap: trap_request=0xffffff4d fr.pc=0x0000018807e1925c relative=0x0000000000000afc
Event: 11.659 Thread 0x000001887bb58800 Uncommon trap: reason=unstable_if action=reinterpret pc=0x0000018807e1925c method=org.objectweb.asm.Label.resolve([BI)Z @ 80 c2
Event: 11.659 Thread 0x000001887bb58800 DEOPT PACKING pc=0x0000018807e1925c sp=0x00000013943f63a0
Event: 11.659 Thread 0x000001887bb58800 DEOPT UNPACKING pc=0x000001880004a1af sp=0x00000013943f62c0 mode 2
Event: 11.659 Thread 0x000001887bb58800 Uncommon trap: trap_request=0xffffff4d fr.pc=0x0000018807d91fa4 relative=0x0000000000000204
Event: 11.659 Thread 0x000001887bb58800 Uncommon trap: reason=unstable_if action=reinterpret pc=0x0000018807d91fa4 method=org.objectweb.asm.Label.resolve([BI)Z @ 80 c2
Event: 11.659 Thread 0x000001887bb58800 DEOPT PACKING pc=0x0000018807d91fa4 sp=0x00000013943f6330
Event: 11.659 Thread 0x000001887bb58800 DEOPT UNPACKING pc=0x000001880004a1af sp=0x00000013943f62b0 mode 2

Classes redefined (0 events):
No events

Internal exceptions (20 events):
Event: 9.179 Thread 0x000001887bb58800 Exception <a 'java/lang/NoSuchMethodError'{0x0000000084a85b60}: 'java.lang.Object java.lang.invoke.DirectMethodHandle$Holder.invokeSpecial(java.lang.Object, java.lang.Object, int, int, java.lang.Object, java.lang.Object, java.lang.Object)'> (0x0000000084a85b60) thrown at [./src/hotspot/share/interpreter/linkResolver.cpp, line 773]
Event: 9.179 Thread 0x000001887bb58800 Exception <a 'java/lang/NoSuchMethodError'{0x0000000084a8a0e0}: 'java.lang.Object java.lang.invoke.DelegatingMethodHandle$Holder.reinvoke_L(java.lang.Object, int, int, java.lang.Object, java.lang.Object, java.lang.Object)'> (0x0000000084a8a0e0) thrown at [./src/hotspot/share/interpreter/linkResolver.cpp, line 773]
Event: 9.522 Thread 0x000001887bb58800 Exception <a 'java/lang/NoSuchMethodError'{0x000000008ada9df0}: 'int java.lang.invoke.DirectMethodHandle$Holder.invokeInterface(java.lang.Object, java.lang.Object, java.lang.Object, java.lang.Object)'> (0x000000008ada9df0) thrown at [./src/hotspot/share/interpreter/linkResolver.cpp, line 773]
Event: 10.218 Thread 0x000001887bb58800 Exception <a 'java/lang/IncompatibleClassChangeError'{0x0000000089354828}: Found class java.lang.Object, but interface was expected> (0x0000000089354828) thrown at [./src/hotspot/share/interpreter/linkResolver.cpp, line 839]
Event: 10.288 Thread 0x000001887bb58800 Implicit null exception at 0x0000018807d9f2d4 to 0x0000018807d9f4b8
Event: 10.454 Thread 0x000001887bb58800 Implicit null exception at 0x0000018807bfe40b to 0x0000018807bfe4e4
Event: 10.577 Thread 0x000001887bb58800 Implicit null exception at 0x0000018807c39aac to 0x0000018807c39c5a
Event: 10.901 Thread 0x000001887bb58800 Exception <a 'sun/nio/fs/WindowsException'{0x000000008a0ebb90}> (0x000000008a0ebb90) thrown at [./src/hotspot/share/prims/jni.cpp, line 616]
Event: 11.443 Thread 0x000001887bb58800 Exception <a 'java/lang/ClassNotFoundException'{0x0000000088108458}: org/gradle/api/internal/project/DefaultProject_DecoratedBeanInfo> (0x0000000088108458) thrown at [./src/hotspot/share/classfile/systemDictionary.cpp, line 231]
Event: 11.444 Thread 0x000001887bb58800 Exception <a 'java/lang/ClassNotFoundException'{0x000000008813e4d0}: org/gradle/api/internal/project/DefaultProjectBeanInfo> (0x000000008813e4d0) thrown at [./src/hotspot/share/classfile/systemDictionary.cpp, line 231]
Event: 11.446 Thread 0x000001887bb58800 Exception <a 'java/lang/ClassNotFoundException'{0x0000000088174780}: org/gradle/api/internal/project/DefaultProjectCustomizer> (0x0000000088174780) thrown at [./src/hotspot/share/classfile/systemDictionary.cpp, line 231]
Event: 11.451 Thread 0x000001887bb58800 Exception <a 'java/lang/ClassNotFoundException'{0x00000000880415a0}: org/gradle/api/internal/project/DefaultProject_DecoratedCustomizer> (0x00000000880415a0) thrown at [./src/hotspot/share/classfile/systemDictionary.cpp, line 231]
Event: 11.470 Thread 0x000001887bb58800 Exception <a 'java/lang/ClassNotFoundException'{0x0000000087f4c418}: org/gradle/api/plugins/internal/DefaultBasePluginConventionBeanInfo> (0x0000000087f4c418) thrown at [./src/hotspot/share/classfile/systemDictionary.cpp, line 231]
Event: 11.473 Thread 0x000001887bb58800 Exception <a 'java/lang/ClassNotFoundException'{0x0000000087f8eb50}: org/gradle/api/plugins/BasePluginConventionBeanInfo> (0x0000000087f8eb50) thrown at [./src/hotspot/share/classfile/systemDictionary.cpp, line 231]
Event: 11.475 Thread 0x000001887bb58800 Exception <a 'java/lang/ClassNotFoundException'{0x0000000087fd11f8}: org/gradle/api/plugins/BasePluginConventionCustomizer> (0x0000000087fd11f8) thrown at [./src/hotspot/share/classfile/systemDictionary.cpp, line 231]
Event: 11.477 Thread 0x000001887bb58800 Exception <a 'java/lang/ClassNotFoundException'{0x0000000087e25c50}: org/gradle/api/plugins/internal/DefaultBasePluginConventionCustomizer> (0x0000000087e25c50) thrown at [./src/hotspot/share/classfile/systemDictionary.cpp, line 231]
Event: 11.483 Thread 0x000001887bb58800 Exception <a 'java/lang/ClassNotFoundException'{0x0000000087eaddb0}: org/gradle/api/plugins/internal/DefaultJavaPluginConventionBeanInfo> (0x0000000087eaddb0) thrown at [./src/hotspot/share/classfile/systemDictionary.cpp, line 231]
Event: 11.484 Thread 0x000001887bb58800 Exception <a 'java/lang/ClassNotFoundException'{0x0000000087ef0240}: org/gradle/api/plugins/JavaPluginConventionBeanInfo> (0x0000000087ef0240) thrown at [./src/hotspot/share/classfile/systemDictionary.cpp, line 231]
Event: 11.486 Thread 0x000001887bb58800 Exception <a 'java/lang/ClassNotFoundException'{0x0000000087d32de0}: org/gradle/api/plugins/JavaPluginConventionCustomizer> (0x0000000087d32de0) thrown at [./src/hotspot/share/classfile/systemDictionary.cpp, line 231]
Event: 11.489 Thread 0x000001887bb58800 Exception <a 'java/lang/ClassNotFoundException'{0x0000000087d91688}: org/gradle/api/plugins/internal/DefaultJavaPluginConventionCustomizer> (0x0000000087d91688) thrown at [./src/hotspot/share/classfile/systemDictionary.cpp, line 231]

Events (20 events):
Event: 11.892 loading class com/android/tools/build/jetifier/processor/TimestampsPolicy$Companion$NOW$1
Event: 11.892 loading class com/android/tools/build/jetifier/processor/TimestampsPolicy$Companion$NOW$1 done
Event: 11.897 loading class com/android/tools/build/jetifier/processor/TimestampsPolicy$Companion$KEEP_PREVIOUS$1
Event: 11.897 loading class com/android/tools/build/jetifier/processor/TimestampsPolicy$Companion$KEEP_PREVIOUS$1 done
Event: 11.898 loading class com/android/tools/build/jetifier/core/pom/DependencyVersions
Event: 11.898 loading class com/android/tools/build/jetifier/core/pom/DependencyVersions done
Event: 11.899 loading class com/android/tools/build/jetifier/core/pom/DependencyVersions$Companion
Event: 11.899 loading class com/android/tools/build/jetifier/core/pom/DependencyVersions$Companion done
Event: 11.900 loading class com/android/tools/build/jetifier/processor/transform/TransformationContext
Event: 11.900 loading class com/android/tools/build/jetifier/processor/transform/TransformationContext done
Event: 11.901 loading class com/android/tools/build/jetifier/core/TypeRewriter
Event: 11.901 loading class com/android/tools/build/jetifier/core/TypeRewriter done
Event: 11.902 loading class com/android/tools/build/jetifier/core/TypeRewriter$Companion
Event: 11.902 loading class com/android/tools/build/jetifier/core/TypeRewriter$Companion done
Event: 11.902 loading class com/android/tools/build/jetifier/processor/transform/Transformer
Event: 11.902 loading class com/android/tools/build/jetifier/processor/transform/Transformer done
Event: 11.914 loading class com/android/tools/build/jetifier/processor/transform/bytecode/ByteCodeTransformer
Event: 11.914 loading class com/android/tools/build/jetifier/processor/transform/bytecode/ByteCodeTransformer done
Event: 11.915 loading class com/android/tools/build/jetifier/processor/transform/resource/XmlResourcesTransformer
Event: 11.915 loading class com/android/tools/build/jetifier/processor/transform/resource/XmlResourcesTransformer done


Dynamic libraries:
0x00007ff6c66b0000 - 0x00007ff6c66ba000 	D:\Program Files\Android\Android Studio\jre\bin\java.exe
0x00007ff937330000 - 0x00007ff937528000 	C:\WINDOWS\SYSTEM32\ntdll.dll
0x00007ff935390000 - 0x00007ff93544d000 	C:\WINDOWS\System32\KERNEL32.DLL
0x00007ff9350b0000 - 0x00007ff935382000 	C:\WINDOWS\System32\KERNELBASE.dll
0x00007ff934f00000 - 0x00007ff935000000 	C:\WINDOWS\System32\ucrtbase.dll
0x00007ff930580000 - 0x00007ff930597000 	D:\Program Files\Android\Android Studio\jre\bin\VCRUNTIME140.dll
0x00007ff930240000 - 0x00007ff930259000 	D:\Program Files\Android\Android Studio\jre\bin\jli.dll
0x00007ff9365a0000 - 0x00007ff93673d000 	C:\WINDOWS\System32\USER32.dll
0x00007ff935080000 - 0x00007ff9350a2000 	C:\WINDOWS\System32\win32u.dll
0x00007ff936e10000 - 0x00007ff936e3b000 	C:\WINDOWS\System32\GDI32.dll
0x00007ff927bd0000 - 0x00007ff927e6a000 	C:\WINDOWS\WinSxS\amd64_microsoft.windows.common-controls_6595b64144ccf1df_6.0.19041.1110_none_60b5254171f9507e\COMCTL32.dll
0x00007ff934c40000 - 0x00007ff934d4f000 	C:\WINDOWS\System32\gdi32full.dll
0x00007ff9364f0000 - 0x00007ff93658e000 	C:\WINDOWS\System32\msvcrt.dll
0x00007ff934a40000 - 0x00007ff934add000 	C:\WINDOWS\System32\msvcp_win.dll
0x00007ff936c70000 - 0x00007ff936ca0000 	C:\WINDOWS\System32\IMM32.DLL
0x00007ff90a690000 - 0x00007ff90a72d000 	D:\Program Files\Android\Android Studio\jre\bin\msvcp140.dll
0x00007ff8fe030000 - 0x00007ff8feb32000 	D:\Program Files\Android\Android Studio\jre\bin\server\jvm.dll
0x00007ff936d00000 - 0x00007ff936dae000 	C:\WINDOWS\System32\ADVAPI32.dll
0x00007ff936ef0000 - 0x00007ff936f8c000 	C:\WINDOWS\System32\sechost.dll
0x00007ff9358d0000 - 0x00007ff9359f5000 	C:\WINDOWS\System32\RPCRT4.dll
0x00007ff936810000 - 0x00007ff936818000 	C:\WINDOWS\System32\PSAPI.DLL
0x00007ff92e010000 - 0x00007ff92e019000 	C:\WINDOWS\SYSTEM32\WSOCK32.dll
0x00007ff9299d0000 - 0x00007ff9299da000 	C:\WINDOWS\SYSTEM32\VERSION.dll
0x00007ff936be0000 - 0x00007ff936c4b000 	C:\WINDOWS\System32\WS2_32.dll
0x00007ff929920000 - 0x00007ff929947000 	C:\WINDOWS\SYSTEM32\WINMM.dll
0x00007ff933600000 - 0x00007ff933612000 	C:\WINDOWS\SYSTEM32\kernel.appcore.dll
0x00007ff91fa70000 - 0x00007ff91fa81000 	D:\Program Files\Android\Android Studio\jre\bin\verify.dll
0x00007ff932800000 - 0x00007ff9329e4000 	C:\WINDOWS\SYSTEM32\DBGHELP.DLL
0x00007ff924280000 - 0x00007ff9242ac000 	C:\WINDOWS\SYSTEM32\dbgcore.DLL
0x00007ff934e70000 - 0x00007ff934ef2000 	C:\WINDOWS\System32\bcryptPrimitives.dll
0x00007ff91a120000 - 0x00007ff91a149000 	D:\Program Files\Android\Android Studio\jre\bin\java.dll
0x00007ff92b090000 - 0x00007ff92b09b000 	D:\Program Files\Android\Android Studio\jre\bin\jimage.dll
0x00007ff91dc60000 - 0x00007ff91dc78000 	D:\Program Files\Android\Android Studio\jre\bin\zip.dll
0x00007ff935b10000 - 0x00007ff936253000 	C:\WINDOWS\System32\SHELL32.dll
0x00007ff9329f0000 - 0x00007ff933181000 	C:\WINDOWS\SYSTEM32\windows.storage.dll
0x00007ff936f90000 - 0x00007ff9372e4000 	C:\WINDOWS\System32\combase.dll
0x00007ff9344a0000 - 0x00007ff9344d0000 	C:\WINDOWS\SYSTEM32\Wldp.dll
0x00007ff936e40000 - 0x00007ff936eed000 	C:\WINDOWS\System32\SHCORE.dll
0x00007ff936820000 - 0x00007ff936875000 	C:\WINDOWS\System32\shlwapi.dll
0x00007ff934980000 - 0x00007ff93499f000 	C:\WINDOWS\SYSTEM32\profapi.dll
0x00007ff91cc60000 - 0x00007ff91cc7a000 	D:\Program Files\Android\Android Studio\jre\bin\net.dll
0x00007ff928940000 - 0x00007ff928a4d000 	C:\WINDOWS\SYSTEM32\WINHTTP.dll
0x00007ff934200000 - 0x00007ff93426a000 	C:\WINDOWS\system32\mswsock.dll
0x00007ff916d00000 - 0x00007ff916d14000 	D:\Program Files\Android\Android Studio\jre\bin\nio.dll
0x00007ff917de0000 - 0x00007ff917e07000 	C:\Users\User\.gradle\native\e1d6ef7f7dcc3fd88c89a11ec53ec762bb8ba0a96d01ffa2cd45eb1d1d8dd5c5\windows-amd64\native-platform.dll
0x00007ff8fbda0000 - 0x00007ff8fbee4000 	C:\Users\User\.gradle\native\0d407fdbe67a94daf76414ababcb853783967236a71b16ec16e742cd7a986fd3\windows-amd64\native-platform-file-events.dll
0x00007ff91da70000 - 0x00007ff91da7a000 	D:\Program Files\Android\Android Studio\jre\bin\management.dll
0x00007ff91a110000 - 0x00007ff91a11d000 	D:\Program Files\Android\Android Studio\jre\bin\management_ext.dll
0x00007ff934400000 - 0x00007ff934418000 	C:\WINDOWS\SYSTEM32\CRYPTSP.dll
0x00007ff933ab0000 - 0x00007ff933ae4000 	C:\WINDOWS\system32\rsaenh.dll
0x00007ff935050000 - 0x00007ff935077000 	C:\WINDOWS\System32\bcrypt.dll
0x00007ff934940000 - 0x00007ff93496e000 	C:\WINDOWS\SYSTEM32\USERENV.dll
0x00007ff9343f0000 - 0x00007ff9343fc000 	C:\WINDOWS\SYSTEM32\CRYPTBASE.dll
0x00007ff933ea0000 - 0x00007ff933edb000 	C:\WINDOWS\SYSTEM32\IPHLPAPI.DLL
0x00007ff935450000 - 0x00007ff935458000 	C:\WINDOWS\System32\NSI.dll
0x00007ff92b2b0000 - 0x00007ff92b2c7000 	C:\WINDOWS\SYSTEM32\dhcpcsvc6.DLL
0x00007ff92b290000 - 0x00007ff92b2ad000 	C:\WINDOWS\SYSTEM32\dhcpcsvc.DLL
0x00007ff933ef0000 - 0x00007ff933fba000 	C:\WINDOWS\SYSTEM32\DNSAPI.dll

dbghelp: loaded successfully - version: 4.0.5 - missing functions: none
symbol engine: initialized successfully - sym options: 0x614 - pdb path: .;D:\Program Files\Android\Android Studio\jre\bin;C:\WINDOWS\SYSTEM32;C:\WINDOWS\WinSxS\amd64_microsoft.windows.common-controls_6595b64144ccf1df_6.0.19041.1110_none_60b5254171f9507e;D:\Program Files\Android\Android Studio\jre\bin\server;C:\Users\User\.gradle\native\e1d6ef7f7dcc3fd88c89a11ec53ec762bb8ba0a96d01ffa2cd45eb1d1d8dd5c5\windows-amd64;C:\Users\User\.gradle\native\0d407fdbe67a94daf76414ababcb853783967236a71b16ec16e742cd7a986fd3\windows-amd64

VM Arguments:
jvm_args: --add-opens=java.base/java.util=ALL-UNNAMED --add-opens=java.base/java.lang=ALL-UNNAMED --add-opens=java.base/java.lang.invoke=ALL-UNNAMED --add-opens=java.base/java.util=ALL-UNNAMED --add-opens=java.prefs/java.util.prefs=ALL-UNNAMED --add-opens=java.prefs/java.util.prefs=ALL-UNNAMED --add-opens=java.base/java.nio.charset=ALL-UNNAMED --add-opens=java.base/java.net=ALL-UNNAMED --add-opens=java.base/java.util.concurrent.atomic=ALL-UNNAMED -Xmx2048m -Dfile.encoding=UTF-8 -Duser.country=RU -Duser.language=ru -Duser.variant 
java_command: org.gradle.launcher.daemon.bootstrap.GradleDaemon 7.4
java_class_path (initial): C:\Users\User\.gradle\wrapper\dists\gradle-7.4-bin\c0gwcg53nkjbqw7r0h0umtfvt\gradle-7.4\lib\gradle-launcher-7.4.jar
Launcher Type: SUN_STANDARD

[Global flags]
     intx CICompilerCount                          = 3                                         {product} {ergonomic}
     uint ConcGCThreads                            = 1                                         {product} {ergonomic}
     uint G1ConcRefinementThreads                  = 4                                         {product} {ergonomic}
   size_t G1HeapRegionSize                         = 1048576                                   {product} {ergonomic}
    uintx GCDrainStackTargetSize                   = 64                                        {product} {ergonomic}
   size_t InitialHeapSize                          = 134217728                                 {product} {ergonomic}
   size_t MarkStackSize                            = 4194304                                   {product} {ergonomic}
   size_t MaxHeapSize                              = 2147483648                                {product} {command line}
   size_t MaxNewSize                               = 1287651328                                {product} {ergonomic}
   size_t MinHeapDeltaBytes                        = 1048576                                   {product} {ergonomic}
    uintx NonNMethodCodeHeapSize                   = 5830732                                {pd product} {ergonomic}
    uintx NonProfiledCodeHeapSize                  = 122913754                              {pd product} {ergonomic}
    uintx ProfiledCodeHeapSize                     = 122913754                              {pd product} {ergonomic}
    uintx ReservedCodeCacheSize                    = 251658240                              {pd product} {ergonomic}
     bool SegmentedCodeCache                       = true                                      {product} {ergonomic}
     bool UseCompressedClassPointers               = true                                 {lp64_product} {ergonomic}
     bool UseCompressedOops                        = true                                 {lp64_product} {ergonomic}
     bool UseG1GC                                  = true                                      {product} {ergonomic}
     bool UseLargePagesIndividualAllocation        = false                                  {pd product} {ergonomic}

Logging:
Log output configuration:
 #0: stdout all=warning uptime,level,tags
 #1: stderr all=off uptime,level,tags

Environment Variables:
PATH=C:\WINDOWS\system32;C:\WINDOWS;C:\WINDOWS\System32\Wbem;C:\WINDOWS\System32\WindowsPowerShell\v1.0\;C:\WINDOWS\System32\OpenSSH\;C:\Program Files\Git\cmd;C:\Users\User\AppData\Local\Microsoft\WindowsApps;;C:\Program Files\JetBrains\IntelliJ IDEA Community Edition 2022.2.3\bin;
USERNAME=User
OS=Windows_NT
PROCESSOR_IDENTIFIER=Intel64 Family 6 Model 69 Stepping 1, GenuineIntel



---------------  S Y S T E M  ---------------

OS: Windows 10 , 64 bit Build 19041 (10.0.19041.1889)
OS uptime: 0 days 5:05 hours

CPU:total 4 (initial active 4) (2 cores per cpu, 2 threads per core) family 6 model 69 stepping 1 microcode 0x25, cmov, cx8, fxsr, mmx, sse, sse2, sse3, ssse3, sse4.1, sse4.2, popcnt, avx, avx2, aes, clmul, erms, lzcnt, ht, tsc, tscinvbit, bmi1, bmi2, fma

Memory: 4k page, system-wide physical 8075M (442M free)
TotalPageFile size 10123M (AvailPageFile size 5M)
current process WorkingSet (physical memory assigned to process): 387M, peak: 391M
current process commit charge ("private bytes"): 421M, peak: 423M

vm_info: OpenJDK 64-Bit Server VM (11.0.13+0-b1751.21-8125866) for windows-amd64 JRE (11.0.13+0-b1751.21-8125866), built on Feb  2 2022 03:00:22 by "builder" with MS VC++ 14.0 (VS2015)

END.
