#
# There is insufficient memory for the Java Runtime Environment to continue.
# Native memory allocation (mmap) failed to map 170917888 bytes for Failed to commit area from 0x0000000091c00000 to 0x000000009bf00000 of length 170917888.
# Possible reasons:
#   The system is out of physical RAM or swap space
#   The process is running with CompressedOops enabled, and the Java Heap may be blocking the growth of the native heap
# Possible solutions:
#   Reduce memory load on the system
#   Increase physical memory or swap space
#   Check if swap backing store is full
#   Decrease Java heap size (-Xmx/-Xms)
#   Decrease number of Java threads
#   Decrease Java thread stack sizes (-Xss)
#   Set larger code cache with -XX:ReservedCodeCacheSize=
#   JVM is running with Unscaled Compressed Oops mode in which the Java heap is
#     placed in the first 4GB address space. The Java Heap base address is the
#     maximum limit for the native heap growth. Please use -XX:HeapBaseMinAddress
#     to set the Java Heap base and to place the Java Heap above 4GB virtual address.
# This output file may be truncated or incomplete.
#
#  Out of Memory Error (./src/hotspot/os/windows/os_windows.cpp:3619), pid=14496, tid=15208
#
# JRE version: OpenJDK Runtime Environment (11.0.13) (build 11.0.13+0-b1751.21-8125866)
# Java VM: OpenJDK 64-Bit Server VM (11.0.13+0-b1751.21-8125866, mixed mode, tiered, compressed oops, g1 gc, windows-amd64)
# No core dump will be written. Minidumps are not enabled by default on client versions of Windows
#

---------------  S U M M A R Y ------------

Command Line: --add-opens=java.base/java.util=ALL-UNNAMED --add-opens=java.base/java.lang=ALL-UNNAMED --add-opens=java.base/java.lang.invoke=ALL-UNNAMED --add-opens=java.base/java.util=ALL-UNNAMED --add-opens=java.prefs/java.util.prefs=ALL-UNNAMED --add-opens=java.prefs/java.util.prefs=ALL-UNNAMED --add-opens=java.base/java.nio.charset=ALL-UNNAMED --add-opens=java.base/java.net=ALL-UNNAMED --add-opens=java.base/java.util.concurrent.atomic=ALL-UNNAMED -Xmx2048m -Dfile.encoding=UTF-8 -Duser.country=RU -Duser.language=ru -Duser.variant org.gradle.launcher.daemon.bootstrap.GradleDaemon 7.4

Host: Intel(R) Core(TM) i7-4500U CPU @ 1.80GHz, 4 cores, 7G,  Windows 10 , 64 bit Build 19041 (10.0.19041.1889)
Time: Thu Nov 10 12:19:53 2022 RTZ 4 (зима) elapsed time: 57.831968 seconds (0d 0h 0m 57s)

---------------  T H R E A D  ---------------

Current thread (0x000001e64176c800):  VMThread "VM Thread" [stack: 0x000000a019b00000,0x000000a019c00000] [id=15208]

Stack: [0x000000a019b00000,0x000000a019c00000]
[error occurred during error reporting (printing stack bounds), id 0xc0000005, EXCEPTION_ACCESS_VIOLATION (0xc0000005) at pc=0x000001e62aef112d]

Native frames: (J=compiled Java code, j=interpreted, Vv=VM code, C=native code)
V  [jvm.dll+0x6100fa]
V  [jvm.dll+0x747090]
V  [jvm.dll+0x7486ad]
V  [jvm.dll+0x748ce5]
V  [jvm.dll+0x748c9b]
V  [jvm.dll+0x60f224]
V  [jvm.dll+0x60f9b8]
C  [ntdll.dll+0xa241f]
C  [ntdll.dll+0x514a4]
C  [ntdll.dll+0xa0f4e]
C  0x000001e62aef112d

VM_Operation (0x000000a01f8fcf90): G1CollectForAllocation, mode: safepoint, requested by thread 0x000001e643106000


---------------  P R O C E S S  ---------------

Threads class SMR info:
_java_thread_list=0x000001e64c38e400, length=96, elements={
0x000001e6273ab800, 0x000001e64176e800, 0x000001e641770800, 0x000001e64178e000,
0x000001e64178f000, 0x000001e641790800, 0x000001e641798800, 0x000001e64179c000,
0x000001e6417a0000, 0x000001e64226a800, 0x000001e64306e800, 0x000001e6423d6800,
0x000001e644243000, 0x000001e642d90800, 0x000001e6443c9800, 0x000001e644a5a000,
0x000001e6435f7000, 0x000001e644e5c000, 0x000001e644f70000, 0x000001e645612800,
0x000001e644af5800, 0x000001e644af6800, 0x000001e644af9000, 0x000001e644af7800,
0x000001e644af5000, 0x000001e644af8000, 0x000001e644af3000, 0x000001e644af9800,
0x000001e644af4000, 0x000001e64490c000, 0x000001e644909800, 0x000001e64490a000,
0x000001e64490b000, 0x000001e64490d800, 0x000001e644908000, 0x000001e644910800,
0x000001e644913000, 0x000001e644914000, 0x000001e64490f000, 0x000001e644911800,
0x000001e644912800, 0x000001e644910000, 0x000001e64490e800, 0x000001e644915000,
0x000001e644915800, 0x000001e6425d2800, 0x000001e6425cd000, 0x000001e6425d1000,
0x000001e6425cf800, 0x000001e6425d3800, 0x000001e6425ce800, 0x000001e6425ce000,
0x000001e6425d2000, 0x000001e6425d0000, 0x000001e647063000, 0x000001e64705f800,
0x000001e647061800, 0x000001e647062000, 0x000001e647063800, 0x000001e64705e000,
0x000001e647060800, 0x000001e647064800, 0x000001e64705f000, 0x000001e64706b000,
0x000001e647068000, 0x000001e647069800, 0x000001e64706a000, 0x000001e647065800,
0x000001e64706c000, 0x000001e647066000, 0x000001e64706c800, 0x000001e647067000,
0x000001e647068800, 0x000001e643106800, 0x000001e643104000, 0x000001e643101000,
0x000001e643103800, 0x000001e643102800, 0x000001e643105000, 0x000001e643101800,
0x000001e643107800, 0x000001e64310b800, 0x000001e643108800, 0x000001e643109000,
0x000001e64310a000, 0x000001e64310a800, 0x000001e643106000, 0x000001e64310f000,
0x000001e64310f800, 0x000001e64310c800, 0x000001e64310d000, 0x000001e64310e000,
0x000001e6475c7000, 0x000001e6475c8000, 0x000001e6475c2800, 0x000001e645b1c800
}

Java Threads: ( => current thread )
  0x000001e6273ab800 JavaThread "main" [_thread_blocked, id=2524, stack(0x000000a019500000,0x000000a019600000)]
  0x000001e64176e800 JavaThread "Reference Handler" daemon [_thread_blocked, id=14868, stack(0x000000a019c00000,0x000000a019d00000)]
  0x000001e641770800 JavaThread "Finalizer" daemon [_thread_blocked, id=13700, stack(0x000000a019d00000,0x000000a019e00000)]
  0x000001e64178e000 JavaThread "Signal Dispatcher" daemon [_thread_blocked, id=11508, stack(0x000000a019e00000,0x000000a019f00000)]
  0x000001e64178f000 JavaThread "Attach Listener" daemon [_thread_blocked, id=1812, stack(0x000000a019f00000,0x000000a01a000000)]
  0x000001e641790800 JavaThread "Service Thread" daemon [_thread_blocked, id=588, stack(0x000000a01a000000,0x000000a01a100000)]
  0x000001e641798800 JavaThread "C2 CompilerThread0" daemon [_thread_blocked, id=9736, stack(0x000000a01a100000,0x000000a01a200000)]
  0x000001e64179c000 JavaThread "C1 CompilerThread0" daemon [_thread_blocked, id=14344, stack(0x000000a01a200000,0x000000a01a300000)]
  0x000001e6417a0000 JavaThread "Sweeper thread" daemon [_thread_blocked, id=14524, stack(0x000000a01a300000,0x000000a01a400000)]
  0x000001e64226a800 JavaThread "Common-Cleaner" daemon [_thread_blocked, id=11072, stack(0x000000a01a400000,0x000000a01a500000)]
  0x000001e64306e800 JavaThread "Daemon health stats" [_thread_blocked, id=14232, stack(0x000000a01a900000,0x000000a01aa00000)]
  0x000001e6423d6800 JavaThread "Incoming local TCP Connector on port 53684" [_thread_in_native, id=12540, stack(0x000000a01a600000,0x000000a01a700000)]
  0x000001e644243000 JavaThread "Daemon periodic checks" [_thread_blocked, id=2560, stack(0x000000a01aa00000,0x000000a01ab00000)]
  0x000001e642d90800 JavaThread "Daemon" [_thread_blocked, id=13676, stack(0x000000a01ab00000,0x000000a01ac00000)]
  0x000001e6443c9800 JavaThread "Handler for socket connection from /127.0.0.1:53684 to /127.0.0.1:53685" [_thread_in_native, id=15356, stack(0x000000a01ac00000,0x000000a01ad00000)]
  0x000001e644a5a000 JavaThread "Cancel handler" [_thread_blocked, id=13968, stack(0x000000a01ad00000,0x000000a01ae00000)]
  0x000001e6435f7000 JavaThread "Daemon worker" [_thread_blocked, id=15052, stack(0x000000a01ae00000,0x000000a01af00000)]
  0x000001e644e5c000 JavaThread "Asynchronous log dispatcher for DefaultDaemonConnection: socket connection from /127.0.0.1:53684 to /127.0.0.1:53685" [_thread_blocked, id=4008, stack(0x000000a01b000000,0x000000a01b100000)]
  0x000001e644f70000 JavaThread "Stdin handler" [_thread_blocked, id=14144, stack(0x000000a01b100000,0x000000a01b200000)]
  0x000001e645612800 JavaThread "Daemon client event forwarder" [_thread_blocked, id=14100, stack(0x000000a01b200000,0x000000a01b300000)]
  0x000001e644af5800 JavaThread "Cache worker for journal cache (C:\Users\User\.gradle\caches\journal-1)" [_thread_blocked, id=8716, stack(0x000000a01b400000,0x000000a01b500000)]
  0x000001e644af6800 JavaThread "File lock request listener" [_thread_in_native, id=10988, stack(0x000000a01b500000,0x000000a01b600000)]
  0x000001e644af9000 JavaThread "Cache worker for file hash cache (C:\Users\User\.gradle\caches\7.4\fileHashes)" [_thread_blocked, id=13780, stack(0x000000a01b600000,0x000000a01b700000)]
  0x000001e644af7800 JavaThread "File watcher server" daemon [_thread_blocked, id=15120, stack(0x000000a01b700000,0x000000a01b800000)]
  0x000001e644af5000 JavaThread "File watcher consumer" daemon [_thread_blocked, id=13120, stack(0x000000a01b800000,0x000000a01b900000)]
  0x000001e644af8000 JavaThread "Cache worker for checksums cache (D:\Users\User\AndroidStudioProjects\practical_work_72\.gradle\7.4\checksums)" [_thread_blocked, id=14044, stack(0x000000a01b900000,0x000000a01ba00000)]
  0x000001e644af3000 JavaThread "Cache worker for cache directory md-rule (C:\Users\User\.gradle\caches\7.4\md-rule)" [_thread_blocked, id=11020, stack(0x000000a01ba00000,0x000000a01bb00000)]
  0x000001e644af9800 JavaThread "Cache worker for file hash cache (D:\Users\User\AndroidStudioProjects\practical_work_72\.gradle\7.4\fileHashes)" [_thread_blocked, id=4780, stack(0x000000a01bb00000,0x000000a01bc00000)]
  0x000001e644af4000 JavaThread "Cache worker for cache directory md-supplier (C:\Users\User\.gradle\caches\7.4\md-supplier)" [_thread_blocked, id=2976, stack(0x000000a01bc00000,0x000000a01bd00000)]
  0x000001e64490c000 JavaThread "Cache worker for execution history cache (C:\Users\User\.gradle\caches\7.4\executionHistory)" [_thread_blocked, id=13020, stack(0x000000a01bd00000,0x000000a01be00000)]
  0x000001e644909800 JavaThread "jar transforms" [_thread_blocked, id=14556, stack(0x000000a01be00000,0x000000a01bf00000)]
  0x000001e64490a000 JavaThread "Cache worker for file content cache (C:\Users\User\.gradle\caches\7.4\fileContent)" [_thread_blocked, id=8392, stack(0x000000a01bf00000,0x000000a01c000000)]
  0x000001e64490b000 JavaThread "jar transforms Thread 2" [_thread_blocked, id=12984, stack(0x000000a01c000000,0x000000a01c100000)]
  0x000001e64490d800 JavaThread "Cache worker for dependencies-accessors (D:\Users\User\AndroidStudioProjects\practical_work_72\.gradle\7.4\dependencies-accessors)" [_thread_blocked, id=14456, stack(0x000000a01af00000,0x000000a01b000000)]
  0x000001e644908000 JavaThread "jar transforms Thread 3" [_thread_blocked, id=3460, stack(0x000000a01c200000,0x000000a01c300000)]
  0x000001e644910800 JavaThread "Cache worker for Build Output Cleanup Cache (D:\Users\User\AndroidStudioProjects\practical_work_72\.gradle\buildOutputCleanup)" [_thread_blocked, id=14600, stack(0x000000a01c100000,0x000000a01c200000)]
  0x000001e644913000 JavaThread "Unconstrained build operations" [_thread_blocked, id=9708, stack(0x000000a01c300000,0x000000a01c400000)]
  0x000001e644914000 JavaThread "Unconstrained build operations Thread 2" [_thread_blocked, id=14448, stack(0x000000a01c400000,0x000000a01c500000)]
  0x000001e64490f000 JavaThread "Unconstrained build operations Thread 3" [_thread_blocked, id=8896, stack(0x000000a01c500000,0x000000a01c600000)]
  0x000001e644911800 JavaThread "Unconstrained build operations Thread 4" [_thread_blocked, id=15248, stack(0x000000a01c600000,0x000000a01c700000)]
  0x000001e644912800 JavaThread "Unconstrained build operations Thread 5" [_thread_blocked, id=15276, stack(0x000000a01c700000,0x000000a01c800000)]
  0x000001e644910000 JavaThread "Unconstrained build operations Thread 6" [_thread_blocked, id=14552, stack(0x000000a01c800000,0x000000a01c900000)]
  0x000001e64490e800 JavaThread "Unconstrained build operations Thread 7" [_thread_blocked, id=13108, stack(0x000000a01c900000,0x000000a01ca00000)]
  0x000001e644915000 JavaThread "Unconstrained build operations Thread 8" [_thread_blocked, id=14548, stack(0x000000a01ca00000,0x000000a01cb00000)]
  0x000001e644915800 JavaThread "Unconstrained build operations Thread 9" [_thread_blocked, id=13332, stack(0x000000a01cb00000,0x000000a01cc00000)]
  0x000001e6425d2800 JavaThread "Unconstrained build operations Thread 10" [_thread_blocked, id=14468, stack(0x000000a01cc00000,0x000000a01cd00000)]
  0x000001e6425cd000 JavaThread "Unconstrained build operations Thread 11" [_thread_blocked, id=12372, stack(0x000000a01cd00000,0x000000a01ce00000)]
  0x000001e6425d1000 JavaThread "Unconstrained build operations Thread 12" [_thread_blocked, id=13932, stack(0x000000a01ce00000,0x000000a01cf00000)]
  0x000001e6425cf800 JavaThread "Unconstrained build operations Thread 13" [_thread_blocked, id=14952, stack(0x000000a01cf00000,0x000000a01d000000)]
  0x000001e6425d3800 JavaThread "Unconstrained build operations Thread 14" [_thread_blocked, id=14220, stack(0x000000a01d000000,0x000000a01d100000)]
  0x000001e6425ce800 JavaThread "Unconstrained build operations Thread 15" [_thread_blocked, id=13380, stack(0x000000a01d100000,0x000000a01d200000)]
  0x000001e6425ce000 JavaThread "Unconstrained build operations Thread 16" [_thread_blocked, id=13648, stack(0x000000a01d200000,0x000000a01d300000)]
  0x000001e6425d2000 JavaThread "Unconstrained build operations Thread 17" [_thread_blocked, id=15172, stack(0x000000a01d300000,0x000000a01d400000)]
  0x000001e6425d0000 JavaThread "Unconstrained build operations Thread 18" [_thread_blocked, id=10812, stack(0x000000a01d400000,0x000000a01d500000)]
  0x000001e647063000 JavaThread "Unconstrained build operations Thread 19" [_thread_blocked, id=13508, stack(0x000000a01d500000,0x000000a01d600000)]
  0x000001e64705f800 JavaThread "Unconstrained build operations Thread 20" [_thread_blocked, id=5528, stack(0x000000a01d600000,0x000000a01d700000)]
  0x000001e647061800 JavaThread "Unconstrained build operations Thread 21" [_thread_blocked, id=13340, stack(0x000000a01d700000,0x000000a01d800000)]
  0x000001e647062000 JavaThread "Unconstrained build operations Thread 22" [_thread_blocked, id=13472, stack(0x000000a01d800000,0x000000a01d900000)]
  0x000001e647063800 JavaThread "Unconstrained build operations Thread 23" [_thread_blocked, id=3520, stack(0x000000a01d900000,0x000000a01da00000)]
  0x000001e64705e000 JavaThread "Unconstrained build operations Thread 24" [_thread_blocked, id=13428, stack(0x000000a01da00000,0x000000a01db00000)]
  0x000001e647060800 JavaThread "Unconstrained build operations Thread 25" [_thread_blocked, id=13036, stack(0x000000a01db00000,0x000000a01dc00000)]
  0x000001e647064800 JavaThread "Unconstrained build operations Thread 26" [_thread_blocked, id=14888, stack(0x000000a01dc00000,0x000000a01dd00000)]
  0x000001e64705f000 JavaThread "Unconstrained build operations Thread 27" [_thread_blocked, id=14860, stack(0x000000a01dd00000,0x000000a01de00000)]
  0x000001e64706b000 JavaThread "Unconstrained build operations Thread 28" [_thread_blocked, id=14392, stack(0x000000a01de00000,0x000000a01df00000)]
  0x000001e647068000 JavaThread "Unconstrained build operations Thread 29" [_thread_blocked, id=13724, stack(0x000000a01df00000,0x000000a01e000000)]
  0x000001e647069800 JavaThread "Unconstrained build operations Thread 30" [_thread_blocked, id=10968, stack(0x000000a01e000000,0x000000a01e100000)]
  0x000001e64706a000 JavaThread "Unconstrained build operations Thread 31" [_thread_blocked, id=13576, stack(0x000000a01e100000,0x000000a01e200000)]
  0x000001e647065800 JavaThread "Unconstrained build operations Thread 32" [_thread_blocked, id=15096, stack(0x000000a01e200000,0x000000a01e300000)]
  0x000001e64706c000 JavaThread "Unconstrained build operations Thread 33" [_thread_blocked, id=6772, stack(0x000000a01e300000,0x000000a01e400000)]
  0x000001e647066000 JavaThread "Unconstrained build operations Thread 34" [_thread_blocked, id=6256, stack(0x000000a01e400000,0x000000a01e500000)]
  0x000001e64706c800 JavaThread "Unconstrained build operations Thread 35" [_thread_blocked, id=10980, stack(0x000000a01e500000,0x000000a01e600000)]
  0x000001e647067000 JavaThread "Unconstrained build operations Thread 36" [_thread_blocked, id=10384, stack(0x000000a01e600000,0x000000a01e700000)]
  0x000001e647068800 JavaThread "Unconstrained build operations Thread 37" [_thread_blocked, id=1984, stack(0x000000a01e700000,0x000000a01e800000)]
  0x000001e643106800 JavaThread "Unconstrained build operations Thread 38" [_thread_blocked, id=14436, stack(0x000000a01e800000,0x000000a01e900000)]
  0x000001e643104000 JavaThread "Unconstrained build operations Thread 39" [_thread_blocked, id=15336, stack(0x000000a01e900000,0x000000a01ea00000)]
  0x000001e643101000 JavaThread "Unconstrained build operations Thread 40" [_thread_blocked, id=14424, stack(0x000000a01ea00000,0x000000a01eb00000)]
  0x000001e643103800 JavaThread "jar transforms Thread 4" [_thread_blocked, id=15180, stack(0x000000a01ec00000,0x000000a01ed00000)]
  0x000001e643102800 JavaThread "Memory manager" [_thread_blocked, id=3176, stack(0x000000a01eb00000,0x000000a01ec00000)]
  0x000001e643105000 JavaThread "build event listener" [_thread_blocked, id=14572, stack(0x000000a01f000000,0x000000a01f100000)]
  0x000001e643101800 JavaThread "included builds" [_thread_blocked, id=8652, stack(0x000000a01f100000,0x000000a01f200000)]
  0x000001e643107800 JavaThread "Execution worker for ':'" [_thread_blocked, id=13972, stack(0x000000a01f200000,0x000000a01f300000)]
  0x000001e64310b800 JavaThread "Execution worker for ':' Thread 2" [_thread_blocked, id=8504, stack(0x000000a01f300000,0x000000a01f400000)]
  0x000001e643108800 JavaThread "Execution worker for ':' Thread 3" [_thread_blocked, id=12496, stack(0x000000a01f400000,0x000000a01f500000)]
  0x000001e643109000 JavaThread "Cache worker for execution history cache (D:\Users\User\AndroidStudioProjects\practical_work_72\.gradle\7.4\executionHistory)" [_thread_blocked, id=7772, stack(0x000000a01f500000,0x000000a01f600000)]
  0x000001e64310a000 JavaThread "WorkerExecutor Queue" [_thread_blocked, id=15300, stack(0x000000a01ed00000,0x000000a01ee00000)]
  0x000001e64310a800 JavaThread "WorkerExecutor Queue Thread 2" [_thread_blocked, id=13652, stack(0x000000a01f600000,0x000000a01f700000)]
  0x000001e643106000 JavaThread "WorkerExecutor Queue Thread 3" [_thread_blocked, id=8804, stack(0x000000a01f800000,0x000000a01f900000)]
  0x000001e64310f000 JavaThread "WorkerExecutor Queue Thread 5" [_thread_blocked, id=15296, stack(0x000000a01fa00000,0x000000a01fb00000)]
  0x000001e64310f800 JavaThread "pool-3-thread-1" [_thread_blocked, id=5496, stack(0x000000a01fb00000,0x000000a01fc00000)]
  0x000001e64310c800 JavaThread "stderr" [_thread_in_native, id=13524, stack(0x000000a01fc00000,0x000000a01fd00000)]
  0x000001e64310d000 JavaThread "stdout" [_thread_in_native, id=5192, stack(0x000000a01fd00000,0x000000a01fe00000)]
  0x000001e64310e000 JavaThread "ForkJoinPool-1-worker-3" daemon [_thread_blocked, id=14732, stack(0x000000a01f900000,0x000000a01fa00000)]
  0x000001e6475c7000 JavaThread "ForkJoinPool-1-worker-5" daemon [_thread_blocked, id=12876, stack(0x000000a01fe00000,0x000000a01ff00000)]
  0x000001e6475c8000 JavaThread "ForkJoinPool-1-worker-7" daemon [_thread_blocked, id=14816, stack(0x000000a01ff00000,0x000000a020000000)]
  0x000001e6475c2800 JavaThread "ForkJoinPool-1-worker-1" daemon [_thread_blocked, id=14404, stack(0x000000a020000000,0x000000a020100000)]
  0x000001e645b1c800 JavaThread "C2 CompilerThread1" daemon [_thread_blocked, id=15320, stack(0x000000a01f700000,0x000000a01f800000)]

Other Threads:
=>0x000001e64176c800 VMThread "VM Thread" [stack: 0x000000a019b00000,0x000000a019c00000] [id=15208]
  0x000001e642287800 WatcherThread [stack: 0x000000a01a500000,0x000000a01a600000] [id=14584]
  0x000001e6273c4800 GCTaskThread "GC Thread#0" [stack: 0x000000a019600000,0x000000a019700000] [id=14444]
  0x000001e642d0e000 GCTaskThread "GC Thread#1" [stack: 0x000000a01a700000,0x000000a01a800000] [id=11876]
  0x000001e64234c000 GCTaskThread "GC Thread#2" [stack: 0x000000a01a800000,0x000000a01a900000] [id=15212]
  0x000001e644dd1800 GCTaskThread "GC Thread#3" [stack: 0x000000a01b300000,0x000000a01b400000] [id=15264]
  0x000001e6273f5000 ConcurrentGCThread "G1 Main Marker" [stack: 0x000000a019700000,0x000000a019800000] [id=13456]
  0x000001e6273f7000 ConcurrentGCThread "G1 Conc#0" [stack: 0x000000a019800000,0x000000a019900000] [id=14120]
  0x000001e627487000 ConcurrentGCThread "G1 Refine#0" [stack: 0x000000a019900000,0x000000a019a00000] [id=9420]
  0x000001e627488000 ConcurrentGCThread "G1 Young RemSet Sampling" [stack: 0x000000a019a00000,0x000000a019b00000] [id=14656]

Threads with active compile tasks:
C2 CompilerThread0  58189 14524       4       com.android.tools.r8.graph.j3::a (178 bytes)
C2 CompilerThread1  58189 14525       4       com.android.tools.r8.graph.j3$$Lambda$1451/0x0000000100f06040::apply (12 bytes)

VM state:at safepoint (normal execution)

VM Mutex/Monitor currently owned by a thread:  ([mutex/lock_event])
[0x000001e6273a7de0] Threads_lock - owner thread: 0x000001e64176c800
[0x000001e6273a8890] Heap_lock - owner thread: 0x000001e643106000

Heap address: 0x0000000080000000, size: 2048 MB, Compressed Oops mode: 32-bit
Narrow klass base: 0x0000000000000000, Narrow klass shift: 3
Compressed class space size: 1073741824 Address: 0x0000000100000000

Heap:
 garbage-first heap   total 457728K, used 213797K [0x0000000080000000, 0x0000000100000000)
  region size 1024K, 4 young (4096K), 4 survivors (4096K)
 Metaspace       used 112761K, capacity 115401K, committed 115664K, reserved 1148928K
  class space    used 14505K, capacity 15527K, committed 15648K, reserved 1048576K
Heap Regions: E=young(eden), S=young(survivor), O=old, HS=humongous(starts), HC=humongous(continues), CS=collection set, F=free, A=archive, TAMS=top-at-mark-start (previous, next)
|   0|0x0000000080000000, 0x0000000080100000, 0x0000000080100000|100%|HS|  |TAMS 0x0000000080100000, 0x0000000080100000| Complete 
|   1|0x0000000080100000, 0x0000000080200000, 0x0000000080200000|100%|HC|  |TAMS 0x0000000080200000, 0x0000000080200000| Complete 
|   2|0x0000000080200000, 0x0000000080300000, 0x0000000080300000|100%|HC|  |TAMS 0x0000000080300000, 0x0000000080300000| Complete 
|   3|0x0000000080300000, 0x0000000080400000, 0x0000000080400000|100%| O|  |TAMS 0x0000000080400000, 0x0000000080400000| Untracked 
|   4|0x0000000080400000, 0x0000000080500000, 0x0000000080500000|100%| O|  |TAMS 0x0000000080500000, 0x0000000080500000| Untracked 
|   5|0x0000000080500000, 0x0000000080600000, 0x0000000080600000|100%| O|  |TAMS 0x0000000080600000, 0x0000000080600000| Untracked 
|   6|0x0000000080600000, 0x0000000080700000, 0x0000000080700000|100%| O|  |TAMS 0x0000000080700000, 0x0000000080700000| Untracked 
|   7|0x0000000080700000, 0x0000000080800000, 0x0000000080800000|100%| O|  |TAMS 0x0000000080800000, 0x0000000080800000| Untracked 
|   8|0x0000000080800000, 0x0000000080900000, 0x0000000080900000|100%| O|  |TAMS 0x0000000080900000, 0x0000000080900000| Untracked 
|   9|0x0000000080900000, 0x0000000080a00000, 0x0000000080a00000|100%| O|  |TAMS 0x0000000080a00000, 0x0000000080a00000| Untracked 
|  10|0x0000000080a00000, 0x0000000080b00000, 0x0000000080b00000|100%| O|  |TAMS 0x0000000080b00000, 0x0000000080b00000| Untracked 
|  11|0x0000000080b00000, 0x0000000080c00000, 0x0000000080c00000|100%| O|  |TAMS 0x0000000080c00000, 0x0000000080c00000| Untracked 
|  12|0x0000000080c00000, 0x0000000080d00000, 0x0000000080d00000|100%| O|  |TAMS 0x0000000080d00000, 0x0000000080d00000| Untracked 
|  13|0x0000000080d00000, 0x0000000080e00000, 0x0000000080e00000|100%| O|  |TAMS 0x0000000080e00000, 0x0000000080e00000| Untracked 
|  14|0x0000000080e00000, 0x0000000080f00000, 0x0000000080f00000|100%| O|  |TAMS 0x0000000080f00000, 0x0000000080f00000| Untracked 
|  15|0x0000000080f00000, 0x0000000081000000, 0x0000000081000000|100%| O|  |TAMS 0x0000000081000000, 0x0000000081000000| Untracked 
|  16|0x0000000081000000, 0x0000000081100000, 0x0000000081100000|100%|HS|  |TAMS 0x0000000081100000, 0x0000000081100000| Complete 
|  17|0x0000000081100000, 0x0000000081200000, 0x0000000081200000|100%| O|  |TAMS 0x0000000081200000, 0x0000000081200000| Untracked 
|  18|0x0000000081200000, 0x0000000081300000, 0x0000000081300000|100%| O|  |TAMS 0x0000000081300000, 0x0000000081300000| Untracked 
|  19|0x0000000081300000, 0x0000000081400000, 0x0000000081400000|100%| O|  |TAMS 0x0000000081400000, 0x0000000081400000| Untracked 
|  20|0x0000000081400000, 0x0000000081500000, 0x0000000081500000|100%| O|  |TAMS 0x0000000081500000, 0x0000000081500000| Untracked 
|  21|0x0000000081500000, 0x0000000081600000, 0x0000000081600000|100%| O|  |TAMS 0x0000000081600000, 0x0000000081600000| Untracked 
|  22|0x0000000081600000, 0x0000000081700000, 0x0000000081700000|100%| O|  |TAMS 0x0000000081700000, 0x0000000081700000| Untracked 
|  23|0x0000000081700000, 0x0000000081800000, 0x0000000081800000|100%| O|  |TAMS 0x0000000081800000, 0x0000000081800000| Untracked 
|  24|0x0000000081800000, 0x0000000081900000, 0x0000000081900000|100%|HS|  |TAMS 0x0000000081900000, 0x0000000081900000| Complete 
|  25|0x0000000081900000, 0x0000000081a00000, 0x0000000081a00000|100%|HS|  |TAMS 0x0000000081a00000, 0x0000000081a00000| Complete 
|  26|0x0000000081a00000, 0x0000000081b00000, 0x0000000081b00000|100%|HS|  |TAMS 0x0000000081b00000, 0x0000000081b00000| Complete 
|  27|0x0000000081b00000, 0x0000000081c00000, 0x0000000081c00000|100%|HC|  |TAMS 0x0000000081c00000, 0x0000000081c00000| Complete 
|  28|0x0000000081c00000, 0x0000000081d00000, 0x0000000081d00000|100%|HC|  |TAMS 0x0000000081d00000, 0x0000000081d00000| Complete 
|  29|0x0000000081d00000, 0x0000000081e00000, 0x0000000081e00000|100%|HC|  |TAMS 0x0000000081e00000, 0x0000000081e00000| Complete 
|  30|0x0000000081e00000, 0x0000000081f00000, 0x0000000081f00000|100%| O|  |TAMS 0x0000000081f00000, 0x0000000081f00000| Untracked 
|  31|0x0000000081f00000, 0x0000000082000000, 0x0000000082000000|100%|HS|  |TAMS 0x0000000082000000, 0x0000000082000000| Complete 
|  32|0x0000000082000000, 0x0000000082100000, 0x0000000082100000|100%|HC|  |TAMS 0x0000000082100000, 0x0000000082100000| Complete 
|  33|0x0000000082100000, 0x0000000082200000, 0x0000000082200000|100%| O|  |TAMS 0x0000000082200000, 0x0000000082200000| Untracked 
|  34|0x0000000082200000, 0x0000000082300000, 0x0000000082300000|100%| O|  |TAMS 0x0000000082300000, 0x0000000082300000| Untracked 
|  35|0x0000000082300000, 0x0000000082400000, 0x0000000082400000|100%| O|  |TAMS 0x0000000082400000, 0x0000000082400000| Untracked 
|  36|0x0000000082400000, 0x0000000082500000, 0x0000000082500000|100%| O|  |TAMS 0x0000000082500000, 0x0000000082500000| Untracked 
|  37|0x0000000082500000, 0x0000000082600000, 0x0000000082600000|100%| O|  |TAMS 0x0000000082600000, 0x0000000082600000| Untracked 
|  38|0x0000000082600000, 0x0000000082700000, 0x0000000082700000|100%| O|  |TAMS 0x0000000082700000, 0x0000000082700000| Untracked 
|  39|0x0000000082700000, 0x0000000082800000, 0x0000000082800000|100%| O|  |TAMS 0x0000000082800000, 0x0000000082800000| Untracked 
|  40|0x0000000082800000, 0x0000000082900000, 0x0000000082900000|100%| O|  |TAMS 0x0000000082900000, 0x0000000082900000| Untracked 
|  41|0x0000000082900000, 0x0000000082a00000, 0x0000000082a00000|100%| O|  |TAMS 0x0000000082a00000, 0x0000000082a00000| Untracked 
|  42|0x0000000082a00000, 0x0000000082b00000, 0x0000000082b00000|100%| O|  |TAMS 0x0000000082b00000, 0x0000000082b00000| Untracked 
|  43|0x0000000082b00000, 0x0000000082c00000, 0x0000000082c00000|100%| O|  |TAMS 0x0000000082c00000, 0x0000000082c00000| Untracked 
|  44|0x0000000082c00000, 0x0000000082d00000, 0x0000000082d00000|100%| O|  |TAMS 0x0000000082d00000, 0x0000000082d00000| Untracked 
|  45|0x0000000082d00000, 0x0000000082e00000, 0x0000000082e00000|100%| O|  |TAMS 0x0000000082e00000, 0x0000000082e00000| Untracked 
|  46|0x0000000082e00000, 0x0000000082f00000, 0x0000000082f00000|100%| O|  |TAMS 0x0000000082f00000, 0x0000000082f00000| Untracked 
|  47|0x0000000082f00000, 0x0000000083000000, 0x0000000083000000|100%| O|  |TAMS 0x0000000083000000, 0x0000000083000000| Untracked 
|  48|0x0000000083000000, 0x0000000083100000, 0x0000000083100000|100%| O|  |TAMS 0x0000000083100000, 0x0000000083100000| Untracked 
|  49|0x0000000083100000, 0x0000000083200000, 0x0000000083200000|100%| O|  |TAMS 0x0000000083200000, 0x0000000083200000| Untracked 
|  50|0x0000000083200000, 0x0000000083300000, 0x0000000083300000|100%| O|  |TAMS 0x0000000083300000, 0x0000000083300000| Untracked 
|  51|0x0000000083300000, 0x0000000083400000, 0x0000000083400000|100%| O|  |TAMS 0x0000000083400000, 0x0000000083400000| Untracked 
|  52|0x0000000083400000, 0x0000000083500000, 0x0000000083500000|100%| O|  |TAMS 0x0000000083500000, 0x0000000083500000| Untracked 
|  53|0x0000000083500000, 0x0000000083600000, 0x0000000083600000|100%| O|  |TAMS 0x0000000083600000, 0x0000000083600000| Untracked 
|  54|0x0000000083600000, 0x0000000083700000, 0x0000000083700000|100%| O|  |TAMS 0x0000000083700000, 0x0000000083700000| Untracked 
|  55|0x0000000083700000, 0x0000000083800000, 0x0000000083800000|100%| O|  |TAMS 0x0000000083800000, 0x0000000083800000| Untracked 
|  56|0x0000000083800000, 0x0000000083900000, 0x0000000083900000|100%| O|  |TAMS 0x0000000083900000, 0x0000000083900000| Untracked 
|  57|0x0000000083900000, 0x0000000083a00000, 0x0000000083a00000|100%| O|  |TAMS 0x0000000083a00000, 0x0000000083a00000| Untracked 
|  58|0x0000000083a00000, 0x0000000083b00000, 0x0000000083b00000|100%| O|  |TAMS 0x0000000083b00000, 0x0000000083b00000| Untracked 
|  59|0x0000000083b00000, 0x0000000083c00000, 0x0000000083c00000|100%| O|  |TAMS 0x0000000083c00000, 0x0000000083c00000| Untracked 
|  60|0x0000000083c00000, 0x0000000083d00000, 0x0000000083d00000|100%| O|  |TAMS 0x0000000083d00000, 0x0000000083d00000| Untracked 
|  61|0x0000000083d00000, 0x0000000083e00000, 0x0000000083e00000|100%| O|  |TAMS 0x0000000083e00000, 0x0000000083e00000| Untracked 
|  62|0x0000000083e00000, 0x0000000083f00000, 0x0000000083f00000|100%| O|  |TAMS 0x0000000083f00000, 0x0000000083f00000| Untracked 
|  63|0x0000000083f00000, 0x0000000084000000, 0x0000000084000000|100%| O|  |TAMS 0x0000000084000000, 0x0000000084000000| Untracked 
|  64|0x0000000084000000, 0x0000000084100000, 0x0000000084100000|100%| O|  |TAMS 0x0000000084100000, 0x0000000084100000| Untracked 
|  65|0x0000000084100000, 0x0000000084200000, 0x0000000084200000|100%| O|  |TAMS 0x0000000084200000, 0x0000000084200000| Untracked 
|  66|0x0000000084200000, 0x0000000084300000, 0x0000000084300000|100%|HS|  |TAMS 0x0000000084300000, 0x0000000084300000| Complete 
|  67|0x0000000084300000, 0x0000000084400000, 0x0000000084400000|100%| O|  |TAMS 0x0000000084400000, 0x0000000084400000| Untracked 
|  68|0x0000000084400000, 0x0000000084500000, 0x0000000084500000|100%| O|  |TAMS 0x0000000084500000, 0x0000000084500000| Untracked 
|  69|0x0000000084500000, 0x0000000084600000, 0x0000000084600000|100%| O|  |TAMS 0x0000000084600000, 0x0000000084600000| Untracked 
|  70|0x0000000084600000, 0x0000000084700000, 0x0000000084700000|100%| O|  |TAMS 0x0000000084700000, 0x0000000084700000| Untracked 
|  71|0x0000000084700000, 0x0000000084800000, 0x0000000084800000|100%| O|  |TAMS 0x0000000084800000, 0x0000000084800000| Untracked 
|  72|0x0000000084800000, 0x0000000084900000, 0x0000000084900000|100%| O|  |TAMS 0x0000000084900000, 0x0000000084900000| Untracked 
|  73|0x0000000084900000, 0x0000000084a00000, 0x0000000084a00000|100%| O|  |TAMS 0x0000000084a00000, 0x0000000084a00000| Untracked 
|  74|0x0000000084a00000, 0x0000000084b00000, 0x0000000084b00000|100%| O|  |TAMS 0x0000000084b00000, 0x0000000084b00000| Untracked 
|  75|0x0000000084b00000, 0x0000000084c00000, 0x0000000084c00000|100%| O|  |TAMS 0x0000000084c00000, 0x0000000084c00000| Untracked 
|  76|0x0000000084c00000, 0x0000000084d00000, 0x0000000084d00000|100%| O|  |TAMS 0x0000000084d00000, 0x0000000084d00000| Untracked 
|  77|0x0000000084d00000, 0x0000000084e00000, 0x0000000084e00000|100%| O|  |TAMS 0x0000000084e00000, 0x0000000084e00000| Untracked 
|  78|0x0000000084e00000, 0x0000000084f00000, 0x0000000084f00000|100%| O|  |TAMS 0x0000000084f00000, 0x0000000084f00000| Untracked 
|  79|0x0000000084f00000, 0x0000000085000000, 0x0000000085000000|100%|HS|  |TAMS 0x0000000085000000, 0x0000000085000000| Complete 
|  80|0x0000000085000000, 0x0000000085100000, 0x0000000085100000|100%| O|  |TAMS 0x0000000085100000, 0x0000000085100000| Untracked 
|  81|0x0000000085100000, 0x0000000085200000, 0x0000000085200000|100%| O|  |TAMS 0x0000000085200000, 0x0000000085200000| Untracked 
|  82|0x0000000085200000, 0x0000000085300000, 0x0000000085300000|100%| O|  |TAMS 0x0000000085300000, 0x0000000085300000| Untracked 
|  83|0x0000000085300000, 0x0000000085400000, 0x0000000085400000|100%| O|  |TAMS 0x0000000085400000, 0x0000000085400000| Untracked 
|  84|0x0000000085400000, 0x0000000085500000, 0x0000000085500000|100%| O|  |TAMS 0x0000000085500000, 0x0000000085500000| Untracked 
|  85|0x0000000085500000, 0x0000000085600000, 0x0000000085600000|100%| O|  |TAMS 0x0000000085600000, 0x0000000085600000| Untracked 
|  86|0x0000000085600000, 0x0000000085700000, 0x0000000085700000|100%| O|  |TAMS 0x0000000085700000, 0x0000000085700000| Untracked 
|  87|0x0000000085700000, 0x0000000085800000, 0x0000000085800000|100%| O|  |TAMS 0x0000000085800000, 0x0000000085800000| Untracked 
|  88|0x0000000085800000, 0x0000000085900000, 0x0000000085900000|100%| O|  |TAMS 0x0000000085900000, 0x0000000085900000| Untracked 
|  89|0x0000000085900000, 0x0000000085a00000, 0x0000000085a00000|100%| O|  |TAMS 0x0000000085a00000, 0x0000000085a00000| Untracked 
|  90|0x0000000085a00000, 0x0000000085b00000, 0x0000000085b00000|100%| O|  |TAMS 0x0000000085b00000, 0x0000000085b00000| Untracked 
|  91|0x0000000085b00000, 0x0000000085c00000, 0x0000000085c00000|100%| O|  |TAMS 0x0000000085c00000, 0x0000000085c00000| Untracked 
|  92|0x0000000085c00000, 0x0000000085d00000, 0x0000000085d00000|100%| O|  |TAMS 0x0000000085d00000, 0x0000000085d00000| Untracked 
|  93|0x0000000085d00000, 0x0000000085e00000, 0x0000000085e00000|100%|HS|  |TAMS 0x0000000085e00000, 0x0000000085e00000| Complete 
|  94|0x0000000085e00000, 0x0000000085f00000, 0x0000000085f00000|100%|HC|  |TAMS 0x0000000085f00000, 0x0000000085f00000| Complete 
|  95|0x0000000085f00000, 0x0000000086000000, 0x0000000086000000|100%| O|  |TAMS 0x0000000086000000, 0x0000000086000000| Untracked 
|  96|0x0000000086000000, 0x0000000086100000, 0x0000000086100000|100%| O|  |TAMS 0x0000000086100000, 0x0000000086100000| Untracked 
|  97|0x0000000086100000, 0x0000000086200000, 0x0000000086200000|100%| O|  |TAMS 0x0000000086200000, 0x0000000086200000| Untracked 
|  98|0x0000000086200000, 0x0000000086300000, 0x0000000086300000|100%|HS|  |TAMS 0x0000000086300000, 0x0000000086300000| Complete 
|  99|0x0000000086300000, 0x0000000086400000, 0x0000000086400000|100%|HC|  |TAMS 0x0000000086400000, 0x0000000086400000| Complete 
| 100|0x0000000086400000, 0x0000000086500000, 0x0000000086500000|100%|HS|  |TAMS 0x0000000086500000, 0x0000000086500000| Complete 
| 101|0x0000000086500000, 0x0000000086600000, 0x0000000086600000|100%|HC|  |TAMS 0x0000000086600000, 0x0000000086600000| Complete 
| 102|0x0000000086600000, 0x0000000086700000, 0x0000000086700000|100%| O|  |TAMS 0x0000000086700000, 0x0000000086700000| Untracked 
| 103|0x0000000086700000, 0x0000000086800000, 0x0000000086800000|100%|HS|  |TAMS 0x0000000086800000, 0x0000000086800000| Complete 
| 104|0x0000000086800000, 0x0000000086900000, 0x0000000086900000|100%|HC|  |TAMS 0x0000000086900000, 0x0000000086900000| Complete 
| 105|0x0000000086900000, 0x0000000086a00000, 0x0000000086a00000|100%|HC|  |TAMS 0x0000000086a00000, 0x0000000086a00000| Complete 
| 106|0x0000000086a00000, 0x0000000086b00000, 0x0000000086b00000|100%| O|  |TAMS 0x0000000086b00000, 0x0000000086b00000| Untracked 
| 107|0x0000000086b00000, 0x0000000086c00000, 0x0000000086c00000|100%| O|  |TAMS 0x0000000086b00000, 0x0000000086c00000| Untracked 
| 108|0x0000000086c00000, 0x0000000086d00000, 0x0000000086d00000|100%| O|  |TAMS 0x0000000086d00000, 0x0000000086d00000| Untracked 
| 109|0x0000000086d00000, 0x0000000086e00000, 0x0000000086e00000|100%| O|  |TAMS 0x0000000086e00000, 0x0000000086e00000| Untracked 
| 110|0x0000000086e00000, 0x0000000086f00000, 0x0000000086f00000|100%| O|  |TAMS 0x0000000086f00000, 0x0000000086f00000| Untracked 
| 111|0x0000000086f00000, 0x0000000087000000, 0x0000000087000000|100%| O|  |TAMS 0x0000000087000000, 0x0000000087000000| Untracked 
| 112|0x0000000087000000, 0x0000000087100000, 0x0000000087100000|100%| O|  |TAMS 0x0000000087100000, 0x0000000087100000| Untracked 
| 113|0x0000000087100000, 0x0000000087200000, 0x0000000087200000|100%| O|  |TAMS 0x0000000087200000, 0x0000000087200000| Untracked 
| 114|0x0000000087200000, 0x0000000087300000, 0x0000000087300000|100%| O|  |TAMS 0x0000000087300000, 0x0000000087300000| Untracked 
| 115|0x0000000087300000, 0x0000000087400000, 0x0000000087400000|100%| O|  |TAMS 0x0000000087400000, 0x0000000087400000| Untracked 
| 116|0x0000000087400000, 0x0000000087500000, 0x0000000087500000|100%| O|  |TAMS 0x0000000087500000, 0x0000000087500000| Untracked 
| 117|0x0000000087500000, 0x0000000087600000, 0x0000000087600000|100%| O|  |TAMS 0x0000000087600000, 0x0000000087600000| Untracked 
| 118|0x0000000087600000, 0x0000000087700000, 0x0000000087700000|100%|HS|  |TAMS 0x0000000087700000, 0x0000000087700000| Complete 
| 119|0x0000000087700000, 0x0000000087800000, 0x0000000087800000|100%|HC|  |TAMS 0x0000000087800000, 0x0000000087800000| Complete 
| 120|0x0000000087800000, 0x0000000087900000, 0x0000000087900000|100%| O|  |TAMS 0x0000000087900000, 0x0000000087900000| Untracked 
| 121|0x0000000087900000, 0x0000000087a00000, 0x0000000087a00000|100%|HS|  |TAMS 0x0000000087a00000, 0x0000000087a00000| Complete 
| 122|0x0000000087a00000, 0x0000000087b00000, 0x0000000087b00000|100%| O|  |TAMS 0x0000000087b00000, 0x0000000087b00000| Untracked 
| 123|0x0000000087b00000, 0x0000000087c00000, 0x0000000087c00000|100%|HS|  |TAMS 0x0000000087c00000, 0x0000000087c00000| Complete 
| 124|0x0000000087c00000, 0x0000000087d00000, 0x0000000087d00000|100%| O|  |TAMS 0x0000000087d00000, 0x0000000087d00000| Untracked 
| 125|0x0000000087d00000, 0x0000000087e00000, 0x0000000087e00000|100%| O|  |TAMS 0x0000000087d8fe00, 0x0000000087e00000| Untracked 
| 126|0x0000000087e00000, 0x0000000087f00000, 0x0000000087f00000|100%|HS|  |TAMS 0x0000000087e00000, 0x0000000087f00000| Complete 
| 127|0x0000000087f00000, 0x0000000088000000, 0x0000000088000000|100%|HS|  |TAMS 0x0000000088000000, 0x0000000088000000| Complete 
| 128|0x0000000088000000, 0x0000000088100000, 0x0000000088100000|100%|HC|  |TAMS 0x0000000088100000, 0x0000000088100000| Complete 
| 129|0x0000000088100000, 0x0000000088200000, 0x0000000088200000|100%| O|  |TAMS 0x0000000088100000, 0x0000000088200000| Untracked 
| 130|0x0000000088200000, 0x0000000088300000, 0x0000000088300000|100%| O|  |TAMS 0x0000000088200000, 0x0000000088300000| Untracked 
| 131|0x0000000088300000, 0x0000000088400000, 0x0000000088400000|100%| O|  |TAMS 0x0000000088300000, 0x0000000088400000| Untracked 
| 132|0x0000000088400000, 0x0000000088500000, 0x0000000088500000|100%|HS|  |TAMS 0x0000000088500000, 0x0000000088500000| Complete 
| 133|0x0000000088500000, 0x0000000088600000, 0x0000000088600000|100%|HC|  |TAMS 0x0000000088600000, 0x0000000088600000| Complete 
| 134|0x0000000088600000, 0x0000000088700000, 0x0000000088700000|100%| O|  |TAMS 0x0000000088600000, 0x0000000088700000| Untracked 
| 135|0x0000000088700000, 0x0000000088800000, 0x0000000088800000|100%|HS|  |TAMS 0x0000000088700000, 0x0000000088800000| Complete 
| 136|0x0000000088800000, 0x0000000088900000, 0x0000000088900000|100%| O|  |TAMS 0x0000000088800000, 0x0000000088900000| Untracked 
| 137|0x0000000088900000, 0x0000000088a00000, 0x0000000088a00000|100%| O|  |TAMS 0x0000000088900000, 0x0000000088a00000| Untracked 
| 138|0x0000000088a00000, 0x0000000088b00000, 0x0000000088b00000|100%| O|  |TAMS 0x0000000088a00000, 0x0000000088b00000| Untracked 
| 139|0x0000000088b00000, 0x0000000088c00000, 0x0000000088c00000|100%| O|  |TAMS 0x0000000088b00000, 0x0000000088c00000| Untracked 
| 140|0x0000000088c00000, 0x0000000088d00000, 0x0000000088d00000|100%|HS|  |TAMS 0x0000000088d00000, 0x0000000088d00000| Complete 
| 141|0x0000000088d00000, 0x0000000088e00000, 0x0000000088e00000|100%|HC|  |TAMS 0x0000000088e00000, 0x0000000088e00000| Complete 
| 142|0x0000000088e00000, 0x0000000088f00000, 0x0000000088f00000|100%|HC|  |TAMS 0x0000000088f00000, 0x0000000088f00000| Complete 
| 143|0x0000000088f00000, 0x0000000089000000, 0x0000000089000000|100%| O|  |TAMS 0x0000000089000000, 0x0000000089000000| Untracked 
| 144|0x0000000089000000, 0x0000000089100000, 0x0000000089100000|100%| O|  |TAMS 0x0000000089100000, 0x0000000089100000| Untracked 
| 145|0x0000000089100000, 0x0000000089200000, 0x0000000089200000|100%| O|  |TAMS 0x0000000089200000, 0x0000000089200000| Untracked 
| 146|0x0000000089200000, 0x0000000089300000, 0x0000000089300000|100%| O|  |TAMS 0x0000000089300000, 0x0000000089300000| Untracked 
| 147|0x0000000089300000, 0x0000000089400000, 0x0000000089400000|100%| O|  |TAMS 0x0000000089300000, 0x0000000089400000| Untracked 
| 148|0x0000000089400000, 0x0000000089500000, 0x0000000089500000|100%| O|  |TAMS 0x0000000089400000, 0x0000000089500000| Untracked 
| 149|0x0000000089500000, 0x0000000089600000, 0x0000000089600000|100%| O|  |TAMS 0x0000000089500000, 0x0000000089600000| Untracked 
| 150|0x0000000089600000, 0x0000000089700000, 0x0000000089700000|100%| O|  |TAMS 0x0000000089600000, 0x0000000089700000| Untracked 
| 151|0x0000000089700000, 0x0000000089800000, 0x0000000089800000|100%| O|  |TAMS 0x0000000089700000, 0x0000000089800000| Untracked 
| 152|0x0000000089800000, 0x0000000089900000, 0x0000000089900000|100%| O|  |TAMS 0x0000000089800000, 0x0000000089900000| Untracked 
| 153|0x0000000089900000, 0x0000000089a00000, 0x0000000089a00000|100%| O|  |TAMS 0x0000000089900000, 0x0000000089a00000| Untracked 
| 154|0x0000000089a00000, 0x0000000089b00000, 0x0000000089b00000|100%| O|  |TAMS 0x0000000089a00000, 0x0000000089b00000| Untracked 
| 155|0x0000000089b00000, 0x0000000089c00000, 0x0000000089c00000|100%| O|  |TAMS 0x0000000089b00000, 0x0000000089c00000| Untracked 
| 156|0x0000000089c00000, 0x0000000089d00000, 0x0000000089d00000|100%| O|  |TAMS 0x0000000089c00000, 0x0000000089d00000| Untracked 
| 157|0x0000000089d00000, 0x0000000089e00000, 0x0000000089e00000|100%| O|  |TAMS 0x0000000089d00000, 0x0000000089e00000| Untracked 
| 158|0x0000000089e00000, 0x0000000089f00000, 0x0000000089f00000|100%| O|  |TAMS 0x0000000089e00000, 0x0000000089f00000| Untracked 
| 159|0x0000000089f00000, 0x000000008a000000, 0x000000008a000000|100%| O|  |TAMS 0x0000000089f00000, 0x000000008a000000| Untracked 
| 160|0x000000008a000000, 0x000000008a100000, 0x000000008a100000|100%| O|  |TAMS 0x000000008a000000, 0x000000008a100000| Untracked 
| 161|0x000000008a100000, 0x000000008a200000, 0x000000008a200000|100%| O|  |TAMS 0x000000008a100000, 0x000000008a200000| Untracked 
| 162|0x000000008a200000, 0x000000008a300000, 0x000000008a300000|100%| O|  |TAMS 0x000000008a200000, 0x000000008a300000| Untracked 
| 163|0x000000008a300000, 0x000000008a400000, 0x000000008a400000|100%| O|  |TAMS 0x000000008a300000, 0x000000008a400000| Untracked 
| 164|0x000000008a400000, 0x000000008a500000, 0x000000008a500000|100%| O|  |TAMS 0x000000008a400000, 0x000000008a500000| Untracked 
| 165|0x000000008a500000, 0x000000008a600000, 0x000000008a600000|100%| O|  |TAMS 0x000000008a500000, 0x000000008a600000| Untracked 
| 166|0x000000008a600000, 0x000000008a700000, 0x000000008a700000|100%| O|  |TAMS 0x000000008a600000, 0x000000008a700000| Untracked 
| 167|0x000000008a700000, 0x000000008a800000, 0x000000008a800000|100%| O|  |TAMS 0x000000008a700000, 0x000000008a800000| Untracked 
| 168|0x000000008a800000, 0x000000008a900000, 0x000000008a900000|100%| O|  |TAMS 0x000000008a800000, 0x000000008a900000| Untracked 
| 169|0x000000008a900000, 0x000000008aa00000, 0x000000008aa00000|100%| O|  |TAMS 0x000000008a900000, 0x000000008aa00000| Untracked 
| 170|0x000000008aa00000, 0x000000008ab00000, 0x000000008ab00000|100%| O|  |TAMS 0x000000008aa00000, 0x000000008ab00000| Untracked 
| 171|0x000000008ab00000, 0x000000008ac00000, 0x000000008ac00000|100%| O|  |TAMS 0x000000008ab00000, 0x000000008ac00000| Untracked 
| 172|0x000000008ac00000, 0x000000008ad00000, 0x000000008ad00000|100%| O|  |TAMS 0x000000008ac00000, 0x000000008ad00000| Untracked 
| 173|0x000000008ad00000, 0x000000008ae00000, 0x000000008ae00000|100%| O|  |TAMS 0x000000008ad00000, 0x000000008ae00000| Untracked 
| 174|0x000000008ae00000, 0x000000008af00000, 0x000000008af00000|100%| O|  |TAMS 0x000000008ae00000, 0x000000008af00000| Untracked 
| 175|0x000000008af00000, 0x000000008b000000, 0x000000008b000000|100%| O|  |TAMS 0x000000008af00000, 0x000000008b000000| Untracked 
| 176|0x000000008b000000, 0x000000008b100000, 0x000000008b100000|100%| O|  |TAMS 0x000000008b000000, 0x000000008b100000| Untracked 
| 177|0x000000008b100000, 0x000000008b200000, 0x000000008b200000|100%| O|  |TAMS 0x000000008b100000, 0x000000008b200000| Untracked 
| 178|0x000000008b200000, 0x000000008b300000, 0x000000008b300000|100%| O|  |TAMS 0x000000008b200000, 0x000000008b300000| Untracked 
| 179|0x000000008b300000, 0x000000008b400000, 0x000000008b400000|100%| O|  |TAMS 0x000000008b300000, 0x000000008b400000| Untracked 
| 180|0x000000008b400000, 0x000000008b500000, 0x000000008b500000|100%| O|  |TAMS 0x000000008b400000, 0x000000008b500000| Untracked 
| 181|0x000000008b500000, 0x000000008b600000, 0x000000008b600000|100%| O|  |TAMS 0x000000008b500000, 0x000000008b600000| Untracked 
| 182|0x000000008b600000, 0x000000008b700000, 0x000000008b700000|100%| O|  |TAMS 0x000000008b600000, 0x000000008b700000| Untracked 
| 183|0x000000008b700000, 0x000000008b800000, 0x000000008b800000|100%| O|  |TAMS 0x000000008b700000, 0x000000008b800000| Untracked 
| 184|0x000000008b800000, 0x000000008b900000, 0x000000008b900000|100%| O|  |TAMS 0x000000008b800000, 0x000000008b900000| Untracked 
| 185|0x000000008b900000, 0x000000008ba00000, 0x000000008ba00000|100%| O|  |TAMS 0x000000008ba00000, 0x000000008ba00000| Untracked 
| 186|0x000000008ba00000, 0x000000008bb00000, 0x000000008bb00000|100%| O|  |TAMS 0x000000008ba00000, 0x000000008bb00000| Untracked 
| 187|0x000000008bb00000, 0x000000008bc00000, 0x000000008bc00000|100%| O|  |TAMS 0x000000008bb00000, 0x000000008bc00000| Untracked 
| 188|0x000000008bc00000, 0x000000008bd00000, 0x000000008bd00000|100%| O|  |TAMS 0x000000008bc00000, 0x000000008bd00000| Untracked 
| 189|0x000000008bd00000, 0x000000008be00000, 0x000000008be00000|100%| O|  |TAMS 0x000000008bd00000, 0x000000008be00000| Untracked 
| 190|0x000000008be00000, 0x000000008bf00000, 0x000000008bf00000|100%| O|  |TAMS 0x000000008be00000, 0x000000008bf00000| Untracked 
| 191|0x000000008bf00000, 0x000000008c000000, 0x000000008c000000|100%| O|  |TAMS 0x000000008bf00000, 0x000000008c000000| Untracked 
| 192|0x000000008c000000, 0x000000008c100000, 0x000000008c100000|100%| O|  |TAMS 0x000000008c000000, 0x000000008c100000| Untracked 
| 193|0x000000008c100000, 0x000000008c200000, 0x000000008c200000|100%| O|  |TAMS 0x000000008c100000, 0x000000008c200000| Untracked 
| 194|0x000000008c200000, 0x000000008c300000, 0x000000008c300000|100%| O|  |TAMS 0x000000008c200000, 0x000000008c300000| Untracked 
| 195|0x000000008c300000, 0x000000008c400000, 0x000000008c400000|100%| O|  |TAMS 0x000000008c300000, 0x000000008c400000| Untracked 
| 196|0x000000008c400000, 0x000000008c500000, 0x000000008c500000|100%| O|  |TAMS 0x000000008c400000, 0x000000008c500000| Untracked 
| 197|0x000000008c500000, 0x000000008c600000, 0x000000008c600000|100%| O|  |TAMS 0x000000008c500000, 0x000000008c600000| Untracked 
| 198|0x000000008c600000, 0x000000008c700000, 0x000000008c700000|100%| O|  |TAMS 0x000000008c600000, 0x000000008c700000| Untracked 
| 199|0x000000008c700000, 0x000000008c800000, 0x000000008c800000|100%| O|  |TAMS 0x000000008c700000, 0x000000008c800000| Untracked 
| 200|0x000000008c800000, 0x000000008c900000, 0x000000008c900000|100%| O|  |TAMS 0x000000008c800000, 0x000000008c900000| Untracked 
| 201|0x000000008c900000, 0x000000008ca00000, 0x000000008ca00000|100%| O|  |TAMS 0x000000008c900000, 0x000000008ca00000| Untracked 
| 202|0x000000008ca00000, 0x000000008cb00000, 0x000000008cb00000|100%| O|  |TAMS 0x000000008ca00000, 0x000000008cb00000| Untracked 
| 203|0x000000008cb00000, 0x000000008cc00000, 0x000000008cc00000|100%| O|  |TAMS 0x000000008cb00000, 0x000000008cc00000| Untracked 
| 204|0x000000008cc00000, 0x000000008cd00000, 0x000000008cd00000|100%| O|  |TAMS 0x000000008cc00000, 0x000000008cd00000| Untracked 
| 205|0x000000008cd00000, 0x000000008cd00000, 0x000000008ce00000|  0%| F|  |TAMS 0x000000008cd00000, 0x000000008cd00000| Untracked 
| 206|0x000000008ce00000, 0x000000008ce00000, 0x000000008cf00000|  0%| F|  |TAMS 0x000000008ce00000, 0x000000008ce00000| Untracked 
| 207|0x000000008cf00000, 0x000000008cf00000, 0x000000008d000000|  0%| F|  |TAMS 0x000000008cf00000, 0x000000008cf00000| Untracked 
| 208|0x000000008d000000, 0x000000008d000000, 0x000000008d100000|  0%| F|  |TAMS 0x000000008d000000, 0x000000008d000000| Untracked 
| 209|0x000000008d100000, 0x000000008d100000, 0x000000008d200000|  0%| F|  |TAMS 0x000000008d100000, 0x000000008d100000| Untracked 
| 210|0x000000008d200000, 0x000000008d200000, 0x000000008d300000|  0%| F|  |TAMS 0x000000008d200000, 0x000000008d200000| Untracked 
| 211|0x000000008d300000, 0x000000008d300000, 0x000000008d400000|  0%| F|  |TAMS 0x000000008d300000, 0x000000008d300000| Untracked 
| 212|0x000000008d400000, 0x000000008d400000, 0x000000008d500000|  0%| F|  |TAMS 0x000000008d400000, 0x000000008d400000| Untracked 
| 213|0x000000008d500000, 0x000000008d500000, 0x000000008d600000|  0%| F|  |TAMS 0x000000008d500000, 0x000000008d500000| Untracked 
| 214|0x000000008d600000, 0x000000008d600000, 0x000000008d700000|  0%| F|  |TAMS 0x000000008d600000, 0x000000008d600000| Untracked 
| 215|0x000000008d700000, 0x000000008d700000, 0x000000008d800000|  0%| F|  |TAMS 0x000000008d700000, 0x000000008d700000| Untracked 
| 216|0x000000008d800000, 0x000000008d800000, 0x000000008d900000|  0%| F|  |TAMS 0x000000008d800000, 0x000000008d800000| Untracked 
| 217|0x000000008d900000, 0x000000008d900000, 0x000000008da00000|  0%| F|  |TAMS 0x000000008d900000, 0x000000008d900000| Untracked 
| 218|0x000000008da00000, 0x000000008da00000, 0x000000008db00000|  0%| F|  |TAMS 0x000000008da00000, 0x000000008da00000| Untracked 
| 219|0x000000008db00000, 0x000000008db00000, 0x000000008dc00000|  0%| F|  |TAMS 0x000000008db00000, 0x000000008db00000| Untracked 
| 220|0x000000008dc00000, 0x000000008dc00000, 0x000000008dd00000|  0%| F|  |TAMS 0x000000008dc00000, 0x000000008dc00000| Untracked 
| 221|0x000000008dd00000, 0x000000008dd00000, 0x000000008de00000|  0%| F|  |TAMS 0x000000008dd00000, 0x000000008dd00000| Untracked 
| 222|0x000000008de00000, 0x000000008de00000, 0x000000008df00000|  0%| F|  |TAMS 0x000000008de00000, 0x000000008de00000| Untracked 
| 223|0x000000008df00000, 0x000000008df00000, 0x000000008e000000|  0%| F|  |TAMS 0x000000008df00000, 0x000000008df00000| Untracked 
| 224|0x000000008e000000, 0x000000008e000000, 0x000000008e100000|  0%| F|  |TAMS 0x000000008e000000, 0x000000008e000000| Untracked 
| 225|0x000000008e100000, 0x000000008e100000, 0x000000008e200000|  0%| F|  |TAMS 0x000000008e100000, 0x000000008e100000| Untracked 
| 226|0x000000008e200000, 0x000000008e200000, 0x000000008e300000|  0%| F|  |TAMS 0x000000008e200000, 0x000000008e200000| Untracked 
| 227|0x000000008e300000, 0x000000008e300000, 0x000000008e400000|  0%| F|  |TAMS 0x000000008e300000, 0x000000008e300000| Untracked 
| 228|0x000000008e400000, 0x000000008e400000, 0x000000008e500000|  0%| F|  |TAMS 0x000000008e400000, 0x000000008e400000| Untracked 
| 229|0x000000008e500000, 0x000000008e500000, 0x000000008e600000|  0%| F|  |TAMS 0x000000008e500000, 0x000000008e500000| Untracked 
| 230|0x000000008e600000, 0x000000008e600000, 0x000000008e700000|  0%| F|  |TAMS 0x000000008e600000, 0x000000008e600000| Untracked 
| 231|0x000000008e700000, 0x000000008e700000, 0x000000008e800000|  0%| F|  |TAMS 0x000000008e700000, 0x000000008e700000| Untracked 
| 232|0x000000008e800000, 0x000000008e800000, 0x000000008e900000|  0%| F|  |TAMS 0x000000008e800000, 0x000000008e800000| Untracked 
| 233|0x000000008e900000, 0x000000008e900000, 0x000000008ea00000|  0%| F|  |TAMS 0x000000008e900000, 0x000000008e900000| Untracked 
| 234|0x000000008ea00000, 0x000000008ea00000, 0x000000008eb00000|  0%| F|  |TAMS 0x000000008ea00000, 0x000000008ea00000| Untracked 
| 235|0x000000008eb00000, 0x000000008eb00000, 0x000000008ec00000|  0%| F|  |TAMS 0x000000008eb00000, 0x000000008eb00000| Untracked 
| 236|0x000000008ec00000, 0x000000008ec00000, 0x000000008ed00000|  0%| F|  |TAMS 0x000000008ec00000, 0x000000008ec00000| Untracked 
| 237|0x000000008ed00000, 0x000000008ed00000, 0x000000008ee00000|  0%| F|  |TAMS 0x000000008ed00000, 0x000000008ed00000| Untracked 
| 238|0x000000008ee00000, 0x000000008ee00000, 0x000000008ef00000|  0%| F|  |TAMS 0x000000008ee00000, 0x000000008ee00000| Untracked 
| 239|0x000000008ef00000, 0x000000008ef00000, 0x000000008f000000|  0%| F|  |TAMS 0x000000008ef00000, 0x000000008ef00000| Untracked 
| 240|0x000000008f000000, 0x000000008f000000, 0x000000008f100000|  0%| F|  |TAMS 0x000000008f000000, 0x000000008f000000| Untracked 
| 241|0x000000008f100000, 0x000000008f100000, 0x000000008f200000|  0%| F|  |TAMS 0x000000008f100000, 0x000000008f100000| Untracked 
| 242|0x000000008f200000, 0x000000008f200000, 0x000000008f300000|  0%| F|  |TAMS 0x000000008f200000, 0x000000008f200000| Untracked 
| 243|0x000000008f300000, 0x000000008f300000, 0x000000008f400000|  0%| F|  |TAMS 0x000000008f300000, 0x000000008f300000| Untracked 
| 244|0x000000008f400000, 0x000000008f400000, 0x000000008f500000|  0%| F|  |TAMS 0x000000008f400000, 0x000000008f400000| Untracked 
| 245|0x000000008f500000, 0x000000008f500000, 0x000000008f600000|  0%| F|  |TAMS 0x000000008f500000, 0x000000008f500000| Untracked 
| 246|0x000000008f600000, 0x000000008f600000, 0x000000008f700000|  0%| F|  |TAMS 0x000000008f600000, 0x000000008f600000| Untracked 
| 247|0x000000008f700000, 0x000000008f700000, 0x000000008f800000|  0%| F|  |TAMS 0x000000008f700000, 0x000000008f700000| Untracked 
| 248|0x000000008f800000, 0x000000008f800000, 0x000000008f900000|  0%| F|  |TAMS 0x000000008f800000, 0x000000008f800000| Untracked 
| 249|0x000000008f900000, 0x000000008f900000, 0x000000008fa00000|  0%| F|  |TAMS 0x000000008f900000, 0x000000008f900000| Untracked 
| 250|0x000000008fa00000, 0x000000008fa00000, 0x000000008fb00000|  0%| F|  |TAMS 0x000000008fa00000, 0x000000008fa00000| Untracked 
| 251|0x000000008fb00000, 0x000000008fb00000, 0x000000008fc00000|  0%| F|  |TAMS 0x000000008fb00000, 0x000000008fb00000| Untracked 
| 252|0x000000008fc00000, 0x000000008fc00000, 0x000000008fd00000|  0%| F|  |TAMS 0x000000008fc00000, 0x000000008fc00000| Untracked 
| 253|0x000000008fd00000, 0x000000008fd00000, 0x000000008fe00000|  0%| F|  |TAMS 0x000000008fd00000, 0x000000008fd00000| Untracked 
| 254|0x000000008fe00000, 0x000000008fec9500, 0x000000008ff00000| 78%| S|CS|TAMS 0x000000008fe00000, 0x000000008fe00000| Complete 
| 255|0x000000008ff00000, 0x0000000090000000, 0x0000000090000000|100%| S|CS|TAMS 0x000000008ff00000, 0x000000008ff00000| Complete 
| 256|0x0000000090000000, 0x0000000090100000, 0x0000000090100000|100%| S|CS|TAMS 0x0000000090000000, 0x0000000090000000| Complete 
| 257|0x0000000090100000, 0x0000000090200000, 0x0000000090200000|100%| S|CS|TAMS 0x0000000090100000, 0x0000000090100000| Complete 
| 258|0x0000000090200000, 0x0000000090200000, 0x0000000090300000|  0%| F|  |TAMS 0x0000000090200000, 0x0000000090200000| Untracked 
| 259|0x0000000090300000, 0x0000000090300000, 0x0000000090400000|  0%| F|  |TAMS 0x0000000090300000, 0x0000000090300000| Untracked 
| 260|0x0000000090400000, 0x0000000090400000, 0x0000000090500000|  0%| F|  |TAMS 0x0000000090400000, 0x0000000090400000| Untracked 
| 261|0x0000000090500000, 0x0000000090500000, 0x0000000090600000|  0%| F|  |TAMS 0x0000000090500000, 0x0000000090500000| Untracked 
| 262|0x0000000090600000, 0x0000000090600000, 0x0000000090700000|  0%| F|  |TAMS 0x0000000090600000, 0x0000000090600000| Untracked 
| 263|0x0000000090700000, 0x0000000090700000, 0x0000000090800000|  0%| F|  |TAMS 0x0000000090700000, 0x0000000090700000| Untracked 
| 264|0x0000000090800000, 0x0000000090800000, 0x0000000090900000|  0%| F|  |TAMS 0x0000000090800000, 0x0000000090800000| Untracked 
| 265|0x0000000090900000, 0x0000000090900000, 0x0000000090a00000|  0%| F|  |TAMS 0x0000000090900000, 0x0000000090900000| Untracked 
| 266|0x0000000090a00000, 0x0000000090a00000, 0x0000000090b00000|  0%| F|  |TAMS 0x0000000090a00000, 0x0000000090a00000| Untracked 
| 267|0x0000000090b00000, 0x0000000090b00000, 0x0000000090c00000|  0%| F|  |TAMS 0x0000000090b00000, 0x0000000090b00000| Untracked 
| 268|0x0000000090c00000, 0x0000000090c00000, 0x0000000090d00000|  0%| F|  |TAMS 0x0000000090c00000, 0x0000000090c00000| Untracked 
| 269|0x0000000090d00000, 0x0000000090d00000, 0x0000000090e00000|  0%| F|  |TAMS 0x0000000090d00000, 0x0000000090d00000| Untracked 
| 270|0x0000000090e00000, 0x0000000090e00000, 0x0000000090f00000|  0%| F|  |TAMS 0x0000000090e00000, 0x0000000090e00000| Untracked 
| 271|0x0000000090f00000, 0x0000000090f00000, 0x0000000091000000|  0%| F|  |TAMS 0x0000000090f00000, 0x0000000090f00000| Untracked 
| 272|0x0000000091000000, 0x0000000091000000, 0x0000000091100000|  0%| F|  |TAMS 0x0000000091000000, 0x0000000091000000| Untracked 
| 273|0x0000000091100000, 0x0000000091100000, 0x0000000091200000|  0%| F|  |TAMS 0x0000000091100000, 0x0000000091100000| Untracked 
| 274|0x0000000091200000, 0x0000000091200000, 0x0000000091300000|  0%| F|  |TAMS 0x0000000091200000, 0x0000000091200000| Untracked 
| 275|0x0000000091300000, 0x0000000091300000, 0x0000000091400000|  0%| F|  |TAMS 0x0000000091300000, 0x0000000091300000| Untracked 
| 276|0x0000000091400000, 0x0000000091400000, 0x0000000091500000|  0%| F|  |TAMS 0x0000000091400000, 0x0000000091400000| Untracked 
| 277|0x0000000091500000, 0x0000000091500000, 0x0000000091600000|  0%| F|  |TAMS 0x0000000091500000, 0x0000000091500000| Untracked 
| 278|0x0000000091600000, 0x0000000091600000, 0x0000000091700000|  0%| F|  |TAMS 0x0000000091600000, 0x0000000091600000| Untracked 
| 279|0x0000000091700000, 0x0000000091700000, 0x0000000091800000|  0%| F|  |TAMS 0x0000000091700000, 0x0000000091700000| Untracked 
| 280|0x0000000091800000, 0x0000000091800000, 0x0000000091900000|  0%| F|  |TAMS 0x0000000091800000, 0x0000000091800000| Untracked 
| 281|0x0000000091900000, 0x0000000091900000, 0x0000000091a00000|  0%| F|  |TAMS 0x0000000091900000, 0x0000000091900000| Untracked 
| 282|0x0000000091a00000, 0x0000000091a00000, 0x0000000091b00000|  0%| F|  |TAMS 0x0000000091a00000, 0x0000000091a00000| Untracked 
| 283|0x0000000091b00000, 0x0000000091b00000, 0x0000000091c00000|  0%| F|  |TAMS 0x0000000091b00000, 0x0000000091b00000| Untracked 

Card table byte_map: [0x000001e63a920000,0x000001e63ad20000] _byte_map_base: 0x000001e63a520000

Marking Bits (Prev, Next): (CMBitMap*) 0x000001e6273ebf08, (CMBitMap*) 0x000001e6273ebf40
 Prev Bits: [0x000001e63b120000, 0x000001e63d120000)
 Next Bits: [0x000001e63d120000, 0x000001e63f120000)

Polling page: 0x000001e62aed0000

Metaspace:

Usage:
  Non-class:     97.53 MB capacity,    95.95 MB ( 98%) used,     1.26 MB (  1%) free+waste,   331.38 KB ( <1%) overhead. 
      Class:     15.16 MB capacity,    14.17 MB ( 93%) used,   874.56 KB (  6%) free+waste,   147.25 KB ( <1%) overhead. 
       Both:    112.70 MB capacity,   110.12 MB ( 98%) used,     2.11 MB (  2%) free+waste,   478.63 KB ( <1%) overhead. 

Virtual space:
  Non-class space:       98.00 MB reserved,      97.67 MB (>99%) committed 
      Class space:        1.00 GB reserved,      15.28 MB (  1%) committed 
             Both:        1.10 GB reserved,     112.95 MB ( 10%) committed 

Chunk freelists:
   Non-Class:  14.00 KB
       Class:  0 bytes
        Both:  14.00 KB

MaxMetaspaceSize: 17179869184.00 GB
CompressedClassSpaceSize: 1.00 GB
Initial GC threshold: 20.80 MB
Current GC threshold: 174.71 MB
CDS: off

CodeHeap 'non-profiled nmethods': size=120064Kb used=9861Kb max_used=9861Kb free=110202Kb
 bounds [0x000001e6329b0000, 0x000001e633360000, 0x000001e639ef0000]
CodeHeap 'profiled nmethods': size=120000Kb used=31965Kb max_used=31965Kb free=88034Kb
 bounds [0x000001e62b480000, 0x000001e62d3c0000, 0x000001e6329b0000]
CodeHeap 'non-nmethods': size=5696Kb used=2432Kb max_used=2482Kb free=3263Kb
 bounds [0x000001e62aef0000, 0x000001e62b170000, 0x000001e62b480000]
 total_blobs=15484 nmethods=14517 adapters=879
 compilation: enabled
              stopped_count=0, restarted_count=0
 full_count=0

Compilation events (20 events):
Event: 57.641 Thread 0x000001e64179c000 14621       2       com.android.tools.r8.internal.uK::values (26 bytes)
Event: 57.641 Thread 0x000001e64179c000 nmethod 14621 0x000001e62d3b5010 code [0x000001e62d3b51c0, 0x000001e62d3b53d8]
Event: 57.641 Thread 0x000001e64179c000 14622       2       com.android.tools.r8.internal.l1::iterator (5 bytes)
Event: 57.641 Thread 0x000001e64179c000 nmethod 14622 0x000001e62d3b5490 code [0x000001e62d3b5640, 0x000001e62d3b5768]
Event: 57.641 Thread 0x000001e64179c000 14623       2       com.android.tools.r8.internal.mK::iterator (12 bytes)
Event: 57.642 Thread 0x000001e64179c000 nmethod 14623 0x000001e62d3b5810 code [0x000001e62d3b59c0, 0x000001e62d3b5ba8]
Event: 57.642 Thread 0x000001e64179c000 14624       2       com.android.tools.r8.graph.f1$a::<init> (10 bytes)
Event: 57.642 Thread 0x000001e64179c000 nmethod 14624 0x000001e62d3b5c90 code [0x000001e62d3b5e40, 0x000001e62d3b5f78]
Event: 57.647 Thread 0x000001e64179c000 14625       2       com.android.tools.r8.graph.z::a (19 bytes)
Event: 57.648 Thread 0x000001e64179c000 nmethod 14625 0x000001e62d3b6010 code [0x000001e62d3b61c0, 0x000001e62d3b6368]
Event: 57.649 Thread 0x000001e64179c000 14626       2       com.android.tools.r8.internal.oq::e (13 bytes)
Event: 57.649 Thread 0x000001e64179c000 nmethod 14626 0x000001e62d3b6490 code [0x000001e62d3b6640, 0x000001e62d3b6758]
Event: 57.652 Thread 0x000001e645b1c800 nmethod 14298 0x000001e633349010 code [0x000001e633349460, 0x000001e63334e090]
Event: 57.652 Thread 0x000001e645b1c800 14525       4       com.android.tools.r8.graph.j3$$Lambda$1451/0x0000000100f06040::apply (12 bytes)
Event: 57.654 Thread 0x000001e64179c000 14628       2       com.android.tools.r8.graph.z::a (19 bytes)
Event: 57.654 Thread 0x000001e64179c000 nmethod 14628 0x000001e62d3b6810 code [0x000001e62d3b69c0, 0x000001e62d3b6b68]
Event: 57.656 Thread 0x000001e64179c000 14629       1       com.android.tools.r8.graph.s1::a (5 bytes)
Event: 57.656 Thread 0x000001e64179c000 nmethod 14629 0x000001e633351490 code [0x000001e633351640, 0x000001e6333516f8]
Event: 57.666 Thread 0x000001e64179c000 14631       2       com.android.tools.r8.graph.z::a (65 bytes)
Event: 57.667 Thread 0x000001e64179c000 nmethod 14631 0x000001e62d3b6c90 code [0x000001e62d3b6e80, 0x000001e62d3b7398]

GC Heap History (20 events):
Event: 52.015 GC heap after
{Heap after GC invocations=40 (full 0):
 garbage-first heap   total 190464K, used 138575K [0x0000000080000000, 0x0000000100000000)
  region size 1024K, 2 young (2048K), 2 survivors (2048K)
 Metaspace       used 103845K, capacity 106130K, committed 106192K, reserved 1140736K
  class space    used 13218K, capacity 14059K, committed 14112K, reserved 1048576K
}
Event: 52.189 GC heap before
{Heap before GC invocations=40 (full 0):
 garbage-first heap   total 190464K, used 157007K [0x0000000080000000, 0x0000000100000000)
  region size 1024K, 20 young (20480K), 2 survivors (2048K)
 Metaspace       used 104346K, capacity 106642K, committed 106832K, reserved 1142784K
  class space    used 13268K, capacity 14123K, committed 14240K, reserved 1048576K
}
Event: 52.204 GC heap after
{Heap after GC invocations=41 (full 0):
 garbage-first heap   total 190464K, used 143935K [0x0000000080000000, 0x0000000100000000)
  region size 1024K, 3 young (3072K), 3 survivors (3072K)
 Metaspace       used 104346K, capacity 106642K, committed 106832K, reserved 1142784K
  class space    used 13268K, capacity 14123K, committed 14240K, reserved 1048576K
}
Event: 52.372 GC heap before
{Heap before GC invocations=41 (full 0):
 garbage-first heap   total 190464K, used 160319K [0x0000000080000000, 0x0000000100000000)
  region size 1024K, 18 young (18432K), 3 survivors (3072K)
 Metaspace       used 104654K, capacity 106930K, committed 107088K, reserved 1142784K
  class space    used 13319K, capacity 14155K, committed 14240K, reserved 1048576K
}
Event: 52.394 GC heap after
{Heap after GC invocations=42 (full 0):
 garbage-first heap   total 229376K, used 149069K [0x0000000080000000, 0x0000000100000000)
  region size 1024K, 3 young (3072K), 3 survivors (3072K)
 Metaspace       used 104654K, capacity 106930K, committed 107088K, reserved 1142784K
  class space    used 13319K, capacity 14155K, committed 14240K, reserved 1048576K
}
Event: 53.660 GC heap before
{Heap before GC invocations=43 (full 0):
 garbage-first heap   total 229376K, used 182861K [0x0000000080000000, 0x0000000100000000)
  region size 1024K, 36 young (36864K), 3 survivors (3072K)
 Metaspace       used 107302K, capacity 109634K, committed 109904K, reserved 1144832K
  class space    used 13809K, capacity 14692K, committed 14752K, reserved 1048576K
}
Event: 53.694 GC heap after
{Heap after GC invocations=44 (full 0):
 garbage-first heap   total 229376K, used 156833K [0x0000000080000000, 0x0000000100000000)
  region size 1024K, 5 young (5120K), 5 survivors (5120K)
 Metaspace       used 107302K, capacity 109634K, committed 109904K, reserved 1144832K
  class space    used 13809K, capacity 14692K, committed 14752K, reserved 1048576K
}
Event: 54.262 GC heap before
{Heap before GC invocations=44 (full 0):
 garbage-first heap   total 229376K, used 162977K [0x0000000080000000, 0x0000000100000000)
  region size 1024K, 11 young (11264K), 5 survivors (5120K)
 Metaspace       used 108171K, capacity 110542K, committed 110800K, reserved 1144832K
  class space    used 13915K, capacity 14852K, committed 14880K, reserved 1048576K
}
Event: 54.282 GC heap after
{Heap after GC invocations=45 (full 0):
 garbage-first heap   total 229376K, used 158501K [0x0000000080000000, 0x0000000100000000)
  region size 1024K, 2 young (2048K), 2 survivors (2048K)
 Metaspace       used 108171K, capacity 110542K, committed 110800K, reserved 1144832K
  class space    used 13915K, capacity 14852K, committed 14880K, reserved 1048576K
}
Event: 54.534 GC heap before
{Heap before GC invocations=45 (full 0):
 garbage-first heap   total 229376K, used 186149K [0x0000000080000000, 0x0000000100000000)
  region size 1024K, 29 young (29696K), 2 survivors (2048K)
 Metaspace       used 108332K, capacity 110753K, committed 110800K, reserved 1144832K
  class space    used 13916K, capacity 14853K, committed 14880K, reserved 1048576K
}
Event: 54.560 GC heap after
{Heap after GC invocations=46 (full 0):
 garbage-first heap   total 229376K, used 172020K [0x0000000080000000, 0x0000000100000000)
  region size 1024K, 4 young (4096K), 4 survivors (4096K)
 Metaspace       used 108332K, capacity 110753K, committed 110800K, reserved 1144832K
  class space    used 13916K, capacity 14853K, committed 14880K, reserved 1048576K
}
Event: 54.663 GC heap before
{Heap before GC invocations=46 (full 0):
 garbage-first heap   total 229376K, used 189428K [0x0000000080000000, 0x0000000100000000)
  region size 1024K, 21 young (21504K), 4 survivors (4096K)
 Metaspace       used 108381K, capacity 110827K, committed 111056K, reserved 1144832K
  class space    used 13922K, capacity 14855K, committed 14880K, reserved 1048576K
}
Event: 54.700 GC heap after
{Heap after GC invocations=47 (full 0):
 garbage-first heap   total 290816K, used 180141K [0x0000000080000000, 0x0000000100000000)
  region size 1024K, 3 young (3072K), 3 survivors (3072K)
 Metaspace       used 108381K, capacity 110827K, committed 111056K, reserved 1144832K
  class space    used 13922K, capacity 14855K, committed 14880K, reserved 1048576K
}
Event: 55.023 GC heap before
{Heap before GC invocations=47 (full 0):
 garbage-first heap   total 290816K, used 214957K [0x0000000080000000, 0x0000000100000000)
  region size 1024K, 38 young (38912K), 3 survivors (3072K)
 Metaspace       used 108438K, capacity 110898K, committed 111056K, reserved 1144832K
  class space    used 13922K, capacity 14856K, committed 14880K, reserved 1048576K
}
Event: 55.074 GC heap after
{Heap after GC invocations=48 (full 0):
 garbage-first heap   total 290816K, used 198064K [0x0000000080000000, 0x0000000100000000)
  region size 1024K, 5 young (5120K), 5 survivors (5120K)
 Metaspace       used 108438K, capacity 110898K, committed 111056K, reserved 1144832K
  class space    used 13922K, capacity 14856K, committed 14880K, reserved 1048576K
}
Event: 56.369 GC heap before
{Heap before GC invocations=48 (full 0):
 garbage-first heap   total 290816K, used 226736K [0x0000000080000000, 0x0000000100000000)
  region size 1024K, 33 young (33792K), 5 survivors (5120K)
 Metaspace       used 110064K, capacity 112414K, committed 112592K, reserved 1146880K
  class space    used 14140K, capacity 15061K, committed 15136K, reserved 1048576K
}
Event: 56.397 GC heap after
{Heap after GC invocations=49 (full 0):
 garbage-first heap   total 290816K, used 208896K [0x0000000080000000, 0x0000000100000000)
  region size 1024K, 5 young (5120K), 5 survivors (5120K)
 Metaspace       used 110064K, capacity 112414K, committed 112592K, reserved 1146880K
  class space    used 14140K, capacity 15061K, committed 15136K, reserved 1048576K
}
Event: 57.192 GC heap before
{Heap before GC invocations=49 (full 0):
 garbage-first heap   total 290816K, used 232448K [0x0000000080000000, 0x0000000100000000)
  region size 1024K, 29 young (29696K), 5 survivors (5120K)
 Metaspace       used 111882K, capacity 114450K, committed 114640K, reserved 1148928K
  class space    used 14395K, capacity 15386K, committed 15392K, reserved 1048576K
}
Event: 57.210 GC heap after
{Heap after GC invocations=50 (full 0):
 garbage-first heap   total 290816K, used 211442K [0x0000000080000000, 0x0000000100000000)
  region size 1024K, 2 young (2048K), 2 survivors (2048K)
 Metaspace       used 111882K, capacity 114450K, committed 114640K, reserved 1148928K
  class space    used 14395K, capacity 15386K, committed 15392K, reserved 1048576K
}
Event: 57.679 GC heap before
{Heap before GC invocations=50 (full 0):
 garbage-first heap   total 290816K, used 234994K [0x0000000080000000, 0x0000000100000000)
  region size 1024K, 26 young (26624K), 2 survivors (2048K)
 Metaspace       used 112761K, capacity 115401K, committed 115664K, reserved 1148928K
  class space    used 14505K, capacity 15527K, committed 15648K, reserved 1048576K
}

Deoptimization events (20 events):
Event: 57.477 Thread 0x000001e64310f000 DEOPT PACKING pc=0x000001e632e37d24 sp=0x000000a01fafcea0
Event: 57.477 Thread 0x000001e64310f000 DEOPT UNPACKING pc=0x000001e62af3a1af sp=0x000000a01fafce60 mode 2
Event: 57.489 Thread 0x000001e64310f000 Uncommon trap: trap_request=0xffffffde fr.pc=0x000001e632e37d24 relative=0x00000000000004a4
Event: 57.489 Thread 0x000001e64310f000 Uncommon trap: reason=class_check action=maybe_recompile pc=0x000001e632e37d24 method=java.util.regex.Matcher.search(I)Z @ 121 c2
Event: 57.489 Thread 0x000001e64310f000 DEOPT PACKING pc=0x000001e632e37d24 sp=0x000000a01fafcea0
Event: 57.489 Thread 0x000001e64310f000 DEOPT UNPACKING pc=0x000001e62af3a1af sp=0x000000a01fafce60 mode 2
Event: 57.504 Thread 0x000001e64310f000 Uncommon trap: trap_request=0xffffffde fr.pc=0x000001e632e37d24 relative=0x00000000000004a4
Event: 57.504 Thread 0x000001e64310f000 Uncommon trap: reason=class_check action=maybe_recompile pc=0x000001e632e37d24 method=java.util.regex.Matcher.search(I)Z @ 121 c2
Event: 57.504 Thread 0x000001e64310f000 DEOPT PACKING pc=0x000001e632e37d24 sp=0x000000a01fafcea0
Event: 57.504 Thread 0x000001e64310f000 DEOPT UNPACKING pc=0x000001e62af3a1af sp=0x000000a01fafce60 mode 2
Event: 57.504 Thread 0x000001e64310f000 Uncommon trap: trap_request=0xffffffde fr.pc=0x000001e632e37d24 relative=0x00000000000004a4
Event: 57.504 Thread 0x000001e64310f000 Uncommon trap: reason=class_check action=maybe_recompile pc=0x000001e632e37d24 method=java.util.regex.Matcher.search(I)Z @ 121 c2
Event: 57.504 Thread 0x000001e64310f000 DEOPT PACKING pc=0x000001e632e37d24 sp=0x000000a01fafcea0
Event: 57.504 Thread 0x000001e64310f000 DEOPT UNPACKING pc=0x000001e62af3a1af sp=0x000000a01fafce60 mode 2
Event: 57.667 Thread 0x000001e64310f000 DEOPT PACKING pc=0x000001e62b931cf9 sp=0x000000a01faf60b0
Event: 57.667 Thread 0x000001e64310f000 DEOPT UNPACKING pc=0x000001e62af3a95e sp=0x000000a01faf5578 mode 0
Event: 57.668 Thread 0x000001e64310f000 Uncommon trap: trap_request=0xffffff4d fr.pc=0x000001e632bc1810 relative=0x0000000000000150
Event: 57.668 Thread 0x000001e64310f000 Uncommon trap: reason=unstable_if action=reinterpret pc=0x000001e632bc1810 method=sun.net.www.ParseUtil.encodePath(Ljava/lang/String;Z)Ljava/lang/String; @ 1 c2
Event: 57.668 Thread 0x000001e64310f000 DEOPT PACKING pc=0x000001e632bc1810 sp=0x000000a01fafcaf0
Event: 57.668 Thread 0x000001e64310f000 DEOPT UNPACKING pc=0x000001e62af3a1af sp=0x000000a01fafca98 mode 2

Classes redefined (0 events):
No events

Internal exceptions (20 events):
Event: 50.636 Thread 0x000001e64310a000 Exception <a 'sun/nio/fs/WindowsException'{0x0000000089e4b6e0}> (0x0000000089e4b6e0) thrown at [./src/hotspot/share/prims/jni.cpp, line 616]
Event: 50.636 Thread 0x000001e64310a000 Exception <a 'sun/nio/fs/WindowsException'{0x0000000089e4b7c8}> (0x0000000089e4b7c8) thrown at [./src/hotspot/share/prims/jni.cpp, line 616]
Event: 50.639 Thread 0x000001e64310a000 Implicit null exception at 0x000001e6330e4b78 to 0x000001e6330e4cf0
Event: 50.639 Thread 0x000001e64310a000 Implicit null exception at 0x000001e6330e465f to 0x000001e6330e47b4
Event: 51.337 Thread 0x000001e643106000 Exception <a 'java/lang/NoSuchMethodError'{0x000000008ad734a8}: 'java.lang.Object java.lang.invoke.DirectMethodHandle$Holder.invokeStaticInit(java.lang.Object, java.lang.Object, java.lang.Object, java.lang.Object, java.lang.Object, java.lang.Object, java.lang.Object, java.lang.Object, java.lang.Object, java.lang.Object, java.lang.Object, java.lang.Object, java.lang.Object, java.lang.Object, java.lang.Object, java.lang.Object, java.lang.Object, java.lang.Object, int, java.lang.Object, java.lang.Object)'> (0
Event: 53.708 Thread 0x000001e64310b800 Implicit null exception at 0x000001e632bab2ac to 0x000001e632bab2eb
Event: 53.904 Thread 0x000001e6475c2800 Exception <a 'java/lang/IncompatibleClassChangeError'{0x000000008dec7250}: Found class java.lang.Object, but interface was expected> (0x000000008dec7250) thrown at [./src/hotspot/share/interpreter/linkResolver.cpp, line 839]
Event: 54.050 Thread 0x000001e6475c2800 Exception <a 'java/lang/IncompatibleClassChangeError'{0x000000008dd17d20}: Found class java.lang.Object, but interface was expected> (0x000000008dd17d20) thrown at [./src/hotspot/share/interpreter/linkResolver.cpp, line 839]
Event: 54.050 Thread 0x000001e6475c7000 Exception <a 'java/lang/IncompatibleClassChangeError'{0x000000008dd1f6b8}: Found class java.lang.Object, but interface was expected> (0x000000008dd1f6b8) thrown at [./src/hotspot/share/interpreter/linkResolver.cpp, line 839]
Event: 54.051 Thread 0x000001e6475c7000 Exception <a 'java/lang/IncompatibleClassChangeError'{0x000000008dd2da18}: Found class java.lang.Object, but interface was expected> (0x000000008dd2da18) thrown at [./src/hotspot/share/interpreter/linkResolver.cpp, line 839]
Event: 54.051 Thread 0x000001e6475c2800 Exception <a 'java/lang/IncompatibleClassChangeError'{0x000000008dd29020}: Found class java.lang.Object, but interface was expected> (0x000000008dd29020) thrown at [./src/hotspot/share/interpreter/linkResolver.cpp, line 839]
Event: 55.827 Thread 0x000001e643106000 Exception <a 'java/lang/NoSuchMethodError'{0x000000009038c0d0}: 'void java.lang.invoke.DirectMethodHandle$Holder.invokeStatic(java.lang.Object, java.lang.Object, java.lang.Object, int)'> (0x000000009038c0d0) thrown at [./src/hotspot/share/interpreter/linkResolver.cpp, line 773]
Event: 55.834 Thread 0x000001e643106000 Exception <a 'java/lang/IncompatibleClassChangeError'{0x0000000090393e60}: Found class java.lang.Object, but interface was expected> (0x0000000090393e60) thrown at [./src/hotspot/share/interpreter/linkResolver.cpp, line 839]
Event: 56.076 Thread 0x000001e64310b800 Implicit null exception at 0x000001e632ceb277 to 0x000001e632ceb860
Event: 56.951 Thread 0x000001e64310b800 Exception <a 'java/lang/NoSuchMethodError'{0x0000000090c1be40}: <clinit>> (0x0000000090c1be40) thrown at [./src/hotspot/share/prims/jni.cpp, line 1366]
Event: 56.954 Thread 0x000001e64310b800 Exception <a 'java/lang/NoSuchMethodError'{0x0000000090c6a3a0}: <clinit>> (0x0000000090c6a3a0) thrown at [./src/hotspot/share/prims/jni.cpp, line 1366]
Event: 56.954 Thread 0x000001e64310b800 Exception <a 'java/lang/NoSuchMethodError'{0x0000000090c6bc18}: <clinit>> (0x0000000090c6bc18) thrown at [./src/hotspot/share/prims/jni.cpp, line 1366]
Event: 57.076 Thread 0x000001e643106000 Exception <a 'java/lang/IncompatibleClassChangeError'{0x00000000908bb3d0}: Found class java.lang.Object, but interface was expected> (0x00000000908bb3d0) thrown at [./src/hotspot/share/interpreter/linkResolver.cpp, line 839]
Event: 57.092 Thread 0x000001e643106000 Exception <a 'java/lang/NoSuchMethodError'{0x000000009075ca70}: 'java.lang.Object java.lang.invoke.Invokers$Holder.linkToTargetMethod(java.lang.Object, int, java.lang.Object, java.lang.Object, java.lang.Object, java.lang.Object)'> (0x000000009075ca70) thrown at [./src/hotspot/share/interpreter/linkResolver.cpp, line 773]
Event: 57.166 Thread 0x000001e643106000 Exception <a 'java/lang/NoSuchMethodError'{0x00000000905e98c0}: 'void java.lang.invoke.DirectMethodHandle$Holder.invokeStatic(java.lang.Object, java.lang.Object, java.lang.Object, java.lang.Object, java.lang.Object, java.lang.Object, java.lang.Object, java.lang.Object)'> (0x00000000905e98c0) thrown at [./src/hotspot/share/interpreter/linkResolver.cpp, line 773]

Events (20 events):
Event: 57.615 loading class sun/net/spi/DefaultProxySelector$1 done
Event: 57.615 loading class sun/net/NetProperties
Event: 57.616 loading class sun/net/NetProperties done
Event: 57.616 loading class sun/net/NetProperties$1
Event: 57.616 loading class sun/net/NetProperties$1 done
Event: 57.668 loading class sun/net/spi/DefaultProxySelector$NonProxyInfo
Event: 57.668 loading class sun/net/spi/DefaultProxySelector$NonProxyInfo done
Event: 57.668 loading class sun/net/spi/DefaultProxySelector$4
Event: 57.668 loading class sun/net/spi/DefaultProxySelector$4 done
Event: 57.671 loading class sun/rmi/transport/tcp/TCPConnection
Event: 57.672 loading class sun/rmi/transport/Connection
Event: 57.672 loading class sun/rmi/transport/Connection done
Event: 57.672 loading class sun/rmi/transport/tcp/TCPConnection done
Event: 57.672 loading class java/net/Socket$3
Event: 57.672 loading class java/net/Socket$3 done
Event: 57.672 loading class java/net/SocketOutputStream
Event: 57.672 loading class java/net/SocketOutputStream done
Event: 57.672 Executing VM operation: Deoptimize
Event: 57.675 Executing VM operation: Deoptimize done
Event: 57.679 Executing VM operation: G1CollectForAllocation


Dynamic libraries:
0x00007ff69d0a0000 - 0x00007ff69d0aa000 	D:\Program Files\Android\Android Studio\jre\bin\java.exe
0x00007ffa1d090000 - 0x00007ffa1d288000 	C:\WINDOWS\SYSTEM32\ntdll.dll
0x00007ffa1cb40000 - 0x00007ffa1cbfd000 	C:\WINDOWS\System32\KERNEL32.DLL
0x00007ffa1a930000 - 0x00007ffa1ac02000 	C:\WINDOWS\System32\KERNELBASE.dll
0x00007ffa1acb0000 - 0x00007ffa1adb0000 	C:\WINDOWS\System32\ucrtbase.dll
0x00007ff9f9e80000 - 0x00007ff9f9e99000 	D:\Program Files\Android\Android Studio\jre\bin\jli.dll
0x00007ff9f7a80000 - 0x00007ff9f7a97000 	D:\Program Files\Android\Android Studio\jre\bin\VCRUNTIME140.dll
0x00007ffa1c790000 - 0x00007ffa1c92d000 	C:\WINDOWS\System32\USER32.dll
0x00007ffa1a900000 - 0x00007ffa1a922000 	C:\WINDOWS\System32\win32u.dll
0x00007ffa0d360000 - 0x00007ffa0d5fa000 	C:\WINDOWS\WinSxS\amd64_microsoft.windows.common-controls_6595b64144ccf1df_6.0.19041.1110_none_60b5254171f9507e\COMCTL32.dll
0x00007ffa1b630000 - 0x00007ffa1b65b000 	C:\WINDOWS\System32\GDI32.dll
0x00007ffa1b150000 - 0x00007ffa1b1ee000 	C:\WINDOWS\System32\msvcrt.dll
0x00007ffa1adb0000 - 0x00007ffa1aebf000 	C:\WINDOWS\System32\gdi32full.dll
0x00007ffa1ac10000 - 0x00007ffa1acad000 	C:\WINDOWS\System32\msvcp_win.dll
0x00007ffa1c760000 - 0x00007ffa1c790000 	C:\WINDOWS\System32\IMM32.DLL
0x00007ff9e3df0000 - 0x00007ff9e3e8d000 	D:\Program Files\Android\Android Studio\jre\bin\msvcp140.dll
0x00007ff9e1210000 - 0x00007ff9e1d12000 	D:\Program Files\Android\Android Studio\jre\bin\server\jvm.dll
0x00007ffa1ca90000 - 0x00007ffa1cb3e000 	C:\WINDOWS\System32\ADVAPI32.dll
0x00007ffa1bef0000 - 0x00007ffa1bf8c000 	C:\WINDOWS\System32\sechost.dll
0x00007ffa1b200000 - 0x00007ffa1b325000 	C:\WINDOWS\System32\RPCRT4.dll
0x00007ffa1b620000 - 0x00007ffa1b628000 	C:\WINDOWS\System32\PSAPI.DLL
0x00007ffa162f0000 - 0x00007ffa162f9000 	C:\WINDOWS\SYSTEM32\WSOCK32.dll
0x00007ffa1c6e0000 - 0x00007ffa1c74b000 	C:\WINDOWS\System32\WS2_32.dll
0x00007ffa13bf0000 - 0x00007ffa13c17000 	C:\WINDOWS\SYSTEM32\WINMM.dll
0x00007ffa13c20000 - 0x00007ffa13c2a000 	C:\WINDOWS\SYSTEM32\VERSION.dll
0x00007ffa19360000 - 0x00007ffa19372000 	C:\WINDOWS\SYSTEM32\kernel.appcore.dll
0x00007ffa15740000 - 0x00007ffa15751000 	D:\Program Files\Android\Android Studio\jre\bin\verify.dll
0x00007ffa18560000 - 0x00007ffa18744000 	C:\WINDOWS\SYSTEM32\DBGHELP.DLL
0x00007ffa0a3b0000 - 0x00007ffa0a3dc000 	C:\WINDOWS\SYSTEM32\dbgcore.DLL
0x00007ffa1aec0000 - 0x00007ffa1af42000 	C:\WINDOWS\System32\bcryptPrimitives.dll
0x00007ffa13aa0000 - 0x00007ffa13ac9000 	D:\Program Files\Android\Android Studio\jre\bin\java.dll
0x00007ffa13a90000 - 0x00007ffa13a9b000 	D:\Program Files\Android\Android Studio\jre\bin\jimage.dll
0x00007ffa13a70000 - 0x00007ffa13a88000 	D:\Program Files\Android\Android Studio\jre\bin\zip.dll
0x00007ffa1bf90000 - 0x00007ffa1c6d3000 	C:\WINDOWS\System32\SHELL32.dll
0x00007ffa18750000 - 0x00007ffa18ee1000 	C:\WINDOWS\SYSTEM32\windows.storage.dll
0x00007ffa1bb30000 - 0x00007ffa1be84000 	C:\WINDOWS\System32\combase.dll
0x00007ffa1a200000 - 0x00007ffa1a230000 	C:\WINDOWS\SYSTEM32\Wldp.dll
0x00007ffa1ce70000 - 0x00007ffa1cf1d000 	C:\WINDOWS\System32\SHCORE.dll
0x00007ffa1b0f0000 - 0x00007ffa1b145000 	C:\WINDOWS\System32\shlwapi.dll
0x00007ffa1a6e0000 - 0x00007ffa1a6ff000 	C:\WINDOWS\SYSTEM32\profapi.dll
0x00007ffa13a50000 - 0x00007ffa13a6a000 	D:\Program Files\Android\Android Studio\jre\bin\net.dll
0x00007ffa0e010000 - 0x00007ffa0e11d000 	C:\WINDOWS\SYSTEM32\WINHTTP.dll
0x00007ffa19f60000 - 0x00007ffa19fca000 	C:\WINDOWS\system32\mswsock.dll
0x00007ffa135f0000 - 0x00007ffa13604000 	D:\Program Files\Android\Android Studio\jre\bin\nio.dll
0x00007ff9f9f20000 - 0x00007ff9f9f47000 	C:\Users\User\.gradle\native\e1d6ef7f7dcc3fd88c89a11ec53ec762bb8ba0a96d01ffa2cd45eb1d1d8dd5c5\windows-amd64\native-platform.dll
0x00007ff9fc500000 - 0x00007ff9fc644000 	C:\Users\User\.gradle\native\0d407fdbe67a94daf76414ababcb853783967236a71b16ec16e742cd7a986fd3\windows-amd64\native-platform-file-events.dll
0x00007ffa13a40000 - 0x00007ffa13a4a000 	D:\Program Files\Android\Android Studio\jre\bin\management.dll
0x00007ffa135e0000 - 0x00007ffa135ed000 	D:\Program Files\Android\Android Studio\jre\bin\management_ext.dll
0x00007ffa1a150000 - 0x00007ffa1a168000 	C:\WINDOWS\SYSTEM32\CRYPTSP.dll
0x00007ffa19810000 - 0x00007ffa19844000 	C:\WINDOWS\system32\rsaenh.dll
0x00007ffa1af50000 - 0x00007ffa1af77000 	C:\WINDOWS\System32\bcrypt.dll
0x00007ffa1a6a0000 - 0x00007ffa1a6ce000 	C:\WINDOWS\SYSTEM32\USERENV.dll
0x00007ffa1a170000 - 0x00007ffa1a17c000 	C:\WINDOWS\SYSTEM32\CRYPTBASE.dll
0x00007ffa19c00000 - 0x00007ffa19c3b000 	C:\WINDOWS\SYSTEM32\IPHLPAPI.DLL
0x00007ffa1c750000 - 0x00007ffa1c758000 	C:\WINDOWS\System32\NSI.dll
0x00007ffa13f80000 - 0x00007ffa13f97000 	C:\WINDOWS\SYSTEM32\dhcpcsvc6.DLL
0x00007ffa13f60000 - 0x00007ffa13f7d000 	C:\WINDOWS\SYSTEM32\dhcpcsvc.DLL
0x00007ffa19c50000 - 0x00007ffa19d1a000 	C:\WINDOWS\SYSTEM32\DNSAPI.dll
0x00007ffa19930000 - 0x00007ffa19963000 	C:\WINDOWS\SYSTEM32\ntmarta.dll

dbghelp: loaded successfully - version: 4.0.5 - missing functions: none
symbol engine: initialized successfully - sym options: 0x614 - pdb path: .;D:\Program Files\Android\Android Studio\jre\bin;C:\WINDOWS\SYSTEM32;C:\WINDOWS\WinSxS\amd64_microsoft.windows.common-controls_6595b64144ccf1df_6.0.19041.1110_none_60b5254171f9507e;D:\Program Files\Android\Android Studio\jre\bin\server;C:\Users\User\.gradle\native\e1d6ef7f7dcc3fd88c89a11ec53ec762bb8ba0a96d01ffa2cd45eb1d1d8dd5c5\windows-amd64;C:\Users\User\.gradle\native\0d407fdbe67a94daf76414ababcb853783967236a71b16ec16e742cd7a986fd3\windows-amd64

VM Arguments:
jvm_args: --add-opens=java.base/java.util=ALL-UNNAMED --add-opens=java.base/java.lang=ALL-UNNAMED --add-opens=java.base/java.lang.invoke=ALL-UNNAMED --add-opens=java.base/java.util=ALL-UNNAMED --add-opens=java.prefs/java.util.prefs=ALL-UNNAMED --add-opens=java.prefs/java.util.prefs=ALL-UNNAMED --add-opens=java.base/java.nio.charset=ALL-UNNAMED --add-opens=java.base/java.net=ALL-UNNAMED --add-opens=java.base/java.util.concurrent.atomic=ALL-UNNAMED -Xmx2048m -Dfile.encoding=UTF-8 -Duser.country=RU -Duser.language=ru -Duser.variant 
java_command: org.gradle.launcher.daemon.bootstrap.GradleDaemon 7.4
java_class_path (initial): C:\Users\User\.gradle\wrapper\dists\gradle-7.4-bin\c0gwcg53nkjbqw7r0h0umtfvt\gradle-7.4\lib\gradle-launcher-7.4.jar
Launcher Type: SUN_STANDARD

[Global flags]
     intx CICompilerCount                          = 3                                         {product} {ergonomic}
     uint ConcGCThreads                            = 1                                         {product} {ergonomic}
     uint G1ConcRefinementThreads                  = 4                                         {product} {ergonomic}
   size_t G1HeapRegionSize                         = 1048576                                   {product} {ergonomic}
    uintx GCDrainStackTargetSize                   = 64                                        {product} {ergonomic}
   size_t InitialHeapSize                          = 134217728                                 {product} {ergonomic}
   size_t MarkStackSize                            = 4194304                                   {product} {ergonomic}
   size_t MaxHeapSize                              = 2147483648                                {product} {command line}
   size_t MaxNewSize                               = 1287651328                                {product} {ergonomic}
   size_t MinHeapDeltaBytes                        = 1048576                                   {product} {ergonomic}
    uintx NonNMethodCodeHeapSize                   = 5830732                                {pd product} {ergonomic}
    uintx NonProfiledCodeHeapSize                  = 122913754                              {pd product} {ergonomic}
    uintx ProfiledCodeHeapSize                     = 122913754                              {pd product} {ergonomic}
    uintx ReservedCodeCacheSize                    = 251658240                              {pd product} {ergonomic}
     bool SegmentedCodeCache                       = true                                      {product} {ergonomic}
     bool UseCompressedClassPointers               = true                                 {lp64_product} {ergonomic}
     bool UseCompressedOops                        = true                                 {lp64_product} {ergonomic}
     bool UseG1GC                                  = true                                      {product} {ergonomic}
     bool UseLargePagesIndividualAllocation        = false                                  {pd product} {ergonomic}

Logging:
Log output configuration:
 #0: stdout all=warning uptime,level,tags
 #1: stderr all=off uptime,level,tags

Environment Variables:
PATH=C:\WINDOWS\system32;C:\WINDOWS;C:\WINDOWS\System32\Wbem;C:\WINDOWS\System32\WindowsPowerShell\v1.0\;C:\WINDOWS\System32\OpenSSH\;C:\Program Files\Git\cmd;C:\Users\User\AppData\Local\Microsoft\WindowsApps;;C:\Program Files\JetBrains\IntelliJ IDEA Community Edition 2022.2.3\bin;
USERNAME=User
OS=Windows_NT
PROCESSOR_IDENTIFIER=Intel64 Family 6 Model 69 Stepping 1, GenuineIntel



---------------  S Y S T E M  ---------------

OS: Windows 10 , 64 bit Build 19041 (10.0.19041.1889)
OS uptime: 0 days 18:55 hours

CPU:total 4 (initial active 4) (2 cores per cpu, 2 threads per core) family 6 model 69 stepping 1 microcode 0x25, cmov, cx8, fxsr, mmx, sse, sse2, sse3, ssse3, sse4.1, sse4.2, popcnt, avx, avx2, aes, clmul, erms, lzcnt, ht, tsc, tscinvbit, bmi1, bmi2, fma

Memory: 4k page, system-wide physical 8075M (447M free)
TotalPageFile size 10123M (AvailPageFile size 167M)
current process WorkingSet (physical memory assigned to process): 589M, peak: 592M
current process commit charge ("private bytes"): 638M, peak: 804M

vm_info: OpenJDK 64-Bit Server VM (11.0.13+0-b1751.21-8125866) for windows-amd64 JRE (11.0.13+0-b1751.21-8125866), built on Feb  2 2022 03:00:22 by "builder" with MS VC++ 14.0 (VS2015)

END.
