#
# There is insufficient memory for the Java Runtime Environment to continue.
# Native memory allocation (malloc) failed to allocate 1063056 bytes for Chunk::new
# Possible reasons:
#   The system is out of physical RAM or swap space
#   The process is running with CompressedOops enabled, and the Java Heap may be blocking the growth of the native heap
# Possible solutions:
#   Reduce memory load on the system
#   Increase physical memory or swap space
#   Check if swap backing store is full
#   Decrease Java heap size (-Xmx/-Xms)
#   Decrease number of Java threads
#   Decrease Java thread stack sizes (-Xss)
#   Set larger code cache with -XX:ReservedCodeCacheSize=
#   JVM is running with Unscaled Compressed Oops mode in which the Java heap is
#     placed in the first 4GB address space. The Java Heap base address is the
#     maximum limit for the native heap growth. Please use -XX:HeapBaseMinAddress
#     to set the Java Heap base and to place the Java Heap above 4GB virtual address.
# This output file may be truncated or incomplete.
#
#  Out of Memory Error (./src/hotspot/share/memory/arena.cpp:197), pid=9504, tid=1188
#
# JRE version: OpenJDK Runtime Environment (11.0.13) (build 11.0.13+0-b1751.21-8125866)
# Java VM: OpenJDK 64-Bit Server VM (11.0.13+0-b1751.21-8125866, mixed mode, tiered, compressed oops, g1 gc, windows-amd64)
# No core dump will be written. Minidumps are not enabled by default on client versions of Windows
#

---------------  S U M M A R Y ------------

Command Line: org.jetbrains.kotlin.cli.jvm.K2JVMCompiler @D:\Users\User\AndroidStudioProjects\practical_work_72\app\build\20221107_449828775566600570.compiler.options

Host: Intel(R) Core(TM) i7-4500U CPU @ 1.80GHz, 4 cores, 7G,  Windows 10 , 64 bit Build 19041 (10.0.19041.1889)
Time: Mon Nov  7 18:36:58 2022 RTZ 4 (зима) elapsed time: 12.594862 seconds (0d 0h 0m 12s)

---------------  T H R E A D  ---------------

Current thread (0x000001e6e9718000):  JavaThread "C2 CompilerThread1" daemon [_thread_in_native, id=1188, stack(0x000000c298d00000,0x000000c298e00000)]


Current CompileTask:
C2:  12594 7911       4       org.jetbrains.kotlin.ir.util.IrFakeOverrideUtilsKt::collectAndFilterRealOverrides$collectRealOverrides (157 bytes)

Stack: [0x000000c298d00000,0x000000c298e00000]
Native frames: (J=compiled Java code, j=interpreted, Vv=VM code, C=native code)
V  [jvm.dll+0x6100fa]
V  [jvm.dll+0x747090]
V  [jvm.dll+0x7486ad]
V  [jvm.dll+0x748d83]
V  [jvm.dll+0x24ab48]
V  [jvm.dll+0xc04dc]
V  [jvm.dll+0xc0a0c]
V  [jvm.dll+0x2bfab4]
V  [jvm.dll+0x524238]
V  [jvm.dll+0x20491a]
V  [jvm.dll+0x2023c2]
V  [jvm.dll+0x188e01]
V  [jvm.dll+0x21106b]
V  [jvm.dll+0x20f8c1]
V  [jvm.dll+0x70de0f]
V  [jvm.dll+0x706a75]
V  [jvm.dll+0x60ed66]
C  [ucrtbase.dll+0x21bb2]
C  [KERNEL32.DLL+0x17034]
C  [ntdll.dll+0x526a1]


---------------  P R O C E S S  ---------------

Threads class SMR info:
_java_thread_list=0x000001e6e95b9ac0, length=11, elements={
0x000001e6ccac9000, 0x000001e6e6d73000, 0x000001e6e6d76800, 0x000001e6e6d92800,
0x000001e6e6d93800, 0x000001e6e6d95000, 0x000001e6e6da0800, 0x000001e6e6da5800,
0x000001e6e6da9000, 0x000001e6e785b800, 0x000001e6e9718000
}

Java Threads: ( => current thread )
  0x000001e6ccac9000 JavaThread "main" [_thread_in_vm, id=5888, stack(0x000000c297c00000,0x000000c297d00000)]
  0x000001e6e6d73000 JavaThread "Reference Handler" daemon [_thread_blocked, id=5128, stack(0x000000c298300000,0x000000c298400000)]
  0x000001e6e6d76800 JavaThread "Finalizer" daemon [_thread_blocked, id=2652, stack(0x000000c298400000,0x000000c298500000)]
  0x000001e6e6d92800 JavaThread "Signal Dispatcher" daemon [_thread_blocked, id=9036, stack(0x000000c298500000,0x000000c298600000)]
  0x000001e6e6d93800 JavaThread "Attach Listener" daemon [_thread_blocked, id=8628, stack(0x000000c298600000,0x000000c298700000)]
  0x000001e6e6d95000 JavaThread "Service Thread" daemon [_thread_blocked, id=9332, stack(0x000000c298700000,0x000000c298800000)]
  0x000001e6e6da0800 JavaThread "C2 CompilerThread0" daemon [_thread_in_native, id=1968, stack(0x000000c298800000,0x000000c298900000)]
  0x000001e6e6da5800 JavaThread "C1 CompilerThread0" daemon [_thread_in_native, id=6984, stack(0x000000c298900000,0x000000c298a00000)]
  0x000001e6e6da9000 JavaThread "Sweeper thread" daemon [_thread_blocked, id=8752, stack(0x000000c298a00000,0x000000c298b00000)]
  0x000001e6e785b800 JavaThread "Common-Cleaner" daemon [_thread_blocked, id=7820, stack(0x000000c298c00000,0x000000c298d00000)]
=>0x000001e6e9718000 JavaThread "C2 CompilerThread1" daemon [_thread_in_native, id=1188, stack(0x000000c298d00000,0x000000c298e00000)]

Other Threads:
  0x000001e6e6d4e000 VMThread "VM Thread" [stack: 0x000000c298200000,0x000000c298300000] [id=7112]
  0x000001e6e7853000 WatcherThread [stack: 0x000000c298b00000,0x000000c298c00000] [id=7388]
  0x000001e6ccae3000 GCTaskThread "GC Thread#0" [stack: 0x000000c297d00000,0x000000c297e00000] [id=9236]
  0x000001e6e7ce7000 GCTaskThread "GC Thread#1" [stack: 0x000000c298e00000,0x000000c298f00000] [id=2292]
  0x000001e6e7ce7800 GCTaskThread "GC Thread#2" [stack: 0x000000c298f00000,0x000000c299000000] [id=9168]
  0x000001e6ccb12000 ConcurrentGCThread "G1 Main Marker" [stack: 0x000000c297e00000,0x000000c297f00000] [id=7836]
  0x000001e6ccb14800 ConcurrentGCThread "G1 Conc#0" [stack: 0x000000c297f00000,0x000000c298000000] [id=5204]
  0x000001e6ccba6000 ConcurrentGCThread "G1 Refine#0" [stack: 0x000000c298000000,0x000000c298100000] [id=4956]
  0x000001e6ccba7000 ConcurrentGCThread "G1 Young RemSet Sampling" [stack: 0x000000c298100000,0x000000c298200000] [id=6952]

Threads with active compile tasks:
C2 CompilerThread0  12676 8077       4       org.jetbrains.kotlin.ir.declarations.IrFunction::acceptChildren (183 bytes)
C1 CompilerThread0  12676 8089       3       java.lang.invoke.InnerClassLambdaMetafactory::<init> (240 bytes)
C2 CompilerThread1  12676 7911       4       org.jetbrains.kotlin.ir.util.IrFakeOverrideUtilsKt::collectAndFilterRealOverrides$collectRealOverrides (157 bytes)

VM state:not at safepoint (normal execution)

VM Mutex/Monitor currently owned by a thread:  ([mutex/lock_event])
[0x000001e6ccac3d70] CodeCache_lock - owner thread: 0x000001e6e6da5800
[0x000001e6ccac4f30] SymbolTable_lock - owner thread: 0x000001e6ccac9000

Heap address: 0x0000000081c00000, size: 2020 MB, Compressed Oops mode: 32-bit
Narrow klass base: 0x0000000000000000, Narrow klass shift: 3
Compressed class space size: 1073741824 Address: 0x0000000100000000

Heap:
 garbage-first heap   total 189440K, used 82432K [0x0000000081c00000, 0x0000000100000000)
  region size 1024K, 37 young (37888K), 7 survivors (7168K)
 Metaspace       used 71661K, capacity 72224K, committed 72396K, reserved 1114112K
  class space    used 7915K, capacity 8156K, committed 8192K, reserved 1048576K
Heap Regions: E=young(eden), S=young(survivor), O=old, HS=humongous(starts), HC=humongous(continues), CS=collection set, F=free, A=archive, TAMS=top-at-mark-start (previous, next)
|   0|0x0000000081c00000, 0x0000000081d00000, 0x0000000081d00000|100%|HS|  |TAMS 0x0000000081d00000, 0x0000000081c00000| Complete 
|   1|0x0000000081d00000, 0x0000000081e00000, 0x0000000081e00000|100%|HC|  |TAMS 0x0000000081e00000, 0x0000000081d00000| Complete 
|   2|0x0000000081e00000, 0x0000000081f00000, 0x0000000081f00000|100%|HC|  |TAMS 0x0000000081f00000, 0x0000000081e00000| Complete 
|   3|0x0000000081f00000, 0x0000000082000000, 0x0000000082000000|100%|HC|  |TAMS 0x0000000082000000, 0x0000000081f00000| Complete 
|   4|0x0000000082000000, 0x0000000082100000, 0x0000000082100000|100%| O|  |TAMS 0x0000000082100000, 0x0000000082000000| Untracked 
|   5|0x0000000082100000, 0x0000000082200000, 0x0000000082200000|100%| O|  |TAMS 0x0000000082200000, 0x0000000082100000| Untracked 
|   6|0x0000000082200000, 0x0000000082300000, 0x0000000082300000|100%|HS|  |TAMS 0x0000000082300000, 0x0000000082200000| Complete 
|   7|0x0000000082300000, 0x0000000082400000, 0x0000000082400000|100%|HC|  |TAMS 0x0000000082400000, 0x0000000082300000| Complete 
|   8|0x0000000082400000, 0x0000000082500000, 0x0000000082500000|100%|HC|  |TAMS 0x0000000082500000, 0x0000000082400000| Complete 
|   9|0x0000000082500000, 0x0000000082600000, 0x0000000082600000|100%|HC|  |TAMS 0x0000000082600000, 0x0000000082500000| Complete 
|  10|0x0000000082600000, 0x0000000082700000, 0x0000000082700000|100%|HS|  |TAMS 0x0000000082700000, 0x0000000082600000| Complete 
|  11|0x0000000082700000, 0x0000000082800000, 0x0000000082800000|100%|HC|  |TAMS 0x0000000082800000, 0x0000000082700000| Complete 
|  12|0x0000000082800000, 0x0000000082900000, 0x0000000082900000|100%| O|  |TAMS 0x0000000082900000, 0x0000000082800000| Untracked 
|  13|0x0000000082900000, 0x0000000082a00000, 0x0000000082a00000|100%| O|  |TAMS 0x0000000082a00000, 0x0000000082900000| Untracked 
|  14|0x0000000082a00000, 0x0000000082b00000, 0x0000000082b00000|100%| O|  |TAMS 0x0000000082b00000, 0x0000000082a00000| Untracked 
|  15|0x0000000082b00000, 0x0000000082c00000, 0x0000000082c00000|100%| O|  |TAMS 0x0000000082c00000, 0x0000000082b00000| Untracked 
|  16|0x0000000082c00000, 0x0000000082d00000, 0x0000000082d00000|100%| O|  |TAMS 0x0000000082d00000, 0x0000000082c00000| Untracked 
|  17|0x0000000082d00000, 0x0000000082e00000, 0x0000000082e00000|100%| O|  |TAMS 0x0000000082e00000, 0x0000000082d00000| Untracked 
|  18|0x0000000082e00000, 0x0000000082f00000, 0x0000000082f00000|100%| O|  |TAMS 0x0000000082f00000, 0x0000000082e00000| Untracked 
|  19|0x0000000082f00000, 0x0000000083000000, 0x0000000083000000|100%| O|  |TAMS 0x0000000083000000, 0x0000000082f00000| Untracked 
|  20|0x0000000083000000, 0x0000000083100000, 0x0000000083100000|100%| O|  |TAMS 0x0000000083100000, 0x0000000083000000| Untracked 
|  21|0x0000000083100000, 0x0000000083200000, 0x0000000083200000|100%| O|  |TAMS 0x0000000083200000, 0x0000000083100000| Untracked 
|  22|0x0000000083200000, 0x0000000083300000, 0x0000000083300000|100%| O|  |TAMS 0x0000000083300000, 0x0000000083200000| Untracked 
|  23|0x0000000083300000, 0x0000000083400000, 0x0000000083400000|100%| O|  |TAMS 0x0000000083400000, 0x0000000083300000| Untracked 
|  24|0x0000000083400000, 0x0000000083500000, 0x0000000083500000|100%| O|  |TAMS 0x0000000083500000, 0x0000000083400000| Untracked 
|  25|0x0000000083500000, 0x0000000083600000, 0x0000000083600000|100%| O|  |TAMS 0x0000000083600000, 0x0000000083500000| Untracked 
|  26|0x0000000083600000, 0x0000000083700000, 0x0000000083700000|100%| O|  |TAMS 0x0000000083700000, 0x0000000083600000| Untracked 
|  27|0x0000000083700000, 0x0000000083800000, 0x0000000083800000|100%| O|  |TAMS 0x0000000083800000, 0x0000000083700000| Untracked 
|  28|0x0000000083800000, 0x0000000083900000, 0x0000000083900000|100%| O|  |TAMS 0x0000000083900000, 0x0000000083800000| Untracked 
|  29|0x0000000083900000, 0x0000000083a00000, 0x0000000083a00000|100%| O|  |TAMS 0x0000000083a00000, 0x0000000083900000| Untracked 
|  30|0x0000000083a00000, 0x0000000083b00000, 0x0000000083b00000|100%| O|  |TAMS 0x0000000083b00000, 0x0000000083a00000| Untracked 
|  31|0x0000000083b00000, 0x0000000083c00000, 0x0000000083c00000|100%| O|  |TAMS 0x0000000083c00000, 0x0000000083b00000| Untracked 
|  32|0x0000000083c00000, 0x0000000083d00000, 0x0000000083d00000|100%| O|  |TAMS 0x0000000083d00000, 0x0000000083c00000| Untracked 
|  33|0x0000000083d00000, 0x0000000083e00000, 0x0000000083e00000|100%| O|  |TAMS 0x0000000083e00000, 0x0000000083d00000| Untracked 
|  34|0x0000000083e00000, 0x0000000083f00000, 0x0000000083f00000|100%| O|  |TAMS 0x0000000083f00000, 0x0000000083e00000| Untracked 
|  35|0x0000000083f00000, 0x0000000084000000, 0x0000000084000000|100%| O|  |TAMS 0x0000000084000000, 0x0000000083f00000| Untracked 
|  36|0x0000000084000000, 0x0000000084100000, 0x0000000084100000|100%| O|  |TAMS 0x0000000084100000, 0x0000000084000000| Untracked 
|  37|0x0000000084100000, 0x0000000084200000, 0x0000000084200000|100%| O|  |TAMS 0x0000000084200000, 0x0000000084100000| Untracked 
|  38|0x0000000084200000, 0x0000000084300000, 0x0000000084300000|100%| O|  |TAMS 0x0000000084300000, 0x0000000084200000| Untracked 
|  39|0x0000000084300000, 0x0000000084400000, 0x0000000084400000|100%| O|  |TAMS 0x0000000084400000, 0x0000000084300000| Untracked 
|  40|0x0000000084400000, 0x0000000084500000, 0x0000000084500000|100%| O|  |TAMS 0x0000000084500000, 0x0000000084400000| Untracked 
|  41|0x0000000084500000, 0x0000000084600000, 0x0000000084600000|100%| O|  |TAMS 0x0000000084600000, 0x0000000084500000| Untracked 
|  42|0x0000000084600000, 0x0000000084700000, 0x0000000084700000|100%| O|  |TAMS 0x0000000084700000, 0x0000000084600000| Untracked 
|  43|0x0000000084700000, 0x0000000084800000, 0x0000000084800000|100%| O|  |TAMS 0x0000000084800000, 0x0000000084700000| Untracked 
|  44|0x0000000084800000, 0x0000000084880000, 0x0000000084900000| 50%| O|  |TAMS 0x0000000084800000, 0x0000000084800000| Untracked 
|  45|0x0000000084900000, 0x0000000084900000, 0x0000000084a00000|  0%| F|  |TAMS 0x0000000084900000, 0x0000000084900000| Untracked 
|  46|0x0000000084a00000, 0x0000000084a00000, 0x0000000084b00000|  0%| F|  |TAMS 0x0000000084a00000, 0x0000000084a00000| Untracked 
|  47|0x0000000084b00000, 0x0000000084b00000, 0x0000000084c00000|  0%| F|  |TAMS 0x0000000084b00000, 0x0000000084b00000| Untracked 
|  48|0x0000000084c00000, 0x0000000084c00000, 0x0000000084d00000|  0%| F|  |TAMS 0x0000000084c00000, 0x0000000084c00000| Untracked 
|  49|0x0000000084d00000, 0x0000000084d00000, 0x0000000084e00000|  0%| F|  |TAMS 0x0000000084d00000, 0x0000000084d00000| Untracked 
|  50|0x0000000084e00000, 0x0000000084e00000, 0x0000000084f00000|  0%| F|  |TAMS 0x0000000084e00000, 0x0000000084e00000| Untracked 
|  51|0x0000000084f00000, 0x0000000084f00000, 0x0000000085000000|  0%| F|  |TAMS 0x0000000084f00000, 0x0000000084f00000| Untracked 
|  52|0x0000000085000000, 0x0000000085000000, 0x0000000085100000|  0%| F|  |TAMS 0x0000000085000000, 0x0000000085000000| Untracked 
|  53|0x0000000085100000, 0x0000000085100000, 0x0000000085200000|  0%| F|  |TAMS 0x0000000085100000, 0x0000000085100000| Untracked 
|  54|0x0000000085200000, 0x0000000085200000, 0x0000000085300000|  0%| F|  |TAMS 0x0000000085200000, 0x0000000085200000| Untracked 
|  55|0x0000000085300000, 0x0000000085300000, 0x0000000085400000|  0%| F|  |TAMS 0x0000000085300000, 0x0000000085300000| Untracked 
|  56|0x0000000085400000, 0x0000000085400000, 0x0000000085500000|  0%| F|  |TAMS 0x0000000085400000, 0x0000000085400000| Untracked 
|  57|0x0000000085500000, 0x0000000085500000, 0x0000000085600000|  0%| F|  |TAMS 0x0000000085500000, 0x0000000085500000| Untracked 
|  58|0x0000000085600000, 0x0000000085600000, 0x0000000085700000|  0%| F|  |TAMS 0x0000000085600000, 0x0000000085600000| Untracked 
|  59|0x0000000085700000, 0x0000000085700000, 0x0000000085800000|  0%| F|  |TAMS 0x0000000085700000, 0x0000000085700000| Untracked 
|  60|0x0000000085800000, 0x0000000085800000, 0x0000000085900000|  0%| F|  |TAMS 0x0000000085800000, 0x0000000085800000| Untracked 
|  61|0x0000000085900000, 0x0000000085900000, 0x0000000085a00000|  0%| F|  |TAMS 0x0000000085900000, 0x0000000085900000| Untracked 
|  62|0x0000000085a00000, 0x0000000085a00000, 0x0000000085b00000|  0%| F|  |TAMS 0x0000000085a00000, 0x0000000085a00000| Untracked 
|  63|0x0000000085b00000, 0x0000000085b00000, 0x0000000085c00000|  0%| F|  |TAMS 0x0000000085b00000, 0x0000000085b00000| Untracked 
|  64|0x0000000085c00000, 0x0000000085c00000, 0x0000000085d00000|  0%| F|  |TAMS 0x0000000085c00000, 0x0000000085c00000| Untracked 
|  65|0x0000000085d00000, 0x0000000085d00000, 0x0000000085e00000|  0%| F|  |TAMS 0x0000000085d00000, 0x0000000085d00000| Untracked 
|  66|0x0000000085e00000, 0x0000000085e00000, 0x0000000085f00000|  0%| F|  |TAMS 0x0000000085e00000, 0x0000000085e00000| Untracked 
|  67|0x0000000085f00000, 0x0000000085f00000, 0x0000000086000000|  0%| F|  |TAMS 0x0000000085f00000, 0x0000000085f00000| Untracked 
|  68|0x0000000086000000, 0x0000000086000000, 0x0000000086100000|  0%| F|  |TAMS 0x0000000086000000, 0x0000000086000000| Untracked 
|  69|0x0000000086100000, 0x0000000086100000, 0x0000000086200000|  0%| F|  |TAMS 0x0000000086100000, 0x0000000086100000| Untracked 
|  70|0x0000000086200000, 0x0000000086200000, 0x0000000086300000|  0%| F|  |TAMS 0x0000000086200000, 0x0000000086200000| Untracked 
|  71|0x0000000086300000, 0x0000000086300000, 0x0000000086400000|  0%| F|  |TAMS 0x0000000086300000, 0x0000000086300000| Untracked 
|  72|0x0000000086400000, 0x0000000086400000, 0x0000000086500000|  0%| F|  |TAMS 0x0000000086400000, 0x0000000086400000| Untracked 
|  73|0x0000000086500000, 0x0000000086500000, 0x0000000086600000|  0%| F|  |TAMS 0x0000000086500000, 0x0000000086500000| Untracked 
|  74|0x0000000086600000, 0x0000000086600000, 0x0000000086700000|  0%| F|  |TAMS 0x0000000086600000, 0x0000000086600000| Untracked 
|  75|0x0000000086700000, 0x0000000086700000, 0x0000000086800000|  0%| F|  |TAMS 0x0000000086700000, 0x0000000086700000| Untracked 
|  76|0x0000000086800000, 0x0000000086800000, 0x0000000086900000|  0%| F|  |TAMS 0x0000000086800000, 0x0000000086800000| Untracked 
|  77|0x0000000086900000, 0x0000000086900000, 0x0000000086a00000|  0%| F|  |TAMS 0x0000000086900000, 0x0000000086900000| Untracked 
|  78|0x0000000086a00000, 0x0000000086a00000, 0x0000000086b00000|  0%| F|  |TAMS 0x0000000086a00000, 0x0000000086a00000| Untracked 
|  79|0x0000000086b00000, 0x0000000086b00000, 0x0000000086c00000|  0%| F|  |TAMS 0x0000000086b00000, 0x0000000086b00000| Untracked 
|  80|0x0000000086c00000, 0x0000000086c00000, 0x0000000086d00000|  0%| F|  |TAMS 0x0000000086c00000, 0x0000000086c00000| Untracked 
|  81|0x0000000086d00000, 0x0000000086d00000, 0x0000000086e00000|  0%| F|  |TAMS 0x0000000086d00000, 0x0000000086d00000| Untracked 
|  82|0x0000000086e00000, 0x0000000086e00000, 0x0000000086f00000|  0%| F|  |TAMS 0x0000000086e00000, 0x0000000086e00000| Untracked 
|  83|0x0000000086f00000, 0x0000000086f00000, 0x0000000087000000|  0%| F|  |TAMS 0x0000000086f00000, 0x0000000086f00000| Untracked 
|  84|0x0000000087000000, 0x0000000087000000, 0x0000000087100000|  0%| F|  |TAMS 0x0000000087000000, 0x0000000087000000| Untracked 
|  85|0x0000000087100000, 0x0000000087100000, 0x0000000087200000|  0%| F|  |TAMS 0x0000000087100000, 0x0000000087100000| Untracked 
|  86|0x0000000087200000, 0x0000000087200000, 0x0000000087300000|  0%| F|  |TAMS 0x0000000087200000, 0x0000000087200000| Untracked 
|  87|0x0000000087300000, 0x0000000087300000, 0x0000000087400000|  0%| F|  |TAMS 0x0000000087300000, 0x0000000087300000| Untracked 
|  88|0x0000000087400000, 0x0000000087400000, 0x0000000087500000|  0%| F|  |TAMS 0x0000000087400000, 0x0000000087400000| Untracked 
|  89|0x0000000087500000, 0x0000000087500000, 0x0000000087600000|  0%| F|  |TAMS 0x0000000087500000, 0x0000000087500000| Untracked 
|  90|0x0000000087600000, 0x0000000087600000, 0x0000000087700000|  0%| F|  |TAMS 0x0000000087600000, 0x0000000087600000| Untracked 
|  91|0x0000000087700000, 0x0000000087700000, 0x0000000087800000|  0%| F|  |TAMS 0x0000000087700000, 0x0000000087700000| Untracked 
|  92|0x0000000087800000, 0x0000000087800000, 0x0000000087900000|  0%| F|  |TAMS 0x0000000087800000, 0x0000000087800000| Untracked 
|  93|0x0000000087900000, 0x0000000087900000, 0x0000000087a00000|  0%| F|  |TAMS 0x0000000087900000, 0x0000000087900000| Untracked 
|  94|0x0000000087a00000, 0x0000000087a00000, 0x0000000087b00000|  0%| F|  |TAMS 0x0000000087a00000, 0x0000000087a00000| Untracked 
|  95|0x0000000087b00000, 0x0000000087c00000, 0x0000000087c00000|100%| S|CS|TAMS 0x0000000087b00000, 0x0000000087b00000| Complete 
|  96|0x0000000087c00000, 0x0000000087d00000, 0x0000000087d00000|100%| S|CS|TAMS 0x0000000087c00000, 0x0000000087c00000| Complete 
|  97|0x0000000087d00000, 0x0000000087e00000, 0x0000000087e00000|100%| S|CS|TAMS 0x0000000087d00000, 0x0000000087d00000| Complete 
|  98|0x0000000087e00000, 0x0000000087f00000, 0x0000000087f00000|100%| S|CS|TAMS 0x0000000087e00000, 0x0000000087e00000| Complete 
|  99|0x0000000087f00000, 0x0000000088000000, 0x0000000088000000|100%| S|CS|TAMS 0x0000000087f00000, 0x0000000087f00000| Complete 
| 100|0x0000000088000000, 0x0000000088100000, 0x0000000088100000|100%| S|CS|TAMS 0x0000000088000000, 0x0000000088000000| Complete 
| 101|0x0000000088100000, 0x0000000088200000, 0x0000000088200000|100%| S|CS|TAMS 0x0000000088100000, 0x0000000088100000| Complete 
| 102|0x0000000088200000, 0x0000000088200000, 0x0000000088300000|  0%| F|  |TAMS 0x0000000088200000, 0x0000000088200000| Untracked 
| 103|0x0000000088300000, 0x0000000088300000, 0x0000000088400000|  0%| F|  |TAMS 0x0000000088300000, 0x0000000088300000| Untracked 
| 104|0x0000000088400000, 0x0000000088400000, 0x0000000088500000|  0%| F|  |TAMS 0x0000000088400000, 0x0000000088400000| Untracked 
| 105|0x0000000088500000, 0x0000000088500000, 0x0000000088600000|  0%| F|  |TAMS 0x0000000088500000, 0x0000000088500000| Untracked 
| 106|0x0000000088600000, 0x0000000088600000, 0x0000000088700000|  0%| F|  |TAMS 0x0000000088600000, 0x0000000088600000| Untracked 
| 107|0x0000000088700000, 0x0000000088700000, 0x0000000088800000|  0%| F|  |TAMS 0x0000000088700000, 0x0000000088700000| Untracked 
| 108|0x0000000088800000, 0x0000000088800000, 0x0000000088900000|  0%| F|  |TAMS 0x0000000088800000, 0x0000000088800000| Untracked 
| 109|0x0000000088900000, 0x0000000088900000, 0x0000000088a00000|  0%| F|  |TAMS 0x0000000088900000, 0x0000000088900000| Untracked 
| 110|0x0000000088a00000, 0x0000000088a00000, 0x0000000088b00000|  0%| F|  |TAMS 0x0000000088a00000, 0x0000000088a00000| Untracked 
| 111|0x0000000088b00000, 0x0000000088b00000, 0x0000000088c00000|  0%| F|  |TAMS 0x0000000088b00000, 0x0000000088b00000| Untracked 
| 112|0x0000000088c00000, 0x0000000088c00000, 0x0000000088d00000|  0%| F|  |TAMS 0x0000000088c00000, 0x0000000088c00000| Untracked 
| 113|0x0000000088d00000, 0x0000000088d00000, 0x0000000088e00000|  0%| F|  |TAMS 0x0000000088d00000, 0x0000000088d00000| Untracked 
| 114|0x0000000088e00000, 0x0000000088e00000, 0x0000000088f00000|  0%| F|  |TAMS 0x0000000088e00000, 0x0000000088e00000| Untracked 
| 115|0x0000000088f00000, 0x0000000088f00000, 0x0000000089000000|  0%| F|  |TAMS 0x0000000088f00000, 0x0000000088f00000| Untracked 
| 116|0x0000000089000000, 0x0000000089000000, 0x0000000089100000|  0%| F|  |TAMS 0x0000000089000000, 0x0000000089000000| Untracked 
| 117|0x0000000089100000, 0x0000000089100000, 0x0000000089200000|  0%| F|  |TAMS 0x0000000089100000, 0x0000000089100000| Untracked 
| 118|0x0000000089200000, 0x0000000089200000, 0x0000000089300000|  0%| F|  |TAMS 0x0000000089200000, 0x0000000089200000| Untracked 
| 119|0x0000000089300000, 0x0000000089300000, 0x0000000089400000|  0%| F|  |TAMS 0x0000000089300000, 0x0000000089300000| Untracked 
| 120|0x0000000089400000, 0x0000000089400000, 0x0000000089500000|  0%| F|  |TAMS 0x0000000089400000, 0x0000000089400000| Untracked 
| 121|0x0000000089500000, 0x0000000089500000, 0x0000000089600000|  0%| F|  |TAMS 0x0000000089500000, 0x0000000089500000| Untracked 
| 122|0x0000000089600000, 0x0000000089600000, 0x0000000089700000|  0%| F|  |TAMS 0x0000000089600000, 0x0000000089600000| Untracked 
| 123|0x0000000089700000, 0x0000000089700000, 0x0000000089800000|  0%| F|  |TAMS 0x0000000089700000, 0x0000000089700000| Untracked 
| 124|0x0000000089800000, 0x0000000089800000, 0x0000000089900000|  0%| F|  |TAMS 0x0000000089800000, 0x0000000089800000| Untracked 
| 125|0x0000000089900000, 0x0000000089900000, 0x0000000089a00000|  0%| F|  |TAMS 0x0000000089900000, 0x0000000089900000| Untracked 
| 126|0x0000000089a00000, 0x0000000089a00000, 0x0000000089b00000|  0%| F|  |TAMS 0x0000000089a00000, 0x0000000089a00000| Untracked 
| 127|0x0000000089b00000, 0x0000000089b00000, 0x0000000089c00000|  0%| F|  |TAMS 0x0000000089b00000, 0x0000000089b00000| Untracked 
| 128|0x0000000089c00000, 0x0000000089c00000, 0x0000000089d00000|  0%| F|  |TAMS 0x0000000089c00000, 0x0000000089c00000| Untracked 
| 129|0x0000000089d00000, 0x0000000089d00000, 0x0000000089e00000|  0%| F|  |TAMS 0x0000000089d00000, 0x0000000089d00000| Untracked 
| 130|0x0000000089e00000, 0x0000000089e00000, 0x0000000089f00000|  0%| F|  |TAMS 0x0000000089e00000, 0x0000000089e00000| Untracked 
| 131|0x0000000089f00000, 0x0000000089f00000, 0x000000008a000000|  0%| F|  |TAMS 0x0000000089f00000, 0x0000000089f00000| Untracked 
| 132|0x000000008a000000, 0x000000008a000000, 0x000000008a100000|  0%| F|  |TAMS 0x000000008a000000, 0x000000008a000000| Untracked 
| 133|0x000000008a100000, 0x000000008a100000, 0x000000008a200000|  0%| F|  |TAMS 0x000000008a100000, 0x000000008a100000| Untracked 
| 134|0x000000008a200000, 0x000000008a200000, 0x000000008a300000|  0%| F|  |TAMS 0x000000008a200000, 0x000000008a200000| Untracked 
| 135|0x000000008a300000, 0x000000008a300000, 0x000000008a400000|  0%| F|  |TAMS 0x000000008a300000, 0x000000008a300000| Untracked 
| 136|0x000000008a400000, 0x000000008a400000, 0x000000008a500000|  0%| F|  |TAMS 0x000000008a400000, 0x000000008a400000| Untracked 
| 137|0x000000008a500000, 0x000000008a500000, 0x000000008a600000|  0%| F|  |TAMS 0x000000008a500000, 0x000000008a500000| Untracked 
| 138|0x000000008a600000, 0x000000008a600000, 0x000000008a700000|  0%| F|  |TAMS 0x000000008a600000, 0x000000008a600000| Untracked 
| 139|0x000000008a700000, 0x000000008a700000, 0x000000008a800000|  0%| F|  |TAMS 0x000000008a700000, 0x000000008a700000| Untracked 
| 140|0x000000008a800000, 0x000000008a800000, 0x000000008a900000|  0%| F|  |TAMS 0x000000008a800000, 0x000000008a800000| Untracked 
| 141|0x000000008a900000, 0x000000008a900000, 0x000000008aa00000|  0%| F|  |TAMS 0x000000008a900000, 0x000000008a900000| Untracked 
| 142|0x000000008aa00000, 0x000000008aa00000, 0x000000008ab00000|  0%| F|  |TAMS 0x000000008aa00000, 0x000000008aa00000| Untracked 
| 143|0x000000008ab00000, 0x000000008ab00000, 0x000000008ac00000|  0%| F|  |TAMS 0x000000008ab00000, 0x000000008ab00000| Untracked 
| 144|0x000000008ac00000, 0x000000008ac00000, 0x000000008ad00000|  0%| F|  |TAMS 0x000000008ac00000, 0x000000008ac00000| Untracked 
| 145|0x000000008ad00000, 0x000000008ad00000, 0x000000008ae00000|  0%| F|  |TAMS 0x000000008ad00000, 0x000000008ad00000| Untracked 
| 146|0x000000008ae00000, 0x000000008ae00000, 0x000000008af00000|  0%| F|  |TAMS 0x000000008ae00000, 0x000000008ae00000| Untracked 
| 147|0x000000008af00000, 0x000000008af00000, 0x000000008b000000|  0%| F|  |TAMS 0x000000008af00000, 0x000000008af00000| Untracked 
| 148|0x000000008b000000, 0x000000008b000000, 0x000000008b100000|  0%| F|  |TAMS 0x000000008b000000, 0x000000008b000000| Untracked 
| 149|0x000000008b100000, 0x000000008b100000, 0x000000008b200000|  0%| F|  |TAMS 0x000000008b100000, 0x000000008b100000| Untracked 
| 150|0x000000008b200000, 0x000000008b200000, 0x000000008b300000|  0%| F|  |TAMS 0x000000008b200000, 0x000000008b200000| Untracked 
| 151|0x000000008b300000, 0x000000008b300000, 0x000000008b400000|  0%| F|  |TAMS 0x000000008b300000, 0x000000008b300000| Untracked 
| 152|0x000000008b400000, 0x000000008b400000, 0x000000008b500000|  0%| F|  |TAMS 0x000000008b400000, 0x000000008b400000| Untracked 
| 153|0x000000008b500000, 0x000000008b500000, 0x000000008b600000|  0%| F|  |TAMS 0x000000008b500000, 0x000000008b500000| Untracked 
| 154|0x000000008b600000, 0x000000008b600000, 0x000000008b700000|  0%| F|  |TAMS 0x000000008b600000, 0x000000008b600000| Untracked 
| 155|0x000000008b700000, 0x000000008b800000, 0x000000008b800000|100%| E|  |TAMS 0x000000008b700000, 0x000000008b700000| Complete 
| 156|0x000000008b800000, 0x000000008b900000, 0x000000008b900000|100%| E|CS|TAMS 0x000000008b800000, 0x000000008b800000| Complete 
| 157|0x000000008b900000, 0x000000008ba00000, 0x000000008ba00000|100%| E|CS|TAMS 0x000000008b900000, 0x000000008b900000| Complete 
| 158|0x000000008ba00000, 0x000000008bb00000, 0x000000008bb00000|100%| E|CS|TAMS 0x000000008ba00000, 0x000000008ba00000| Complete 
| 159|0x000000008bb00000, 0x000000008bc00000, 0x000000008bc00000|100%| E|CS|TAMS 0x000000008bb00000, 0x000000008bb00000| Complete 
| 160|0x000000008bc00000, 0x000000008bd00000, 0x000000008bd00000|100%| E|CS|TAMS 0x000000008bc00000, 0x000000008bc00000| Complete 
| 161|0x000000008bd00000, 0x000000008be00000, 0x000000008be00000|100%| E|CS|TAMS 0x000000008bd00000, 0x000000008bd00000| Complete 
| 162|0x000000008be00000, 0x000000008bf00000, 0x000000008bf00000|100%| E|CS|TAMS 0x000000008be00000, 0x000000008be00000| Complete 
| 163|0x000000008bf00000, 0x000000008c000000, 0x000000008c000000|100%| E|CS|TAMS 0x000000008bf00000, 0x000000008bf00000| Complete 
| 164|0x000000008c000000, 0x000000008c100000, 0x000000008c100000|100%| E|CS|TAMS 0x000000008c000000, 0x000000008c000000| Complete 
| 165|0x000000008c100000, 0x000000008c200000, 0x000000008c200000|100%| E|CS|TAMS 0x000000008c100000, 0x000000008c100000| Complete 
| 166|0x000000008c200000, 0x000000008c300000, 0x000000008c300000|100%| E|CS|TAMS 0x000000008c200000, 0x000000008c200000| Complete 
| 167|0x000000008c300000, 0x000000008c400000, 0x000000008c400000|100%| E|CS|TAMS 0x000000008c300000, 0x000000008c300000| Complete 
| 168|0x000000008c400000, 0x000000008c500000, 0x000000008c500000|100%| E|CS|TAMS 0x000000008c400000, 0x000000008c400000| Complete 
| 169|0x000000008c500000, 0x000000008c600000, 0x000000008c600000|100%| E|CS|TAMS 0x000000008c500000, 0x000000008c500000| Complete 
| 170|0x000000008c600000, 0x000000008c700000, 0x000000008c700000|100%| E|CS|TAMS 0x000000008c600000, 0x000000008c600000| Complete 
| 171|0x000000008c700000, 0x000000008c800000, 0x000000008c800000|100%| E|CS|TAMS 0x000000008c700000, 0x000000008c700000| Complete 
| 172|0x000000008c800000, 0x000000008c900000, 0x000000008c900000|100%| E|CS|TAMS 0x000000008c800000, 0x000000008c800000| Complete 
| 173|0x000000008c900000, 0x000000008ca00000, 0x000000008ca00000|100%| E|CS|TAMS 0x000000008c900000, 0x000000008c900000| Complete 
| 174|0x000000008ca00000, 0x000000008cb00000, 0x000000008cb00000|100%| E|CS|TAMS 0x000000008ca00000, 0x000000008ca00000| Complete 
| 175|0x000000008cb00000, 0x000000008cc00000, 0x000000008cc00000|100%| E|CS|TAMS 0x000000008cb00000, 0x000000008cb00000| Complete 
| 176|0x000000008cc00000, 0x000000008cd00000, 0x000000008cd00000|100%| E|CS|TAMS 0x000000008cc00000, 0x000000008cc00000| Complete 
| 177|0x000000008cd00000, 0x000000008ce00000, 0x000000008ce00000|100%| E|CS|TAMS 0x000000008cd00000, 0x000000008cd00000| Complete 
| 178|0x000000008ce00000, 0x000000008cf00000, 0x000000008cf00000|100%| E|CS|TAMS 0x000000008ce00000, 0x000000008ce00000| Complete 
| 179|0x000000008cf00000, 0x000000008d000000, 0x000000008d000000|100%| E|CS|TAMS 0x000000008cf00000, 0x000000008cf00000| Complete 
| 180|0x000000008d000000, 0x000000008d100000, 0x000000008d100000|100%| E|CS|TAMS 0x000000008d000000, 0x000000008d000000| Complete 
| 181|0x000000008d100000, 0x000000008d200000, 0x000000008d200000|100%| E|CS|TAMS 0x000000008d100000, 0x000000008d100000| Complete 
| 182|0x000000008d200000, 0x000000008d300000, 0x000000008d300000|100%| E|CS|TAMS 0x000000008d200000, 0x000000008d200000| Complete 
| 183|0x000000008d300000, 0x000000008d400000, 0x000000008d400000|100%| E|CS|TAMS 0x000000008d300000, 0x000000008d300000| Complete 
| 184|0x000000008d400000, 0x000000008d500000, 0x000000008d500000|100%| E|CS|TAMS 0x000000008d400000, 0x000000008d400000| Complete 

Card table byte_map: [0x000001e6e0010000,0x000001e6e0410000] _byte_map_base: 0x000001e6dfc02000

Marking Bits (Prev, Next): (CMBitMap*) 0x000001e6ccb09770, (CMBitMap*) 0x000001e6ccb09738
 Prev Bits: [0x000001e6e27a0000, 0x000001e6e4730000)
 Next Bits: [0x000001e6e0810000, 0x000001e6e27a0000)

Polling page: 0x000001e6cb170000

Metaspace:

Usage:
  Non-class:     62.63 MB capacity,    62.30 MB (>99%) used,   234.63 KB ( <1%) free+waste,   101.94 KB ( <1%) overhead. 
      Class:      8.00 MB capacity,     7.74 MB ( 97%) used,   224.96 KB (  3%) free+waste,    41.44 KB ( <1%) overhead. 
       Both:     70.63 MB capacity,    70.04 MB (>99%) used,   459.59 KB ( <1%) free+waste,   143.38 KB ( <1%) overhead. 

Virtual space:
  Non-class space:       64.00 MB reserved,      62.70 MB ( 98%) committed 
      Class space:        1.00 GB reserved,       8.00 MB ( <1%) committed 
             Both:        1.06 GB reserved,      70.70 MB (  6%) committed 

Chunk freelists:
   Non-Class:  8.00 KB
       Class:  4.00 KB
        Both:  12.00 KB

MaxMetaspaceSize: 17179869184.00 GB
CompressedClassSpaceSize: 1.00 GB
Initial GC threshold: 20.80 MB
Current GC threshold: 98.46 MB
CDS: off

CodeHeap 'non-profiled nmethods': size=120064Kb used=3791Kb max_used=3791Kb free=116272Kb
 bounds [0x000001e6d80b0000, 0x000001e6d8470000, 0x000001e6df5f0000]
CodeHeap 'profiled nmethods': size=120000Kb used=21663Kb max_used=21663Kb free=98336Kb
 bounds [0x000001e6d0b80000, 0x000001e6d20b0000, 0x000001e6d80b0000]
CodeHeap 'non-nmethods': size=5696Kb used=1369Kb max_used=1402Kb free=4326Kb
 bounds [0x000001e6d05f0000, 0x000001e6d0860000, 0x000001e6d0b80000]
 total_blobs=8724 nmethods=8046 adapters=588
 compilation: enabled
              stopped_count=0, restarted_count=0
 full_count=0

Compilation events (20 events):
Event: 12.542 Thread 0x000001e6e6da5800 nmethod 7993 0x000001e6d204de90 code [0x000001e6d204e0c0, 0x000001e6d204e708]
Event: 12.542 Thread 0x000001e6e6da5800 7994       3       org.jetbrains.kotlin.ir.visitors.IrElementVisitor$DefaultImpls::visitBlockBody (18 bytes)
Event: 12.543 Thread 0x000001e6e6da5800 nmethod 7994 0x000001e6d204e990 code [0x000001e6d204ebc0, 0x000001e6d204f208]
Event: 12.543 Thread 0x000001e6e6da5800 7995       1       org.jetbrains.kotlin.ir.expressions.impl.IrGetValueImpl::getSymbol (5 bytes)
Event: 12.543 Thread 0x000001e6e6da5800 nmethod 7995 0x000001e6d845b790 code [0x000001e6d845b940, 0x000001e6d845b9f8]
Event: 12.543 Thread 0x000001e6e6da5800 7996       3       java.lang.Character::getType (9 bytes)
Event: 12.543 Thread 0x000001e6e6da5800 nmethod 7996 0x000001e6d204f490 code [0x000001e6d204f660, 0x000001e6d204f838]
Event: 12.544 Thread 0x000001e6e6da5800 7997       3       org.jetbrains.kotlin.ir.declarations.impl.IrValueParameterImpl::<init> (136 bytes)
Event: 12.547 Thread 0x000001e6e6da5800 nmethod 7997 0x000001e6d204f910 code [0x000001e6d204fd80, 0x000001e6d2051b48]
Event: 12.547 Thread 0x000001e6e6da5800 7998       3       org.jetbrains.kotlin.ir.expressions.IrDeclarationReference::<init> (5 bytes)
Event: 12.547 Thread 0x000001e6e6da5800 nmethod 7998 0x000001e6d2052610 code [0x000001e6d20527e0, 0x000001e6d2052a58]
Event: 12.547 Thread 0x000001e6e6da5800 7999       3       org.jetbrains.kotlin.ir.visitors.IrElementVisitor$DefaultImpls::visitValueAccess (18 bytes)
Event: 12.548 Thread 0x000001e6e6da5800 nmethod 7999 0x000001e6d2052b90 code [0x000001e6d2052dc0, 0x000001e6d2053408]
Event: 12.548 Thread 0x000001e6e6da5800 8000       3       org.jetbrains.kotlin.ir.expressions.IrInstanceInitializerCall::accept (15 bytes)
Event: 12.549 Thread 0x000001e6e6da5800 nmethod 8000 0x000001e6d2053690 code [0x000001e6d20538c0, 0x000001e6d2053f28]
Event: 12.549 Thread 0x000001e6e6da5800 8001       3       org.jetbrains.kotlin.ir.visitors.IrElementVisitor$DefaultImpls::visitCall (18 bytes)
Event: 12.550 Thread 0x000001e6e6da5800 nmethod 8001 0x000001e6d2054190 code [0x000001e6d20543c0, 0x000001e6d2054a08]
Event: 12.551 Thread 0x000001e6e6da5800 8002       3       org.jetbrains.kotlin.backend.common.ClassLoweringVisitor::visitGetValue (13 bytes)
Event: 12.552 Thread 0x000001e6e6da5800 nmethod 8002 0x000001e6d2054c90 code [0x000001e6d2054f80, 0x000001e6d2055d58]
Event: 12.552 Thread 0x000001e6e6da5800 8003       3       org.jetbrains.kotlin.backend.common.ClassLoweringVisitor::visitGetValue (6 bytes)

GC Heap History (18 events):
Event: 0.605 GC heap before
{Heap before GC invocations=0 (full 0):
 garbage-first heap   total 131072K, used 18432K [0x0000000081c00000, 0x0000000100000000)
  region size 1024K, 14 young (14336K), 0 survivors (0K)
 Metaspace       used 9887K, capacity 9970K, committed 10112K, reserved 1058816K
  class space    used 825K, capacity 853K, committed 896K, reserved 1048576K
}
Event: 0.609 GC heap after
{Heap after GC invocations=1 (full 0):
 garbage-first heap   total 131072K, used 6421K [0x0000000081c00000, 0x0000000100000000)
  region size 1024K, 2 young (2048K), 2 survivors (2048K)
 Metaspace       used 9887K, capacity 9970K, committed 10112K, reserved 1058816K
  class space    used 825K, capacity 853K, committed 896K, reserved 1048576K
}
Event: 2.239 GC heap before
{Heap before GC invocations=1 (full 0):
 garbage-first heap   total 131072K, used 53525K [0x0000000081c00000, 0x0000000100000000)
  region size 1024K, 49 young (50176K), 2 survivors (2048K)
 Metaspace       used 20977K, capacity 21249K, committed 21296K, reserved 1069056K
  class space    used 2207K, capacity 2299K, committed 2304K, reserved 1048576K
}
Event: 2.256 GC heap after
{Heap after GC invocations=2 (full 0):
 garbage-first heap   total 131072K, used 11108K [0x0000000081c00000, 0x0000000100000000)
  region size 1024K, 7 young (7168K), 7 survivors (7168K)
 Metaspace       used 20977K, capacity 21249K, committed 21296K, reserved 1069056K
  class space    used 2207K, capacity 2299K, committed 2304K, reserved 1048576K
}
Event: 3.680 GC heap before
{Heap before GC invocations=3 (full 0):
 garbage-first heap   total 131072K, used 58212K [0x0000000081c00000, 0x0000000100000000)
  region size 1024K, 47 young (48128K), 7 survivors (7168K)
 Metaspace       used 30966K, capacity 31381K, committed 31488K, reserved 1077248K
  class space    used 3640K, capacity 3824K, committed 3840K, reserved 1048576K
}
Event: 3.701 GC heap after
{Heap after GC invocations=4 (full 0):
 garbage-first heap   total 131072K, used 22246K [0x0000000081c00000, 0x0000000100000000)
  region size 1024K, 5 young (5120K), 5 survivors (5120K)
 Metaspace       used 30966K, capacity 31381K, committed 31488K, reserved 1077248K
  class space    used 3640K, capacity 3824K, committed 3840K, reserved 1048576K
}
Event: 4.347 GC heap before
{Heap before GC invocations=4 (full 0):
 garbage-first heap   total 131072K, used 42726K [0x0000000081c00000, 0x0000000100000000)
  region size 1024K, 26 young (26624K), 5 survivors (5120K)
 Metaspace       used 35325K, capacity 35709K, committed 35840K, reserved 1081344K
  class space    used 4332K, capacity 4498K, committed 4608K, reserved 1048576K
}
Event: 4.361 GC heap after
{Heap after GC invocations=5 (full 0):
 garbage-first heap   total 131072K, used 24973K [0x0000000081c00000, 0x0000000100000000)
  region size 1024K, 3 young (3072K), 3 survivors (3072K)
 Metaspace       used 35325K, capacity 35709K, committed 35840K, reserved 1081344K
  class space    used 4332K, capacity 4498K, committed 4608K, reserved 1048576K
}
Event: 5.669 GC heap before
{Heap before GC invocations=6 (full 0):
 garbage-first heap   total 131072K, used 75149K [0x0000000081c00000, 0x0000000100000000)
  region size 1024K, 52 young (53248K), 3 survivors (3072K)
 Metaspace       used 45761K, capacity 46259K, committed 46464K, reserved 1089536K
  class space    used 5432K, capacity 5646K, committed 5760K, reserved 1048576K
}
Event: 5.684 GC heap after
{Heap after GC invocations=7 (full 0):
 garbage-first heap   total 157696K, used 27438K [0x0000000081c00000, 0x0000000100000000)
  region size 1024K, 7 young (7168K), 7 survivors (7168K)
 Metaspace       used 45761K, capacity 46259K, committed 46464K, reserved 1089536K
  class space    used 5432K, capacity 5646K, committed 5760K, reserved 1048576K
}
Event: 7.023 GC heap before
{Heap before GC invocations=7 (full 0):
 garbage-first heap   total 157696K, used 91950K [0x0000000081c00000, 0x0000000100000000)
  region size 1024K, 67 young (68608K), 7 survivors (7168K)
 Metaspace       used 50374K, capacity 50898K, committed 51200K, reserved 1093632K
  class space    used 5852K, capacity 6058K, committed 6144K, reserved 1048576K
}
Event: 7.058 GC heap after
{Heap after GC invocations=8 (full 0):
 garbage-first heap   total 157696K, used 36458K [0x0000000081c00000, 0x0000000100000000)
  region size 1024K, 7 young (7168K), 7 survivors (7168K)
 Metaspace       used 50374K, capacity 50898K, committed 51200K, reserved 1093632K
  class space    used 5852K, capacity 6058K, committed 6144K, reserved 1048576K
}
Event: 9.355 GC heap before
{Heap before GC invocations=8 (full 0):
 garbage-first heap   total 157696K, used 99946K [0x0000000081c00000, 0x0000000100000000)
  region size 1024K, 69 young (70656K), 7 survivors (7168K)
 Metaspace       used 55462K, capacity 56016K, committed 56192K, reserved 1099776K
  class space    used 6283K, capacity 6507K, committed 6528K, reserved 1048576K
}
Event: 9.393 GC heap after
{Heap after GC invocations=9 (full 0):
 garbage-first heap   total 157696K, used 45056K [0x0000000081c00000, 0x0000000100000000)
  region size 1024K, 9 young (9216K), 9 survivors (9216K)
 Metaspace       used 55462K, capacity 56016K, committed 56192K, reserved 1099776K
  class space    used 6283K, capacity 6507K, committed 6528K, reserved 1048576K
}
Event: 10.239 GC heap before
{Heap before GC invocations=9 (full 0):
 garbage-first heap   total 157696K, used 64512K [0x0000000081c00000, 0x0000000100000000)
  region size 1024K, 29 young (29696K), 9 survivors (9216K)
 Metaspace       used 59427K, capacity 59977K, committed 60160K, reserved 1101824K
  class space    used 6686K, capacity 6906K, committed 6912K, reserved 1048576K
}
Event: 10.268 GC heap after
{Heap after GC invocations=10 (full 0):
 garbage-first heap   total 157696K, used 48128K [0x0000000081c00000, 0x0000000100000000)
  region size 1024K, 3 young (3072K), 3 survivors (3072K)
 Metaspace       used 59427K, capacity 59977K, committed 60160K, reserved 1101824K
  class space    used 6686K, capacity 6906K, committed 6912K, reserved 1048576K
}
Event: 11.795 GC heap before
{Heap before GC invocations=11 (full 0):
 garbage-first heap   total 157696K, used 98304K [0x0000000081c00000, 0x0000000100000000)
  region size 1024K, 52 young (53248K), 3 survivors (3072K)
 Metaspace       used 68211K, capacity 68782K, committed 69068K, reserved 1110016K
  class space    used 7616K, capacity 7862K, committed 7936K, reserved 1048576K
}
Event: 11.816 GC heap after
{Heap after GC invocations=12 (full 0):
 garbage-first heap   total 189440K, used 52736K [0x0000000081c00000, 0x0000000100000000)
  region size 1024K, 7 young (7168K), 7 survivors (7168K)
 Metaspace       used 68211K, capacity 68782K, committed 69068K, reserved 1110016K
  class space    used 7616K, capacity 7862K, committed 7936K, reserved 1048576K
}

Deoptimization events (20 events):
Event: 12.522 Thread 0x000001e6ccac9000 Uncommon trap: trap_request=0xffffffc6 fr.pc=0x000001e6d8443f84 relative=0x00000000000007c4
Event: 12.522 Thread 0x000001e6ccac9000 Uncommon trap: reason=bimorphic_or_optimized_type_check action=maybe_recompile pc=0x000001e6d8443f84 method=org.jetbrains.kotlin.ir.util.IrUtilsKt.isFromJava(Lorg/jetbrains/kotlin/ir/declarations/IrDeclaration;)Z @ 35 c2
Event: 12.522 Thread 0x000001e6ccac9000 DEOPT PACKING pc=0x000001e6d8443f84 sp=0x000000c297cfd1c0
Event: 12.522 Thread 0x000001e6ccac9000 DEOPT UNPACKING pc=0x000001e6d063a1af sp=0x000000c297cfd1a0 mode 2
Event: 12.523 Thread 0x000001e6ccac9000 Uncommon trap: trap_request=0xffffffde fr.pc=0x000001e6d84442a0 relative=0x0000000000000ae0
Event: 12.523 Thread 0x000001e6ccac9000 Uncommon trap: reason=class_check action=maybe_recompile pc=0x000001e6d84442a0 method=org.jetbrains.kotlin.ir.declarations.lazy.IrLazyFunction.getParent()Lorg/jetbrains/kotlin/ir/declarations/IrDeclarationParent; @ 15 c2
Event: 12.523 Thread 0x000001e6ccac9000 DEOPT PACKING pc=0x000001e6d84442a0 sp=0x000000c297cfbcf0
Event: 12.523 Thread 0x000001e6ccac9000 DEOPT UNPACKING pc=0x000001e6d063a1af sp=0x000000c297cfbc68 mode 2
Event: 12.529 Thread 0x000001e6ccac9000 Uncommon trap: trap_request=0xffffffde fr.pc=0x000001e6d81dbc68 relative=0x00000000000005a8
Event: 12.539 Thread 0x000001e6ccac9000 Uncommon trap: reason=class_check action=maybe_recompile pc=0x000001e6d81dbc68 method=java.lang.AbstractStringBuilder.append(Ljava/lang/CharSequence;)Ljava/lang/AbstractStringBuilder; @ 10 c2
Event: 12.539 Thread 0x000001e6ccac9000 DEOPT PACKING pc=0x000001e6d81dbc68 sp=0x000000c297cfcd10
Event: 12.539 Thread 0x000001e6ccac9000 DEOPT UNPACKING pc=0x000001e6d063a1af sp=0x000000c297cfcd00 mode 2
Event: 12.539 Thread 0x000001e6ccac9000 Uncommon trap: trap_request=0xffffffde fr.pc=0x000001e6d81dbc68 relative=0x00000000000005a8
Event: 12.539 Thread 0x000001e6ccac9000 Uncommon trap: reason=class_check action=maybe_recompile pc=0x000001e6d81dbc68 method=java.lang.AbstractStringBuilder.append(Ljava/lang/CharSequence;)Ljava/lang/AbstractStringBuilder; @ 10 c2
Event: 12.539 Thread 0x000001e6ccac9000 DEOPT PACKING pc=0x000001e6d81dbc68 sp=0x000000c297cfcd10
Event: 12.539 Thread 0x000001e6ccac9000 DEOPT UNPACKING pc=0x000001e6d063a1af sp=0x000000c297cfcd00 mode 2
Event: 12.548 Thread 0x000001e6ccac9000 Uncommon trap: trap_request=0xfffffff4 fr.pc=0x000001e6d8431cb0 relative=0x00000000000000f0
Event: 12.548 Thread 0x000001e6ccac9000 Uncommon trap: reason=null_check action=make_not_entrant pc=0x000001e6d8431cb0 method=org.jetbrains.kotlin.backend.common.BodyLoweringVisitor.visitDeclaration(Lorg/jetbrains/kotlin/ir/declarations/IrDeclarationBase;Ljava/lang/Object;)Ljava/lang/Object; @ 
Event: 12.548 Thread 0x000001e6ccac9000 DEOPT PACKING pc=0x000001e6d8431cb0 sp=0x000000c297cfcca0
Event: 12.548 Thread 0x000001e6ccac9000 DEOPT UNPACKING pc=0x000001e6d063a1af sp=0x000000c297cfcc30 mode 2

Classes redefined (0 events):
No events

Internal exceptions (20 events):
Event: 8.985 Thread 0x000001e6ccac9000 Exception <a 'java/lang/NoSuchMethodError'{0x0000000087f424c8}: 'java.lang.Object java.lang.invoke.Invokers$Holder.linkToTargetMethod(java.lang.Object, java.lang.Object, java.lang.Object, java.lang.Object, java.lang.Object, java.lang.Object)'> (0x0000000087f424c8) thrown at [./src/hotspot/share/interpreter/linkResolver.cpp, line 773]
Event: 9.166 Thread 0x000001e6ccac9000 Implicit null exception at 0x000001e6d81eb74c to 0x000001e6d81eb828
Event: 9.352 Thread 0x000001e6ccac9000 Exception <a 'java/lang/NoSuchMethodError'{0x0000000087184b18}: 'java.lang.Object java.lang.invoke.Invokers$Holder.linkToTargetMethod(java.lang.Object, java.lang.Object, java.lang.Object, int, int, java.lang.Object)'> (0x0000000087184b18) thrown at [./src/hotspot/share/interpreter/linkResolver.cpp, line 773]
Event: 9.871 Thread 0x000001e6ccac9000 Exception <a 'java/lang/NoSuchMethodError'{0x000000008ad51328}: 'java.lang.Object java.lang.invoke.DirectMethodHandle$Holder.invokeInterface(java.lang.Object, java.lang.Object, java.lang.Object)'> (0x000000008ad51328) thrown at [./src/hotspot/share/interpreter/linkResolver.cpp, line 773]
Event: 9.871 Thread 0x000001e6ccac9000 Exception <a 'java/lang/IncompatibleClassChangeError'{0x000000008ad54800}: Found class java.lang.Object, but interface was expected> (0x000000008ad54800) thrown at [./src/hotspot/share/interpreter/linkResolver.cpp, line 839]
Event: 9.936 Thread 0x000001e6ccac9000 Implicit null exception at 0x000001e6d8112c75 to 0x000001e6d8112e3c
Event: 10.094 Thread 0x000001e6ccac9000 Implicit null exception at 0x000001e6d82fbcfa to 0x000001e6d82fbfc4
Event: 10.529 Thread 0x000001e6ccac9000 Exception <a 'java/lang/NoSuchMethodError'{0x000000008afea7c8}: 'int java.lang.invoke.DirectMethodHandle$Holder.invokeStaticInit(java.lang.Object, java.lang.Object, java.lang.Object, java.lang.Object)'> (0x000000008afea7c8) thrown at [./src/hotspot/share/interpreter/linkResolver.cpp, line 773]
Event: 10.548 Thread 0x000001e6ccac9000 Implicit null exception at 0x000001e6d81f2678 to 0x000001e6d81f270a
Event: 10.608 Thread 0x000001e6ccac9000 Exception <a 'java/lang/NoSuchMethodError'{0x000000008aca17f8}: 'java.lang.Object java.lang.invoke.DirectMethodHandle$Holder.invokeStatic(java.lang.Object, java.lang.Object, java.lang.Object, int, int, java.lang.Object, java.lang.Object, java.lang.Object)'> (0x000000008aca17f8) thrown at [./src/hotspot/share/interpreter/linkResolver.cpp, line 773]
Event: 10.609 Thread 0x000001e6ccac9000 Exception <a 'java/lang/NoSuchMethodError'{0x000000008acabda0}: 'java.lang.Object java.lang.invoke.DirectMethodHandle$Holder.invokeStatic(java.lang.Object, java.lang.Object, java.lang.Object, int, int)'> (0x000000008acabda0) thrown at [./src/hotspot/share/interpreter/linkResolver.cpp, line 773]
Event: 10.610 Thread 0x000001e6ccac9000 Exception <a 'java/lang/NoSuchMethodError'{0x000000008acaf580}: 'java.lang.Object java.lang.invoke.DirectMethodHandle$Holder.invokeSpecial(java.lang.Object, java.lang.Object, java.lang.Object, java.lang.Object, int, int)'> (0x000000008acaf580) thrown at [./src/hotspot/share/interpreter/linkResolver.cpp, line 773]
Event: 10.610 Thread 0x000001e6ccac9000 Exception <a 'java/lang/NoSuchMethodError'{0x000000008acb2688}: 'java.lang.Object java.lang.invoke.Invokers$Holder.linkToTargetMethod(java.lang.Object, java.lang.Object, int, int, java.lang.Object)'> (0x000000008acb2688) thrown at [./src/hotspot/share/interpreter/linkResolver.cpp, line 773]
Event: 10.633 Thread 0x000001e6ccac9000 Exception <a 'java/lang/NoSuchMethodError'{0x000000008ab65c60}: 'java.lang.Object java.lang.invoke.DirectMethodHandle$Holder.invokeStatic(java.lang.Object, java.lang.Object, java.lang.Object, int, int, java.lang.Object, java.lang.Object)'> (0x000000008ab65c60) thrown at [./src/hotspot/share/interpreter/linkResolver.cpp, line 773]
Event: 10.633 Thread 0x000001e6ccac9000 Exception <a 'java/lang/NoSuchMethodError'{0x000000008ab69b20}: 'java.lang.Object java.lang.invoke.DirectMethodHandle$Holder.invokeSpecial(java.lang.Object, java.lang.Object, java.lang.Object, java.lang.Object, int, int, java.lang.Object, java.lang.Object)'> (0x000000008ab69b20) thrown at [./src/hotspot/share/interpreter/linkResolver.cpp, line 773]
Event: 10.633 Thread 0x000001e6ccac9000 Exception <a 'java/lang/NoSuchMethodError'{0x000000008ab6d1d8}: 'java.lang.Object java.lang.invoke.Invokers$Holder.linkToTargetMethod(java.lang.Object, java.lang.Object, int, int, java.lang.Object, java.lang.Object, java.lang.Object)'> (0x000000008ab6d1d8) thrown at [./src/hotspot/share/interpreter/linkResolver.cpp, line 773]
Event: 10.646 Thread 0x000001e6ccac9000 Exception <a 'java/lang/NoSuchMethodError'{0x000000008abafd88}: 'java.lang.Object java.lang.invoke.DirectMethodHandle$Holder.invokeStatic(java.lang.Object, java.lang.Object, java.lang.Object, int, int, java.lang.Object, java.lang.Object, java.lang.Object, java.lang.Object)'> (0x000000008abafd88) thrown at [./src/hotspot/share/interpreter/linkResolver.cpp, line 773]
Event: 10.647 Thread 0x000001e6ccac9000 Exception <a 'java/lang/NoSuchMethodError'{0x000000008abb7e28}: 'java.lang.Object java.lang.invoke.Invokers$Holder.linkToTargetMethod(java.lang.Object, java.lang.Object, int, int, java.lang.Object, java.lang.Object, java.lang.Object, java.lang.Object, java.lang.Object)'> (0x000000008abb7e28) thrown at [./src/hotspot/share/interpreter/linkResolver.cpp, line 773]
Event: 11.628 Thread 0x000001e6ccac9000 Implicit null exception at 0x000001e6d811fcf4 to 0x000001e6d811ff0c
Event: 12.548 Thread 0x000001e6ccac9000 Implicit null exception at 0x000001e6d8431bf2 to 0x000001e6d8431c9d

Events (20 events):
Event: 12.027 Executing VM operation: Deoptimize
Event: 12.028 Executing VM operation: Deoptimize done
Event: 12.263 Executing VM operation: ICBufferFull
Event: 12.265 Executing VM operation: ICBufferFull done
Event: 12.345 loading class org/jetbrains/kotlin/ir/declarations/lazy/IrLazyTypeParameter$superTypes$2$1
Event: 12.345 loading class org/jetbrains/kotlin/ir/declarations/lazy/IrLazyTypeParameter$superTypes$2$1 done
Event: 12.464 loading class org/jetbrains/kotlin/ir/util/IrFakeOverrideUtilsKt$collectRealOverrides$2
Event: 12.464 loading class org/jetbrains/kotlin/ir/util/IrFakeOverrideUtilsKt$collectRealOverrides$2 done
Event: 12.494 loading class org/jetbrains/kotlin/backend/jvm/JvmLoweredDeclarationOrigin$INLINE_LAMBDA
Event: 12.494 loading class org/jetbrains/kotlin/backend/jvm/JvmLoweredDeclarationOrigin$INLINE_LAMBDA done
Event: 12.497 loading class org/jetbrains/kotlin/backend/jvm/JvmLoweredStatementOrigin$INLINE_LAMBDA
Event: 12.497 loading class org/jetbrains/kotlin/backend/jvm/JvmLoweredStatementOrigin$INLINE_LAMBDA done
Event: 12.500 loading class org/jetbrains/kotlin/ir/expressions/IrStatementOrigin$ANONYMOUS_FUNCTION
Event: 12.500 loading class org/jetbrains/kotlin/ir/expressions/IrStatementOrigin$ANONYMOUS_FUNCTION done
Event: 12.512 loading class org/jetbrains/kotlin/backend/jvm/lower/MoveOrCopyCompanionObjectFieldsLowering$handle$2
Event: 12.512 loading class org/jetbrains/kotlin/backend/jvm/lower/MoveOrCopyCompanionObjectFieldsLowering$handle$2 done
Event: 12.519 Executing VM operation: ICBufferFull
Event: 12.519 Executing VM operation: ICBufferFull done
Event: 12.528 loading class org/jetbrains/kotlin/backend/common/lower/inline/FunctionInliningKt
Event: 12.528 loading class org/jetbrains/kotlin/backend/common/lower/inline/FunctionInliningKt done


Dynamic libraries:
0x00007ff746c20000 - 0x00007ff746c2a000 	D:\Program Files\Android\Android Studio\jre\bin\java.exe
0x00007ff9022f0000 - 0x00007ff9024e8000 	C:\WINDOWS\SYSTEM32\ntdll.dll
0x00007ff900ac0000 - 0x00007ff900b7d000 	C:\WINDOWS\System32\KERNEL32.DLL
0x00007ff8fff50000 - 0x00007ff900222000 	C:\WINDOWS\System32\KERNELBASE.dll
0x00007ff8ffcd0000 - 0x00007ff8ffdd0000 	C:\WINDOWS\System32\ucrtbase.dll
0x00007ff8de420000 - 0x00007ff8de437000 	D:\Program Files\Android\Android Studio\jre\bin\VCRUNTIME140.dll
0x00007ff8dba20000 - 0x00007ff8dba39000 	D:\Program Files\Android\Android Studio\jre\bin\jli.dll
0x00007ff900840000 - 0x00007ff9009dd000 	C:\WINDOWS\System32\USER32.dll
0x00007ff8f4920000 - 0x00007ff8f4bba000 	C:\WINDOWS\WinSxS\amd64_microsoft.windows.common-controls_6595b64144ccf1df_6.0.19041.1110_none_60b5254171f9507e\COMCTL32.dll
0x00007ff8ffa00000 - 0x00007ff8ffa22000 	C:\WINDOWS\System32\win32u.dll
0x00007ff901ae0000 - 0x00007ff901b7e000 	C:\WINDOWS\System32\msvcrt.dll
0x00007ff900500000 - 0x00007ff90052b000 	C:\WINDOWS\System32\GDI32.dll
0x00007ff8ffe40000 - 0x00007ff8fff4f000 	C:\WINDOWS\System32\gdi32full.dll
0x00007ff900230000 - 0x00007ff9002cd000 	C:\WINDOWS\System32\msvcp_win.dll
0x00007ff902280000 - 0x00007ff9022b0000 	C:\WINDOWS\System32\IMM32.DLL
0x00007ff8d9cc0000 - 0x00007ff8d9d5d000 	D:\Program Files\Android\Android Studio\jre\bin\msvcp140.dll
0x00007ff8b7820000 - 0x00007ff8b8322000 	D:\Program Files\Android\Android Studio\jre\bin\server\jvm.dll
0x00007ff900be0000 - 0x00007ff900c8e000 	C:\WINDOWS\System32\ADVAPI32.dll
0x00007ff900c90000 - 0x00007ff900d2c000 	C:\WINDOWS\System32\sechost.dll
0x00007ff900710000 - 0x00007ff900835000 	C:\WINDOWS\System32\RPCRT4.dll
0x00007ff900fc0000 - 0x00007ff900fc8000 	C:\WINDOWS\System32\PSAPI.DLL
0x00007ff8f58d0000 - 0x00007ff8f58f7000 	C:\WINDOWS\SYSTEM32\WINMM.dll
0x00007ff8f9510000 - 0x00007ff8f951a000 	C:\WINDOWS\SYSTEM32\VERSION.dll
0x00007ff8fb4f0000 - 0x00007ff8fb4f9000 	C:\WINDOWS\SYSTEM32\WSOCK32.dll
0x00007ff900a40000 - 0x00007ff900aab000 	C:\WINDOWS\System32\WS2_32.dll
0x00007ff8fe550000 - 0x00007ff8fe562000 	C:\WINDOWS\SYSTEM32\kernel.appcore.dll
0x00007ff8e7d10000 - 0x00007ff8e7d21000 	D:\Program Files\Android\Android Studio\jre\bin\verify.dll
0x00007ff8fd7c0000 - 0x00007ff8fd9a4000 	C:\WINDOWS\SYSTEM32\DBGHELP.DLL
0x00007ff8ecc20000 - 0x00007ff8ecc4c000 	C:\WINDOWS\SYSTEM32\dbgcore.DLL
0x00007ff8ffa30000 - 0x00007ff8ffab2000 	C:\WINDOWS\System32\bcryptPrimitives.dll
0x00007ff8dbf00000 - 0x00007ff8dbf29000 	D:\Program Files\Android\Android Studio\jre\bin\java.dll
0x00007ff8fb410000 - 0x00007ff8fb41b000 	D:\Program Files\Android\Android Studio\jre\bin\jimage.dll
0x00007ff8ddb30000 - 0x00007ff8ddb48000 	D:\Program Files\Android\Android Studio\jre\bin\zip.dll
0x00007ff900fd0000 - 0x00007ff901713000 	C:\WINDOWS\System32\SHELL32.dll
0x00007ff8fd9b0000 - 0x00007ff8fe141000 	C:\WINDOWS\SYSTEM32\windows.storage.dll
0x00007ff901780000 - 0x00007ff901ad4000 	C:\WINDOWS\System32\combase.dll
0x00007ff8ff460000 - 0x00007ff8ff490000 	C:\WINDOWS\SYSTEM32\Wldp.dll
0x00007ff900f10000 - 0x00007ff900fbd000 	C:\WINDOWS\System32\SHCORE.dll
0x00007ff901720000 - 0x00007ff901775000 	C:\WINDOWS\System32\shlwapi.dll
0x00007ff8ff940000 - 0x00007ff8ff95f000 	C:\WINDOWS\SYSTEM32\profapi.dll
0x00007ff8dd2f0000 - 0x00007ff8dd30a000 	D:\Program Files\Android\Android Studio\jre\bin\net.dll
0x00007ff8f4290000 - 0x00007ff8f439d000 	C:\WINDOWS\SYSTEM32\WINHTTP.dll
0x00007ff8ff1c0000 - 0x00007ff8ff22a000 	C:\WINDOWS\system32\mswsock.dll
0x00007ff8dd1c0000 - 0x00007ff8dd1d4000 	D:\Program Files\Android\Android Studio\jre\bin\nio.dll

dbghelp: loaded successfully - version: 4.0.5 - missing functions: none
symbol engine: initialized successfully - sym options: 0x614 - pdb path: .;D:\Program Files\Android\Android Studio\jre\bin;C:\WINDOWS\SYSTEM32;C:\WINDOWS\WinSxS\amd64_microsoft.windows.common-controls_6595b64144ccf1df_6.0.19041.1110_none_60b5254171f9507e;D:\Program Files\Android\Android Studio\jre\bin\server

VM Arguments:
java_command: org.jetbrains.kotlin.cli.jvm.K2JVMCompiler @D:\Users\User\AndroidStudioProjects\practical_work_72\app\build\20221107_449828775566600570.compiler.options
java_class_path (initial): C:\Users\User\.gradle\caches\modules-2\files-2.1\org.jetbrains.kotlin\kotlin-compiler-embeddable\1.7.20\8db18559a581dd2c36ddfd5046af145650f5b126\kotlin-compiler-embeddable-1.7.20.jar;C:\Users\User\.gradle\caches\modules-2\files-2.1\org.jetbrains.kotlin\kotlin-reflect\1.7.20\12b2501e33bb6373e8e347c86d85481863629381\kotlin-reflect-1.7.20.jar;C:\Users\User\.gradle\caches\modules-2\files-2.1\org.jetbrains.kotlin\kotlin-stdlib\1.7.20\726594ea9ba2beb2ee113647fefa9a10f9fabe52\kotlin-stdlib-1.7.20.jar;C:\Users\User\.gradle\caches\modules-2\files-2.1\org.jetbrains.kotlin\kotlin-script-runtime\1.7.20\bcd1cc6f865e632550357fcc59f5ffd532615a8\kotlin-script-runtime-1.7.20.jar;C:\Users\User\.gradle\caches\modules-2\files-2.1\org.jetbrains.kotlin\kotlin-daemon-embeddable\1.7.20\1e24355adad8d529d75d5b19eab55484057431ba\kotlin-daemon-embeddable-1.7.20.jar;C:\Users\User\.gradle\caches\modules-2\files-2.1\org.jetbrains.intellij.deps\trove4j\1.0.20200330\3afb14d5f9ceb459d724e907a21145e8ff394f02\trove4j-1.0.20200330.jar;C:\Users\User\.gradle\caches\modules-2\files-2.1\net.java.dev.jna\jna\5.6.0\330f2244e9030119ab3030fc3fededc86713d9cc\jna-5.6.0.jar;C:\Users\User\.gradle\caches\modules-2\files-2.1\org.jetbrains.kotlin\kotlin-stdlib-common\1.7.20\e15351bdaf9fa06f009be5da7a202e4184f00ae3\kotlin-stdlib-common-1.7.20.jar;C:\Users\User\.gradle\caches\modules-2\files-2.1\org.jetbrains\annotations\13.0\919f0dfe192fb4e063e7dacadee7f8bb9a2672a9\annotations-13.0.jar
Launcher Type: SUN_STANDARD

[Global flags]
     intx CICompilerCount                          = 3                                         {product} {ergonomic}
     uint ConcGCThreads                            = 1                                         {product} {ergonomic}
     uint G1ConcRefinementThreads                  = 4                                         {product} {ergonomic}
   size_t G1HeapRegionSize                         = 1048576                                   {product} {ergonomic}
    uintx GCDrainStackTargetSize                   = 64                                        {product} {ergonomic}
   size_t InitialHeapSize                          = 134217728                                 {product} {ergonomic}
   size_t MarkStackSize                            = 4194304                                   {product} {ergonomic}
   size_t MaxHeapSize                              = 2118123520                                {product} {ergonomic}
   size_t MaxNewSize                               = 1270874112                                {product} {ergonomic}
   size_t MinHeapDeltaBytes                        = 1048576                                   {product} {ergonomic}
    uintx NonNMethodCodeHeapSize                   = 5830732                                {pd product} {ergonomic}
    uintx NonProfiledCodeHeapSize                  = 122913754                              {pd product} {ergonomic}
    uintx ProfiledCodeHeapSize                     = 122913754                              {pd product} {ergonomic}
    uintx ReservedCodeCacheSize                    = 251658240                              {pd product} {ergonomic}
     bool SegmentedCodeCache                       = true                                      {product} {ergonomic}
     bool UseCompressedClassPointers               = true                                 {lp64_product} {ergonomic}
     bool UseCompressedOops                        = true                                 {lp64_product} {ergonomic}
     bool UseG1GC                                  = true                                      {product} {ergonomic}
     bool UseLargePagesIndividualAllocation        = false                                  {pd product} {ergonomic}

Logging:
Log output configuration:
 #0: stdout all=warning uptime,level,tags
 #1: stderr all=off uptime,level,tags

Environment Variables:
PATH=C:\WINDOWS\system32;C:\WINDOWS;C:\WINDOWS\System32\Wbem;C:\WINDOWS\System32\WindowsPowerShell\v1.0\;C:\WINDOWS\System32\OpenSSH\;C:\Program Files\Git\cmd;C:\Users\User\AppData\Local\Microsoft\WindowsApps;;C:\Program Files\JetBrains\IntelliJ IDEA Community Edition 2022.2.3\bin;
USERNAME=User
OS=Windows_NT
PROCESSOR_IDENTIFIER=Intel64 Family 6 Model 69 Stepping 1, GenuineIntel



---------------  S Y S T E M  ---------------

OS: Windows 10 , 64 bit Build 19041 (10.0.19041.1889)
OS uptime: 0 days 1:49 hours

CPU:total 4 (initial active 4) (2 cores per cpu, 2 threads per core) family 6 model 69 stepping 1 microcode 0x25, cmov, cx8, fxsr, mmx, sse, sse2, sse3, ssse3, sse4.1, sse4.2, popcnt, avx, avx2, aes, clmul, erms, lzcnt, ht, tsc, tscinvbit, bmi1, bmi2, fma

Memory: 4k page, system-wide physical 8075M (517M free)
TotalPageFile size 10123M (AvailPageFile size 4M)
current process WorkingSet (physical memory assigned to process): 354M, peak: 354M
current process commit charge ("private bytes"): 409M, peak: 409M

vm_info: OpenJDK 64-Bit Server VM (11.0.13+0-b1751.21-8125866) for windows-amd64 JRE (11.0.13+0-b1751.21-8125866), built on Feb  2 2022 03:00:22 by "builder" with MS VC++ 14.0 (VS2015)

END.
