#
# There is insufficient memory for the Java Runtime Environment to continue.
# Native memory allocation (mmap) failed to map 415236096 bytes for Failed to commit area from 0x0000000092400000 to 0x00000000ab000000 of length 415236096.
# Possible reasons:
#   The system is out of physical RAM or swap space
#   The process is running with CompressedOops enabled, and the Java Heap may be blocking the growth of the native heap
# Possible solutions:
#   Reduce memory load on the system
#   Increase physical memory or swap space
#   Check if swap backing store is full
#   Decrease Java heap size (-Xmx/-Xms)
#   Decrease number of Java threads
#   Decrease Java thread stack sizes (-Xss)
#   Set larger code cache with -XX:ReservedCodeCacheSize=
#   JVM is running with Unscaled Compressed Oops mode in which the Java heap is
#     placed in the first 4GB address space. The Java Heap base address is the
#     maximum limit for the native heap growth. Please use -XX:HeapBaseMinAddress
#     to set the Java Heap base and to place the Java Heap above 4GB virtual address.
# This output file may be truncated or incomplete.
#
#  Out of Memory Error (./src/hotspot/os/windows/os_windows.cpp:3619), pid=14572, tid=14372
#
# JRE version: OpenJDK Runtime Environment (11.0.13) (build 11.0.13+0-b1751.21-8125866)
# Java VM: OpenJDK 64-Bit Server VM (11.0.13+0-b1751.21-8125866, mixed mode, tiered, compressed oops, g1 gc, windows-amd64)
# No core dump will be written. Minidumps are not enabled by default on client versions of Windows
#

---------------  S U M M A R Y ------------

Command Line: --add-opens=java.base/java.util=ALL-UNNAMED --add-opens=java.base/java.lang=ALL-UNNAMED --add-opens=java.base/java.lang.invoke=ALL-UNNAMED --add-opens=java.base/java.util=ALL-UNNAMED --add-opens=java.prefs/java.util.prefs=ALL-UNNAMED --add-opens=java.prefs/java.util.prefs=ALL-UNNAMED --add-opens=java.base/java.nio.charset=ALL-UNNAMED --add-opens=java.base/java.net=ALL-UNNAMED --add-opens=java.base/java.util.concurrent.atomic=ALL-UNNAMED -Xmx2048m -Dfile.encoding=UTF-8 -Duser.country=RU -Duser.language=ru -Duser.variant org.gradle.launcher.daemon.bootstrap.GradleDaemon 7.4

Host: Intel(R) Core(TM) i7-4500U CPU @ 1.80GHz, 4 cores, 7G,  Windows 10 , 64 bit Build 19041 (10.0.19041.1889)
Time: Thu Nov 10 12:15:59 2022 RTZ 4 (зима) elapsed time: 84.548281 seconds (0d 0h 1m 24s)

---------------  T H R E A D  ---------------

Current thread (0x0000018e4c579800):  VMThread "VM Thread" [stack: 0x0000004f8e200000,0x0000004f8e300000] [id=14372]

Stack: [0x0000004f8e200000,0x0000004f8e300000]
[error occurred during error reporting (printing stack bounds), id 0xc0000005, EXCEPTION_ACCESS_VIOLATION (0xc0000005) at pc=0x0000018e364a112d]

Native frames: (J=compiled Java code, j=interpreted, Vv=VM code, C=native code)
V  [jvm.dll+0x6100fa]
V  [jvm.dll+0x747090]
V  [jvm.dll+0x7486ad]
V  [jvm.dll+0x748ce5]
V  [jvm.dll+0x748c9b]
V  [jvm.dll+0x60f224]
V  [jvm.dll+0x60f9b8]
C  [ntdll.dll+0xa241f]
C  [ntdll.dll+0x514a4]
C  [ntdll.dll+0xa0f4e]
C  0x0000018e364a112d

VM_Operation (0x0000004f8dafcde0): G1CollectForAllocation, mode: safepoint, requested by thread 0x0000018e4e1ad800


---------------  P R O C E S S  ---------------

Threads class SMR info:
_java_thread_list=0x0000018e5424a7f0, length=94, elements={
0x0000018e3297b800, 0x0000018e4c57d800, 0x0000018e4c581000, 0x0000018e4c59e800,
0x0000018e4c59f000, 0x0000018e4c5a0000, 0x0000018e4c5aa800, 0x0000018e4c5b0000,
0x0000018e4c5c5800, 0x0000018e4d092000, 0x0000018e4dd57800, 0x0000018e4f3be000,
0x0000018e4f50c000, 0x0000018e4ddd6000, 0x0000018e4f3fa000, 0x0000018e4fc82800,
0x0000018e4e8e0000, 0x0000018e4f0b0000, 0x0000018e4f198000, 0x0000018e4f42b800,
0x0000018e4f42a800, 0x0000018e4f42c800, 0x0000018e4f42d000, 0x0000018e4f42f000,
0x0000018e4f429000, 0x0000018e4f42e000, 0x0000018e4f42f800, 0x0000018e4f42a000,
0x0000018e50acf800, 0x0000018e50ad1000, 0x0000018e50ad0000, 0x0000018e50acc000,
0x0000018e50ad2000, 0x0000018e50ad2800, 0x0000018e50acd000, 0x0000018e50ad3800,
0x0000018e50acd800, 0x0000018e50ad4800, 0x0000018e50ace800, 0x0000018e50ad9000,
0x0000018e50ad6000, 0x0000018e50ad6800, 0x0000018e50ad7800, 0x0000018e50ad8800,
0x0000018e50ada000, 0x0000018e50ad5000, 0x0000018e52618800, 0x0000018e52616000,
0x0000018e52617000, 0x0000018e52619800, 0x0000018e5261a000, 0x0000018e52615800,
0x0000018e5261c800, 0x0000018e5261b000, 0x0000018e52617800, 0x0000018e52621800,
0x0000018e5261e800, 0x0000018e5261f000, 0x0000018e52620000, 0x0000018e52620800,
0x0000018e5261c000, 0x0000018e52622800, 0x0000018e52623000, 0x0000018e5261d800,
0x0000018e52624000, 0x0000018e4d37f000, 0x0000018e4d380000, 0x0000018e4d37a000,
0x0000018e4d380800, 0x0000018e4d37e800, 0x0000018e4d37c800, 0x0000018e4d37b000,
0x0000018e4d37d800, 0x0000018e4d381800, 0x0000018e4d37c000, 0x0000018e4d387800,
0x0000018e4d386800, 0x0000018e4d388000, 0x0000018e4d385000, 0x0000018e4d382800,
0x0000018e4d389000, 0x0000018e4d383000, 0x0000018e4d384000, 0x0000018e4d385800,
0x0000018e4e1ad800, 0x0000018e4e1ae800, 0x0000018e4e1ac800, 0x0000018e4e1af000,
0x0000018e4e1b0000, 0x0000018e4e1ac000, 0x0000018e4e1ab000, 0x0000018e4e1b3000,
0x0000018e4e1b2800, 0x0000018e4e1b4000
}

Java Threads: ( => current thread )
  0x0000018e3297b800 JavaThread "main" [_thread_blocked, id=13380, stack(0x0000004f8dc00000,0x0000004f8dd00000)]
  0x0000018e4c57d800 JavaThread "Reference Handler" daemon [_thread_blocked, id=14416, stack(0x0000004f8e300000,0x0000004f8e400000)]
  0x0000018e4c581000 JavaThread "Finalizer" daemon [_thread_blocked, id=12476, stack(0x0000004f8e400000,0x0000004f8e500000)]
  0x0000018e4c59e800 JavaThread "Signal Dispatcher" daemon [_thread_blocked, id=10980, stack(0x0000004f8e500000,0x0000004f8e600000)]
  0x0000018e4c59f000 JavaThread "Attach Listener" daemon [_thread_blocked, id=12540, stack(0x0000004f8e600000,0x0000004f8e700000)]
  0x0000018e4c5a0000 JavaThread "Service Thread" daemon [_thread_blocked, id=15172, stack(0x0000004f8e700000,0x0000004f8e800000)]
  0x0000018e4c5aa800 JavaThread "C2 CompilerThread0" daemon [_thread_blocked, id=13444, stack(0x0000004f8e800000,0x0000004f8e900000)]
  0x0000018e4c5b0000 JavaThread "C1 CompilerThread0" daemon [_thread_blocked, id=11156, stack(0x0000004f8e900000,0x0000004f8ea00000)]
  0x0000018e4c5c5800 JavaThread "Sweeper thread" daemon [_thread_blocked, id=13932, stack(0x0000004f8ea00000,0x0000004f8eb00000)]
  0x0000018e4d092000 JavaThread "Common-Cleaner" daemon [_thread_blocked, id=14816, stack(0x0000004f8eb00000,0x0000004f8ec00000)]
  0x0000018e4dd57800 JavaThread "Daemon health stats" [_thread_blocked, id=14132, stack(0x0000004f8f000000,0x0000004f8f100000)]
  0x0000018e4f3be000 JavaThread "Incoming local TCP Connector on port 53536" [_thread_in_native, id=12496, stack(0x0000004f8ed00000,0x0000004f8ee00000)]
  0x0000018e4f50c000 JavaThread "Daemon periodic checks" [_thread_blocked, id=13340, stack(0x0000004f8f100000,0x0000004f8f200000)]
  0x0000018e4ddd6000 JavaThread "Daemon" [_thread_blocked, id=14468, stack(0x0000004f8f200000,0x0000004f8f300000)]
  0x0000018e4f3fa000 JavaThread "Handler for socket connection from /127.0.0.1:53536 to /127.0.0.1:53537" [_thread_in_native, id=8240, stack(0x0000004f8f300000,0x0000004f8f400000)]
  0x0000018e4fc82800 JavaThread "Cancel handler" [_thread_blocked, id=12832, stack(0x0000004f8f400000,0x0000004f8f500000)]
  0x0000018e4e8e0000 JavaThread "Daemon worker" [_thread_blocked, id=6620, stack(0x0000004f8f500000,0x0000004f8f600000)]
  0x0000018e4f0b0000 JavaThread "Asynchronous log dispatcher for DefaultDaemonConnection: socket connection from /127.0.0.1:53536 to /127.0.0.1:53537" [_thread_blocked, id=14456, stack(0x0000004f8f700000,0x0000004f8f800000)]
  0x0000018e4f198000 JavaThread "Daemon client event forwarder" [_thread_blocked, id=5920, stack(0x0000004f8f900000,0x0000004f8fa00000)]
  0x0000018e4f42b800 JavaThread "Cache worker for journal cache (C:\Users\User\.gradle\caches\journal-1)" [_thread_blocked, id=12836, stack(0x0000004f8fb00000,0x0000004f8fc00000)]
  0x0000018e4f42a800 JavaThread "File lock request listener" [_thread_in_native, id=13508, stack(0x0000004f8fc00000,0x0000004f8fd00000)]
  0x0000018e4f42c800 JavaThread "Cache worker for file hash cache (C:\Users\User\.gradle\caches\7.4\fileHashes)" [_thread_blocked, id=13120, stack(0x0000004f8fd00000,0x0000004f8fe00000)]
  0x0000018e4f42d000 JavaThread "File watcher server" daemon [_thread_blocked, id=15072, stack(0x0000004f8f600000,0x0000004f8f700000)]
  0x0000018e4f42f000 JavaThread "File watcher consumer" daemon [_thread_blocked, id=14284, stack(0x0000004f8fe00000,0x0000004f8ff00000)]
  0x0000018e4f429000 JavaThread "Cache worker for checksums cache (D:\Users\User\AndroidStudioProjects\practical_work_72\.gradle\7.4\checksums)" [_thread_blocked, id=14708, stack(0x0000004f8ff00000,0x0000004f90000000)]
  0x0000018e4f42e000 JavaThread "Cache worker for cache directory md-rule (C:\Users\User\.gradle\caches\7.4\md-rule)" [_thread_blocked, id=14220, stack(0x0000004f90000000,0x0000004f90100000)]
  0x0000018e4f42f800 JavaThread "Cache worker for file hash cache (D:\Users\User\AndroidStudioProjects\practical_work_72\.gradle\7.4\fileHashes)" [_thread_blocked, id=14952, stack(0x0000004f90100000,0x0000004f90200000)]
  0x0000018e4f42a000 JavaThread "Cache worker for cache directory md-supplier (C:\Users\User\.gradle\caches\7.4\md-supplier)" [_thread_blocked, id=15188, stack(0x0000004f90200000,0x0000004f90300000)]
  0x0000018e50acf800 JavaThread "Cache worker for execution history cache (C:\Users\User\.gradle\caches\7.4\executionHistory)" [_thread_blocked, id=10812, stack(0x0000004f90300000,0x0000004f90400000)]
  0x0000018e50ad1000 JavaThread "jar transforms" [_thread_blocked, id=3460, stack(0x0000004f90500000,0x0000004f90600000)]
  0x0000018e50ad0000 JavaThread "Cache worker for file content cache (C:\Users\User\.gradle\caches\7.4\fileContent)" [_thread_blocked, id=14600, stack(0x0000004f90600000,0x0000004f90700000)]
  0x0000018e50acc000 JavaThread "jar transforms Thread 2" [_thread_blocked, id=15280, stack(0x0000004f90700000,0x0000004f90800000)]
  0x0000018e50ad2000 JavaThread "Cache worker for dependencies-accessors (D:\Users\User\AndroidStudioProjects\practical_work_72\.gradle\7.4\dependencies-accessors)" [_thread_blocked, id=11488, stack(0x0000004f90800000,0x0000004f90900000)]
  0x0000018e50ad2800 JavaThread "jar transforms Thread 3" [_thread_blocked, id=9708, stack(0x0000004f90400000,0x0000004f90500000)]
  0x0000018e50acd000 JavaThread "Cache worker for Build Output Cleanup Cache (D:\Users\User\AndroidStudioProjects\practical_work_72\.gradle\buildOutputCleanup)" [_thread_blocked, id=14448, stack(0x0000004f90900000,0x0000004f90a00000)]
  0x0000018e50ad3800 JavaThread "Unconstrained build operations" [_thread_blocked, id=8896, stack(0x0000004f90a00000,0x0000004f90b00000)]
  0x0000018e50acd800 JavaThread "Unconstrained build operations Thread 2" [_thread_blocked, id=5528, stack(0x0000004f90b00000,0x0000004f90c00000)]
  0x0000018e50ad4800 JavaThread "Unconstrained build operations Thread 3" [_thread_blocked, id=9092, stack(0x0000004f90c00000,0x0000004f90d00000)]
  0x0000018e50ace800 JavaThread "Unconstrained build operations Thread 4" [_thread_blocked, id=15248, stack(0x0000004f90d00000,0x0000004f90e00000)]
  0x0000018e50ad9000 JavaThread "Unconstrained build operations Thread 5" [_thread_blocked, id=14764, stack(0x0000004f90e00000,0x0000004f90f00000)]
  0x0000018e50ad6000 JavaThread "Unconstrained build operations Thread 6" [_thread_blocked, id=12404, stack(0x0000004f90f00000,0x0000004f91000000)]
  0x0000018e50ad6800 JavaThread "Unconstrained build operations Thread 7" [_thread_blocked, id=14856, stack(0x0000004f91000000,0x0000004f91100000)]
  0x0000018e50ad7800 JavaThread "Unconstrained build operations Thread 8" [_thread_blocked, id=1680, stack(0x0000004f91100000,0x0000004f91200000)]
  0x0000018e50ad8800 JavaThread "Unconstrained build operations Thread 9" [_thread_blocked, id=14860, stack(0x0000004f91200000,0x0000004f91300000)]
  0x0000018e50ada000 JavaThread "Unconstrained build operations Thread 10" [_thread_blocked, id=14408, stack(0x0000004f91300000,0x0000004f91400000)]
  0x0000018e50ad5000 JavaThread "Unconstrained build operations Thread 11" [_thread_blocked, id=14612, stack(0x0000004f91400000,0x0000004f91500000)]
  0x0000018e52618800 JavaThread "Unconstrained build operations Thread 12" [_thread_blocked, id=15180, stack(0x0000004f91500000,0x0000004f91600000)]
  0x0000018e52616000 JavaThread "Unconstrained build operations Thread 13" [_thread_blocked, id=14892, stack(0x0000004f91600000,0x0000004f91700000)]
  0x0000018e52617000 JavaThread "Unconstrained build operations Thread 14" [_thread_blocked, id=13332, stack(0x0000004f91700000,0x0000004f91800000)]
  0x0000018e52619800 JavaThread "Unconstrained build operations Thread 15" [_thread_blocked, id=14548, stack(0x0000004f91800000,0x0000004f91900000)]
  0x0000018e5261a000 JavaThread "Unconstrained build operations Thread 16" [_thread_blocked, id=9096, stack(0x0000004f91900000,0x0000004f91a00000)]
  0x0000018e52615800 JavaThread "Unconstrained build operations Thread 17" [_thread_blocked, id=12876, stack(0x0000004f91a00000,0x0000004f91b00000)]
  0x0000018e5261c800 JavaThread "Unconstrained build operations Thread 18" [_thread_blocked, id=9316, stack(0x0000004f91b00000,0x0000004f91c00000)]
  0x0000018e5261b000 JavaThread "Unconstrained build operations Thread 19" [_thread_blocked, id=14732, stack(0x0000004f91c00000,0x0000004f91d00000)]
  0x0000018e52617800 JavaThread "Unconstrained build operations Thread 20" [_thread_blocked, id=14320, stack(0x0000004f91d00000,0x0000004f91e00000)]
  0x0000018e52621800 JavaThread "Unconstrained build operations Thread 21" [_thread_blocked, id=15300, stack(0x0000004f91e00000,0x0000004f91f00000)]
  0x0000018e5261e800 JavaThread "Unconstrained build operations Thread 22" [_thread_blocked, id=9132, stack(0x0000004f91f00000,0x0000004f92000000)]
  0x0000018e5261f000 JavaThread "Unconstrained build operations Thread 23" [_thread_blocked, id=3176, stack(0x0000004f92000000,0x0000004f92100000)]
  0x0000018e52620000 JavaThread "Unconstrained build operations Thread 24" [_thread_blocked, id=12492, stack(0x0000004f92100000,0x0000004f92200000)]
  0x0000018e52620800 JavaThread "Unconstrained build operations Thread 25" [_thread_blocked, id=15236, stack(0x0000004f92200000,0x0000004f92300000)]
  0x0000018e5261c000 JavaThread "Unconstrained build operations Thread 26" [_thread_blocked, id=15292, stack(0x0000004f92300000,0x0000004f92400000)]
  0x0000018e52622800 JavaThread "Unconstrained build operations Thread 27" [_thread_blocked, id=6740, stack(0x0000004f92400000,0x0000004f92500000)]
  0x0000018e52623000 JavaThread "Unconstrained build operations Thread 28" [_thread_blocked, id=15260, stack(0x0000004f92500000,0x0000004f92600000)]
  0x0000018e5261d800 JavaThread "Unconstrained build operations Thread 29" [_thread_blocked, id=13772, stack(0x0000004f92600000,0x0000004f92700000)]
  0x0000018e52624000 JavaThread "Unconstrained build operations Thread 30" [_thread_blocked, id=13648, stack(0x0000004f92700000,0x0000004f92800000)]
  0x0000018e4d37f000 JavaThread "Unconstrained build operations Thread 31" [_thread_blocked, id=14668, stack(0x0000004f92800000,0x0000004f92900000)]
  0x0000018e4d380000 JavaThread "Unconstrained build operations Thread 32" [_thread_blocked, id=13740, stack(0x0000004f92900000,0x0000004f92a00000)]
  0x0000018e4d37a000 JavaThread "Unconstrained build operations Thread 33" [_thread_blocked, id=1968, stack(0x0000004f92a00000,0x0000004f92b00000)]
  0x0000018e4d380800 JavaThread "Unconstrained build operations Thread 34" [_thread_blocked, id=14624, stack(0x0000004f92b00000,0x0000004f92c00000)]
  0x0000018e4d37e800 JavaThread "Unconstrained build operations Thread 35" [_thread_blocked, id=14808, stack(0x0000004f92c00000,0x0000004f92d00000)]
  0x0000018e4d37c800 JavaThread "Unconstrained build operations Thread 36" [_thread_blocked, id=5260, stack(0x0000004f92d00000,0x0000004f92e00000)]
  0x0000018e4d37b000 JavaThread "Unconstrained build operations Thread 37" [_thread_blocked, id=13928, stack(0x0000004f92e00000,0x0000004f92f00000)]
  0x0000018e4d37d800 JavaThread "Unconstrained build operations Thread 38" [_thread_blocked, id=14592, stack(0x0000004f92f00000,0x0000004f93000000)]
  0x0000018e4d381800 JavaThread "Unconstrained build operations Thread 39" [_thread_blocked, id=13652, stack(0x0000004f93000000,0x0000004f93100000)]
  0x0000018e4d37c000 JavaThread "Unconstrained build operations Thread 40" [_thread_blocked, id=12952, stack(0x0000004f93100000,0x0000004f93200000)]
  0x0000018e4d387800 JavaThread "jar transforms Thread 4" [_thread_blocked, id=4628, stack(0x0000004f93200000,0x0000004f93300000)]
  0x0000018e4d386800 JavaThread "Memory manager" [_thread_blocked, id=1948, stack(0x0000004f93400000,0x0000004f93500000)]
  0x0000018e4d388000 JavaThread "build event listener" [_thread_blocked, id=15344, stack(0x0000004f93600000,0x0000004f93700000)]
  0x0000018e4d385000 JavaThread "included builds" [_thread_blocked, id=10608, stack(0x0000004f93700000,0x0000004f93800000)]
  0x0000018e4d382800 JavaThread "Execution worker for ':'" [_thread_blocked, id=7772, stack(0x0000004f93800000,0x0000004f93900000)]
  0x0000018e4d389000 JavaThread "Execution worker for ':' Thread 2" [_thread_blocked, id=13984, stack(0x0000004f93900000,0x0000004f93a00000)]
  0x0000018e4d383000 JavaThread "Execution worker for ':' Thread 3" [_thread_blocked, id=6088, stack(0x0000004f93a00000,0x0000004f93b00000)]
  0x0000018e4d384000 JavaThread "Cache worker for execution history cache (D:\Users\User\AndroidStudioProjects\practical_work_72\.gradle\7.4\executionHistory)" [_thread_blocked, id=15048, stack(0x0000004f93b00000,0x0000004f93c00000)]
  0x0000018e4d385800 JavaThread "WorkerExecutor Queue" [_thread_blocked, id=14564, stack(0x0000004f8db00000,0x0000004f8dc00000)]
  0x0000018e4e1ad800 JavaThread "WorkerExecutor Queue Thread 2" [_thread_blocked, id=14292, stack(0x0000004f8da00000,0x0000004f8db00000)]
  0x0000018e4e1ae800 JavaThread "WorkerExecutor Queue Thread 3" [_thread_blocked, id=10076, stack(0x0000004f93500000,0x0000004f93600000)]
  0x0000018e4e1ac800 JavaThread "WorkerExecutor Queue Thread 4" [_thread_blocked, id=14960, stack(0x0000004f93c00000,0x0000004f93d00000)]
  0x0000018e4e1af000 JavaThread "pool-3-thread-1" [_thread_blocked, id=14904, stack(0x0000004f8f800000,0x0000004f8f900000)]
  0x0000018e4e1b0000 JavaThread "stderr" [_thread_in_native, id=15304, stack(0x0000004f93d00000,0x0000004f93e00000)]
  0x0000018e4e1ac000 JavaThread "stdout" [_thread_in_native, id=15320, stack(0x0000004f93e00000,0x0000004f93f00000)]
  0x0000018e4e1ab000 JavaThread "ForkJoinPool-1-worker-3" daemon [_thread_blocked, id=11596, stack(0x0000004f94000000,0x0000004f94100000)]
  0x0000018e4e1b3000 JavaThread "ForkJoinPool-1-worker-5" daemon [_thread_blocked, id=14376, stack(0x0000004f94100000,0x0000004f94200000)]
  0x0000018e4e1b2800 JavaThread "ForkJoinPool-1-worker-7" daemon [_thread_blocked, id=8936, stack(0x0000004f94200000,0x0000004f94300000)]
  0x0000018e4e1b4000 JavaThread "ForkJoinPool-1-worker-1" daemon [_thread_blocked, id=13348, stack(0x0000004f94300000,0x0000004f94400000)]

Other Threads:
=>0x0000018e4c579800 VMThread "VM Thread" [stack: 0x0000004f8e200000,0x0000004f8e300000] [id=14372]
  0x0000018e4d0ad800 WatcherThread [stack: 0x0000004f8ec00000,0x0000004f8ed00000] [id=8328]
  0x0000018e32994800 GCTaskThread "GC Thread#0" [stack: 0x0000004f8dd00000,0x0000004f8de00000] [id=13436]
  0x0000018e4d5d2000 GCTaskThread "GC Thread#1" [stack: 0x0000004f8ee00000,0x0000004f8ef00000] [id=14500]
  0x0000018e4d1fa800 GCTaskThread "GC Thread#2" [stack: 0x0000004f8ef00000,0x0000004f8f000000] [id=12888]
  0x0000018e4f479000 GCTaskThread "GC Thread#3" [stack: 0x0000004f8fa00000,0x0000004f8fb00000] [id=13780]
  0x0000018e329c7000 ConcurrentGCThread "G1 Main Marker" [stack: 0x0000004f8de00000,0x0000004f8df00000] [id=14916]
  0x0000018e329c8000 ConcurrentGCThread "G1 Conc#0" [stack: 0x0000004f8df00000,0x0000004f8e000000] [id=14504]
  0x0000018e32a59800 ConcurrentGCThread "G1 Refine#0" [stack: 0x0000004f8e000000,0x0000004f8e100000] [id=13848]
  0x0000018e32a5a800 ConcurrentGCThread "G1 Young RemSet Sampling" [stack: 0x0000004f8e100000,0x0000004f8e200000] [id=560]

Threads with active compile tasks:
C2 CompilerThread0  85262 12973       4       com.android.tools.r8.graph.j3::a (178 bytes)
C1 CompilerThread0  85262 13105       2       com.android.tools.r8.internal.Gf::a (276 bytes)

VM state:at safepoint (normal execution)

VM Mutex/Monitor currently owned by a thread:  ([mutex/lock_event])
[0x0000018e32978d50] Threads_lock - owner thread: 0x0000018e4c579800
[0x0000018e32977f40] Heap_lock - owner thread: 0x0000018e4e1ad800

Heap address: 0x0000000080000000, size: 2048 MB, Compressed Oops mode: 32-bit
Narrow klass base: 0x0000000000000000, Narrow klass shift: 3
Compressed class space size: 1073741824 Address: 0x0000000100000000

Heap:
 garbage-first heap   total 704512K, used 203132K [0x0000000080000000, 0x0000000100000000)
  region size 1024K, 4 young (4096K), 4 survivors (4096K)
 Metaspace       used 102951K, capacity 105487K, committed 105584K, reserved 1140736K
  class space    used 13382K, capacity 14353K, committed 14360K, reserved 1048576K
Heap Regions: E=young(eden), S=young(survivor), O=old, HS=humongous(starts), HC=humongous(continues), CS=collection set, F=free, A=archive, TAMS=top-at-mark-start (previous, next)
|   0|0x0000000080000000, 0x0000000080100000, 0x0000000080100000|100%|HS|  |TAMS 0x0000000080100000, 0x0000000080100000| Complete 
|   1|0x0000000080100000, 0x0000000080200000, 0x0000000080200000|100%|HC|  |TAMS 0x0000000080200000, 0x0000000080200000| Complete 
|   2|0x0000000080200000, 0x0000000080300000, 0x0000000080300000|100%|HC|  |TAMS 0x0000000080300000, 0x0000000080300000| Complete 
|   3|0x0000000080300000, 0x0000000080400000, 0x0000000080400000|100%| O|  |TAMS 0x0000000080400000, 0x0000000080400000| Untracked 
|   4|0x0000000080400000, 0x0000000080500000, 0x0000000080500000|100%| O|  |TAMS 0x0000000080500000, 0x0000000080500000| Untracked 
|   5|0x0000000080500000, 0x0000000080600000, 0x0000000080600000|100%| O|  |TAMS 0x0000000080600000, 0x0000000080600000| Untracked 
|   6|0x0000000080600000, 0x0000000080700000, 0x0000000080700000|100%| O|  |TAMS 0x0000000080700000, 0x0000000080700000| Untracked 
|   7|0x0000000080700000, 0x0000000080800000, 0x0000000080800000|100%| O|  |TAMS 0x0000000080800000, 0x0000000080800000| Untracked 
|   8|0x0000000080800000, 0x0000000080900000, 0x0000000080900000|100%| O|  |TAMS 0x0000000080900000, 0x0000000080900000| Untracked 
|   9|0x0000000080900000, 0x0000000080a00000, 0x0000000080a00000|100%| O|  |TAMS 0x0000000080a00000, 0x0000000080a00000| Untracked 
|  10|0x0000000080a00000, 0x0000000080b00000, 0x0000000080b00000|100%| O|  |TAMS 0x0000000080b00000, 0x0000000080b00000| Untracked 
|  11|0x0000000080b00000, 0x0000000080c00000, 0x0000000080c00000|100%| O|  |TAMS 0x0000000080c00000, 0x0000000080c00000| Untracked 
|  12|0x0000000080c00000, 0x0000000080d00000, 0x0000000080d00000|100%| O|  |TAMS 0x0000000080d00000, 0x0000000080d00000| Untracked 
|  13|0x0000000080d00000, 0x0000000080e00000, 0x0000000080e00000|100%| O|  |TAMS 0x0000000080e00000, 0x0000000080e00000| Untracked 
|  14|0x0000000080e00000, 0x0000000080f00000, 0x0000000080f00000|100%| O|  |TAMS 0x0000000080f00000, 0x0000000080f00000| Untracked 
|  15|0x0000000080f00000, 0x0000000081000000, 0x0000000081000000|100%| O|  |TAMS 0x0000000081000000, 0x0000000081000000| Untracked 
|  16|0x0000000081000000, 0x0000000081100000, 0x0000000081100000|100%|HS|  |TAMS 0x0000000081100000, 0x0000000081100000| Complete 
|  17|0x0000000081100000, 0x0000000081200000, 0x0000000081200000|100%| O|  |TAMS 0x0000000081200000, 0x0000000081200000| Untracked 
|  18|0x0000000081200000, 0x0000000081300000, 0x0000000081300000|100%| O|  |TAMS 0x0000000081300000, 0x0000000081300000| Untracked 
|  19|0x0000000081300000, 0x0000000081400000, 0x0000000081400000|100%| O|  |TAMS 0x0000000081400000, 0x0000000081400000| Untracked 
|  20|0x0000000081400000, 0x0000000081500000, 0x0000000081500000|100%| O|  |TAMS 0x0000000081500000, 0x0000000081500000| Untracked 
|  21|0x0000000081500000, 0x0000000081600000, 0x0000000081600000|100%| O|  |TAMS 0x0000000081600000, 0x0000000081600000| Untracked 
|  22|0x0000000081600000, 0x0000000081700000, 0x0000000081700000|100%| O|  |TAMS 0x0000000081700000, 0x0000000081700000| Untracked 
|  23|0x0000000081700000, 0x0000000081800000, 0x0000000081800000|100%| O|  |TAMS 0x0000000081800000, 0x0000000081800000| Untracked 
|  24|0x0000000081800000, 0x0000000081900000, 0x0000000081900000|100%|HS|  |TAMS 0x0000000081900000, 0x0000000081900000| Complete 
|  25|0x0000000081900000, 0x0000000081a00000, 0x0000000081a00000|100%|HS|  |TAMS 0x0000000081a00000, 0x0000000081a00000| Complete 
|  26|0x0000000081a00000, 0x0000000081b00000, 0x0000000081b00000|100%|HS|  |TAMS 0x0000000081b00000, 0x0000000081b00000| Complete 
|  27|0x0000000081b00000, 0x0000000081c00000, 0x0000000081c00000|100%|HC|  |TAMS 0x0000000081c00000, 0x0000000081c00000| Complete 
|  28|0x0000000081c00000, 0x0000000081d00000, 0x0000000081d00000|100%|HC|  |TAMS 0x0000000081d00000, 0x0000000081d00000| Complete 
|  29|0x0000000081d00000, 0x0000000081e00000, 0x0000000081e00000|100%|HC|  |TAMS 0x0000000081e00000, 0x0000000081e00000| Complete 
|  30|0x0000000081e00000, 0x0000000081f00000, 0x0000000081f00000|100%| O|  |TAMS 0x0000000081f00000, 0x0000000081f00000| Untracked 
|  31|0x0000000081f00000, 0x0000000082000000, 0x0000000082000000|100%|HS|  |TAMS 0x0000000082000000, 0x0000000082000000| Complete 
|  32|0x0000000082000000, 0x0000000082100000, 0x0000000082100000|100%|HC|  |TAMS 0x0000000082100000, 0x0000000082100000| Complete 
|  33|0x0000000082100000, 0x0000000082200000, 0x0000000082200000|100%| O|  |TAMS 0x0000000082200000, 0x0000000082200000| Untracked 
|  34|0x0000000082200000, 0x0000000082300000, 0x0000000082300000|100%| O|  |TAMS 0x0000000082300000, 0x0000000082300000| Untracked 
|  35|0x0000000082300000, 0x0000000082400000, 0x0000000082400000|100%| O|  |TAMS 0x0000000082400000, 0x0000000082400000| Untracked 
|  36|0x0000000082400000, 0x0000000082500000, 0x0000000082500000|100%| O|  |TAMS 0x0000000082500000, 0x0000000082500000| Untracked 
|  37|0x0000000082500000, 0x0000000082600000, 0x0000000082600000|100%| O|  |TAMS 0x0000000082600000, 0x0000000082600000| Untracked 
|  38|0x0000000082600000, 0x0000000082700000, 0x0000000082700000|100%| O|  |TAMS 0x0000000082700000, 0x0000000082700000| Untracked 
|  39|0x0000000082700000, 0x0000000082800000, 0x0000000082800000|100%| O|  |TAMS 0x0000000082800000, 0x0000000082800000| Untracked 
|  40|0x0000000082800000, 0x0000000082900000, 0x0000000082900000|100%| O|  |TAMS 0x0000000082900000, 0x0000000082900000| Untracked 
|  41|0x0000000082900000, 0x0000000082a00000, 0x0000000082a00000|100%| O|  |TAMS 0x0000000082a00000, 0x0000000082a00000| Untracked 
|  42|0x0000000082a00000, 0x0000000082b00000, 0x0000000082b00000|100%| O|  |TAMS 0x0000000082b00000, 0x0000000082b00000| Untracked 
|  43|0x0000000082b00000, 0x0000000082c00000, 0x0000000082c00000|100%| O|  |TAMS 0x0000000082c00000, 0x0000000082c00000| Untracked 
|  44|0x0000000082c00000, 0x0000000082d00000, 0x0000000082d00000|100%| O|  |TAMS 0x0000000082d00000, 0x0000000082d00000| Untracked 
|  45|0x0000000082d00000, 0x0000000082e00000, 0x0000000082e00000|100%| O|  |TAMS 0x0000000082e00000, 0x0000000082e00000| Untracked 
|  46|0x0000000082e00000, 0x0000000082f00000, 0x0000000082f00000|100%| O|  |TAMS 0x0000000082f00000, 0x0000000082f00000| Untracked 
|  47|0x0000000082f00000, 0x0000000083000000, 0x0000000083000000|100%| O|  |TAMS 0x0000000083000000, 0x0000000083000000| Untracked 
|  48|0x0000000083000000, 0x0000000083100000, 0x0000000083100000|100%| O|  |TAMS 0x0000000083100000, 0x0000000083100000| Untracked 
|  49|0x0000000083100000, 0x0000000083200000, 0x0000000083200000|100%| O|  |TAMS 0x0000000083200000, 0x0000000083200000| Untracked 
|  50|0x0000000083200000, 0x0000000083300000, 0x0000000083300000|100%| O|  |TAMS 0x0000000083300000, 0x0000000083300000| Untracked 
|  51|0x0000000083300000, 0x0000000083400000, 0x0000000083400000|100%| O|  |TAMS 0x0000000083400000, 0x0000000083400000| Untracked 
|  52|0x0000000083400000, 0x0000000083500000, 0x0000000083500000|100%| O|  |TAMS 0x0000000083500000, 0x0000000083500000| Untracked 
|  53|0x0000000083500000, 0x0000000083600000, 0x0000000083600000|100%| O|  |TAMS 0x0000000083600000, 0x0000000083600000| Untracked 
|  54|0x0000000083600000, 0x0000000083700000, 0x0000000083700000|100%| O|  |TAMS 0x0000000083700000, 0x0000000083700000| Untracked 
|  55|0x0000000083700000, 0x0000000083800000, 0x0000000083800000|100%| O|  |TAMS 0x0000000083800000, 0x0000000083800000| Untracked 
|  56|0x0000000083800000, 0x0000000083900000, 0x0000000083900000|100%| O|  |TAMS 0x0000000083900000, 0x0000000083900000| Untracked 
|  57|0x0000000083900000, 0x0000000083a00000, 0x0000000083a00000|100%| O|  |TAMS 0x0000000083a00000, 0x0000000083a00000| Untracked 
|  58|0x0000000083a00000, 0x0000000083b00000, 0x0000000083b00000|100%| O|  |TAMS 0x0000000083b00000, 0x0000000083b00000| Untracked 
|  59|0x0000000083b00000, 0x0000000083c00000, 0x0000000083c00000|100%| O|  |TAMS 0x0000000083c00000, 0x0000000083c00000| Untracked 
|  60|0x0000000083c00000, 0x0000000083d00000, 0x0000000083d00000|100%| O|  |TAMS 0x0000000083d00000, 0x0000000083d00000| Untracked 
|  61|0x0000000083d00000, 0x0000000083e00000, 0x0000000083e00000|100%| O|  |TAMS 0x0000000083e00000, 0x0000000083e00000| Untracked 
|  62|0x0000000083e00000, 0x0000000083f00000, 0x0000000083f00000|100%| O|  |TAMS 0x0000000083f00000, 0x0000000083f00000| Untracked 
|  63|0x0000000083f00000, 0x0000000084000000, 0x0000000084000000|100%| O|  |TAMS 0x0000000084000000, 0x0000000084000000| Untracked 
|  64|0x0000000084000000, 0x0000000084100000, 0x0000000084100000|100%| O|  |TAMS 0x0000000084100000, 0x0000000084100000| Untracked 
|  65|0x0000000084100000, 0x0000000084200000, 0x0000000084200000|100%| O|  |TAMS 0x0000000084200000, 0x0000000084200000| Untracked 
|  66|0x0000000084200000, 0x0000000084300000, 0x0000000084300000|100%| O|  |TAMS 0x0000000084300000, 0x0000000084300000| Untracked 
|  67|0x0000000084300000, 0x0000000084400000, 0x0000000084400000|100%| O|  |TAMS 0x0000000084400000, 0x0000000084400000| Untracked 
|  68|0x0000000084400000, 0x0000000084500000, 0x0000000084500000|100%| O|  |TAMS 0x0000000084500000, 0x0000000084500000| Untracked 
|  69|0x0000000084500000, 0x0000000084600000, 0x0000000084600000|100%| O|  |TAMS 0x0000000084600000, 0x0000000084600000| Untracked 
|  70|0x0000000084600000, 0x0000000084700000, 0x0000000084700000|100%| O|  |TAMS 0x0000000084700000, 0x0000000084700000| Untracked 
|  71|0x0000000084700000, 0x0000000084800000, 0x0000000084800000|100%| O|  |TAMS 0x0000000084800000, 0x0000000084800000| Untracked 
|  72|0x0000000084800000, 0x0000000084900000, 0x0000000084900000|100%| O|  |TAMS 0x0000000084900000, 0x0000000084900000| Untracked 
|  73|0x0000000084900000, 0x0000000084a00000, 0x0000000084a00000|100%| O|  |TAMS 0x0000000084a00000, 0x0000000084a00000| Untracked 
|  74|0x0000000084a00000, 0x0000000084b00000, 0x0000000084b00000|100%| O|  |TAMS 0x0000000084b00000, 0x0000000084b00000| Untracked 
|  75|0x0000000084b00000, 0x0000000084c00000, 0x0000000084c00000|100%| O|  |TAMS 0x0000000084c00000, 0x0000000084c00000| Untracked 
|  76|0x0000000084c00000, 0x0000000084d00000, 0x0000000084d00000|100%| O|  |TAMS 0x0000000084d00000, 0x0000000084d00000| Untracked 
|  77|0x0000000084d00000, 0x0000000084e00000, 0x0000000084e00000|100%| O|  |TAMS 0x0000000084e00000, 0x0000000084e00000| Untracked 
|  78|0x0000000084e00000, 0x0000000084f00000, 0x0000000084f00000|100%| O|  |TAMS 0x0000000084f00000, 0x0000000084f00000| Untracked 
|  79|0x0000000084f00000, 0x0000000085000000, 0x0000000085000000|100%| O|  |TAMS 0x0000000085000000, 0x0000000085000000| Untracked 
|  80|0x0000000085000000, 0x0000000085100000, 0x0000000085100000|100%| O|  |TAMS 0x0000000085100000, 0x0000000085100000| Untracked 
|  81|0x0000000085100000, 0x0000000085200000, 0x0000000085200000|100%| O|  |TAMS 0x0000000085200000, 0x0000000085200000| Untracked 
|  82|0x0000000085200000, 0x0000000085300000, 0x0000000085300000|100%| O|  |TAMS 0x0000000085300000, 0x0000000085300000| Untracked 
|  83|0x0000000085300000, 0x0000000085400000, 0x0000000085400000|100%| O|  |TAMS 0x0000000085400000, 0x0000000085400000| Untracked 
|  84|0x0000000085400000, 0x0000000085500000, 0x0000000085500000|100%| O|  |TAMS 0x0000000085500000, 0x0000000085500000| Untracked 
|  85|0x0000000085500000, 0x0000000085600000, 0x0000000085600000|100%| O|  |TAMS 0x0000000085600000, 0x0000000085600000| Untracked 
|  86|0x0000000085600000, 0x0000000085700000, 0x0000000085700000|100%|HS|  |TAMS 0x0000000085700000, 0x0000000085700000| Complete 
|  87|0x0000000085700000, 0x0000000085800000, 0x0000000085800000|100%|HC|  |TAMS 0x0000000085800000, 0x0000000085800000| Complete 
|  88|0x0000000085800000, 0x0000000085900000, 0x0000000085900000|100%|HS|  |TAMS 0x0000000085900000, 0x0000000085900000| Complete 
|  89|0x0000000085900000, 0x0000000085a00000, 0x0000000085a00000|100%|HS|  |TAMS 0x0000000085a00000, 0x0000000085a00000| Complete 
|  90|0x0000000085a00000, 0x0000000085b00000, 0x0000000085b00000|100%| O|  |TAMS 0x0000000085b00000, 0x0000000085b00000| Untracked 
|  91|0x0000000085b00000, 0x0000000085c00000, 0x0000000085c00000|100%| O|  |TAMS 0x0000000085c00000, 0x0000000085c00000| Untracked 
|  92|0x0000000085c00000, 0x0000000085d00000, 0x0000000085d00000|100%|HS|  |TAMS 0x0000000085d00000, 0x0000000085d00000| Complete 
|  93|0x0000000085d00000, 0x0000000085e00000, 0x0000000085e00000|100%|HC|  |TAMS 0x0000000085e00000, 0x0000000085e00000| Complete 
|  94|0x0000000085e00000, 0x0000000085f00000, 0x0000000085f00000|100%| O|  |TAMS 0x0000000085f00000, 0x0000000085f00000| Untracked 
|  95|0x0000000085f00000, 0x0000000086000000, 0x0000000086000000|100%|HS|  |TAMS 0x0000000086000000, 0x0000000086000000| Complete 
|  96|0x0000000086000000, 0x0000000086100000, 0x0000000086100000|100%|HC|  |TAMS 0x0000000086100000, 0x0000000086100000| Complete 
|  97|0x0000000086100000, 0x0000000086200000, 0x0000000086200000|100%| O|  |TAMS 0x0000000086200000, 0x0000000086200000| Untracked 
|  98|0x0000000086200000, 0x0000000086300000, 0x0000000086300000|100%| O|  |TAMS 0x0000000086300000, 0x0000000086300000| Untracked 
|  99|0x0000000086300000, 0x0000000086400000, 0x0000000086400000|100%| O|  |TAMS 0x0000000086400000, 0x0000000086400000| Untracked 
| 100|0x0000000086400000, 0x0000000086500000, 0x0000000086500000|100%| O|  |TAMS 0x0000000086500000, 0x0000000086500000| Untracked 
| 101|0x0000000086500000, 0x0000000086600000, 0x0000000086600000|100%|HS|  |TAMS 0x0000000086600000, 0x0000000086600000| Complete 
| 102|0x0000000086600000, 0x0000000086700000, 0x0000000086700000|100%|HC|  |TAMS 0x0000000086700000, 0x0000000086700000| Complete 
| 103|0x0000000086700000, 0x0000000086800000, 0x0000000086800000|100%|HC|  |TAMS 0x0000000086800000, 0x0000000086800000| Complete 
| 104|0x0000000086800000, 0x0000000086900000, 0x0000000086900000|100%| O|  |TAMS 0x0000000086900000, 0x0000000086900000| Untracked 
| 105|0x0000000086900000, 0x0000000086a00000, 0x0000000086a00000|100%| O|  |TAMS 0x0000000086a00000, 0x0000000086a00000| Untracked 
| 106|0x0000000086a00000, 0x0000000086b00000, 0x0000000086b00000|100%| O|  |TAMS 0x0000000086b00000, 0x0000000086b00000| Untracked 
| 107|0x0000000086b00000, 0x0000000086c00000, 0x0000000086c00000|100%| O|  |TAMS 0x0000000086c00000, 0x0000000086c00000| Untracked 
| 108|0x0000000086c00000, 0x0000000086d00000, 0x0000000086d00000|100%|HS|  |TAMS 0x0000000086d00000, 0x0000000086d00000| Complete 
| 109|0x0000000086d00000, 0x0000000086e00000, 0x0000000086e00000|100%|HC|  |TAMS 0x0000000086e00000, 0x0000000086e00000| Complete 
| 110|0x0000000086e00000, 0x0000000086f00000, 0x0000000086f00000|100%| O|  |TAMS 0x0000000086f00000, 0x0000000086f00000| Untracked 
| 111|0x0000000086f00000, 0x0000000087000000, 0x0000000087000000|100%|HS|  |TAMS 0x0000000087000000, 0x0000000087000000| Complete 
| 112|0x0000000087000000, 0x0000000087100000, 0x0000000087100000|100%| O|  |TAMS 0x0000000087100000, 0x0000000087100000| Untracked 
| 113|0x0000000087100000, 0x0000000087200000, 0x0000000087200000|100%|HS|  |TAMS 0x0000000087200000, 0x0000000087200000| Complete 
| 114|0x0000000087200000, 0x0000000087300000, 0x0000000087300000|100%| O|  |TAMS 0x0000000087300000, 0x0000000087300000| Untracked 
| 115|0x0000000087300000, 0x0000000087400000, 0x0000000087400000|100%| O|  |TAMS 0x0000000087400000, 0x0000000087400000| Untracked 
| 116|0x0000000087400000, 0x0000000087500000, 0x0000000087500000|100%| O|  |TAMS 0x0000000087500000, 0x0000000087500000| Untracked 
| 117|0x0000000087500000, 0x0000000087600000, 0x0000000087600000|100%|HS|  |TAMS 0x0000000087600000, 0x0000000087600000| Complete 
| 118|0x0000000087600000, 0x0000000087700000, 0x0000000087700000|100%|HC|  |TAMS 0x0000000087700000, 0x0000000087700000| Complete 
| 119|0x0000000087700000, 0x0000000087800000, 0x0000000087800000|100%| O|  |TAMS 0x0000000087800000, 0x0000000087800000| Untracked 
| 120|0x0000000087800000, 0x0000000087900000, 0x0000000087900000|100%| O|  |TAMS 0x0000000087900000, 0x0000000087900000| Untracked 
| 121|0x0000000087900000, 0x0000000087a00000, 0x0000000087a00000|100%| O|  |TAMS 0x0000000087a00000, 0x0000000087a00000| Untracked 
| 122|0x0000000087a00000, 0x0000000087b00000, 0x0000000087b00000|100%|HS|  |TAMS 0x0000000087b00000, 0x0000000087b00000| Complete 
| 123|0x0000000087b00000, 0x0000000087c00000, 0x0000000087c00000|100%|HC|  |TAMS 0x0000000087c00000, 0x0000000087c00000| Complete 
| 124|0x0000000087c00000, 0x0000000087d00000, 0x0000000087d00000|100%| O|  |TAMS 0x0000000087d00000, 0x0000000087d00000| Untracked 
| 125|0x0000000087d00000, 0x0000000087e00000, 0x0000000087e00000|100%|HS|  |TAMS 0x0000000087e00000, 0x0000000087e00000| Complete 
| 126|0x0000000087e00000, 0x0000000087f00000, 0x0000000087f00000|100%| O|  |TAMS 0x0000000087f00000, 0x0000000087f00000| Untracked 
| 127|0x0000000087f00000, 0x0000000088000000, 0x0000000088000000|100%| O|  |TAMS 0x0000000088000000, 0x0000000088000000| Untracked 
| 128|0x0000000088000000, 0x0000000088100000, 0x0000000088100000|100%| O|  |TAMS 0x0000000088100000, 0x0000000088100000| Untracked 
| 129|0x0000000088100000, 0x0000000088200000, 0x0000000088200000|100%| O|  |TAMS 0x0000000088200000, 0x0000000088200000| Untracked 
| 130|0x0000000088200000, 0x0000000088300000, 0x0000000088300000|100%|HS|  |TAMS 0x0000000088300000, 0x0000000088300000| Complete 
| 131|0x0000000088300000, 0x0000000088400000, 0x0000000088400000|100%|HC|  |TAMS 0x0000000088400000, 0x0000000088400000| Complete 
| 132|0x0000000088400000, 0x0000000088500000, 0x0000000088500000|100%|HC|  |TAMS 0x0000000088500000, 0x0000000088500000| Complete 
| 133|0x0000000088500000, 0x0000000088600000, 0x0000000088600000|100%| O|  |TAMS 0x0000000088600000, 0x0000000088600000| Untracked 
| 134|0x0000000088600000, 0x0000000088700000, 0x0000000088700000|100%| O|  |TAMS 0x0000000088700000, 0x0000000088700000| Untracked 
| 135|0x0000000088700000, 0x0000000088800000, 0x0000000088800000|100%| O|  |TAMS 0x0000000088800000, 0x0000000088800000| Untracked 
| 136|0x0000000088800000, 0x0000000088900000, 0x0000000088900000|100%| O|  |TAMS 0x0000000088900000, 0x0000000088900000| Untracked 
| 137|0x0000000088900000, 0x0000000088a00000, 0x0000000088a00000|100%|HS|  |TAMS 0x0000000088a00000, 0x0000000088a00000| Complete 
| 138|0x0000000088a00000, 0x0000000088b00000, 0x0000000088b00000|100%| O|  |TAMS 0x0000000088b00000, 0x0000000088b00000| Untracked 
| 139|0x0000000088b00000, 0x0000000088c00000, 0x0000000088c00000|100%| O|  |TAMS 0x0000000088c00000, 0x0000000088c00000| Untracked 
| 140|0x0000000088c00000, 0x0000000088d00000, 0x0000000088d00000|100%| O|  |TAMS 0x0000000088d00000, 0x0000000088d00000| Untracked 
| 141|0x0000000088d00000, 0x0000000088e00000, 0x0000000088e00000|100%| O|  |TAMS 0x0000000088e00000, 0x0000000088e00000| Untracked 
| 142|0x0000000088e00000, 0x0000000088f00000, 0x0000000088f00000|100%| O|  |TAMS 0x0000000088f00000, 0x0000000088f00000| Untracked 
| 143|0x0000000088f00000, 0x0000000089000000, 0x0000000089000000|100%| O|  |TAMS 0x0000000089000000, 0x0000000089000000| Untracked 
| 144|0x0000000089000000, 0x0000000089100000, 0x0000000089100000|100%| O|  |TAMS 0x0000000089100000, 0x0000000089100000| Untracked 
| 145|0x0000000089100000, 0x0000000089200000, 0x0000000089200000|100%| O|  |TAMS 0x0000000089200000, 0x0000000089200000| Untracked 
| 146|0x0000000089200000, 0x0000000089300000, 0x0000000089300000|100%| O|  |TAMS 0x0000000089300000, 0x0000000089300000| Untracked 
| 147|0x0000000089300000, 0x0000000089400000, 0x0000000089400000|100%| O|  |TAMS 0x0000000089400000, 0x0000000089400000| Untracked 
| 148|0x0000000089400000, 0x0000000089500000, 0x0000000089500000|100%| O|  |TAMS 0x0000000089500000, 0x0000000089500000| Untracked 
| 149|0x0000000089500000, 0x0000000089600000, 0x0000000089600000|100%| O|  |TAMS 0x0000000089600000, 0x0000000089600000| Untracked 
| 150|0x0000000089600000, 0x0000000089700000, 0x0000000089700000|100%| O|  |TAMS 0x0000000089700000, 0x0000000089700000| Untracked 
| 151|0x0000000089700000, 0x0000000089800000, 0x0000000089800000|100%| O|  |TAMS 0x0000000089800000, 0x0000000089800000| Untracked 
| 152|0x0000000089800000, 0x0000000089900000, 0x0000000089900000|100%| O|  |TAMS 0x0000000089900000, 0x0000000089900000| Untracked 
| 153|0x0000000089900000, 0x0000000089a00000, 0x0000000089a00000|100%| O|  |TAMS 0x0000000089a00000, 0x0000000089a00000| Untracked 
| 154|0x0000000089a00000, 0x0000000089b00000, 0x0000000089b00000|100%| O|  |TAMS 0x0000000089b00000, 0x0000000089b00000| Untracked 
| 155|0x0000000089b00000, 0x0000000089c00000, 0x0000000089c00000|100%| O|  |TAMS 0x0000000089c00000, 0x0000000089c00000| Untracked 
| 156|0x0000000089c00000, 0x0000000089d00000, 0x0000000089d00000|100%| O|  |TAMS 0x0000000089d00000, 0x0000000089d00000| Untracked 
| 157|0x0000000089d00000, 0x0000000089e00000, 0x0000000089e00000|100%| O|  |TAMS 0x0000000089e00000, 0x0000000089e00000| Untracked 
| 158|0x0000000089e00000, 0x0000000089f00000, 0x0000000089f00000|100%| O|  |TAMS 0x0000000089f00000, 0x0000000089f00000| Untracked 
| 159|0x0000000089f00000, 0x000000008a000000, 0x000000008a000000|100%| O|  |TAMS 0x000000008a000000, 0x000000008a000000| Untracked 
| 160|0x000000008a000000, 0x000000008a100000, 0x000000008a100000|100%| O|  |TAMS 0x000000008a100000, 0x000000008a100000| Untracked 
| 161|0x000000008a100000, 0x000000008a200000, 0x000000008a200000|100%| O|  |TAMS 0x000000008a200000, 0x000000008a200000| Untracked 
| 162|0x000000008a200000, 0x000000008a300000, 0x000000008a300000|100%| O|  |TAMS 0x000000008a300000, 0x000000008a300000| Untracked 
| 163|0x000000008a300000, 0x000000008a400000, 0x000000008a400000|100%| O|  |TAMS 0x000000008a400000, 0x000000008a400000| Untracked 
| 164|0x000000008a400000, 0x000000008a500000, 0x000000008a500000|100%| O|  |TAMS 0x000000008a500000, 0x000000008a500000| Untracked 
| 165|0x000000008a500000, 0x000000008a600000, 0x000000008a600000|100%| O|  |TAMS 0x000000008a600000, 0x000000008a600000| Untracked 
| 166|0x000000008a600000, 0x000000008a700000, 0x000000008a700000|100%| O|  |TAMS 0x000000008a700000, 0x000000008a700000| Untracked 
| 167|0x000000008a700000, 0x000000008a800000, 0x000000008a800000|100%| O|  |TAMS 0x000000008a800000, 0x000000008a800000| Untracked 
| 168|0x000000008a800000, 0x000000008a900000, 0x000000008a900000|100%| O|  |TAMS 0x000000008a900000, 0x000000008a900000| Untracked 
| 169|0x000000008a900000, 0x000000008aa00000, 0x000000008aa00000|100%| O|  |TAMS 0x000000008aa00000, 0x000000008aa00000| Untracked 
| 170|0x000000008aa00000, 0x000000008ab00000, 0x000000008ab00000|100%| O|  |TAMS 0x000000008ab00000, 0x000000008ab00000| Untracked 
| 171|0x000000008ab00000, 0x000000008ac00000, 0x000000008ac00000|100%| O|  |TAMS 0x000000008ac00000, 0x000000008ac00000| Untracked 
| 172|0x000000008ac00000, 0x000000008ad00000, 0x000000008ad00000|100%| O|  |TAMS 0x000000008ad00000, 0x000000008ad00000| Untracked 
| 173|0x000000008ad00000, 0x000000008ae00000, 0x000000008ae00000|100%| O|  |TAMS 0x000000008ae00000, 0x000000008ae00000| Untracked 
| 174|0x000000008ae00000, 0x000000008af00000, 0x000000008af00000|100%| O|  |TAMS 0x000000008af00000, 0x000000008af00000| Untracked 
| 175|0x000000008af00000, 0x000000008b000000, 0x000000008b000000|100%| O|  |TAMS 0x000000008b000000, 0x000000008b000000| Untracked 
| 176|0x000000008b000000, 0x000000008b100000, 0x000000008b100000|100%| O|  |TAMS 0x000000008b100000, 0x000000008b100000| Untracked 
| 177|0x000000008b100000, 0x000000008b200000, 0x000000008b200000|100%| O|  |TAMS 0x000000008b200000, 0x000000008b200000| Untracked 
| 178|0x000000008b200000, 0x000000008b300000, 0x000000008b300000|100%| O|  |TAMS 0x000000008b300000, 0x000000008b300000| Untracked 
| 179|0x000000008b300000, 0x000000008b400000, 0x000000008b400000|100%| O|  |TAMS 0x000000008b400000, 0x000000008b400000| Untracked 
| 180|0x000000008b400000, 0x000000008b500000, 0x000000008b500000|100%| O|  |TAMS 0x000000008b500000, 0x000000008b500000| Untracked 
| 181|0x000000008b500000, 0x000000008b600000, 0x000000008b600000|100%| O|  |TAMS 0x000000008b600000, 0x000000008b600000| Untracked 
| 182|0x000000008b600000, 0x000000008b700000, 0x000000008b700000|100%| O|  |TAMS 0x000000008b700000, 0x000000008b700000| Untracked 
| 183|0x000000008b700000, 0x000000008b800000, 0x000000008b800000|100%| O|  |TAMS 0x000000008b800000, 0x000000008b800000| Untracked 
| 184|0x000000008b800000, 0x000000008b900000, 0x000000008b900000|100%| O|  |TAMS 0x000000008b900000, 0x000000008b900000| Untracked 
| 185|0x000000008b900000, 0x000000008ba00000, 0x000000008ba00000|100%| O|  |TAMS 0x000000008ba00000, 0x000000008ba00000| Untracked 
| 186|0x000000008ba00000, 0x000000008bb00000, 0x000000008bb00000|100%| O|  |TAMS 0x000000008ba00000, 0x000000008bb00000| Untracked 
| 187|0x000000008bb00000, 0x000000008bc00000, 0x000000008bc00000|100%| O|  |TAMS 0x000000008bb00000, 0x000000008bc00000| Untracked 
| 188|0x000000008bc00000, 0x000000008bd00000, 0x000000008bd00000|100%| O|  |TAMS 0x000000008bc00000, 0x000000008bd00000| Untracked 
| 189|0x000000008bd00000, 0x000000008be00000, 0x000000008be00000|100%| O|  |TAMS 0x000000008bd00000, 0x000000008be00000| Untracked 
| 190|0x000000008be00000, 0x000000008bf00000, 0x000000008bf00000|100%| O|  |TAMS 0x000000008be00000, 0x000000008bf00000| Untracked 
| 191|0x000000008bf00000, 0x000000008c000000, 0x000000008c000000|100%| O|  |TAMS 0x000000008bf00000, 0x000000008c000000| Untracked 
| 192|0x000000008c000000, 0x000000008c100000, 0x000000008c100000|100%| O|  |TAMS 0x000000008c000000, 0x000000008c100000| Untracked 
| 193|0x000000008c100000, 0x000000008c200000, 0x000000008c200000|100%| O|  |TAMS 0x000000008c100000, 0x000000008c200000| Untracked 
| 194|0x000000008c200000, 0x000000008c25f200, 0x000000008c300000| 37%| O|  |TAMS 0x000000008c200000, 0x000000008c25f200| Untracked 
| 195|0x000000008c300000, 0x000000008c300000, 0x000000008c400000|  0%| F|  |TAMS 0x000000008c300000, 0x000000008c300000| Untracked 
| 196|0x000000008c400000, 0x000000008c400000, 0x000000008c500000|  0%| F|  |TAMS 0x000000008c400000, 0x000000008c400000| Untracked 
| 197|0x000000008c500000, 0x000000008c500000, 0x000000008c600000|  0%| F|  |TAMS 0x000000008c500000, 0x000000008c500000| Untracked 
| 198|0x000000008c600000, 0x000000008c600000, 0x000000008c700000|  0%| F|  |TAMS 0x000000008c600000, 0x000000008c600000| Untracked 
| 199|0x000000008c700000, 0x000000008c700000, 0x000000008c800000|  0%| F|  |TAMS 0x000000008c700000, 0x000000008c700000| Untracked 
| 200|0x000000008c800000, 0x000000008c800000, 0x000000008c900000|  0%| F|  |TAMS 0x000000008c800000, 0x000000008c800000| Untracked 
| 201|0x000000008c900000, 0x000000008c900000, 0x000000008ca00000|  0%| F|  |TAMS 0x000000008c900000, 0x000000008c900000| Untracked 
| 202|0x000000008ca00000, 0x000000008ca00000, 0x000000008cb00000|  0%| F|  |TAMS 0x000000008ca00000, 0x000000008ca00000| Untracked 
| 203|0x000000008cb00000, 0x000000008cb00000, 0x000000008cc00000|  0%| F|  |TAMS 0x000000008cb00000, 0x000000008cb00000| Untracked 
| 204|0x000000008cc00000, 0x000000008cc00000, 0x000000008cd00000|  0%| F|  |TAMS 0x000000008cc00000, 0x000000008cc00000| Untracked 
| 205|0x000000008cd00000, 0x000000008cd00000, 0x000000008ce00000|  0%| F|  |TAMS 0x000000008cd00000, 0x000000008cd00000| Untracked 
| 206|0x000000008ce00000, 0x000000008ce00000, 0x000000008cf00000|  0%| F|  |TAMS 0x000000008ce00000, 0x000000008ce00000| Untracked 
| 207|0x000000008cf00000, 0x000000008cf00000, 0x000000008d000000|  0%| F|  |TAMS 0x000000008cf00000, 0x000000008cf00000| Untracked 
| 208|0x000000008d000000, 0x000000008d000000, 0x000000008d100000|  0%| F|  |TAMS 0x000000008d000000, 0x000000008d000000| Untracked 
| 209|0x000000008d100000, 0x000000008d100000, 0x000000008d200000|  0%| F|  |TAMS 0x000000008d100000, 0x000000008d100000| Untracked 
| 210|0x000000008d200000, 0x000000008d200000, 0x000000008d300000|  0%| F|  |TAMS 0x000000008d200000, 0x000000008d200000| Untracked 
| 211|0x000000008d300000, 0x000000008d300000, 0x000000008d400000|  0%| F|  |TAMS 0x000000008d300000, 0x000000008d300000| Untracked 
| 212|0x000000008d400000, 0x000000008d400000, 0x000000008d500000|  0%| F|  |TAMS 0x000000008d400000, 0x000000008d400000| Untracked 
| 213|0x000000008d500000, 0x000000008d500000, 0x000000008d600000|  0%| F|  |TAMS 0x000000008d500000, 0x000000008d500000| Untracked 
| 214|0x000000008d600000, 0x000000008d600000, 0x000000008d700000|  0%| F|  |TAMS 0x000000008d600000, 0x000000008d600000| Untracked 
| 215|0x000000008d700000, 0x000000008d700000, 0x000000008d800000|  0%| F|  |TAMS 0x000000008d700000, 0x000000008d700000| Untracked 
| 216|0x000000008d800000, 0x000000008d800000, 0x000000008d900000|  0%| F|  |TAMS 0x000000008d800000, 0x000000008d800000| Untracked 
| 217|0x000000008d900000, 0x000000008d900000, 0x000000008da00000|  0%| F|  |TAMS 0x000000008d900000, 0x000000008d900000| Untracked 
| 218|0x000000008da00000, 0x000000008da00000, 0x000000008db00000|  0%| F|  |TAMS 0x000000008da00000, 0x000000008da00000| Untracked 
| 219|0x000000008db00000, 0x000000008db00000, 0x000000008dc00000|  0%| F|  |TAMS 0x000000008db00000, 0x000000008db00000| Untracked 
| 220|0x000000008dc00000, 0x000000008dc00000, 0x000000008dd00000|  0%| F|  |TAMS 0x000000008dc00000, 0x000000008dc00000| Untracked 
| 221|0x000000008dd00000, 0x000000008dd00000, 0x000000008de00000|  0%| F|  |TAMS 0x000000008dd00000, 0x000000008dd00000| Untracked 
| 222|0x000000008de00000, 0x000000008de00000, 0x000000008df00000|  0%| F|  |TAMS 0x000000008de00000, 0x000000008de00000| Untracked 
| 223|0x000000008df00000, 0x000000008df00000, 0x000000008e000000|  0%| F|  |TAMS 0x000000008df00000, 0x000000008df00000| Untracked 
| 224|0x000000008e000000, 0x000000008e000000, 0x000000008e100000|  0%| F|  |TAMS 0x000000008e000000, 0x000000008e000000| Untracked 
| 225|0x000000008e100000, 0x000000008e100000, 0x000000008e200000|  0%| F|  |TAMS 0x000000008e100000, 0x000000008e100000| Untracked 
| 226|0x000000008e200000, 0x000000008e200000, 0x000000008e300000|  0%| F|  |TAMS 0x000000008e200000, 0x000000008e200000| Untracked 
| 227|0x000000008e300000, 0x000000008e300000, 0x000000008e400000|  0%| F|  |TAMS 0x000000008e300000, 0x000000008e300000| Untracked 
| 228|0x000000008e400000, 0x000000008e400000, 0x000000008e500000|  0%| F|  |TAMS 0x000000008e400000, 0x000000008e400000| Untracked 
| 229|0x000000008e500000, 0x000000008e500000, 0x000000008e600000|  0%| F|  |TAMS 0x000000008e500000, 0x000000008e500000| Untracked 
| 230|0x000000008e600000, 0x000000008e600000, 0x000000008e700000|  0%| F|  |TAMS 0x000000008e600000, 0x000000008e600000| Untracked 
| 231|0x000000008e700000, 0x000000008e700000, 0x000000008e800000|  0%| F|  |TAMS 0x000000008e700000, 0x000000008e700000| Untracked 
| 232|0x000000008e800000, 0x000000008e800000, 0x000000008e900000|  0%| F|  |TAMS 0x000000008e800000, 0x000000008e800000| Untracked 
| 233|0x000000008e900000, 0x000000008e900000, 0x000000008ea00000|  0%| F|  |TAMS 0x000000008e900000, 0x000000008e900000| Untracked 
| 234|0x000000008ea00000, 0x000000008ea00000, 0x000000008eb00000|  0%| F|  |TAMS 0x000000008ea00000, 0x000000008ea00000| Untracked 
| 235|0x000000008eb00000, 0x000000008eb00000, 0x000000008ec00000|  0%| F|  |TAMS 0x000000008eb00000, 0x000000008eb00000| Untracked 
| 236|0x000000008ec00000, 0x000000008ec00000, 0x000000008ed00000|  0%| F|  |TAMS 0x000000008ec00000, 0x000000008ec00000| Untracked 
| 237|0x000000008ed00000, 0x000000008ed00000, 0x000000008ee00000|  0%| F|  |TAMS 0x000000008ed00000, 0x000000008ed00000| Untracked 
| 238|0x000000008ee00000, 0x000000008ee00000, 0x000000008ef00000|  0%| F|  |TAMS 0x000000008ee00000, 0x000000008ee00000| Untracked 
| 239|0x000000008ef00000, 0x000000008ef00000, 0x000000008f000000|  0%| F|  |TAMS 0x000000008ef00000, 0x000000008ef00000| Untracked 
| 240|0x000000008f000000, 0x000000008f000000, 0x000000008f100000|  0%| F|  |TAMS 0x000000008f000000, 0x000000008f000000| Untracked 
| 241|0x000000008f100000, 0x000000008f100000, 0x000000008f200000|  0%| F|  |TAMS 0x000000008f100000, 0x000000008f100000| Untracked 
| 242|0x000000008f200000, 0x000000008f200000, 0x000000008f300000|  0%| F|  |TAMS 0x000000008f200000, 0x000000008f200000| Untracked 
| 243|0x000000008f300000, 0x000000008f300000, 0x000000008f400000|  0%| F|  |TAMS 0x000000008f300000, 0x000000008f300000| Untracked 
| 244|0x000000008f400000, 0x000000008f400000, 0x000000008f500000|  0%| F|  |TAMS 0x000000008f400000, 0x000000008f400000| Untracked 
| 245|0x000000008f500000, 0x000000008f500000, 0x000000008f600000|  0%| F|  |TAMS 0x000000008f500000, 0x000000008f500000| Untracked 
| 246|0x000000008f600000, 0x000000008f600000, 0x000000008f700000|  0%| F|  |TAMS 0x000000008f600000, 0x000000008f600000| Untracked 
| 247|0x000000008f700000, 0x000000008f700000, 0x000000008f800000|  0%| F|  |TAMS 0x000000008f700000, 0x000000008f700000| Untracked 
| 248|0x000000008f800000, 0x000000008f800000, 0x000000008f900000|  0%| F|  |TAMS 0x000000008f800000, 0x000000008f800000| Untracked 
| 249|0x000000008f900000, 0x000000008f900000, 0x000000008fa00000|  0%| F|  |TAMS 0x000000008f900000, 0x000000008f900000| Untracked 
| 250|0x000000008fa00000, 0x000000008fa00000, 0x000000008fb00000|  0%| F|  |TAMS 0x000000008fa00000, 0x000000008fa00000| Untracked 
| 251|0x000000008fb00000, 0x000000008fb00000, 0x000000008fc00000|  0%| F|  |TAMS 0x000000008fb00000, 0x000000008fb00000| Untracked 
| 252|0x000000008fc00000, 0x000000008fc00000, 0x000000008fd00000|  0%| F|  |TAMS 0x000000008fc00000, 0x000000008fc00000| Untracked 
| 253|0x000000008fd00000, 0x000000008fd00000, 0x000000008fe00000|  0%| F|  |TAMS 0x000000008fd00000, 0x000000008fd00000| Untracked 
| 254|0x000000008fe00000, 0x000000008fe00000, 0x000000008ff00000|  0%| F|  |TAMS 0x000000008fe00000, 0x000000008fe00000| Untracked 
| 255|0x000000008ff00000, 0x000000008ff00000, 0x0000000090000000|  0%| F|  |TAMS 0x000000008ff00000, 0x000000008ff00000| Untracked 
| 256|0x0000000090000000, 0x0000000090000000, 0x0000000090100000|  0%| F|  |TAMS 0x0000000090000000, 0x0000000090000000| Untracked 
| 257|0x0000000090100000, 0x0000000090200000, 0x0000000090200000|100%| S|CS|TAMS 0x0000000090100000, 0x0000000090100000| Complete 
| 258|0x0000000090200000, 0x0000000090300000, 0x0000000090300000|100%| S|CS|TAMS 0x0000000090200000, 0x0000000090200000| Complete 
| 259|0x0000000090300000, 0x0000000090400000, 0x0000000090400000|100%| S|CS|TAMS 0x0000000090300000, 0x0000000090300000| Complete 
| 260|0x0000000090400000, 0x0000000090500000, 0x0000000090500000|100%| S|CS|TAMS 0x0000000090400000, 0x0000000090400000| Complete 
| 261|0x0000000090500000, 0x0000000090500000, 0x0000000090600000|  0%| F|  |TAMS 0x0000000090500000, 0x0000000090500000| Untracked 
| 262|0x0000000090600000, 0x0000000090600000, 0x0000000090700000|  0%| F|  |TAMS 0x0000000090600000, 0x0000000090600000| Untracked 
| 263|0x0000000090700000, 0x0000000090700000, 0x0000000090800000|  0%| F|  |TAMS 0x0000000090700000, 0x0000000090700000| Untracked 
| 264|0x0000000090800000, 0x0000000090800000, 0x0000000090900000|  0%| F|  |TAMS 0x0000000090800000, 0x0000000090800000| Untracked 
| 265|0x0000000090900000, 0x0000000090900000, 0x0000000090a00000|  0%| F|  |TAMS 0x0000000090900000, 0x0000000090900000| Untracked 
| 266|0x0000000090a00000, 0x0000000090a00000, 0x0000000090b00000|  0%| F|  |TAMS 0x0000000090a00000, 0x0000000090a00000| Untracked 
| 267|0x0000000090b00000, 0x0000000090b00000, 0x0000000090c00000|  0%| F|  |TAMS 0x0000000090b00000, 0x0000000090b00000| Untracked 
| 268|0x0000000090c00000, 0x0000000090c00000, 0x0000000090d00000|  0%| F|  |TAMS 0x0000000090c00000, 0x0000000090c00000| Untracked 
| 269|0x0000000090d00000, 0x0000000090d00000, 0x0000000090e00000|  0%| F|  |TAMS 0x0000000090d00000, 0x0000000090d00000| Untracked 
| 270|0x0000000090e00000, 0x0000000090e00000, 0x0000000090f00000|  0%| F|  |TAMS 0x0000000090e00000, 0x0000000090e00000| Untracked 
| 271|0x0000000090f00000, 0x0000000090f00000, 0x0000000091000000|  0%| F|  |TAMS 0x0000000090f00000, 0x0000000090f00000| Untracked 
| 272|0x0000000091000000, 0x0000000091000000, 0x0000000091100000|  0%| F|  |TAMS 0x0000000091000000, 0x0000000091000000| Untracked 
| 273|0x0000000091100000, 0x0000000091100000, 0x0000000091200000|  0%| F|  |TAMS 0x0000000091100000, 0x0000000091100000| Untracked 
| 274|0x0000000091200000, 0x0000000091200000, 0x0000000091300000|  0%| F|  |TAMS 0x0000000091200000, 0x0000000091200000| Untracked 
| 275|0x0000000091300000, 0x0000000091300000, 0x0000000091400000|  0%| F|  |TAMS 0x0000000091300000, 0x0000000091300000| Untracked 
| 276|0x0000000091400000, 0x0000000091400000, 0x0000000091500000|  0%| F|  |TAMS 0x0000000091400000, 0x0000000091400000| Untracked 
| 277|0x0000000091500000, 0x0000000091500000, 0x0000000091600000|  0%| F|  |TAMS 0x0000000091500000, 0x0000000091500000| Untracked 
| 278|0x0000000091600000, 0x0000000091600000, 0x0000000091700000|  0%| F|  |TAMS 0x0000000091600000, 0x0000000091600000| Untracked 
| 279|0x0000000091700000, 0x0000000091700000, 0x0000000091800000|  0%| F|  |TAMS 0x0000000091700000, 0x0000000091700000| Untracked 
| 280|0x0000000091800000, 0x0000000091800000, 0x0000000091900000|  0%| F|  |TAMS 0x0000000091800000, 0x0000000091800000| Untracked 
| 281|0x0000000091900000, 0x0000000091900000, 0x0000000091a00000|  0%| F|  |TAMS 0x0000000091900000, 0x0000000091900000| Untracked 
| 282|0x0000000091a00000, 0x0000000091a00000, 0x0000000091b00000|  0%| F|  |TAMS 0x0000000091a00000, 0x0000000091a00000| Untracked 
| 283|0x0000000091b00000, 0x0000000091b00000, 0x0000000091c00000|  0%| F|  |TAMS 0x0000000091b00000, 0x0000000091b00000| Untracked 
| 284|0x0000000091c00000, 0x0000000091c00000, 0x0000000091d00000|  0%| F|  |TAMS 0x0000000091c00000, 0x0000000091c00000| Untracked 
| 285|0x0000000091d00000, 0x0000000091d00000, 0x0000000091e00000|  0%| F|  |TAMS 0x0000000091d00000, 0x0000000091d00000| Untracked 
| 286|0x0000000091e00000, 0x0000000091e00000, 0x0000000091f00000|  0%| F|  |TAMS 0x0000000091e00000, 0x0000000091e00000| Untracked 
| 287|0x0000000091f00000, 0x0000000091f00000, 0x0000000092000000|  0%| F|  |TAMS 0x0000000091f00000, 0x0000000091f00000| Untracked 
| 288|0x0000000092000000, 0x0000000092000000, 0x0000000092100000|  0%| F|  |TAMS 0x0000000092000000, 0x0000000092000000| Untracked 
| 289|0x0000000092100000, 0x0000000092100000, 0x0000000092200000|  0%| F|  |TAMS 0x0000000092100000, 0x0000000092100000| Untracked 
| 290|0x0000000092200000, 0x0000000092200000, 0x0000000092300000|  0%| F|  |TAMS 0x0000000092200000, 0x0000000092200000| Untracked 
| 291|0x0000000092300000, 0x0000000092300000, 0x0000000092400000|  0%| F|  |TAMS 0x0000000092300000, 0x0000000092300000| Untracked 

Card table byte_map: [0x0000018e458a0000,0x0000018e45ca0000] _byte_map_base: 0x0000018e454a0000

Marking Bits (Prev, Next): (CMBitMap*) 0x0000018e329be548, (CMBitMap*) 0x0000018e329be580
 Prev Bits: [0x0000018e460a0000, 0x0000018e480a0000)
 Next Bits: [0x0000018e480a0000, 0x0000018e4a0a0000)

Polling page: 0x0000018e309a0000

Metaspace:

Usage:
  Non-class:     89.00 MB capacity,    87.47 MB ( 98%) used,     1.22 MB (  1%) free+waste,   312.94 KB ( <1%) overhead. 
      Class:     14.02 MB capacity,    13.07 MB ( 93%) used,   830.46 KB (  6%) free+waste,   139.75 KB ( <1%) overhead. 
       Both:    103.01 MB capacity,   100.54 MB ( 98%) used,     2.03 MB (  2%) free+waste,   452.69 KB ( <1%) overhead. 

Virtual space:
  Non-class space:       90.00 MB reserved,      89.09 MB ( 99%) committed 
      Class space:        1.00 GB reserved,      14.02 MB (  1%) committed 
             Both:        1.09 GB reserved,     103.11 MB (  9%) committed 

Chunk freelists:
   Non-Class:  26.00 KB
       Class:  0 bytes
        Both:  26.00 KB

MaxMetaspaceSize: 17179869184.00 GB
CompressedClassSpaceSize: 1.00 GB
Initial GC threshold: 20.80 MB
Current GC threshold: 168.93 MB
CDS: off

CodeHeap 'non-profiled nmethods': size=120064Kb used=8657Kb max_used=8657Kb free=111406Kb
 bounds [0x0000018e3df60000, 0x0000018e3e7e0000, 0x0000018e454a0000]
CodeHeap 'profiled nmethods': size=120000Kb used=28578Kb max_used=28578Kb free=91421Kb
 bounds [0x0000018e36a30000, 0x0000018e38620000, 0x0000018e3df60000]
CodeHeap 'non-nmethods': size=5696Kb used=2406Kb max_used=2468Kb free=3289Kb
 bounds [0x0000018e364a0000, 0x0000018e36720000, 0x0000018e36a30000]
 total_blobs=13919 nmethods=12989 adapters=842
 compilation: enabled
              stopped_count=0, restarted_count=0
 full_count=0

Compilation events (20 events):
Event: 84.180 Thread 0x0000018e4c5b0000 nmethod 13091% 0x0000018e38614890 code [0x0000018e38614a80, 0x0000018e386151b8]
Event: 84.180 Thread 0x0000018e4c5b0000 13092       2       com.android.tools.r8.internal.F2$$Lambda$1403/0x0000000100df6c40::accept (12 bytes)
Event: 84.181 Thread 0x0000018e4c5b0000 nmethod 13092 0x0000018e38615490 code [0x0000018e38615680, 0x0000018e38615ad8]
Event: 84.181 Thread 0x0000018e4c5b0000 13093       3       com.android.tools.r8.graph.N::c (58 bytes)
Event: 84.182 Thread 0x0000018e4c5b0000 nmethod 13093 0x0000018e38615d90 code [0x0000018e38615f80, 0x0000018e38616618]
Event: 84.182 Thread 0x0000018e4c5b0000 13090       2       com.android.tools.r8.internal.F2::a (16 bytes)
Event: 84.183 Thread 0x0000018e4c5b0000 nmethod 13090 0x0000018e38616890 code [0x0000018e38616a80, 0x0000018e38616f28]
Event: 84.209 Thread 0x0000018e4c5b0000 13097       2       com.android.tools.r8.internal.NL::d (16 bytes)
Event: 84.209 Thread 0x0000018e4c5b0000 nmethod 13097 0x0000018e38617190 code [0x0000018e38617340, 0x0000018e38617468]
Event: 84.210 Thread 0x0000018e4c5b0000 13098       2       com.android.tools.r8.internal.nV$$Lambda$1412/0x0000000100e01840::accept (11 bytes)
Event: 84.211 Thread 0x0000018e4c5b0000 nmethod 13098 0x0000018e38617510 code [0x0000018e386176c0, 0x0000018e386177e8]
Event: 84.300 Thread 0x0000018e4c5b0000 13100       1       com.android.tools.r8.graph.m2::l (5 bytes)
Event: 84.300 Thread 0x0000018e4c5b0000 nmethod 13100 0x0000018e3e7d4310 code [0x0000018e3e7d44c0, 0x0000018e3e7d4578]
Event: 84.300 Thread 0x0000018e4c5b0000 13101       2       com.android.tools.r8.internal.q30$$Lambda$1422/0x0000000100e04040::accept (20 bytes)
Event: 84.301 Thread 0x0000018e4c5b0000 nmethod 13101 0x0000018e38617890 code [0x0000018e38617aa0, 0x0000018e38617f08]
Event: 84.301 Thread 0x0000018e4c5b0000 13103       2       com.android.tools.r8.graph.X2::a (9 bytes)
Event: 84.301 Thread 0x0000018e4c5b0000 nmethod 13103 0x0000018e38618210 code [0x0000018e386183c0, 0x0000018e386184e8]
Event: 84.301 Thread 0x0000018e4c5b0000 13104       2       com.android.tools.r8.graph.f2::a (2 bytes)
Event: 84.301 Thread 0x0000018e4c5b0000 nmethod 13104 0x0000018e38618590 code [0x0000018e38618740, 0x0000018e38618838]
Event: 84.301 Thread 0x0000018e4c5b0000 13105       2       com.android.tools.r8.internal.Gf::a (276 bytes)

GC Heap History (20 events):
Event: 79.421 GC heap after
{Heap after GC invocations=45 (full 0):
 garbage-first heap   total 158720K, used 136192K [0x0000000080000000, 0x0000000100000000)
  region size 1024K, 1 young (1024K), 1 survivors (1024K)
 Metaspace       used 97412K, capacity 99625K, committed 99824K, reserved 1136640K
  class space    used 12497K, capacity 13348K, committed 13464K, reserved 1048576K
}
Event: 79.488 GC heap before
{Heap before GC invocations=45 (full 0):
 garbage-first heap   total 158720K, used 142336K [0x0000000080000000, 0x0000000100000000)
  region size 1024K, 7 young (7168K), 1 survivors (1024K)
 Metaspace       used 97412K, capacity 99625K, committed 99824K, reserved 1136640K
  class space    used 12497K, capacity 13348K, committed 13464K, reserved 1048576K
}
Event: 79.501 GC heap after
{Heap after GC invocations=46 (full 0):
 garbage-first heap   total 158720K, used 139929K [0x0000000080000000, 0x0000000100000000)
  region size 1024K, 1 young (1024K), 1 survivors (1024K)
 Metaspace       used 97412K, capacity 99625K, committed 99824K, reserved 1136640K
  class space    used 12497K, capacity 13348K, committed 13464K, reserved 1048576K
}
Event: 79.540 GC heap before
{Heap before GC invocations=46 (full 0):
 garbage-first heap   total 158720K, used 146073K [0x0000000080000000, 0x0000000100000000)
  region size 1024K, 7 young (7168K), 1 survivors (1024K)
 Metaspace       used 97412K, capacity 99625K, committed 99824K, reserved 1136640K
  class space    used 12497K, capacity 13348K, committed 13464K, reserved 1048576K
}
Event: 79.552 GC heap after
{Heap after GC invocations=47 (full 0):
 garbage-first heap   total 190464K, used 142308K [0x0000000080000000, 0x0000000100000000)
  region size 1024K, 1 young (1024K), 1 survivors (1024K)
 Metaspace       used 97412K, capacity 99625K, committed 99824K, reserved 1136640K
  class space    used 12497K, capacity 13348K, committed 13464K, reserved 1048576K
}
Event: 80.381 GC heap before
{Heap before GC invocations=48 (full 0):
 garbage-first heap   total 190464K, used 154596K [0x0000000080000000, 0x0000000100000000)
  region size 1024K, 12 young (12288K), 1 survivors (1024K)
 Metaspace       used 99297K, capacity 101616K, committed 101744K, reserved 1136640K
  class space    used 12931K, capacity 13806K, committed 13848K, reserved 1048576K
}
Event: 80.400 GC heap after
{Heap after GC invocations=49 (full 0):
 garbage-first heap   total 190464K, used 146550K [0x0000000080000000, 0x0000000100000000)
  region size 1024K, 2 young (2048K), 2 survivors (2048K)
 Metaspace       used 99297K, capacity 101616K, committed 101744K, reserved 1136640K
  class space    used 12931K, capacity 13806K, committed 13848K, reserved 1048576K
}
Event: 80.651 GC heap before
{Heap before GC invocations=49 (full 0):
 garbage-first heap   total 190464K, used 156790K [0x0000000080000000, 0x0000000100000000)
  region size 1024K, 12 young (12288K), 2 survivors (2048K)
 Metaspace       used 99754K, capacity 102064K, committed 102384K, reserved 1138688K
  class space    used 12959K, capacity 13843K, committed 13976K, reserved 1048576K
}
Event: 80.674 GC heap after
{Heap after GC invocations=50 (full 0):
 garbage-first heap   total 190464K, used 151752K [0x0000000080000000, 0x0000000100000000)
  region size 1024K, 2 young (2048K), 2 survivors (2048K)
 Metaspace       used 99754K, capacity 102064K, committed 102384K, reserved 1138688K
  class space    used 12959K, capacity 13843K, committed 13976K, reserved 1048576K
}
Event: 80.757 GC heap before
{Heap before GC invocations=50 (full 0):
 garbage-first heap   total 190464K, used 159944K [0x0000000080000000, 0x0000000100000000)
  region size 1024K, 10 young (10240K), 2 survivors (2048K)
 Metaspace       used 99782K, capacity 102067K, committed 102384K, reserved 1138688K
  class space    used 12959K, capacity 13843K, committed 13976K, reserved 1048576K
}
Event: 80.774 GC heap after
{Heap after GC invocations=51 (full 0):
 garbage-first heap   total 190464K, used 156483K [0x0000000080000000, 0x0000000100000000)
  region size 1024K, 2 young (2048K), 2 survivors (2048K)
 Metaspace       used 99782K, capacity 102067K, committed 102384K, reserved 1138688K
  class space    used 12959K, capacity 13843K, committed 13976K, reserved 1048576K
}
Event: 80.868 GC heap before
{Heap before GC invocations=51 (full 0):
 garbage-first heap   total 190464K, used 163651K [0x0000000080000000, 0x0000000100000000)
  region size 1024K, 9 young (9216K), 2 survivors (2048K)
 Metaspace       used 99805K, capacity 102070K, committed 102384K, reserved 1138688K
  class space    used 12960K, capacity 13844K, committed 13976K, reserved 1048576K
}
Event: 80.884 GC heap after
{Heap after GC invocations=52 (full 0):
 garbage-first heap   total 299008K, used 160150K [0x0000000080000000, 0x0000000100000000)
  region size 1024K, 2 young (2048K), 2 survivors (2048K)
 Metaspace       used 99805K, capacity 102070K, committed 102384K, reserved 1138688K
  class space    used 12960K, capacity 13844K, committed 13976K, reserved 1048576K
}
Event: 81.483 GC heap before
{Heap before GC invocations=53 (full 0):
 garbage-first heap   total 299008K, used 197014K [0x0000000080000000, 0x0000000100000000)
  region size 1024K, 38 young (38912K), 2 survivors (2048K)
 Metaspace       used 99843K, capacity 102138K, committed 102384K, reserved 1138688K
  class space    used 12960K, capacity 13844K, committed 13976K, reserved 1048576K
}
Event: 81.600 GC heap after
{Heap after GC invocations=54 (full 0):
 garbage-first heap   total 299008K, used 178357K [0x0000000080000000, 0x0000000100000000)
  region size 1024K, 5 young (5120K), 5 survivors (5120K)
 Metaspace       used 99843K, capacity 102138K, committed 102384K, reserved 1138688K
  class space    used 12960K, capacity 13844K, committed 13976K, reserved 1048576K
}
Event: 82.497 GC heap before
{Heap before GC invocations=54 (full 0):
 garbage-first heap   total 299008K, used 210101K [0x0000000080000000, 0x0000000100000000)
  region size 1024K, 37 young (37888K), 5 survivors (5120K)
 Metaspace       used 99857K, capacity 102138K, committed 102384K, reserved 1138688K
  class space    used 12960K, capacity 13844K, committed 13976K, reserved 1048576K
}
Event: 82.547 GC heap after
{Heap after GC invocations=55 (full 0):
 garbage-first heap   total 299008K, used 195584K [0x0000000080000000, 0x0000000100000000)
  region size 1024K, 5 young (5120K), 5 survivors (5120K)
 Metaspace       used 99857K, capacity 102138K, committed 102384K, reserved 1138688K
  class space    used 12960K, capacity 13844K, committed 13976K, reserved 1048576K
}
Event: 83.798 GC heap before
{Heap before GC invocations=56 (full 0):
 garbage-first heap   total 299008K, used 223232K [0x0000000080000000, 0x0000000100000000)
  region size 1024K, 32 young (32768K), 5 survivors (5120K)
 Metaspace       used 102495K, capacity 104958K, committed 105072K, reserved 1140736K
  class space    used 13326K, capacity 14267K, committed 14360K, reserved 1048576K
}
Event: 83.823 GC heap after
{Heap after GC invocations=57 (full 0):
 garbage-first heap   total 299008K, used 198627K [0x0000000080000000, 0x0000000100000000)
  region size 1024K, 3 young (3072K), 3 survivors (3072K)
 Metaspace       used 102495K, capacity 104958K, committed 105072K, reserved 1140736K
  class space    used 13326K, capacity 14267K, committed 14360K, reserved 1048576K
}
Event: 84.301 GC heap before
{Heap before GC invocations=57 (full 0):
 garbage-first heap   total 299008K, used 226275K [0x0000000080000000, 0x0000000100000000)
  region size 1024K, 31 young (31744K), 3 survivors (3072K)
 Metaspace       used 102951K, capacity 105487K, committed 105584K, reserved 1140736K
  class space    used 13382K, capacity 14353K, committed 14360K, reserved 1048576K
}

Deoptimization events (20 events):
Event: 84.177 Thread 0x0000018e4e1b4000 Uncommon trap: reason=bimorphic_or_optimized_type_check action=maybe_recompile pc=0x0000018e3e7c912c method=com.android.tools.r8.graph.L2.b(Ljava/util/function/Predicate;Ljava/util/function/Consumer;Lcom/android/tools/r8/graph/n0;)V @ 2 c2
Event: 84.177 Thread 0x0000018e4e1b2800 DEOPT UNPACKING pc=0x0000018e364ea1af sp=0x0000004f942feb08 mode 2
Event: 84.177 Thread 0x0000018e4e1ab000 DEOPT UNPACKING pc=0x0000018e364ea1af sp=0x0000004f940fe728 mode 2
Event: 84.177 Thread 0x0000018e4e1b3000 DEOPT UNPACKING pc=0x0000018e364ea1af sp=0x0000004f941fe9d8 mode 2
Event: 84.178 Thread 0x0000018e4e1b3000 Uncommon trap: trap_request=0xffffffc6 fr.pc=0x0000018e3e7c7d74 relative=0x0000000000000294
Event: 84.177 Thread 0x0000018e4e1b4000 DEOPT PACKING pc=0x0000018e3e7c912c sp=0x0000004f943fea40
Event: 84.178 Thread 0x0000018e4e1b2800 Uncommon trap: trap_request=0xffffffc6 fr.pc=0x0000018e3e7c7d74 relative=0x0000000000000294
Event: 84.178 Thread 0x0000018e4e1b3000 Uncommon trap: reason=bimorphic_or_optimized_type_check action=maybe_recompile pc=0x0000018e3e7c7d74 method=com.android.tools.r8.graph.L2.b(Ljava/util/function/Predicate;Ljava/util/function/Consumer;Lcom/android/tools/r8/graph/n0;)V @ 2 c2
Event: 84.178 Thread 0x0000018e4e1b2800 Uncommon trap: reason=bimorphic_or_optimized_type_check action=maybe_recompile pc=0x0000018e3e7c7d74 method=com.android.tools.r8.graph.L2.b(Ljava/util/function/Predicate;Ljava/util/function/Consumer;Lcom/android/tools/r8/graph/n0;)V @ 2 c2
Event: 84.178 Thread 0x0000018e4e1b3000 DEOPT PACKING pc=0x0000018e3e7c7d74 sp=0x0000004f941fea00
Event: 84.178 Thread 0x0000018e4e1b2800 DEOPT PACKING pc=0x0000018e3e7c7d74 sp=0x0000004f942feb30
Event: 84.178 Thread 0x0000018e4e1b2800 DEOPT UNPACKING pc=0x0000018e364ea1af sp=0x0000004f942feaf8 mode 2
Event: 84.178 Thread 0x0000018e4e1b3000 DEOPT UNPACKING pc=0x0000018e364ea1af sp=0x0000004f941fe9c8 mode 2
Event: 84.178 Thread 0x0000018e4e1b4000 DEOPT UNPACKING pc=0x0000018e364ea1af sp=0x0000004f943fe988 mode 2
Event: 84.181 Thread 0x0000018e4e1b2800 DEOPT PACKING pc=0x0000018e38613881 sp=0x0000004f942fea30
Event: 84.181 Thread 0x0000018e4e1b2800 DEOPT UNPACKING pc=0x0000018e364ea95e sp=0x0000004f942fdee8 mode 0
Event: 84.181 Thread 0x0000018e4e1b2800 DEOPT PACKING pc=0x0000018e38613881 sp=0x0000004f942fe9f0
Event: 84.181 Thread 0x0000018e4e1b2800 DEOPT UNPACKING pc=0x0000018e364ea95e sp=0x0000004f942fdea8 mode 0
Event: 84.182 Thread 0x0000018e4e1b2800 DEOPT PACKING pc=0x0000018e38613881 sp=0x0000004f942feb00
Event: 84.182 Thread 0x0000018e4e1b2800 DEOPT UNPACKING pc=0x0000018e364ea95e sp=0x0000004f942fdfb8 mode 0

Classes redefined (0 events):
No events

Internal exceptions (20 events):
Event: 75.618 Thread 0x0000018e4d382800 Exception <a 'sun/nio/fs/WindowsException'{0x0000000089412940}> (0x0000000089412940) thrown at [./src/hotspot/share/prims/jni.cpp, line 616]
Event: 75.679 Thread 0x0000018e4d382800 Exception <a 'java/lang/NoSuchMethodError'{0x000000008930a318}: <clinit>> (0x000000008930a318) thrown at [./src/hotspot/share/prims/jni.cpp, line 1366]
Event: 75.685 Thread 0x0000018e4d382800 Exception <a 'java/lang/NoSuchMethodError'{0x000000008935ab60}: <clinit>> (0x000000008935ab60) thrown at [./src/hotspot/share/prims/jni.cpp, line 1366]
Event: 75.686 Thread 0x0000018e4d382800 Exception <a 'java/lang/NoSuchMethodError'{0x000000008936dc30}: <clinit>> (0x000000008936dc30) thrown at [./src/hotspot/share/prims/jni.cpp, line 1366]
Event: 76.596 Thread 0x0000018e4e1ad800 Exception <a 'java/lang/NoSuchMethodError'{0x0000000088f9e818}: 'java.lang.Object java.lang.invoke.DirectMethodHandle$Holder.newInvokeSpecial(java.lang.Object, int)'> (0x0000000088f9e818) thrown at [./src/hotspot/share/interpreter/linkResolver.cpp, line 773]
Event: 76.764 Thread 0x0000018e4e1ac800 Exception <a 'java/lang/NoSuchMethodError'{0x0000000088fac030}: 'void java.lang.invoke.DirectMethodHandle$Holder.invokeStatic(java.lang.Object, long)'> (0x0000000088fac030) thrown at [./src/hotspot/share/interpreter/linkResolver.cpp, line 773]
Event: 76.764 Thread 0x0000018e4e1ac800 Exception <a 'java/lang/NoSuchMethodError'{0x0000000088e02cf8}: 'java.lang.Object java.lang.invoke.DirectMethodHandle$Holder.invokeStatic(java.lang.Object, long)'> (0x0000000088e02cf8) thrown at [./src/hotspot/share/interpreter/linkResolver.cpp, line 773]
Event: 76.767 Thread 0x0000018e4e1ac800 Exception <a 'java/lang/NoSuchMethodError'{0x0000000088e120a0}: 'java.lang.Object java.lang.invoke.DirectMethodHandle$Holder.invokeStaticInit(java.lang.Object, java.lang.Object, long, java.lang.Object)'> (0x0000000088e120a0) thrown at [./src/hotspot/share/interpreter/linkResolver.cpp, line 773]
Event: 76.767 Thread 0x0000018e4e1ac800 Exception <a 'java/lang/NoSuchMethodError'{0x0000000088e18c88}: 'java.lang.Object java.lang.invoke.DirectMethodHandle$Holder.invokeStatic(java.lang.Object, java.lang.Object, long)'> (0x0000000088e18c88) thrown at [./src/hotspot/share/interpreter/linkResolver.cpp, line 773]
Event: 76.768 Thread 0x0000018e4e1ac800 Exception <a 'java/lang/NoSuchMethodError'{0x0000000088e1f8e0}: 'java.lang.Object java.lang.invoke.Invokers$Holder.linkToTargetMethod(java.lang.Object, long, java.lang.Object)'> (0x0000000088e1f8e0) thrown at [./src/hotspot/share/interpreter/linkResolver.cpp, line 773]
Event: 77.980 Thread 0x0000018e4e1ac800 Exception <a 'java/lang/NoSuchMethodError'{0x0000000088b8a768}: 'int java.lang.invoke.DirectMethodHandle$Holder.invokeSpecialIFC(java.lang.Object, java.lang.Object, java.lang.Object)'> (0x0000000088b8a768) thrown at [./src/hotspot/share/interpreter/linkResolver.cpp, line 773]
Event: 78.732 Thread 0x0000018e4e1ad800 Exception <a 'java/lang/NoSuchMethodError'{0x00000000897952c0}: 'java.lang.Object java.lang.invoke.DirectMethodHandle$Holder.invokeStaticInit(java.lang.Object, java.lang.Object, java.lang.Object, java.lang.Object, java.lang.Object, java.lang.Object, java.lang.Object, java.lang.Object, java.lang.Object, java.lang.Object, java.lang.Object, java.lang.Object, java.lang.Object, java.lang.Object, java.lang.Object, java.lang.Object, java.lang.Object, java.lang.Object, int, java.lang.Object, java.lang.Object)'> (0
Event: 80.322 Thread 0x0000018e4e1b4000 Exception <a 'java/lang/IncompatibleClassChangeError'{0x000000008b0ba2b0}: Found class java.lang.Object, but interface was expected> (0x000000008b0ba2b0) thrown at [./src/hotspot/share/interpreter/linkResolver.cpp, line 839]
Event: 80.342 Thread 0x0000018e4e1b3000 Exception <a 'java/lang/IncompatibleClassChangeError'{0x000000008af27df8}: Found class java.lang.Object, but interface was expected> (0x000000008af27df8) thrown at [./src/hotspot/share/interpreter/linkResolver.cpp, line 839]
Event: 80.344 Thread 0x0000018e4e1b3000 Exception <a 'java/lang/IncompatibleClassChangeError'{0x000000008af2d800}: Found class java.lang.Object, but interface was expected> (0x000000008af2d800) thrown at [./src/hotspot/share/interpreter/linkResolver.cpp, line 839]
Event: 83.011 Thread 0x0000018e4e1ad800 Exception <a 'java/lang/NoSuchMethodError'{0x0000000091d6bd58}: 'void java.lang.invoke.DirectMethodHandle$Holder.invokeStatic(java.lang.Object, java.lang.Object, java.lang.Object, int)'> (0x0000000091d6bd58) thrown at [./src/hotspot/share/interpreter/linkResolver.cpp, line 773]
Event: 83.013 Thread 0x0000018e4e1ad800 Exception <a 'java/lang/IncompatibleClassChangeError'{0x0000000091d73fc0}: Found class java.lang.Object, but interface was expected> (0x0000000091d73fc0) thrown at [./src/hotspot/share/interpreter/linkResolver.cpp, line 839]
Event: 83.724 Thread 0x0000018e4e1ad800 Exception <a 'java/lang/IncompatibleClassChangeError'{0x0000000090b75d50}: Found class java.lang.Object, but interface was expected> (0x0000000090b75d50) thrown at [./src/hotspot/share/interpreter/linkResolver.cpp, line 839]
Event: 83.741 Thread 0x0000018e4e1ad800 Exception <a 'java/lang/NoSuchMethodError'{0x0000000090be6c90}: 'java.lang.Object java.lang.invoke.Invokers$Holder.linkToTargetMethod(java.lang.Object, int, java.lang.Object, java.lang.Object, java.lang.Object, java.lang.Object)'> (0x0000000090be6c90) thrown at [./src/hotspot/share/interpreter/linkResolver.cpp, line 773]
Event: 83.788 Thread 0x0000018e4e1ad800 Exception <a 'java/lang/NoSuchMethodError'{0x000000009096fb08}: 'void java.lang.invoke.DirectMethodHandle$Holder.invokeStatic(java.lang.Object, java.lang.Object, java.lang.Object, java.lang.Object, java.lang.Object, java.lang.Object, java.lang.Object, java.lang.Object)'> (0x000000009096fb08) thrown at [./src/hotspot/share/interpreter/linkResolver.cpp, line 773]

Events (20 events):
Event: 84.272 loading class com/android/tools/r8/graph/H done
Event: 84.272 loading class com/android/tools/r8/graph/H
Event: 84.272 loading class com/android/tools/r8/graph/H done
Event: 84.272 loading class com/android/tools/r8/internal/p30
Event: 84.272 loading class com/android/tools/r8/internal/p30 done
Event: 84.272 loading class com/android/tools/r8/graph/R0
Event: 84.272 loading class com/android/tools/r8/graph/R0 done
Event: 84.273 loading class com/android/tools/r8/graph/R0
Event: 84.273 loading class com/android/tools/r8/graph/R0 done
Event: 84.273 loading class com/android/tools/r8/internal/p30
Event: 84.273 loading class com/android/tools/r8/internal/p30 done
Event: 84.273 loading class com/android/tools/r8/graph/n2
Event: 84.273 loading class com/android/tools/r8/graph/n2 done
Event: 84.273 loading class com/android/tools/r8/naming/b
Event: 84.273 loading class com/android/tools/r8/naming/b done
Event: 84.299 loading class com/android/tools/r8/graph/W0
Event: 84.299 loading class com/android/tools/r8/graph/W0 done
Event: 84.299 loading class com/android/tools/r8/graph/n2
Event: 84.299 loading class com/android/tools/r8/graph/n2 done
Event: 84.301 Executing VM operation: G1CollectForAllocation


Dynamic libraries:
0x00007ff69d0a0000 - 0x00007ff69d0aa000 	D:\Program Files\Android\Android Studio\jre\bin\java.exe
0x00007ffa1d090000 - 0x00007ffa1d288000 	C:\WINDOWS\SYSTEM32\ntdll.dll
0x00007ffa1cb40000 - 0x00007ffa1cbfd000 	C:\WINDOWS\System32\KERNEL32.DLL
0x00007ffa1a930000 - 0x00007ffa1ac02000 	C:\WINDOWS\System32\KERNELBASE.dll
0x00007ffa1acb0000 - 0x00007ffa1adb0000 	C:\WINDOWS\System32\ucrtbase.dll
0x00007ff9f7a80000 - 0x00007ff9f7a97000 	D:\Program Files\Android\Android Studio\jre\bin\VCRUNTIME140.dll
0x00007ff9f9e80000 - 0x00007ff9f9e99000 	D:\Program Files\Android\Android Studio\jre\bin\jli.dll
0x00007ffa1c790000 - 0x00007ffa1c92d000 	C:\WINDOWS\System32\USER32.dll
0x00007ffa1a900000 - 0x00007ffa1a922000 	C:\WINDOWS\System32\win32u.dll
0x00007ffa0d360000 - 0x00007ffa0d5fa000 	C:\WINDOWS\WinSxS\amd64_microsoft.windows.common-controls_6595b64144ccf1df_6.0.19041.1110_none_60b5254171f9507e\COMCTL32.dll
0x00007ffa1b630000 - 0x00007ffa1b65b000 	C:\WINDOWS\System32\GDI32.dll
0x00007ffa1b150000 - 0x00007ffa1b1ee000 	C:\WINDOWS\System32\msvcrt.dll
0x00007ffa1adb0000 - 0x00007ffa1aebf000 	C:\WINDOWS\System32\gdi32full.dll
0x00007ffa1ac10000 - 0x00007ffa1acad000 	C:\WINDOWS\System32\msvcp_win.dll
0x00007ffa1c760000 - 0x00007ffa1c790000 	C:\WINDOWS\System32\IMM32.DLL
0x00007ff9e3df0000 - 0x00007ff9e3e8d000 	D:\Program Files\Android\Android Studio\jre\bin\msvcp140.dll
0x00007ff9e1210000 - 0x00007ff9e1d12000 	D:\Program Files\Android\Android Studio\jre\bin\server\jvm.dll
0x00007ffa1ca90000 - 0x00007ffa1cb3e000 	C:\WINDOWS\System32\ADVAPI32.dll
0x00007ffa1bef0000 - 0x00007ffa1bf8c000 	C:\WINDOWS\System32\sechost.dll
0x00007ffa1b200000 - 0x00007ffa1b325000 	C:\WINDOWS\System32\RPCRT4.dll
0x00007ffa1b620000 - 0x00007ffa1b628000 	C:\WINDOWS\System32\PSAPI.DLL
0x00007ffa162f0000 - 0x00007ffa162f9000 	C:\WINDOWS\SYSTEM32\WSOCK32.dll
0x00007ffa13bf0000 - 0x00007ffa13c17000 	C:\WINDOWS\SYSTEM32\WINMM.dll
0x00007ffa1c6e0000 - 0x00007ffa1c74b000 	C:\WINDOWS\System32\WS2_32.dll
0x00007ffa13c20000 - 0x00007ffa13c2a000 	C:\WINDOWS\SYSTEM32\VERSION.dll
0x00007ffa19360000 - 0x00007ffa19372000 	C:\WINDOWS\SYSTEM32\kernel.appcore.dll
0x00007ffa15740000 - 0x00007ffa15751000 	D:\Program Files\Android\Android Studio\jre\bin\verify.dll
0x00007ffa18560000 - 0x00007ffa18744000 	C:\WINDOWS\SYSTEM32\DBGHELP.DLL
0x00007ffa0a3b0000 - 0x00007ffa0a3dc000 	C:\WINDOWS\SYSTEM32\dbgcore.DLL
0x00007ffa1aec0000 - 0x00007ffa1af42000 	C:\WINDOWS\System32\bcryptPrimitives.dll
0x00007ffa13aa0000 - 0x00007ffa13ac9000 	D:\Program Files\Android\Android Studio\jre\bin\java.dll
0x00007ffa13a90000 - 0x00007ffa13a9b000 	D:\Program Files\Android\Android Studio\jre\bin\jimage.dll
0x00007ffa13a70000 - 0x00007ffa13a88000 	D:\Program Files\Android\Android Studio\jre\bin\zip.dll
0x00007ffa1bf90000 - 0x00007ffa1c6d3000 	C:\WINDOWS\System32\SHELL32.dll
0x00007ffa18750000 - 0x00007ffa18ee1000 	C:\WINDOWS\SYSTEM32\windows.storage.dll
0x00007ffa1bb30000 - 0x00007ffa1be84000 	C:\WINDOWS\System32\combase.dll
0x00007ffa1a200000 - 0x00007ffa1a230000 	C:\WINDOWS\SYSTEM32\Wldp.dll
0x00007ffa1ce70000 - 0x00007ffa1cf1d000 	C:\WINDOWS\System32\SHCORE.dll
0x00007ffa1b0f0000 - 0x00007ffa1b145000 	C:\WINDOWS\System32\shlwapi.dll
0x00007ffa1a6e0000 - 0x00007ffa1a6ff000 	C:\WINDOWS\SYSTEM32\profapi.dll
0x00007ffa13a50000 - 0x00007ffa13a6a000 	D:\Program Files\Android\Android Studio\jre\bin\net.dll
0x00007ffa0e010000 - 0x00007ffa0e11d000 	C:\WINDOWS\SYSTEM32\WINHTTP.dll
0x00007ffa19f60000 - 0x00007ffa19fca000 	C:\WINDOWS\system32\mswsock.dll
0x00007ffa135f0000 - 0x00007ffa13604000 	D:\Program Files\Android\Android Studio\jre\bin\nio.dll
0x00007ff9f9f20000 - 0x00007ff9f9f47000 	C:\Users\User\.gradle\native\e1d6ef7f7dcc3fd88c89a11ec53ec762bb8ba0a96d01ffa2cd45eb1d1d8dd5c5\windows-amd64\native-platform.dll
0x00007ff9e3990000 - 0x00007ff9e3ad4000 	C:\Users\User\.gradle\native\0d407fdbe67a94daf76414ababcb853783967236a71b16ec16e742cd7a986fd3\windows-amd64\native-platform-file-events.dll
0x00007ffa13a40000 - 0x00007ffa13a4a000 	D:\Program Files\Android\Android Studio\jre\bin\management.dll
0x00007ffa135e0000 - 0x00007ffa135ed000 	D:\Program Files\Android\Android Studio\jre\bin\management_ext.dll
0x00007ffa1a150000 - 0x00007ffa1a168000 	C:\WINDOWS\SYSTEM32\CRYPTSP.dll
0x00007ffa19810000 - 0x00007ffa19844000 	C:\WINDOWS\system32\rsaenh.dll
0x00007ffa1af50000 - 0x00007ffa1af77000 	C:\WINDOWS\System32\bcrypt.dll
0x00007ffa1a6a0000 - 0x00007ffa1a6ce000 	C:\WINDOWS\SYSTEM32\USERENV.dll
0x00007ffa1a170000 - 0x00007ffa1a17c000 	C:\WINDOWS\SYSTEM32\CRYPTBASE.dll
0x00007ffa19c00000 - 0x00007ffa19c3b000 	C:\WINDOWS\SYSTEM32\IPHLPAPI.DLL
0x00007ffa1c750000 - 0x00007ffa1c758000 	C:\WINDOWS\System32\NSI.dll
0x00007ffa13f80000 - 0x00007ffa13f97000 	C:\WINDOWS\SYSTEM32\dhcpcsvc6.DLL
0x00007ffa13f60000 - 0x00007ffa13f7d000 	C:\WINDOWS\SYSTEM32\dhcpcsvc.DLL
0x00007ffa19c50000 - 0x00007ffa19d1a000 	C:\WINDOWS\SYSTEM32\DNSAPI.dll

dbghelp: loaded successfully - version: 4.0.5 - missing functions: none
symbol engine: initialized successfully - sym options: 0x614 - pdb path: .;D:\Program Files\Android\Android Studio\jre\bin;C:\WINDOWS\SYSTEM32;C:\WINDOWS\WinSxS\amd64_microsoft.windows.common-controls_6595b64144ccf1df_6.0.19041.1110_none_60b5254171f9507e;D:\Program Files\Android\Android Studio\jre\bin\server;C:\Users\User\.gradle\native\e1d6ef7f7dcc3fd88c89a11ec53ec762bb8ba0a96d01ffa2cd45eb1d1d8dd5c5\windows-amd64;C:\Users\User\.gradle\native\0d407fdbe67a94daf76414ababcb853783967236a71b16ec16e742cd7a986fd3\windows-amd64

VM Arguments:
jvm_args: --add-opens=java.base/java.util=ALL-UNNAMED --add-opens=java.base/java.lang=ALL-UNNAMED --add-opens=java.base/java.lang.invoke=ALL-UNNAMED --add-opens=java.base/java.util=ALL-UNNAMED --add-opens=java.prefs/java.util.prefs=ALL-UNNAMED --add-opens=java.prefs/java.util.prefs=ALL-UNNAMED --add-opens=java.base/java.nio.charset=ALL-UNNAMED --add-opens=java.base/java.net=ALL-UNNAMED --add-opens=java.base/java.util.concurrent.atomic=ALL-UNNAMED -Xmx2048m -Dfile.encoding=UTF-8 -Duser.country=RU -Duser.language=ru -Duser.variant 
java_command: org.gradle.launcher.daemon.bootstrap.GradleDaemon 7.4
java_class_path (initial): C:\Users\User\.gradle\wrapper\dists\gradle-7.4-bin\c0gwcg53nkjbqw7r0h0umtfvt\gradle-7.4\lib\gradle-launcher-7.4.jar
Launcher Type: SUN_STANDARD

[Global flags]
     intx CICompilerCount                          = 3                                         {product} {ergonomic}
     uint ConcGCThreads                            = 1                                         {product} {ergonomic}
     uint G1ConcRefinementThreads                  = 4                                         {product} {ergonomic}
   size_t G1HeapRegionSize                         = 1048576                                   {product} {ergonomic}
    uintx GCDrainStackTargetSize                   = 64                                        {product} {ergonomic}
   size_t InitialHeapSize                          = 134217728                                 {product} {ergonomic}
   size_t MarkStackSize                            = 4194304                                   {product} {ergonomic}
   size_t MaxHeapSize                              = 2147483648                                {product} {command line}
   size_t MaxNewSize                               = 1287651328                                {product} {ergonomic}
   size_t MinHeapDeltaBytes                        = 1048576                                   {product} {ergonomic}
    uintx NonNMethodCodeHeapSize                   = 5830732                                {pd product} {ergonomic}
    uintx NonProfiledCodeHeapSize                  = 122913754                              {pd product} {ergonomic}
    uintx ProfiledCodeHeapSize                     = 122913754                              {pd product} {ergonomic}
    uintx ReservedCodeCacheSize                    = 251658240                              {pd product} {ergonomic}
     bool SegmentedCodeCache                       = true                                      {product} {ergonomic}
     bool UseCompressedClassPointers               = true                                 {lp64_product} {ergonomic}
     bool UseCompressedOops                        = true                                 {lp64_product} {ergonomic}
     bool UseG1GC                                  = true                                      {product} {ergonomic}
     bool UseLargePagesIndividualAllocation        = false                                  {pd product} {ergonomic}

Logging:
Log output configuration:
 #0: stdout all=warning uptime,level,tags
 #1: stderr all=off uptime,level,tags

Environment Variables:
PATH=C:\WINDOWS\system32;C:\WINDOWS;C:\WINDOWS\System32\Wbem;C:\WINDOWS\System32\WindowsPowerShell\v1.0\;C:\WINDOWS\System32\OpenSSH\;C:\Program Files\Git\cmd;C:\Users\User\AppData\Local\Microsoft\WindowsApps;;C:\Program Files\JetBrains\IntelliJ IDEA Community Edition 2022.2.3\bin;
USERNAME=User
OS=Windows_NT
PROCESSOR_IDENTIFIER=Intel64 Family 6 Model 69 Stepping 1, GenuineIntel



---------------  S Y S T E M  ---------------

OS: Windows 10 , 64 bit Build 19041 (10.0.19041.1889)
OS uptime: 0 days 18:51 hours

CPU:total 4 (initial active 4) (2 cores per cpu, 2 threads per core) family 6 model 69 stepping 1 microcode 0x25, cmov, cx8, fxsr, mmx, sse, sse2, sse3, ssse3, sse4.1, sse4.2, popcnt, avx, avx2, aes, clmul, erms, lzcnt, ht, tsc, tscinvbit, bmi1, bmi2, fma

Memory: 4k page, system-wide physical 8075M (367M free)
TotalPageFile size 10123M (AvailPageFile size 176M)
current process WorkingSet (physical memory assigned to process): 505M, peak: 506M
current process commit charge ("private bytes"): 645M, peak: 1044M

vm_info: OpenJDK 64-Bit Server VM (11.0.13+0-b1751.21-8125866) for windows-amd64 JRE (11.0.13+0-b1751.21-8125866), built on Feb  2 2022 03:00:22 by "builder" with MS VC++ 14.0 (VS2015)

END.
